IQ-TREE multicore version 2.3.3 COVID-edition for Linux x86 64-bit built Apr 25 2024
Developed by Bui Quang Minh, James Barbetti, Nguyen Lam Tung, Olga Chernomor,
Heiko Schmidt, Dominik Schrempf, Michael Woodhams, Ly Trong Nhan, Thomas Wong

Host:    linusblack.lanl.gov (AVX512, FMA3, 754 GB RAM)
Command: iqtree -s mafft_subset/10138+1+B.fasta -m GTR+I+R -alrt 1000 -T AUTO --prefix iqtree_subset/10138+1+B --rate -redo
Seed:    271875 (Using SPRNG - Scalable Parallel Random Number Generator)
Time:    Tue Feb 11 18:02:09 2025
Kernel:  AVX+FMA - auto-detect threads (1 CPU cores detected)

Reading alignment file mafft_subset/10138+1+B.fasta ... Fasta format detected
Reading fasta file: done in 0.00451675 secs using 99.03% CPU
Alignment most likely contains DNA/RNA sequences
Alignment has 201 sequences with 661 columns, 375 distinct patterns
221 parsimony-informative, 128 singleton sites, 312 constant sites
WARNING: Some sequence names are changed as follows:
10138+7023+7637+AY348528+B+NA+NA -> 10138_7023_7637_AY348528_B_NA_NA
10138+7023+7637+AY348527+B+NA+NA -> 10138_7023_7637_AY348527_B_NA_NA
10138+7023+7637+AY348526+B+NA+NA -> 10138_7023_7637_AY348526_B_NA_NA
10138+7023+7637+AY348525+B+NA+NA -> 10138_7023_7637_AY348525_B_NA_NA
10138+7023+7637+AY348524+B+NA+NA -> 10138_7023_7637_AY348524_B_NA_NA
10138+7023+7637+AY348523+B+NA+NA -> 10138_7023_7637_AY348523_B_NA_NA
10138+7023+7637+AY348522+B+NA+NA -> 10138_7023_7637_AY348522_B_NA_NA
10138+7023+7637+AY348521+B+NA+NA -> 10138_7023_7637_AY348521_B_NA_NA
10138+7023+7637+AY348520+B+NA+NA -> 10138_7023_7637_AY348520_B_NA_NA
10138+7023+7637+AY348519+B+NA+NA -> 10138_7023_7637_AY348519_B_NA_NA
10138+7023+7637+AY348518+B+NA+NA -> 10138_7023_7637_AY348518_B_NA_NA
10138+7023+7637+AY348517+B+NA+NA -> 10138_7023_7637_AY348517_B_NA_NA
10138+7023+7637+AY348516+B+NA+NA -> 10138_7023_7637_AY348516_B_NA_NA
10138+7023+7637+AY348515+B+NA+NA -> 10138_7023_7637_AY348515_B_NA_NA
10138+7023+7637+AY348514+B+NA+NA -> 10138_7023_7637_AY348514_B_NA_NA
10138+7023+7640+AY348513+B+NA+NA -> 10138_7023_7640_AY348513_B_NA_NA
10138+7023+7637+AY348512+B+NA+NA -> 10138_7023_7637_AY348512_B_NA_NA
10138+7023+7637+AY348511+B+NA+NA -> 10138_7023_7637_AY348511_B_NA_NA
10138+7023+7637+AY348510+B+NA+NA -> 10138_7023_7637_AY348510_B_NA_NA
10138+7023+7637+AY348509+B+NA+NA -> 10138_7023_7637_AY348509_B_NA_NA
10138+7023+7637+AY348508+B+NA+NA -> 10138_7023_7637_AY348508_B_NA_NA
10138+7023+7637+AY348507+B+NA+NA -> 10138_7023_7637_AY348507_B_NA_NA
10138+7023+7637+AY348506+B+NA+NA -> 10138_7023_7637_AY348506_B_NA_NA
10138+7023+7637+AY348505+B+NA+NA -> 10138_7023_7637_AY348505_B_NA_NA
10138+7023+7637+AY348504+B+NA+NA -> 10138_7023_7637_AY348504_B_NA_NA
10138+7023+7637+AY348503+B+NA+NA -> 10138_7023_7637_AY348503_B_NA_NA
10138+7023+7637+AY348502+B+NA+NA -> 10138_7023_7637_AY348502_B_NA_NA
10138+7023+7637+AY348501+B+NA+NA -> 10138_7023_7637_AY348501_B_NA_NA
10138+7023+7637+AY348500+B+NA+NA -> 10138_7023_7637_AY348500_B_NA_NA
10138+7023+7637+AY348499+B+NA+NA -> 10138_7023_7637_AY348499_B_NA_NA
10138+7023+7637+AY348498+B+NA+NA -> 10138_7023_7637_AY348498_B_NA_NA
10138+7023+7637+AY348497+B+NA+NA -> 10138_7023_7637_AY348497_B_NA_NA
10138+7023+7637+AY348496+B+NA+NA -> 10138_7023_7637_AY348496_B_NA_NA
10138+7023+7637+AY348495+B+NA+NA -> 10138_7023_7637_AY348495_B_NA_NA
10138+7023+7637+AY348494+B+NA+NA -> 10138_7023_7637_AY348494_B_NA_NA
10138+7023+7637+AY348493+B+NA+NA -> 10138_7023_7637_AY348493_B_NA_NA
10138+7023+7637+AY348492+B+NA+NA -> 10138_7023_7637_AY348492_B_NA_NA
10138+7023+7637+AY348491+B+NA+NA -> 10138_7023_7637_AY348491_B_NA_NA
10138+7023+7637+AY348490+B+NA+NA -> 10138_7023_7637_AY348490_B_NA_NA
10138+7023+7637+AY348489+B+NA+NA -> 10138_7023_7637_AY348489_B_NA_NA
10138+7023+7637+AY348488+B+NA+NA -> 10138_7023_7637_AY348488_B_NA_NA
10138+7023+7637+AY348487+B+NA+NA -> 10138_7023_7637_AY348487_B_NA_NA
10138+7023+7637+AY348486+B+NA+NA -> 10138_7023_7637_AY348486_B_NA_NA
10138+7023+7637+AY348485+B+NA+NA -> 10138_7023_7637_AY348485_B_NA_NA
10138+7023+7637+AY348484+B+NA+NA -> 10138_7023_7637_AY348484_B_NA_NA
10138+7023+7637+AY348483+B+NA+NA -> 10138_7023_7637_AY348483_B_NA_NA
10138+7023+7637+AY348482+B+NA+NA -> 10138_7023_7637_AY348482_B_NA_NA
10138+7023+7637+AY348481+B+NA+NA -> 10138_7023_7637_AY348481_B_NA_NA
10138+7023+7637+AY348480+B+NA+NA -> 10138_7023_7637_AY348480_B_NA_NA
10138+7023+7637+AY348479+B+NA+NA -> 10138_7023_7637_AY348479_B_NA_NA
10138+7023+7637+AY348478+B+NA+NA -> 10138_7023_7637_AY348478_B_NA_NA
10138+7023+7628+AF138530+B+NA+NA -> 10138_7023_7628_AF138530_B_NA_NA
10138+7023+7637+AF138529+B+NA+NA -> 10138_7023_7637_AF138529_B_NA_NA
10138+7023+7637+AF138528+B+NA+NA -> 10138_7023_7637_AF138528_B_NA_NA
10138+7023+7637+AF138527+B+NA+NA -> 10138_7023_7637_AF138527_B_NA_NA
10138+7023+7637+AF138526+B+NA+NA -> 10138_7023_7637_AF138526_B_NA_NA
10138+7023+7637+AF138525+B+NA+NA -> 10138_7023_7637_AF138525_B_NA_NA
10138+7023+7637+AF138524+B+NA+NA -> 10138_7023_7637_AF138524_B_NA_NA
10138+7023+7637+AF138523+B+NA+NA -> 10138_7023_7637_AF138523_B_NA_NA
10138+7023+7637+AF138522+B+NA+NA -> 10138_7023_7637_AF138522_B_NA_NA
10138+7023+7637+AF138521+B+NA+NA -> 10138_7023_7637_AF138521_B_NA_NA
10138+7023+7637+AF138520+B+NA+NA -> 10138_7023_7637_AF138520_B_NA_NA
10138+7023+7637+AF138519+B+NA+NA -> 10138_7023_7637_AF138519_B_NA_NA
10138+7023+7637+AF138518+B+NA+NA -> 10138_7023_7637_AF138518_B_NA_NA
10138+7023+7637+AF138517+B+NA+NA -> 10138_7023_7637_AF138517_B_NA_NA
10138+7023+7637+AF138516+B+NA+NA -> 10138_7023_7637_AF138516_B_NA_NA
10138+7023+7637+AF138515+B+NA+NA -> 10138_7023_7637_AF138515_B_NA_NA
10138+7023+7637+AF138514+B+NA+NA -> 10138_7023_7637_AF138514_B_NA_NA
10138+7023+7637+AF138513+B+NA+NA -> 10138_7023_7637_AF138513_B_NA_NA
10138+7023+7637+AF138512+B+NA+NA -> 10138_7023_7637_AF138512_B_NA_NA
10138+7023+7637+AF138511+B+NA+NA -> 10138_7023_7637_AF138511_B_NA_NA
10138+7023+7637+AF138510+B+NA+NA -> 10138_7023_7637_AF138510_B_NA_NA
10138+7023+7637+AF138509+B+NA+NA -> 10138_7023_7637_AF138509_B_NA_NA
10138+7023+7637+AF138508+B+NA+NA -> 10138_7023_7637_AF138508_B_NA_NA
10138+7023+7637+AF138507+B+NA+NA -> 10138_7023_7637_AF138507_B_NA_NA
10138+7023+7637+AF138506+B+NA+NA -> 10138_7023_7637_AF138506_B_NA_NA
10138+7023+7637+AF138505+B+NA+NA -> 10138_7023_7637_AF138505_B_NA_NA
10138+7023+7637+AF138504+B+NA+NA -> 10138_7023_7637_AF138504_B_NA_NA
10138+7023+7637+AF138503+B+NA+NA -> 10138_7023_7637_AF138503_B_NA_NA
10138+7023+7637+AF138502+B+NA+NA -> 10138_7023_7637_AF138502_B_NA_NA
10138+7023+7637+AF138501+B+NA+NA -> 10138_7023_7637_AF138501_B_NA_NA
10138+7023+7637+AF138500+B+NA+NA -> 10138_7023_7637_AF138500_B_NA_NA
10138+7023+7637+AF138499+B+NA+NA -> 10138_7023_7637_AF138499_B_NA_NA
10138+7023+7637+AF138498+B+NA+NA -> 10138_7023_7637_AF138498_B_NA_NA
10138+7023+7637+AF138497+B+NA+NA -> 10138_7023_7637_AF138497_B_NA_NA
10138+7023+7637+AF138496+B+NA+NA -> 10138_7023_7637_AF138496_B_NA_NA
10138+7023+7637+AF138495+B+NA+NA -> 10138_7023_7637_AF138495_B_NA_NA
10138+7023+7637+AF138494+B+NA+NA -> 10138_7023_7637_AF138494_B_NA_NA
10138+7023+7637+AF138493+B+NA+NA -> 10138_7023_7637_AF138493_B_NA_NA
10138+7023+7637+AF138492+B+NA+NA -> 10138_7023_7637_AF138492_B_NA_NA
10138+7023+7637+AF138491+B+NA+NA -> 10138_7023_7637_AF138491_B_NA_NA
10138+7023+7637+AF138490+B+NA+NA -> 10138_7023_7637_AF138490_B_NA_NA
10138+7023+7637+AF138489+B+NA+NA -> 10138_7023_7637_AF138489_B_NA_NA
10138+7023+7637+AF138488+B+NA+NA -> 10138_7023_7637_AF138488_B_NA_NA
10138+7023+7637+AF138487+B+NA+NA -> 10138_7023_7637_AF138487_B_NA_NA
10138+7023+7637+AF138486+B+NA+NA -> 10138_7023_7637_AF138486_B_NA_NA
10138+7023+7637+AF138485+B+NA+NA -> 10138_7023_7637_AF138485_B_NA_NA
10138+7023+7637+AF138484+B+NA+NA -> 10138_7023_7637_AF138484_B_NA_NA
10138+7023+7637+AF138483+B+NA+NA -> 10138_7023_7637_AF138483_B_NA_NA
10138+7023+7637+AF138482+B+NA+NA -> 10138_7023_7637_AF138482_B_NA_NA
10138+7023+7637+AF138481+B+NA+NA -> 10138_7023_7637_AF138481_B_NA_NA
10138+7023+7637+AF138480+B+NA+NA -> 10138_7023_7637_AF138480_B_NA_NA
10138+7023+7637+AF138479+B+NA+NA -> 10138_7023_7637_AF138479_B_NA_NA
10138+7023+7637+AF138478+B+NA+NA -> 10138_7023_7637_AF138478_B_NA_NA
10138+7023+7637+AF138477+B+NA+NA -> 10138_7023_7637_AF138477_B_NA_NA
10138+7023+7637+AF138476+B+NA+NA -> 10138_7023_7637_AF138476_B_NA_NA
10138+7023+7637+AF138475+B+NA+NA -> 10138_7023_7637_AF138475_B_NA_NA
10138+7023+7637+AF138474+B+NA+NA -> 10138_7023_7637_AF138474_B_NA_NA
10138+7023+7637+AF138473+B+NA+NA -> 10138_7023_7637_AF138473_B_NA_NA
10138+7023+7637+AF138472+B+NA+NA -> 10138_7023_7637_AF138472_B_NA_NA
10138+7023+7637+AF138471+B+NA+NA -> 10138_7023_7637_AF138471_B_NA_NA
10138+7023+7637+AF138470+B+NA+NA -> 10138_7023_7637_AF138470_B_NA_NA
10138+7023+7637+AF138469+B+NA+NA -> 10138_7023_7637_AF138469_B_NA_NA
10138+7023+7637+AF138468+B+NA+NA -> 10138_7023_7637_AF138468_B_NA_NA
10138+7023+7637+AF138467+B+NA+NA -> 10138_7023_7637_AF138467_B_NA_NA
10138+7023+7637+AF138466+B+NA+NA -> 10138_7023_7637_AF138466_B_NA_NA
10138+7023+7637+AF138465+B+NA+NA -> 10138_7023_7637_AF138465_B_NA_NA
10138+7023+7637+AF138464+B+NA+NA -> 10138_7023_7637_AF138464_B_NA_NA
10138+7023+7637+AF138463+B+NA+NA -> 10138_7023_7637_AF138463_B_NA_NA
10138+7023+7637+AF138462+B+NA+NA -> 10138_7023_7637_AF138462_B_NA_NA
10138+7023+7637+AF138461+B+NA+NA -> 10138_7023_7637_AF138461_B_NA_NA
10138+7023+7637+AF138460+B+NA+NA -> 10138_7023_7637_AF138460_B_NA_NA
10138+7023+7637+AF138459+B+NA+NA -> 10138_7023_7637_AF138459_B_NA_NA
10138+7023+7637+AF138458+B+NA+NA -> 10138_7023_7637_AF138458_B_NA_NA
10138+7023+7637+AF138457+B+NA+NA -> 10138_7023_7637_AF138457_B_NA_NA
10138+7023+7637+AF138456+B+NA+NA -> 10138_7023_7637_AF138456_B_NA_NA
10138+7023+7637+AF138455+B+NA+NA -> 10138_7023_7637_AF138455_B_NA_NA
10138+7023+7637+AF138454+B+NA+NA -> 10138_7023_7637_AF138454_B_NA_NA
10138+7023+7637+AF138453+B+NA+NA -> 10138_7023_7637_AF138453_B_NA_NA
10138+7023+7637+AF138452+B+NA+NA -> 10138_7023_7637_AF138452_B_NA_NA
10138+7023+7637+AF138451+B+NA+NA -> 10138_7023_7637_AF138451_B_NA_NA
10138+7023+7637+AF138450+B+NA+NA -> 10138_7023_7637_AF138450_B_NA_NA
10138+7023+7637+AF138449+B+NA+NA -> 10138_7023_7637_AF138449_B_NA_NA
10138+7023+7637+AF138448+B+NA+NA -> 10138_7023_7637_AF138448_B_NA_NA
10138+7023+7637+AF138447+B+NA+NA -> 10138_7023_7637_AF138447_B_NA_NA
10138+7023+7637+AF138446+B+NA+NA -> 10138_7023_7637_AF138446_B_NA_NA
10138+7023+7637+AF138445+B+NA+NA -> 10138_7023_7637_AF138445_B_NA_NA
10138+7023+7637+AF138444+B+NA+NA -> 10138_7023_7637_AF138444_B_NA_NA
10138+7023+7637+AF138443+B+NA+NA -> 10138_7023_7637_AF138443_B_NA_NA
10138+7023+7637+AF138442+B+NA+NA -> 10138_7023_7637_AF138442_B_NA_NA
10138+7023+7637+AF138441+B+NA+NA -> 10138_7023_7637_AF138441_B_NA_NA
10138+7023+7637+AF138440+B+NA+NA -> 10138_7023_7637_AF138440_B_NA_NA
10138+7023+7637+AF138439+B+NA+NA -> 10138_7023_7637_AF138439_B_NA_NA
10138+7023+7637+AF138438+B+NA+NA -> 10138_7023_7637_AF138438_B_NA_NA
10138+7023+7637+AF138437+B+NA+NA -> 10138_7023_7637_AF138437_B_NA_NA
10138+7023+7637+AF138436+B+NA+NA -> 10138_7023_7637_AF138436_B_NA_NA
10138+7023+7637+AF138435+B+NA+NA -> 10138_7023_7637_AF138435_B_NA_NA
10138+7023+7637+AF138434+B+NA+NA -> 10138_7023_7637_AF138434_B_NA_NA
10138+7023+7637+AF138433+B+NA+NA -> 10138_7023_7637_AF138433_B_NA_NA
10138+7023+7637+AF138432+B+NA+NA -> 10138_7023_7637_AF138432_B_NA_NA
10138+7023+7637+AF138431+B+NA+NA -> 10138_7023_7637_AF138431_B_NA_NA
10138+7023+7637+AF138430+B+NA+NA -> 10138_7023_7637_AF138430_B_NA_NA
10138+7023+7637+AF138429+B+NA+NA -> 10138_7023_7637_AF138429_B_NA_NA
10138+7023+7637+AF138428+B+NA+NA -> 10138_7023_7637_AF138428_B_NA_NA
10138+7023+7637+AF138427+B+NA+NA -> 10138_7023_7637_AF138427_B_NA_NA
10138+7023+7637+AF138426+B+NA+NA -> 10138_7023_7637_AF138426_B_NA_NA
10138+7023+7637+AF138425+B+NA+NA -> 10138_7023_7637_AF138425_B_NA_NA
10138+7023+7637+AF138424+B+NA+NA -> 10138_7023_7637_AF138424_B_NA_NA
10138+7023+7637+AF138423+B+NA+NA -> 10138_7023_7637_AF138423_B_NA_NA
10138+7023+7637+AF138422+B+NA+NA -> 10138_7023_7637_AF138422_B_NA_NA
10138+7023+7637+AF138421+B+NA+NA -> 10138_7023_7637_AF138421_B_NA_NA
10138+7023+7637+AF138420+B+NA+NA -> 10138_7023_7637_AF138420_B_NA_NA
10138+7023+7637+AF138419+B+NA+NA -> 10138_7023_7637_AF138419_B_NA_NA
10138+7023+7637+AF138418+B+NA+NA -> 10138_7023_7637_AF138418_B_NA_NA
10138+7023+7637+AF138417+B+NA+NA -> 10138_7023_7637_AF138417_B_NA_NA
10138+7023+7637+AF138416+B+NA+NA -> 10138_7023_7637_AF138416_B_NA_NA
10138+7023+7637+AF138415+B+NA+NA -> 10138_7023_7637_AF138415_B_NA_NA
10138+7023+7637+AF138414+B+NA+NA -> 10138_7023_7637_AF138414_B_NA_NA
10138+7023+7637+AF138413+B+NA+NA -> 10138_7023_7637_AF138413_B_NA_NA
10138+7023+7637+AF138412+B+NA+NA -> 10138_7023_7637_AF138412_B_NA_NA
10138+7023+7637+AF204670+B+NA+NA -> 10138_7023_7637_AF204670_B_NA_NA
10138+7023+7637+AF204669+B+NA+NA -> 10138_7023_7637_AF204669_B_NA_NA
10138+7023+7637+AF204668+B+NA+NA -> 10138_7023_7637_AF204668_B_NA_NA
10138+7023+7637+AF204667+B+NA+NA -> 10138_7023_7637_AF204667_B_NA_NA
10138+7023+7637+AF204666+B+NA+NA -> 10138_7023_7637_AF204666_B_NA_NA
10138+7023+7637+AF204665+B+NA+NA -> 10138_7023_7637_AF204665_B_NA_NA
10138+7023+7637+AF204664+B+NA+NA -> 10138_7023_7637_AF204664_B_NA_NA
10138+7023+7637+AF204663+B+NA+NA -> 10138_7023_7637_AF204663_B_NA_NA
10138+7023+7637+AF204662+B+NA+NA -> 10138_7023_7637_AF204662_B_NA_NA
10138+7023+7637+AF204661+B+NA+NA -> 10138_7023_7637_AF204661_B_NA_NA
10138+7023+7637+AF204660+B+NA+NA -> 10138_7023_7637_AF204660_B_NA_NA
10138+7023+7637+AF204659+B+NA+NA -> 10138_7023_7637_AF204659_B_NA_NA
10138+7023+7637+AF204658+B+NA+NA -> 10138_7023_7637_AF204658_B_NA_NA
10138+7023+7637+AF204657+B+NA+NA -> 10138_7023_7637_AF204657_B_NA_NA
10138+7023+7637+AF204656+B+NA+NA -> 10138_7023_7637_AF204656_B_NA_NA
10138+7023+7637+AF204655+B+NA+NA -> 10138_7023_7637_AF204655_B_NA_NA
10138+7023+7637+AF204654+B+NA+NA -> 10138_7023_7637_AF204654_B_NA_NA
10138+7023+7637+AF204653+B+NA+NA -> 10138_7023_7637_AF204653_B_NA_NA
10138+7023+7637+AF204652+B+NA+NA -> 10138_7023_7637_AF204652_B_NA_NA
10138+7023+7637+AF204651+B+NA+NA -> 10138_7023_7637_AF204651_B_NA_NA
10138+7023+7637+AF204650+B+NA+NA -> 10138_7023_7637_AF204650_B_NA_NA
10138+7023+7637+AF204649+B+NA+NA -> 10138_7023_7637_AF204649_B_NA_NA
10138+7023+7637+AF204648+B+NA+NA -> 10138_7023_7637_AF204648_B_NA_NA
10138+7023+7637+AF204647+B+NA+NA -> 10138_7023_7637_AF204647_B_NA_NA
10138+7023+7637+AF204646+B+NA+NA -> 10138_7023_7637_AF204646_B_NA_NA
10138+7023+7637+AF204645+B+NA+NA -> 10138_7023_7637_AF204645_B_NA_NA
10138+7023+7637+AF204644+B+NA+NA -> 10138_7023_7637_AF204644_B_NA_NA
10138+7023+7637+AF204643+B+NA+NA -> 10138_7023_7637_AF204643_B_NA_NA
10138+7023+7637+AF204642+B+NA+NA -> 10138_7023_7637_AF204642_B_NA_NA
10138+7023+7637+AF204641+B+NA+NA -> 10138_7023_7637_AF204641_B_NA_NA
10138+7023+7637+AF204640+B+NA+NA -> 10138_7023_7637_AF204640_B_NA_NA

                                  Gap/Ambiguity  Composition  p-value
Analyzing sequences: done in 0.000329721 secs using 99.78% CPU
   1  10138_7023_7637_AY348528_B_NA_NA    9.23%    passed     79.17%
   2  10138_7023_7637_AY348527_B_NA_NA    9.23%    passed     65.94%
   3  10138_7023_7637_AY348526_B_NA_NA    9.23%    passed     82.69%
   4  10138_7023_7637_AY348525_B_NA_NA    8.32%    passed     92.55%
   5  10138_7023_7637_AY348524_B_NA_NA    8.32%    passed     83.05%
   6  10138_7023_7637_AY348523_B_NA_NA    9.68%    passed     98.00%
   7  10138_7023_7637_AY348522_B_NA_NA    9.23%    passed     85.82%
   8  10138_7023_7637_AY348521_B_NA_NA    9.23%    passed     84.55%
   9  10138_7023_7637_AY348520_B_NA_NA    9.23%    passed     81.72%
  10  10138_7023_7637_AY348519_B_NA_NA    8.32%    passed     86.79%
  11  10138_7023_7637_AY348518_B_NA_NA    8.32%    passed     86.30%
  12  10138_7023_7637_AY348517_B_NA_NA   10.14%    passed     98.97%
  13  10138_7023_7637_AY348516_B_NA_NA    9.68%    passed     98.86%
  14  10138_7023_7637_AY348515_B_NA_NA    8.32%    passed     86.61%
  15  10138_7023_7637_AY348514_B_NA_NA    9.23%    passed     80.23%
  16  10138_7023_7640_AY348513_B_NA_NA    9.68%    passed     94.53%
  17  10138_7023_7637_AY348512_B_NA_NA    8.32%    passed     98.68%
  18  10138_7023_7637_AY348511_B_NA_NA    8.32%    passed     86.79%
  19  10138_7023_7637_AY348510_B_NA_NA    9.68%    passed     99.42%
  20  10138_7023_7637_AY348509_B_NA_NA    9.68%    passed     99.42%
  21  10138_7023_7637_AY348508_B_NA_NA    8.32%    passed     95.39%
  22  10138_7023_7637_AY348507_B_NA_NA    8.32%    passed     86.79%
  23  10138_7023_7637_AY348506_B_NA_NA    9.68%    passed     99.42%
  24  10138_7023_7637_AY348505_B_NA_NA    9.68%    passed     98.59%
  25  10138_7023_7637_AY348504_B_NA_NA    8.32%    passed     95.39%
  26  10138_7023_7637_AY348503_B_NA_NA    8.32%    passed     95.39%
  27  10138_7023_7637_AY348502_B_NA_NA    8.32%    passed     87.89%
  28  10138_7023_7637_AY348501_B_NA_NA    8.32%    passed     84.75%
  29  10138_7023_7637_AY348500_B_NA_NA    8.32%    passed     95.39%
  30  10138_7023_7637_AY348499_B_NA_NA    8.32%    passed     79.94%
  31  10138_7023_7637_AY348498_B_NA_NA    8.32%    passed     86.79%
  32  10138_7023_7637_AY348497_B_NA_NA    8.32%    passed     95.39%
  33  10138_7023_7637_AY348496_B_NA_NA    8.32%    passed     76.25%
  34  10138_7023_7637_AY348495_B_NA_NA    8.32%    passed     88.83%
  35  10138_7023_7637_AY348494_B_NA_NA    8.32%    passed     95.39%
  36  10138_7023_7637_AY348493_B_NA_NA    8.32%    passed     74.67%
  37  10138_7023_7637_AY348492_B_NA_NA    8.32%    passed     86.32%
  38  10138_7023_7637_AY348491_B_NA_NA    8.32%    passed     76.25%
  39  10138_7023_7637_AY348490_B_NA_NA    8.32%    passed     88.83%
  40  10138_7023_7637_AY348489_B_NA_NA    8.32%    passed     95.39%
  41  10138_7023_7637_AY348488_B_NA_NA    8.32%    passed     84.75%
  42  10138_7023_7637_AY348487_B_NA_NA    8.32%    passed     94.32%
  43  10138_7023_7637_AY348486_B_NA_NA    8.32%    passed     77.55%
  44  10138_7023_7637_AY348485_B_NA_NA    8.32%    passed     82.32%
  45  10138_7023_7637_AY348484_B_NA_NA    8.32%    passed     84.75%
  46  10138_7023_7637_AY348483_B_NA_NA    8.32%    passed     83.68%
  47  10138_7023_7637_AY348482_B_NA_NA    8.32%    passed     79.98%
  48  10138_7023_7637_AY348481_B_NA_NA    8.32%    passed     98.69%
  49  10138_7023_7637_AY348480_B_NA_NA    8.32%    passed     86.32%
  50  10138_7023_7637_AY348479_B_NA_NA    8.32%    passed     84.75%
  51  10138_7023_7637_AY348478_B_NA_NA    8.32%    passed     82.32%
  52  10138_7023_7628_AF138530_B_NA_NA    9.68%    passed     99.47%
  53  10138_7023_7637_AF138529_B_NA_NA    8.32%    passed     84.75%
  54  10138_7023_7637_AF138528_B_NA_NA    9.23%    passed     99.51%
  55  10138_7023_7637_AF138527_B_NA_NA    8.32%    passed     87.50%
  56  10138_7023_7637_AF138526_B_NA_NA    8.32%    passed     83.27%
  57  10138_7023_7637_AF138525_B_NA_NA    8.32%    passed     92.70%
  58  10138_7023_7637_AF138524_B_NA_NA    8.32%    passed     99.08%
  59  10138_7023_7637_AF138523_B_NA_NA    8.32%    passed     92.42%
  60  10138_7023_7637_AF138522_B_NA_NA    7.41%    passed     88.35%
  61  10138_7023_7637_AF138521_B_NA_NA    8.32%    passed     92.70%
  62  10138_7023_7637_AF138520_B_NA_NA    8.32%    passed     80.38%
  63  10138_7023_7637_AF138519_B_NA_NA    8.32%    passed     79.04%
  64  10138_7023_7637_AF138518_B_NA_NA    7.41%    passed     77.00%
  65  10138_7023_7637_AF138517_B_NA_NA    7.41%    passed     84.00%
  66  10138_7023_7637_AF138516_B_NA_NA    7.41%    passed     95.55%
  67  10138_7023_7637_AF138515_B_NA_NA   10.14%    passed     94.39%
  68  10138_7023_7637_AF138514_B_NA_NA    8.32%    passed     96.05%
  69  10138_7023_7637_AF138513_B_NA_NA    8.32%    passed     80.37%
  70  10138_7023_7637_AF138512_B_NA_NA    7.41%    passed     98.38%
  71  10138_7023_7637_AF138511_B_NA_NA   10.14%    passed     94.50%
  72  10138_7023_7637_AF138510_B_NA_NA    7.41%    passed     86.76%
  73  10138_7023_7637_AF138509_B_NA_NA    8.32%    passed     84.56%
  74  10138_7023_7637_AF138508_B_NA_NA    8.32%    passed     79.98%
  75  10138_7023_7637_AF138507_B_NA_NA    7.41%    passed     93.92%
  76  10138_7023_7637_AF138506_B_NA_NA    9.68%    passed     99.62%
  77  10138_7023_7637_AF138505_B_NA_NA    7.41%    passed     97.65%
  78  10138_7023_7637_AF138504_B_NA_NA    8.77%    passed     96.37%
  79  10138_7023_7637_AF138503_B_NA_NA    9.23%    passed     97.63%
  80  10138_7023_7637_AF138502_B_NA_NA    8.32%    passed     99.79%
  81  10138_7023_7637_AF138501_B_NA_NA    7.41%    passed     96.66%
  82  10138_7023_7637_AF138500_B_NA_NA    7.41%    passed     93.22%
  83  10138_7023_7637_AF138499_B_NA_NA    7.41%    passed     91.83%
  84  10138_7023_7637_AF138498_B_NA_NA    9.23%    passed     92.65%
  85  10138_7023_7637_AF138497_B_NA_NA    7.87%    passed     95.08%
  86  10138_7023_7637_AF138496_B_NA_NA    9.68%    passed     98.38%
  87  10138_7023_7637_AF138495_B_NA_NA    9.23%    passed     96.43%
  88  10138_7023_7637_AF138494_B_NA_NA    9.68%    passed     98.39%
  89  10138_7023_7637_AF138493_B_NA_NA    8.77%    passed     99.46%
  90  10138_7023_7637_AF138492_B_NA_NA    8.77%    passed     94.27%
  91  10138_7023_7637_AF138491_B_NA_NA    8.77%    passed     98.72%
  92  10138_7023_7637_AF138490_B_NA_NA    9.68%    passed     99.65%
  93  10138_7023_7637_AF138489_B_NA_NA    8.77%    passed     98.72%
  94  10138_7023_7637_AF138488_B_NA_NA    8.77%    passed     99.46%
  95  10138_7023_7637_AF138487_B_NA_NA    8.77%    passed     99.46%
  96  10138_7023_7637_AF138486_B_NA_NA   10.14%    passed     99.80%
  97  10138_7023_7637_AF138485_B_NA_NA    9.68%    passed     98.31%
  98  10138_7023_7637_AF138484_B_NA_NA    9.68%    passed     98.18%
  99  10138_7023_7637_AF138483_B_NA_NA    8.77%    passed     98.07%
 100  10138_7023_7637_AF138482_B_NA_NA    9.68%    passed     97.75%
 101  10138_7023_7637_AF138481_B_NA_NA    8.77%    passed     99.59%
 102  10138_7023_7637_AF138480_B_NA_NA   10.14%    passed     99.17%
 103  10138_7023_7637_AF138479_B_NA_NA    9.23%    passed     97.63%
 104  10138_7023_7637_AF138478_B_NA_NA    8.77%    passed     98.72%
 105  10138_7023_7637_AF138477_B_NA_NA   10.59%    passed     99.26%
 106  10138_7023_7637_AF138476_B_NA_NA   10.59%    passed     99.68%
 107  10138_7023_7637_AF138475_B_NA_NA    9.68%    passed     95.03%
 108  10138_7023_7637_AF138474_B_NA_NA    8.77%    passed     87.26%
 109  10138_7023_7637_AF138473_B_NA_NA    8.77%    passed     92.40%
 110  10138_7023_7637_AF138472_B_NA_NA   10.59%    passed     99.83%
 111  10138_7023_7637_AF138471_B_NA_NA    8.77%    passed     99.61%
 112  10138_7023_7637_AF138470_B_NA_NA    8.77%    passed     99.04%
 113  10138_7023_7637_AF138469_B_NA_NA    8.77%    passed     99.88%
 114  10138_7023_7637_AF138468_B_NA_NA    9.23%    passed     99.35%
 115  10138_7023_7637_AF138467_B_NA_NA    6.96%    passed     83.64%
 116  10138_7023_7637_AF138466_B_NA_NA    8.77%    passed     99.20%
 117  10138_7023_7637_AF138465_B_NA_NA    9.68%    passed     98.09%
 118  10138_7023_7637_AF138464_B_NA_NA    9.23%    passed     99.28%
 119  10138_7023_7637_AF138463_B_NA_NA    8.77%    passed     99.12%
 120  10138_7023_7637_AF138462_B_NA_NA    9.23%    passed     98.21%
 121  10138_7023_7637_AF138461_B_NA_NA    8.77%    passed     98.92%
 122  10138_7023_7637_AF138460_B_NA_NA    9.68%    passed     99.44%
 123  10138_7023_7637_AF138459_B_NA_NA    9.68%    passed     99.96%
 124  10138_7023_7637_AF138458_B_NA_NA    9.68%    passed     99.82%
 125  10138_7023_7637_AF138457_B_NA_NA    7.87%    passed     92.99%
 126  10138_7023_7637_AF138456_B_NA_NA   10.59%    passed     99.47%
 127  10138_7023_7637_AF138455_B_NA_NA   10.14%    passed     99.00%
 128  10138_7023_7637_AF138454_B_NA_NA    9.68%    passed     98.33%
 129  10138_7023_7637_AF138453_B_NA_NA    9.68%    passed     98.74%
 130  10138_7023_7637_AF138452_B_NA_NA   10.14%    passed     99.79%
 131  10138_7023_7637_AF138451_B_NA_NA    7.41%    passed     93.28%
 132  10138_7023_7637_AF138450_B_NA_NA   10.59%    passed     92.88%
 133  10138_7023_7637_AF138449_B_NA_NA    9.68%    passed     99.66%
 134  10138_7023_7637_AF138448_B_NA_NA    7.41%    passed     96.47%
 135  10138_7023_7637_AF138447_B_NA_NA   10.14%    passed     96.95%
 136  10138_7023_7637_AF138446_B_NA_NA   10.14%    passed     98.70%
 137  10138_7023_7637_AF138445_B_NA_NA   10.14%    passed     99.81%
 138  10138_7023_7637_AF138444_B_NA_NA   10.14%    passed     88.86%
 139  10138_7023_7637_AF138443_B_NA_NA   10.14%    passed     99.79%
 140  10138_7023_7637_AF138442_B_NA_NA   10.14%    passed     99.70%
 141  10138_7023_7637_AF138441_B_NA_NA   10.14%    passed     97.98%
 142  10138_7023_7637_AF138440_B_NA_NA   10.14%    passed     96.23%
 143  10138_7023_7637_AF138439_B_NA_NA   10.14%    passed     98.28%
 144  10138_7023_7637_AF138438_B_NA_NA    8.32%    passed     98.95%
 145  10138_7023_7637_AF138437_B_NA_NA    9.23%    passed     93.82%
 146  10138_7023_7637_AF138436_B_NA_NA    9.23%    passed     92.23%
 147  10138_7023_7637_AF138435_B_NA_NA    9.68%    passed     97.93%
 148  10138_7023_7637_AF138434_B_NA_NA   10.14%    passed     96.08%
 149  10138_7023_7637_AF138433_B_NA_NA    9.68%    passed     95.61%
 150  10138_7023_7637_AF138432_B_NA_NA    9.23%    passed     88.65%
 151  10138_7023_7637_AF138431_B_NA_NA    9.23%    passed     93.95%
 152  10138_7023_7637_AF138430_B_NA_NA    9.23%    passed     92.23%
 153  10138_7023_7637_AF138429_B_NA_NA    9.68%    passed     99.61%
 154  10138_7023_7637_AF138428_B_NA_NA    9.68%    passed     87.52%
 155  10138_7023_7637_AF138427_B_NA_NA   11.95%    passed     96.94%
 156  10138_7023_7637_AF138426_B_NA_NA    9.23%    passed     78.25%
 157  10138_7023_7637_AF138425_B_NA_NA    9.23%    passed     78.25%
 158  10138_7023_7637_AF138424_B_NA_NA    9.23%    passed     95.05%
 159  10138_7023_7637_AF138423_B_NA_NA    9.68%    passed     97.15%
 160  10138_7023_7637_AF138422_B_NA_NA    9.23%    passed     92.31%
 161  10138_7023_7637_AF138421_B_NA_NA   11.95%    passed     95.93%
 162  10138_7023_7637_AF138420_B_NA_NA    9.23%    passed     84.32%
 163  10138_7023_7637_AF138419_B_NA_NA    9.23%    passed     84.95%
 164  10138_7023_7637_AF138418_B_NA_NA    9.68%    passed     94.40%
 165  10138_7023_7637_AF138417_B_NA_NA    9.23%    passed     92.23%
 166  10138_7023_7637_AF138416_B_NA_NA    9.23%    passed     88.65%
 167  10138_7023_7637_AF138415_B_NA_NA   10.59%    passed     95.32%
 168  10138_7023_7637_AF138414_B_NA_NA    9.23%    passed     92.23%
 169  10138_7023_7637_AF138413_B_NA_NA    9.68%    passed     91.35%
 170  10138_7023_7637_AF138412_B_NA_NA    9.23%    passed     88.65%
 171  10138_7023_7637_AF204670_B_NA_NA    9.23%    passed     99.96%
 172  10138_7023_7637_AF204669_B_NA_NA    7.87%    passed     97.58%
 173  10138_7023_7637_AF204668_B_NA_NA    8.77%    passed     99.88%
 174  10138_7023_7637_AF204667_B_NA_NA    8.77%    passed     97.25%
 175  10138_7023_7637_AF204666_B_NA_NA    8.77%    passed     94.24%
 176  10138_7023_7637_AF204665_B_NA_NA   10.14%    passed     98.92%
 177  10138_7023_7637_AF204664_B_NA_NA    9.23%    passed     94.06%
 178  10138_7023_7637_AF204663_B_NA_NA    7.87%    passed     94.68%
 179  10138_7023_7637_AF204662_B_NA_NA    9.23%    passed     90.46%
 180  10138_7023_7637_AF204661_B_NA_NA    9.23%    passed     95.98%
 181  10138_7023_7637_AF204660_B_NA_NA   10.14%    passed     96.82%
 182  10138_7023_7637_AF204659_B_NA_NA    9.23%    passed     97.81%
 183  10138_7023_7637_AF204658_B_NA_NA    9.23%    passed     99.00%
 184  10138_7023_7637_AF204657_B_NA_NA    8.77%    passed     96.34%
 185  10138_7023_7637_AF204656_B_NA_NA    9.23%    passed     99.52%
 186  10138_7023_7637_AF204655_B_NA_NA    8.77%    passed     98.10%
 187  10138_7023_7637_AF204654_B_NA_NA    8.77%    passed     96.36%
 188  10138_7023_7637_AF204653_B_NA_NA    6.96%    passed     89.83%
 189  10138_7023_7637_AF204652_B_NA_NA    8.77%    passed     96.27%
 190  10138_7023_7637_AF204651_B_NA_NA    6.96%    passed     99.46%
 191  10138_7023_7637_AF204650_B_NA_NA    9.68%    passed     99.61%
 192  10138_7023_7637_AF204649_B_NA_NA    9.23%    passed     97.81%
 193  10138_7023_7637_AF204648_B_NA_NA    9.23%    passed     95.10%
 194  10138_7023_7637_AF204647_B_NA_NA    9.68%    passed     99.13%
 195  10138_7023_7637_AF204646_B_NA_NA    9.23%    passed     91.37%
 196  10138_7023_7637_AF204645_B_NA_NA   10.14%    passed     99.74%
 197  10138_7023_7637_AF204644_B_NA_NA    9.68%    passed     96.66%
 198  10138_7023_7637_AF204643_B_NA_NA   10.14%    passed     99.20%
 199  10138_7023_7637_AF204642_B_NA_NA    9.23%    passed     99.57%
 200  10138_7023_7637_AF204641_B_NA_NA    9.23%    passed     96.51%
 201  10138_7023_7637_AF204640_B_NA_NA    9.68%    passed     97.58%
****  TOTAL                               9.00%  0 sequences failed composition chi2 test (p-value<5%; df=3)
NOTE: 10138_7023_7637_AY348507_B_NA_NA is identical to 10138_7023_7637_AY348511_B_NA_NA but kept for subsequent analysis
NOTE: 10138_7023_7637_AY348509_B_NA_NA is identical to 10138_7023_7637_AY348510_B_NA_NA but kept for subsequent analysis
NOTE: 10138_7023_7637_AY348503_B_NA_NA is identical to 10138_7023_7637_AY348508_B_NA_NA but kept for subsequent analysis
NOTE: 10138_7023_7637_AY348497_B_NA_NA is identical to 10138_7023_7637_AY348500_B_NA_NA but kept for subsequent analysis
NOTE: 10138_7023_7637_AY348491_B_NA_NA is identical to 10138_7023_7637_AY348496_B_NA_NA but kept for subsequent analysis
NOTE: 10138_7023_7637_AY348490_B_NA_NA is identical to 10138_7023_7637_AY348495_B_NA_NA but kept for subsequent analysis
NOTE: 10138_7023_7637_AY348489_B_NA_NA is identical to 10138_7023_7637_AY348494_B_NA_NA but kept for subsequent analysis
NOTE: 10138_7023_7637_AY348484_B_NA_NA is identical to 10138_7023_7637_AY348488_B_NA_NA but kept for subsequent analysis
NOTE: 10138_7023_7637_AF138521_B_NA_NA is identical to 10138_7023_7637_AF138525_B_NA_NA but kept for subsequent analysis
NOTE: 10138_7023_7637_AF138425_B_NA_NA is identical to 10138_7023_7637_AF138426_B_NA_NA but kept for subsequent analysis
NOTE: 3 identical sequences (see below) will be ignored for subsequent analysis
NOTE: 10138_7023_7637_AY348498_B_NA_NA (identical to 10138_7023_7637_AY348511_B_NA_NA) is ignored but added at the end
NOTE: 10138_7023_7637_AY348506_B_NA_NA (identical to 10138_7023_7637_AY348510_B_NA_NA) is ignored but added at the end
NOTE: 10138_7023_7637_AY348479_B_NA_NA (identical to 10138_7023_7637_AY348488_B_NA_NA) is ignored but added at the end
Alignment was printed to iqtree_subset/10138+1+B.uniqueseq.phy

For your convenience alignment with unique sequences printed to iqtree_subset/10138+1+B.uniqueseq.phy

Create initial parsimony tree by phylogenetic likelihood library (PLL)... 0.040 seconds

NOTE: 9 MB RAM (0 GB) is required!
Measuring multi-threading efficiency up to 1 CPU cores
Increase to 10 rounds for branch lengths
4 trees examined
Threads: 1 / Time: 1.050 sec / Speedup: 1.000 / Efficiency: 100% / LogL: -17480
BEST NUMBER OF THREADS: 1

Estimate model parameters (epsilon = 0.100)
1. Initial log-likelihood: -8744.159
2. Current log-likelihood: -8305.612
3. Current log-likelihood: -8299.323
4. Current log-likelihood: -8297.260
5. Current log-likelihood: -8295.750
6. Current log-likelihood: -8294.382
7. Current log-likelihood: -8293.025
8. Current log-likelihood: -8291.672
9. Current log-likelihood: -8290.695
10. Current log-likelihood: -8289.848
11. Current log-likelihood: -8289.160
12. Current log-likelihood: -8288.583
13. Current log-likelihood: -8288.122
14. Current log-likelihood: -8287.727
15. Current log-likelihood: -8287.364
16. Current log-likelihood: -8286.988
17. Current log-likelihood: -8286.575
18. Current log-likelihood: -8286.105
19. Current log-likelihood: -8285.575
20. Current log-likelihood: -8284.975
21. Current log-likelihood: -8284.334
22. Current log-likelihood: -8283.631
23. Current log-likelihood: -8282.671
24. Current log-likelihood: -8280.482
25. Current log-likelihood: -8279.794
26. Current log-likelihood: -8279.416
27. Current log-likelihood: -8279.157
28. Current log-likelihood: -8278.987
29. Current log-likelihood: -8278.877
Optimal log-likelihood: -8278.804
Rate parameters:  A-C: 1.34881  A-G: 3.51936  A-T: 0.61589  C-G: 0.27301  C-T: 3.68847  G-T: 1.00000
Base frequencies:  A: 0.403  C: 0.158  G: 0.207  T: 0.233
Proportion of invariable sites: 0.184
Site proportion and rates:  (0.575,0.365) (0.141,1.685) (0.096,5.152) (0.003,18.244)
Parameters optimization took 29 rounds (9.685 sec)
Wrote distance file to... 
Computing ML distances based on estimated model parameters...
Calculating distance matrix: done in 0.348896 secs using 99.74% CPU
Computing ML distances took 0.349482 sec (of wall-clock time) 0.348581 sec (of CPU time)
Setting up auxiliary I and S matrices: done in 0.0011362 secs using 99.54% CPU
Computing RapidNJ tree took 0.004596 sec (of wall-clock time) 0.003971 sec (of CPU time)
Log-likelihood of RapidNJ tree: -8369.559
--------------------------------------------------------------------
|             INITIALIZING CANDIDATE TREE SET                      |
--------------------------------------------------------------------
Generating 98 parsimony trees... 3.836 second
Computing log-likelihood of 98 initial trees ... 3.401 seconds
Current best score: -8233.132

Do NNI search on 20 best initial trees
Estimate model parameters (epsilon = 0.100)
BETTER TREE FOUND at iteration 1: -8211.841
Iteration 10 / LogL: -8253.567 / Time: 0h:0m:27s
Iteration 20 / LogL: -8260.833 / Time: 0h:0m:35s
Finish initializing candidate tree set (20)
Current best tree score: -8211.841 / CPU time: 23.865
Number of iterations: 20
--------------------------------------------------------------------
|               OPTIMIZING CANDIDATE TREE SET                      |
--------------------------------------------------------------------
Estimate model parameters (epsilon = 0.100)
BETTER TREE FOUND at iteration 22: -8209.099
Estimate model parameters (epsilon = 0.100)
BETTER TREE FOUND at iteration 29: -8207.505
Iteration 30 / LogL: -8219.126 / Time: 0h:0m:44s (0h:2m:33s left)
Iteration 40 / LogL: -8216.429 / Time: 0h:0m:53s (0h:2m:2s left)
Estimate model parameters (epsilon = 0.100)
BETTER TREE FOUND at iteration 42: -8206.517
Estimate model parameters (epsilon = 0.100)
BETTER TREE FOUND at iteration 48: -8204.191
Estimate model parameters (epsilon = 0.100)
BETTER TREE FOUND at iteration 49: -8203.300
Iteration 50 / LogL: -8224.906 / Time: 0h:1m:3s (0h:2m:8s left)
Estimate model parameters (epsilon = 0.100)
BETTER TREE FOUND at iteration 52: -8202.044
Iteration 60 / LogL: -8222.808 / Time: 0h:1m:13s (0h:1m:54s left)
Estimate model parameters (epsilon = 0.100)
BETTER TREE FOUND at iteration 61: -8201.515
Estimate model parameters (epsilon = 0.100)
BETTER TREE FOUND at iteration 62: -8200.822
Estimate model parameters (epsilon = 0.100)
BETTER TREE FOUND at iteration 69: -8200.554
Iteration 70 / LogL: -8205.072 / Time: 0h:1m:23s (0h:1m:59s left)
Estimate model parameters (epsilon = 0.100)
BETTER TREE FOUND at iteration 75: -8199.712
Iteration 80 / LogL: -8203.527 / Time: 0h:1m:32s (0h:1m:51s left)
BETTER TREE FOUND at iteration 87: -8199.710
Iteration 90 / LogL: -8220.095 / Time: 0h:1m:41s (0h:1m:50s left)
Iteration 100 / LogL: -8200.932 / Time: 0h:1m:50s (0h:1m:37s left)
Iteration 110 / LogL: -8201.625 / Time: 0h:2m:0s (0h:1m:24s left)
Estimate model parameters (epsilon = 0.100)
BETTER TREE FOUND at iteration 119: -8198.997
Iteration 120 / LogL: -8201.544 / Time: 0h:2m:9s (0h:1m:47s left)
Iteration 130 / LogL: -8200.571 / Time: 0h:2m:18s (0h:1m:35s left)
Estimate model parameters (epsilon = 0.100)
BETTER TREE FOUND at iteration 134: -8198.249
Iteration 140 / LogL: -8200.079 / Time: 0h:2m:27s (0h:1m:39s left)
Iteration 150 / LogL: -8203.636 / Time: 0h:2m:36s (0h:1m:28s left)
Estimate model parameters (epsilon = 0.100)
BETTER TREE FOUND at iteration 156: -8197.286
Iteration 160 / LogL: -8207.269 / Time: 0h:2m:46s (0h:1m:40s left)
Estimate model parameters (epsilon = 0.100)
BETTER TREE FOUND at iteration 167: -8195.742
Iteration 170 / LogL: -8207.435 / Time: 0h:2m:54s (0h:1m:40s left)
Iteration 180 / LogL: -8212.306 / Time: 0h:3m:3s (0h:1m:29s left)
Iteration 190 / LogL: -8212.565 / Time: 0h:3m:12s (0h:1m:18s left)
Iteration 200 / LogL: -8212.079 / Time: 0h:3m:20s (0h:1m:7s left)
Iteration 210 / LogL: -8198.253 / Time: 0h:3m:29s (0h:0m:57s left)
Estimate model parameters (epsilon = 0.100)
BETTER TREE FOUND at iteration 214: -8187.054
Iteration 220 / LogL: -8234.997 / Time: 0h:3m:38s (0h:1m:33s left)
Estimate model parameters (epsilon = 0.100)
BETTER TREE FOUND at iteration 227: -8185.077
Iteration 230 / LogL: -8203.895 / Time: 0h:3m:46s (0h:1m:36s left)
Estimate model parameters (epsilon = 0.100)
BETTER TREE FOUND at iteration 238: -8184.452
Iteration 240 / LogL: -8186.013 / Time: 0h:3m:52s (0h:1m:35s left)
Iteration 250 / LogL: -8185.192 / Time: 0h:3m:57s (0h:1m:23s left)
Iteration 260 / LogL: -8187.308 / Time: 0h:4m:3s (0h:1m:13s left)
Iteration 270 / LogL: -8212.952 / Time: 0h:4m:8s (0h:1m:2s left)
Iteration 280 / LogL: -8209.242 / Time: 0h:4m:13s (0h:0m:52s left)
Iteration 290 / LogL: -8192.254 / Time: 0h:4m:19s (0h:0m:43s left)
Iteration 300 / LogL: -8184.542 / Time: 0h:4m:24s (0h:0m:33s left)
Estimate model parameters (epsilon = 0.100)
BETTER TREE FOUND at iteration 302: -8183.547
Estimate model parameters (epsilon = 0.100)
BETTER TREE FOUND at iteration 306: -8183.381
Iteration 310 / LogL: -8196.931 / Time: 0h:4m:33s (0h:1m:25s left)
BETTER TREE FOUND at iteration 311: -8183.380
Iteration 320 / LogL: -8201.855 / Time: 0h:4m:41s (0h:1m:20s left)
Iteration 330 / LogL: -8183.382 / Time: 0h:4m:50s (0h:1m:11s left)
Iteration 340 / LogL: -8183.383 / Time: 0h:4m:58s (0h:1m:2s left)
Iteration 350 / LogL: -8198.858 / Time: 0h:5m:6s (0h:0m:53s left)
Iteration 360 / LogL: -8187.416 / Time: 0h:5m:14s (0h:0m:44s left)
Iteration 370 / LogL: -8185.506 / Time: 0h:5m:22s (0h:0m:35s left)
Iteration 380 / LogL: -8184.550 / Time: 0h:5m:30s (0h:0m:27s left)
Iteration 390 / LogL: -8194.643 / Time: 0h:5m:38s (0h:0m:18s left)
BETTER TREE FOUND at iteration 397: -8183.380
Iteration 400 / LogL: -8183.633 / Time: 0h:5m:46s (0h:1m:24s left)
Iteration 410 / LogL: -8187.047 / Time: 0h:5m:54s (0h:1m:15s left)
Iteration 420 / LogL: -8183.465 / Time: 0h:6m:2s (0h:1m:6s left)
Iteration 430 / LogL: -8200.687 / Time: 0h:6m:10s (0h:0m:57s left)
Iteration 440 / LogL: -8221.020 / Time: 0h:6m:18s (0h:0m:49s left)
Iteration 450 / LogL: -8198.404 / Time: 0h:6m:26s (0h:0m:40s left)
Iteration 460 / LogL: -8228.119 / Time: 0h:6m:34s (0h:0m:31s left)
Iteration 470 / LogL: -8216.568 / Time: 0h:6m:42s (0h:0m:23s left)
Iteration 480 / LogL: -8183.464 / Time: 0h:6m:50s (0h:0m:14s left)
Estimate model parameters (epsilon = 0.100)
BETTER TREE FOUND at iteration 485: -8181.019
Iteration 490 / LogL: -8186.546 / Time: 0h:6m:59s (0h:1m:21s left)
Iteration 500 / LogL: -8185.362 / Time: 0h:7m:6s (0h:1m:12s left)
Iteration 510 / LogL: -8196.935 / Time: 0h:7m:14s (0h:1m:3s left)
Estimate model parameters (epsilon = 0.100)
BETTER TREE FOUND at iteration 518: -8180.582
Iteration 520 / LogL: -8185.051 / Time: 0h:7m:22s (0h:1m:23s left)
Iteration 530 / LogL: -8197.816 / Time: 0h:7m:30s (0h:1m:14s left)
Iteration 540 / LogL: -8183.662 / Time: 0h:7m:38s (0h:1m:6s left)
Iteration 550 / LogL: -8182.779 / Time: 0h:7m:46s (0h:0m:57s left)
Estimate model parameters (epsilon = 0.100)
BETTER TREE FOUND at iteration 558: -8179.636
Iteration 560 / LogL: -8204.702 / Time: 0h:7m:54s (0h:1m:23s left)
Iteration 570 / LogL: -8187.075 / Time: 0h:8m:3s (0h:1m:14s left)
Iteration 580 / LogL: -8198.588 / Time: 0h:8m:11s (0h:1m:6s left)
Iteration 590 / LogL: -8179.642 / Time: 0h:8m:19s (0h:0m:57s left)
Iteration 600 / LogL: -8179.643 / Time: 0h:8m:26s (0h:0m:49s left)
Estimate model parameters (epsilon = 0.100)
BETTER TREE FOUND at iteration 607: -8178.922
Iteration 610 / LogL: -8185.367 / Time: 0h:8m:35s (0h:1m:22s left)
Iteration 620 / LogL: -8192.601 / Time: 0h:8m:43s (0h:1m:13s left)
Iteration 630 / LogL: -8181.340 / Time: 0h:8m:50s (0h:1m:4s left)
Iteration 640 / LogL: -8181.718 / Time: 0h:8m:58s (0h:0m:56s left)
Iteration 650 / LogL: -8186.032 / Time: 0h:9m:6s (0h:0m:48s left)
Estimate model parameters (epsilon = 0.100)
BETTER TREE FOUND at iteration 658: -8177.549
Iteration 660 / LogL: -8180.568 / Time: 0h:9m:15s (0h:1m:22s left)
Estimate model parameters (epsilon = 0.100)
BETTER TREE FOUND at iteration 667: -8176.114
Iteration 670 / LogL: -8183.749 / Time: 0h:9m:23s (0h:1m:21s left)
Iteration 680 / LogL: -8176.115 / Time: 0h:9m:31s (0h:1m:13s left)
Iteration 690 / LogL: -8200.278 / Time: 0h:9m:39s (0h:1m:4s left)
Iteration 700 / LogL: -8183.553 / Time: 0h:9m:48s (0h:0m:56s left)
Estimate model parameters (epsilon = 0.100)
BETTER TREE FOUND at iteration 707: -8176.024
Iteration 710 / LogL: -8185.081 / Time: 0h:9m:57s (0h:1m:21s left)
Iteration 720 / LogL: -8176.222 / Time: 0h:10m:5s (0h:1m:13s left)
Iteration 730 / LogL: -8185.354 / Time: 0h:10m:14s (0h:1m:4s left)
Iteration 740 / LogL: -8178.941 / Time: 0h:10m:22s (0h:0m:56s left)
Iteration 750 / LogL: -8185.125 / Time: 0h:10m:30s (0h:0m:47s left)
Iteration 760 / LogL: -8194.168 / Time: 0h:10m:38s (0h:0m:39s left)
Iteration 770 / LogL: -8200.555 / Time: 0h:10m:46s (0h:0m:31s left)
Iteration 780 / LogL: -8180.879 / Time: 0h:10m:54s (0h:0m:22s left)
Iteration 790 / LogL: -8181.329 / Time: 0h:11m:2s (0h:0m:14s left)
Iteration 800 / LogL: -8194.011 / Time: 0h:11m:10s (0h:0m:5s left)
TREE SEARCH COMPLETED AFTER 808 ITERATIONS / Time: 0h:11m:17s

--------------------------------------------------------------------
|                    FINALIZING TREE SEARCH                        |
--------------------------------------------------------------------
Performs final model parameters optimization
Estimate model parameters (epsilon = 0.010)
1. Initial log-likelihood: -8176.024
2. Current log-likelihood: -8176.006
Optimal log-likelihood: -8175.997
Rate parameters:  A-C: 1.30115  A-G: 3.64966  A-T: 0.64675  C-G: 0.23941  C-T: 3.77132  G-T: 1.00000
Base frequencies:  A: 0.403  C: 0.158  G: 0.207  T: 0.233
Proportion of invariable sites: 0.202
Site proportion and rates:  (0.610,0.429) (0.127,2.590) (0.057,6.203) (0.003,16.520)
Parameters optimization took 2 rounds (0.520 sec)
BEST SCORE FOUND : -8175.997
Empirical proportions for each category: 0.850 0.097 0.050 0.003
Site rates printed to iqtree_subset/10138+1+B.rate

Testing tree branches by SH-like aLRT with 1000 replicates...
3.288 sec.
Total tree length: 2.278

Total number of iterations: 808
CPU time used for tree search: 651.331 sec (0h:10m:51s)
Wall-clock time used for tree search: 665.640 sec (0h:11m:5s)
Total CPU time used: 666.527 sec (0h:11m:6s)
Total wall-clock time used: 680.947 sec (0h:11m:20s)

Analysis results written to: 
  IQ-TREE report:                iqtree_subset/10138+1+B.iqtree
  Maximum-likelihood tree:       iqtree_subset/10138+1+B.treefile
  Likelihood distances:          iqtree_subset/10138+1+B.mldist
  Site-specific rates:           iqtree_subset/10138+1+B.rate
  Screen log file:               iqtree_subset/10138+1+B.log

Date and Time: Tue Feb 11 18:13:30 2025
