IQ-TREE multicore version 2.3.3 COVID-edition for Linux x86 64-bit built Apr 25 2024
Developed by Bui Quang Minh, James Barbetti, Nguyen Lam Tung, Olga Chernomor,
Heiko Schmidt, Dominik Schrempf, Michael Woodhams, Ly Trong Nhan, Thomas Wong

Host:    linusblack.lanl.gov (AVX512, FMA3, 754 GB RAM)
Command: iqtree -s mafft_subset/10137+1+B.fasta -m GTR+I+R -alrt 1000 -T AUTO --prefix iqtree_subset/10137+1+B --rate -redo
Seed:    46121 (Using SPRNG - Scalable Parallel Random Number Generator)
Time:    Tue Feb 11 18:00:42 2025
Kernel:  AVX+FMA - auto-detect threads (1 CPU cores detected)

Reading alignment file mafft_subset/10137+1+B.fasta ... Fasta format detected
Reading fasta file: done in 0.00289714 secs using 75.49% CPU
Alignment most likely contains DNA/RNA sequences
Alignment has 130 sequences with 633 columns, 259 distinct patterns
143 parsimony-informative, 104 singleton sites, 386 constant sites
WARNING: Some sequence names are changed as follows:
10137+7026+7637+AY348408+B+NA+NA -> 10137_7026_7637_AY348408_B_NA_NA
10137+7026+7637+AY348407+B+NA+NA -> 10137_7026_7637_AY348407_B_NA_NA
10137+7026+7637+AY348406+B+NA+NA -> 10137_7026_7637_AY348406_B_NA_NA
10137+7026+7637+AY348405+B+NA+NA -> 10137_7026_7637_AY348405_B_NA_NA
10137+7026+7637+AY348404+B+NA+NA -> 10137_7026_7637_AY348404_B_NA_NA
10137+7026+7637+AY348403+B+NA+NA -> 10137_7026_7637_AY348403_B_NA_NA
10137+7026+7637+AY348402+B+NA+NA -> 10137_7026_7637_AY348402_B_NA_NA
10137+7026+7637+AY348401+B+NA+NA -> 10137_7026_7637_AY348401_B_NA_NA
10137+7026+7637+AY348400+B+NA+NA -> 10137_7026_7637_AY348400_B_NA_NA
10137+7026+7637+AY348399+B+NA+NA -> 10137_7026_7637_AY348399_B_NA_NA
10137+7026+7637+AY348398+B+NA+NA -> 10137_7026_7637_AY348398_B_NA_NA
10137+7026+7637+AY348397+B+NA+NA -> 10137_7026_7637_AY348397_B_NA_NA
10137+7026+7637+AY348396+B+NA+NA -> 10137_7026_7637_AY348396_B_NA_NA
10137+7026+7637+AY348395+B+NA+NA -> 10137_7026_7637_AY348395_B_NA_NA
10137+7026+7637+AY348394+B+NA+NA -> 10137_7026_7637_AY348394_B_NA_NA
10137+7026+7637+AY348393+B+NA+NA -> 10137_7026_7637_AY348393_B_NA_NA
10137+7026+7637+AY348392+B+NA+NA -> 10137_7026_7637_AY348392_B_NA_NA
10137+7026+7637+AY348391+B+NA+NA -> 10137_7026_7637_AY348391_B_NA_NA
10137+7026+7637+AY348390+B+NA+NA -> 10137_7026_7637_AY348390_B_NA_NA
10137+7026+7637+AY348389+B+NA+NA -> 10137_7026_7637_AY348389_B_NA_NA
10137+7026+7637+AY348388+B+NA+NA -> 10137_7026_7637_AY348388_B_NA_NA
10137+7026+7637+AY348387+B+NA+NA -> 10137_7026_7637_AY348387_B_NA_NA
10137+7026+7637+AY348386+B+NA+NA -> 10137_7026_7637_AY348386_B_NA_NA
10137+7026+7637+AY348385+B+NA+NA -> 10137_7026_7637_AY348385_B_NA_NA
10137+7026+7637+AF138003+B+NA+NA -> 10137_7026_7637_AF138003_B_NA_NA
10137+7026+7637+AF138002+B+NA+NA -> 10137_7026_7637_AF138002_B_NA_NA
10137+7026+7637+AF138001+B+NA+NA -> 10137_7026_7637_AF138001_B_NA_NA
10137+7026+7637+AF138000+B+NA+NA -> 10137_7026_7637_AF138000_B_NA_NA
10137+7026+7637+AF137999+B+NA+NA -> 10137_7026_7637_AF137999_B_NA_NA
10137+7026+7637+AF137998+B+NA+NA -> 10137_7026_7637_AF137998_B_NA_NA
10137+7026+7637+AF137997+B+NA+NA -> 10137_7026_7637_AF137997_B_NA_NA
10137+7026+7637+AF137996+B+NA+NA -> 10137_7026_7637_AF137996_B_NA_NA
10137+7026+7637+AF137995+B+NA+NA -> 10137_7026_7637_AF137995_B_NA_NA
10137+7026+7637+AF137994+B+NA+NA -> 10137_7026_7637_AF137994_B_NA_NA
10137+7026+7637+AF137993+B+NA+NA -> 10137_7026_7637_AF137993_B_NA_NA
10137+7026+7637+AF137992+B+NA+NA -> 10137_7026_7637_AF137992_B_NA_NA
10137+7026+7637+AF137991+B+NA+NA -> 10137_7026_7637_AF137991_B_NA_NA
10137+7026+7637+AF137990+B+NA+NA -> 10137_7026_7637_AF137990_B_NA_NA
10137+7026+7637+AF137989+B+NA+NA -> 10137_7026_7637_AF137989_B_NA_NA
10137+7026+7637+AF137988+B+NA+NA -> 10137_7026_7637_AF137988_B_NA_NA
10137+7026+7637+AF137987+B+NA+NA -> 10137_7026_7637_AF137987_B_NA_NA
10137+7026+7637+AF137986+B+NA+NA -> 10137_7026_7637_AF137986_B_NA_NA
10137+7026+7637+AF137985+B+NA+NA -> 10137_7026_7637_AF137985_B_NA_NA
10137+7026+7637+AF137984+B+NA+NA -> 10137_7026_7637_AF137984_B_NA_NA
10137+7026+7637+AF137983+B+NA+NA -> 10137_7026_7637_AF137983_B_NA_NA
10137+7026+7637+AF137982+B+NA+NA -> 10137_7026_7637_AF137982_B_NA_NA
10137+7026+7637+AF137981+B+NA+NA -> 10137_7026_7637_AF137981_B_NA_NA
10137+7026+7637+AF137980+B+NA+NA -> 10137_7026_7637_AF137980_B_NA_NA
10137+7026+7637+AF137979+B+NA+NA -> 10137_7026_7637_AF137979_B_NA_NA
10137+7026+7637+AF137978+B+NA+NA -> 10137_7026_7637_AF137978_B_NA_NA
10137+7026+7637+AF137977+B+NA+NA -> 10137_7026_7637_AF137977_B_NA_NA
10137+7026+7637+AF137976+B+NA+NA -> 10137_7026_7637_AF137976_B_NA_NA
10137+7026+7637+AF137975+B+NA+NA -> 10137_7026_7637_AF137975_B_NA_NA
10137+7026+7637+AF137974+B+NA+NA -> 10137_7026_7637_AF137974_B_NA_NA
10137+7026+7637+AF137973+B+NA+NA -> 10137_7026_7637_AF137973_B_NA_NA
10137+7026+7637+AF137972+B+NA+NA -> 10137_7026_7637_AF137972_B_NA_NA
10137+7026+7637+AF137971+B+NA+NA -> 10137_7026_7637_AF137971_B_NA_NA
10137+7026+7637+AF137970+B+NA+NA -> 10137_7026_7637_AF137970_B_NA_NA
10137+7026+7637+AF137969+B+NA+NA -> 10137_7026_7637_AF137969_B_NA_NA
10137+7026+7637+AF137968+B+NA+NA -> 10137_7026_7637_AF137968_B_NA_NA
10137+7026+7637+AF137967+B+NA+NA -> 10137_7026_7637_AF137967_B_NA_NA
10137+7026+7637+AF137966+B+NA+NA -> 10137_7026_7637_AF137966_B_NA_NA
10137+7026+7637+AF137965+B+NA+NA -> 10137_7026_7637_AF137965_B_NA_NA
10137+7026+7637+AF137964+B+NA+NA -> 10137_7026_7637_AF137964_B_NA_NA
10137+7026+7637+AF137963+B+NA+NA -> 10137_7026_7637_AF137963_B_NA_NA
10137+7026+7637+AF137962+B+NA+NA -> 10137_7026_7637_AF137962_B_NA_NA
10137+7026+7637+AF137961+B+NA+NA -> 10137_7026_7637_AF137961_B_NA_NA
10137+7026+7637+AF137960+B+NA+NA -> 10137_7026_7637_AF137960_B_NA_NA
10137+7026+7637+AF137959+B+NA+NA -> 10137_7026_7637_AF137959_B_NA_NA
10137+7026+7637+AF137958+B+NA+NA -> 10137_7026_7637_AF137958_B_NA_NA
10137+7026+7637+AF137957+B+NA+NA -> 10137_7026_7637_AF137957_B_NA_NA
10137+7026+7637+AF137956+B+NA+NA -> 10137_7026_7637_AF137956_B_NA_NA
10137+7026+7637+AF137955+B+NA+NA -> 10137_7026_7637_AF137955_B_NA_NA
10137+7026+7637+AF137954+B+NA+NA -> 10137_7026_7637_AF137954_B_NA_NA
10137+7026+7637+AF137953+B+NA+NA -> 10137_7026_7637_AF137953_B_NA_NA
10137+7026+7637+AF137952+B+NA+NA -> 10137_7026_7637_AF137952_B_NA_NA
10137+7026+7637+AF137951+B+NA+NA -> 10137_7026_7637_AF137951_B_NA_NA
10137+7026+7637+AF137950+B+NA+NA -> 10137_7026_7637_AF137950_B_NA_NA
10137+7026+7637+AF137949+B+NA+NA -> 10137_7026_7637_AF137949_B_NA_NA
10137+7026+7637+AF137948+B+NA+NA -> 10137_7026_7637_AF137948_B_NA_NA
10137+7026+7637+AF137947+B+NA+NA -> 10137_7026_7637_AF137947_B_NA_NA
10137+7026+7637+AF137946+B+NA+NA -> 10137_7026_7637_AF137946_B_NA_NA
10137+7026+7637+AF137945+B+NA+NA -> 10137_7026_7637_AF137945_B_NA_NA
10137+7026+7637+AF137944+B+NA+NA -> 10137_7026_7637_AF137944_B_NA_NA
10137+7026+7637+AF137943+B+NA+NA -> 10137_7026_7637_AF137943_B_NA_NA
10137+7026+7637+AF137942+B+NA+NA -> 10137_7026_7637_AF137942_B_NA_NA
10137+7026+7637+AF137941+B+NA+NA -> 10137_7026_7637_AF137941_B_NA_NA
10137+7026+7637+AF137940+B+NA+NA -> 10137_7026_7637_AF137940_B_NA_NA
10137+7026+7637+AF137939+B+NA+NA -> 10137_7026_7637_AF137939_B_NA_NA
10137+7026+7637+AF137938+B+NA+NA -> 10137_7026_7637_AF137938_B_NA_NA
10137+7026+7637+AF137937+B+NA+NA -> 10137_7026_7637_AF137937_B_NA_NA
10137+7026+7637+AF137936+B+NA+NA -> 10137_7026_7637_AF137936_B_NA_NA
10137+7026+7637+AF137935+B+NA+NA -> 10137_7026_7637_AF137935_B_NA_NA
10137+7026+7637+AF137934+B+NA+NA -> 10137_7026_7637_AF137934_B_NA_NA
10137+7026+7637+AF137933+B+NA+NA -> 10137_7026_7637_AF137933_B_NA_NA
10137+7026+7637+AF137932+B+NA+NA -> 10137_7026_7637_AF137932_B_NA_NA
10137+7026+7637+AF137931+B+NA+NA -> 10137_7026_7637_AF137931_B_NA_NA
10137+7026+7637+AF137930+B+NA+NA -> 10137_7026_7637_AF137930_B_NA_NA
10137+7026+7637+AF137929+B+NA+NA -> 10137_7026_7637_AF137929_B_NA_NA
10137+7026+7637+AF137928+B+NA+NA -> 10137_7026_7637_AF137928_B_NA_NA
10137+7026+7637+AF137927+B+NA+NA -> 10137_7026_7637_AF137927_B_NA_NA
10137+7026+7637+AF137926+B+NA+NA -> 10137_7026_7637_AF137926_B_NA_NA
10137+7026+7637+AF137925+B+NA+NA -> 10137_7026_7637_AF137925_B_NA_NA
10137+7026+7637+AF137924+B+NA+NA -> 10137_7026_7637_AF137924_B_NA_NA
10137+7026+7637+AF137923+B+NA+NA -> 10137_7026_7637_AF137923_B_NA_NA
10137+7026+7637+AF137922+B+NA+NA -> 10137_7026_7637_AF137922_B_NA_NA
10137+7026+7637+AF137921+B+NA+NA -> 10137_7026_7637_AF137921_B_NA_NA
10137+7026+7637+AF137920+B+NA+NA -> 10137_7026_7637_AF137920_B_NA_NA
10137+7026+7637+AF137919+B+NA+NA -> 10137_7026_7637_AF137919_B_NA_NA
10137+7026+7637+AF137918+B+NA+NA -> 10137_7026_7637_AF137918_B_NA_NA
10137+7026+7637+AF137917+B+NA+NA -> 10137_7026_7637_AF137917_B_NA_NA
10137+7026+7637+AF137916+B+NA+NA -> 10137_7026_7637_AF137916_B_NA_NA
10137+7026+7637+AF137915+B+NA+NA -> 10137_7026_7637_AF137915_B_NA_NA
10137+7026+7637+AF137914+B+NA+NA -> 10137_7026_7637_AF137914_B_NA_NA
10137+7026+7637+AF137913+B+NA+NA -> 10137_7026_7637_AF137913_B_NA_NA
10137+7026+7637+AF137912+B+NA+NA -> 10137_7026_7637_AF137912_B_NA_NA
10137+7026+7637+AF137911+B+NA+NA -> 10137_7026_7637_AF137911_B_NA_NA
10137+7026+7637+AF137910+B+NA+NA -> 10137_7026_7637_AF137910_B_NA_NA
10137+7026+7637+AF137909+B+NA+NA -> 10137_7026_7637_AF137909_B_NA_NA
10137+7026+7637+AF137908+B+NA+NA -> 10137_7026_7637_AF137908_B_NA_NA
10137+7026+7637+AF137907+B+NA+NA -> 10137_7026_7637_AF137907_B_NA_NA
10137+7026+7637+AF137906+B+NA+NA -> 10137_7026_7637_AF137906_B_NA_NA
10137+7026+7637+AF137905+B+NA+NA -> 10137_7026_7637_AF137905_B_NA_NA
10137+7026+7637+AF137904+B+NA+NA -> 10137_7026_7637_AF137904_B_NA_NA
10137+7026+7637+AF137903+B+NA+NA -> 10137_7026_7637_AF137903_B_NA_NA
10137+7026+7637+AF137902+B+NA+NA -> 10137_7026_7637_AF137902_B_NA_NA
10137+7026+7637+AF137901+B+NA+NA -> 10137_7026_7637_AF137901_B_NA_NA
10137+7026+7637+AF137900+B+NA+NA -> 10137_7026_7637_AF137900_B_NA_NA
10137+7026+7637+AF137899+B+NA+NA -> 10137_7026_7637_AF137899_B_NA_NA
10137+7026+7637+AF137898+B+NA+NA -> 10137_7026_7637_AF137898_B_NA_NA

                                  Gap/Ambiguity  Composition  p-value
Analyzing sequences: done in 0.000110061 secs using 99.94% CPU
   1  10137_7026_7637_AY348408_B_NA_NA    2.84%    passed     94.06%
   2  10137_7026_7637_AY348407_B_NA_NA    2.84%    passed     99.19%
   3  10137_7026_7637_AY348406_B_NA_NA    2.84%    passed     99.80%
   4  10137_7026_7637_AY348405_B_NA_NA    2.84%    passed     99.16%
   5  10137_7026_7637_AY348404_B_NA_NA    2.84%    passed     98.73%
   6  10137_7026_7637_AY348403_B_NA_NA    2.84%    passed     98.44%
   7  10137_7026_7637_AY348402_B_NA_NA    2.84%    passed     99.82%
   8  10137_7026_7637_AY348401_B_NA_NA    2.84%    passed     99.38%
   9  10137_7026_7637_AY348400_B_NA_NA    2.84%    passed     98.93%
  10  10137_7026_7637_AY348399_B_NA_NA    1.90%    passed     89.12%
  11  10137_7026_7637_AY348398_B_NA_NA    2.84%    passed     96.26%
  12  10137_7026_7637_AY348397_B_NA_NA    2.84%    passed     97.53%
  13  10137_7026_7637_AY348396_B_NA_NA    1.90%    passed     93.29%
  14  10137_7026_7637_AY348395_B_NA_NA    3.79%    passed     99.35%
  15  10137_7026_7637_AY348394_B_NA_NA    1.90%    passed     93.13%
  16  10137_7026_7637_AY348393_B_NA_NA    2.84%    passed     94.16%
  17  10137_7026_7637_AY348392_B_NA_NA    2.84%    passed     96.99%
  18  10137_7026_7637_AY348391_B_NA_NA    3.79%    passed     99.35%
  19  10137_7026_7637_AY348390_B_NA_NA    2.84%    passed     98.52%
  20  10137_7026_7637_AY348389_B_NA_NA    3.79%    passed     99.35%
  21  10137_7026_7637_AY348388_B_NA_NA    3.79%    passed     99.35%
  22  10137_7026_7637_AY348387_B_NA_NA    3.79%    passed     99.35%
  23  10137_7026_7637_AY348386_B_NA_NA    3.79%    passed     99.31%
  24  10137_7026_7637_AY348385_B_NA_NA    3.79%    passed     99.09%
  25  10137_7026_7637_AF138003_B_NA_NA    2.84%    passed     99.61%
  26  10137_7026_7637_AF138002_B_NA_NA    2.84%    passed     98.41%
  27  10137_7026_7637_AF138001_B_NA_NA    1.90%    passed     98.62%
  28  10137_7026_7637_AF138000_B_NA_NA    1.90%    passed     98.62%
  29  10137_7026_7637_AF137999_B_NA_NA    2.84%    passed     98.41%
  30  10137_7026_7637_AF137998_B_NA_NA    2.84%    passed     98.71%
  31  10137_7026_7637_AF137997_B_NA_NA    2.84%    passed     99.61%
  32  10137_7026_7637_AF137996_B_NA_NA    2.84%    passed     99.61%
  33  10137_7026_7637_AF137995_B_NA_NA    2.84%    passed     99.45%
  34  10137_7026_7637_AF137994_B_NA_NA    1.90%    passed     98.91%
  35  10137_7026_7637_AF137993_B_NA_NA    1.90%    passed     94.20%
  36  10137_7026_7637_AF137992_B_NA_NA    2.84%    passed     99.43%
  37  10137_7026_7637_AF137991_B_NA_NA    1.90%    passed     98.06%
  38  10137_7026_7637_AF137990_B_NA_NA    2.84%    passed    100.00%
  39  10137_7026_7637_AF137989_B_NA_NA    1.90%    passed     94.20%
  40  10137_7026_7637_AF137988_B_NA_NA    3.79%    passed     98.88%
  41  10137_7026_7637_AF137987_B_NA_NA    1.90%    passed     99.89%
  42  10137_7026_7637_AF137986_B_NA_NA    1.90%    passed     90.44%
  43  10137_7026_7637_AF137985_B_NA_NA    1.90%    passed     95.17%
  44  10137_7026_7637_AF137984_B_NA_NA    2.84%    passed    100.00%
  45  10137_7026_7637_AF137983_B_NA_NA    1.90%    passed     91.16%
  46  10137_7026_7637_AF137982_B_NA_NA    1.90%    passed     94.20%
  47  10137_7026_7637_AF137981_B_NA_NA    0.95%    passed     98.53%
  48  10137_7026_7637_AF137980_B_NA_NA    0.95%    passed     91.61%
  49  10137_7026_7637_AF137979_B_NA_NA    0.95%    passed     88.35%
  50  10137_7026_7637_AF137978_B_NA_NA    1.90%    passed     97.49%
  51  10137_7026_7637_AF137977_B_NA_NA    0.95%    passed     91.61%
  52  10137_7026_7637_AF137976_B_NA_NA    0.95%    passed     98.53%
  53  10137_7026_7637_AF137975_B_NA_NA    3.79%    passed     93.39%
  54  10137_7026_7637_AF137974_B_NA_NA    0.95%    passed     91.69%
  55  10137_7026_7637_AF137973_B_NA_NA    0.95%    passed     96.22%
  56  10137_7026_7637_AF137972_B_NA_NA    1.90%    passed     98.26%
  57  10137_7026_7637_AF137971_B_NA_NA    1.90%    passed     98.41%
  58  10137_7026_7637_AF137970_B_NA_NA    4.74%    passed     98.58%
  59  10137_7026_7637_AF137969_B_NA_NA    1.90%    passed     99.55%
  60  10137_7026_7637_AF137968_B_NA_NA    3.32%    passed     83.70%
  61  10137_7026_7637_AF137967_B_NA_NA    1.90%    passed     97.43%
  62  10137_7026_7637_AF137966_B_NA_NA    0.95%    passed     92.86%
  63  10137_7026_7637_AF137965_B_NA_NA    4.74%    passed     99.10%
  64  10137_7026_7637_AF137964_B_NA_NA    1.90%    passed     99.02%
  65  10137_7026_7637_AF137963_B_NA_NA    2.84%    passed     81.38%
  66  10137_7026_7637_AF137962_B_NA_NA    4.74%    passed     98.58%
  67  10137_7026_7637_AF137961_B_NA_NA    4.74%    passed     98.58%
  68  10137_7026_7637_AF137960_B_NA_NA    0.95%    passed     98.83%
  69  10137_7026_7637_AF137959_B_NA_NA    4.74%    passed     99.10%
  70  10137_7026_7637_AF137958_B_NA_NA    0.95%    passed     98.76%
  71  10137_7026_7637_AF137957_B_NA_NA    2.37%    passed     97.48%
  72  10137_7026_7637_AF137956_B_NA_NA    2.84%    passed     98.63%
  73  10137_7026_7637_AF137955_B_NA_NA    0.95%    passed     99.41%
  74  10137_7026_7637_AF137954_B_NA_NA    0.95%    passed     98.73%
  75  10137_7026_7637_AF137953_B_NA_NA    2.37%    passed     99.89%
  76  10137_7026_7637_AF137952_B_NA_NA    0.95%    passed     99.41%
  77  10137_7026_7637_AF137951_B_NA_NA    0.95%    passed     99.04%
  78  10137_7026_7637_AF137950_B_NA_NA    3.32%    passed     99.51%
  79  10137_7026_7637_AF137949_B_NA_NA    0.95%    passed     99.26%
  80  10137_7026_7637_AF137948_B_NA_NA    4.27%    passed     95.99%
  81  10137_7026_7637_AF137947_B_NA_NA    2.84%    passed     98.74%
  82  10137_7026_7637_AF137946_B_NA_NA    3.32%    passed     99.74%
  83  10137_7026_7637_AF137945_B_NA_NA    3.32%    passed     99.05%
  84  10137_7026_7637_AF137944_B_NA_NA    3.32%    passed     99.74%
  85  10137_7026_7637_AF137943_B_NA_NA    2.84%    passed     97.45%
  86  10137_7026_7637_AF137942_B_NA_NA    2.84%    passed     98.24%
  87  10137_7026_7637_AF137941_B_NA_NA    2.84%    passed     96.47%
  88  10137_7026_7637_AF137940_B_NA_NA    2.84%    passed     98.24%
  89  10137_7026_7637_AF137939_B_NA_NA    0.95%    passed     97.55%
  90  10137_7026_7637_AF137938_B_NA_NA    2.84%    passed     92.43%
  91  10137_7026_7637_AF137937_B_NA_NA    2.84%    passed     96.84%
  92  10137_7026_7637_AF137936_B_NA_NA    2.84%    passed     93.92%
  93  10137_7026_7637_AF137935_B_NA_NA    2.84%    passed     92.43%
  94  10137_7026_7637_AF137934_B_NA_NA    2.84%    passed     93.92%
  95  10137_7026_7637_AF137933_B_NA_NA    2.84%    passed     99.10%
  96  10137_7026_7637_AF137932_B_NA_NA    2.84%    passed     92.43%
  97  10137_7026_7637_AF137931_B_NA_NA    2.84%    passed     93.92%
  98  10137_7026_7637_AF137930_B_NA_NA    2.84%    passed     92.43%
  99  10137_7026_7637_AF137929_B_NA_NA    2.84%    passed     92.43%
 100  10137_7026_7637_AF137928_B_NA_NA    0.95%    passed     98.32%
 101  10137_7026_7637_AF137927_B_NA_NA    0.95%    passed     94.54%
 102  10137_7026_7637_AF137926_B_NA_NA    0.95%    passed     97.29%
 103  10137_7026_7637_AF137925_B_NA_NA    0.95%    passed     97.30%
 104  10137_7026_7637_AF137924_B_NA_NA    2.84%    passed     99.34%
 105  10137_7026_7637_AF137923_B_NA_NA    0.95%    passed     97.11%
 106  10137_7026_7637_AF137922_B_NA_NA    0.95%    passed     96.54%
 107  10137_7026_7637_AF137921_B_NA_NA    0.95%    passed     96.02%
 108  10137_7026_7637_AF137920_B_NA_NA    0.95%    passed     97.29%
 109  10137_7026_7637_AF137919_B_NA_NA    2.84%    passed     99.34%
 110  10137_7026_7637_AF137918_B_NA_NA    0.95%    passed     98.18%
 111  10137_7026_7637_AF137917_B_NA_NA    0.95%    passed     98.53%
 112  10137_7026_7637_AF137916_B_NA_NA    0.95%    passed     98.43%
 113  10137_7026_7637_AF137915_B_NA_NA    0.95%    passed     97.41%
 114  10137_7026_7637_AF137914_B_NA_NA    0.95%    passed     97.41%
 115  10137_7026_7637_AF137913_B_NA_NA    0.95%    passed     97.42%
 116  10137_7026_7637_AF137912_B_NA_NA    0.95%    passed     98.43%
 117  10137_7026_7637_AF137911_B_NA_NA    0.95%    passed     98.53%
 118  10137_7026_7637_AF137910_B_NA_NA    0.95%    passed     98.43%
 119  10137_7026_7637_AF137909_B_NA_NA    0.95%    passed     98.08%
 120  10137_7026_7637_AF137908_B_NA_NA    0.95%    passed     96.02%
 121  10137_7026_7637_AF137907_B_NA_NA    0.95%    passed     98.53%
 122  10137_7026_7637_AF137906_B_NA_NA    0.95%    passed     98.53%
 123  10137_7026_7637_AF137905_B_NA_NA    0.95%    passed     98.53%
 124  10137_7026_7637_AF137904_B_NA_NA    0.95%    passed     98.13%
 125  10137_7026_7637_AF137903_B_NA_NA    0.95%    passed     98.43%
 126  10137_7026_7637_AF137902_B_NA_NA    0.95%    passed     98.53%
 127  10137_7026_7637_AF137901_B_NA_NA    0.95%    passed     97.80%
 128  10137_7026_7637_AF137900_B_NA_NA    0.95%    passed     98.10%
 129  10137_7026_7637_AF137899_B_NA_NA    0.95%    passed     98.08%
 130  10137_7026_7637_AF137898_B_NA_NA    0.95%    passed     98.53%
****  TOTAL                               2.20%  0 sequences failed composition chi2 test (p-value<5%; df=3)
NOTE: 10137_7026_7637_AY348389_B_NA_NA is identical to 10137_7026_7637_AY348395_B_NA_NA but kept for subsequent analysis
NOTE: 10137_7026_7637_AF138000_B_NA_NA is identical to 10137_7026_7637_AF138001_B_NA_NA but kept for subsequent analysis
NOTE: 10137_7026_7637_AF137996_B_NA_NA is identical to 10137_7026_7637_AF137997_B_NA_NA but kept for subsequent analysis
NOTE: 10137_7026_7637_AF137984_B_NA_NA is identical to 10137_7026_7637_AF137990_B_NA_NA but kept for subsequent analysis
NOTE: 10137_7026_7637_AF137977_B_NA_NA is identical to 10137_7026_7637_AF137980_B_NA_NA but kept for subsequent analysis
NOTE: 10137_7026_7637_AF137962_B_NA_NA is identical to 10137_7026_7637_AF137970_B_NA_NA but kept for subsequent analysis
NOTE: 10137_7026_7637_AF137932_B_NA_NA is identical to 10137_7026_7637_AF137935_B_NA_NA but kept for subsequent analysis
NOTE: 10137_7026_7637_AF137919_B_NA_NA is identical to 10137_7026_7637_AF137924_B_NA_NA but kept for subsequent analysis
NOTE: 10137_7026_7637_AF137907_B_NA_NA is identical to 10137_7026_7637_AF137917_B_NA_NA but kept for subsequent analysis
NOTE: 10137_7026_7637_AF137914_B_NA_NA is identical to 10137_7026_7637_AF137915_B_NA_NA but kept for subsequent analysis
NOTE: 10137_7026_7637_AF137910_B_NA_NA is identical to 10137_7026_7637_AF137912_B_NA_NA but kept for subsequent analysis
NOTE: 7 identical sequences (see below) will be ignored for subsequent analysis
NOTE: 10137_7026_7637_AY348388_B_NA_NA (identical to 10137_7026_7637_AY348395_B_NA_NA) is ignored but added at the end
NOTE: 10137_7026_7637_AF137961_B_NA_NA (identical to 10137_7026_7637_AF137970_B_NA_NA) is ignored but added at the end
NOTE: 10137_7026_7637_AF137930_B_NA_NA (identical to 10137_7026_7637_AF137935_B_NA_NA) is ignored but added at the end
NOTE: 10137_7026_7637_AF137929_B_NA_NA (identical to 10137_7026_7637_AF137935_B_NA_NA) is ignored but added at the end
NOTE: 10137_7026_7637_AF137906_B_NA_NA (identical to 10137_7026_7637_AF137917_B_NA_NA) is ignored but added at the end
NOTE: 10137_7026_7637_AF137902_B_NA_NA (identical to 10137_7026_7637_AF137917_B_NA_NA) is ignored but added at the end
NOTE: 10137_7026_7637_AF137898_B_NA_NA (identical to 10137_7026_7637_AF137917_B_NA_NA) is ignored but added at the end
Alignment was printed to iqtree_subset/10137+1+B.uniqueseq.phy

For your convenience alignment with unique sequences printed to iqtree_subset/10137+1+B.uniqueseq.phy

Create initial parsimony tree by phylogenetic likelihood library (PLL)... 0.020 seconds

NOTE: 4 MB RAM (0 GB) is required!
Measuring multi-threading efficiency up to 1 CPU cores
Increase to 10 rounds for branch lengths
10 trees examined
Threads: 1 / Time: 1.053 sec / Speedup: 1.000 / Efficiency: 100% / LogL: -10082
BEST NUMBER OF THREADS: 1

Estimate model parameters (epsilon = 0.100)
1. Initial log-likelihood: -5140.709
2. Current log-likelihood: -4827.153
3. Current log-likelihood: -4825.097
4. Current log-likelihood: -4824.974
Optimal log-likelihood: -4824.904
Rate parameters:  A-C: 3.52009  A-G: 12.66847  A-T: 0.97275  C-G: 1.91661  C-T: 8.66535  G-T: 1.00000
Base frequencies:  A: 0.417  C: 0.155  G: 0.198  T: 0.230
Proportion of invariable sites: 0.334
Site proportion and rates:  (0.212,0.262) (0.188,0.653) (0.164,1.516) (0.101,5.665)
Parameters optimization took 4 rounds (0.996 sec)
Wrote distance file to... 
Computing ML distances based on estimated model parameters...
Calculating distance matrix: done in 0.113791 secs using 99.74% CPU
Computing ML distances took 0.114043 sec (of wall-clock time) 0.113749 sec (of CPU time)
Setting up auxiliary I and S matrices: done in 0.000523029 secs using 99.23% CPU
Computing RapidNJ tree took 0.002108 sec (of wall-clock time) 0.002101 sec (of CPU time)
Log-likelihood of RapidNJ tree: -4852.343
--------------------------------------------------------------------
|             INITIALIZING CANDIDATE TREE SET                      |
--------------------------------------------------------------------
Generating 98 parsimony trees... 1.670 second
Computing log-likelihood of 98 initial trees ... 1.392 seconds
Current best score: -4774.721

Do NNI search on 20 best initial trees
Estimate model parameters (epsilon = 0.100)
BETTER TREE FOUND at iteration 1: -4767.501
Estimate model parameters (epsilon = 0.100)
BETTER TREE FOUND at iteration 3: -4758.798
Estimate model parameters (epsilon = 0.100)
BETTER TREE FOUND at iteration 4: -4758.051
Iteration 10 / LogL: -4763.974 / Time: 0h:0m:9s
Estimate model parameters (epsilon = 0.100)
BETTER TREE FOUND at iteration 11: -4756.942
Iteration 20 / LogL: -4779.345 / Time: 0h:0m:12s
Finish initializing candidate tree set (20)
Current best tree score: -4756.942 / CPU time: 9.739
Number of iterations: 20
--------------------------------------------------------------------
|               OPTIMIZING CANDIDATE TREE SET                      |
--------------------------------------------------------------------
Estimate model parameters (epsilon = 0.100)
BETTER TREE FOUND at iteration 23: -4751.733
Iteration 30 / LogL: -4757.499 / Time: 0h:0m:16s (0h:0m:52s left)
Iteration 40 / LogL: -4757.243 / Time: 0h:0m:19s (0h:0m:42s left)
Estimate model parameters (epsilon = 0.100)
BETTER TREE FOUND at iteration 42: -4751.489
Estimate model parameters (epsilon = 0.100)
BETTER TREE FOUND at iteration 43: -4745.958
Estimate model parameters (epsilon = 0.100)
BETTER TREE FOUND at iteration 50: -4745.243
Iteration 50 / LogL: -4745.243 / Time: 0h:0m:24s (0h:0m:49s left)
Iteration 60 / LogL: -4754.466 / Time: 0h:0m:27s (0h:0m:42s left)
Iteration 70 / LogL: -4745.250 / Time: 0h:0m:31s (0h:0m:36s left)
Iteration 80 / LogL: -4745.247 / Time: 0h:0m:34s (0h:0m:30s left)
Iteration 90 / LogL: -4745.251 / Time: 0h:0m:38s (0h:0m:26s left)
Iteration 100 / LogL: -4756.315 / Time: 0h:0m:42s (0h:0m:21s left)
Iteration 110 / LogL: -4745.251 / Time: 0h:0m:46s (0h:0m:17s left)
Iteration 120 / LogL: -4745.246 / Time: 0h:0m:50s (0h:0m:12s left)
Iteration 130 / LogL: -4753.604 / Time: 0h:0m:53s (0h:0m:8s left)
Iteration 140 / LogL: -4746.393 / Time: 0h:0m:57s (0h:0m:4s left)
Iteration 150 / LogL: -4753.357 / Time: 0h:1m:1s (0h:0m:0s left)
TREE SEARCH COMPLETED AFTER 151 ITERATIONS / Time: 0h:1m:1s

--------------------------------------------------------------------
|                    FINALIZING TREE SEARCH                        |
--------------------------------------------------------------------
Performs final model parameters optimization
Estimate model parameters (epsilon = 0.010)
1. Initial log-likelihood: -4745.243
2. Current log-likelihood: -4745.229
3. Current log-likelihood: -4745.216
4. Current log-likelihood: -4745.206
Optimal log-likelihood: -4745.196
Rate parameters:  A-C: 3.24042  A-G: 12.58109  A-T: 0.80973  C-G: 1.71467  C-T: 8.21087  G-T: 1.00000
Base frequencies:  A: 0.417  C: 0.155  G: 0.198  T: 0.230
Proportion of invariable sites: 0.308
Site proportion and rates:  (0.226,0.278) (0.187,0.622) (0.168,1.179) (0.111,5.613)
Parameters optimization took 4 rounds (0.551 sec)
BEST SCORE FOUND : -4745.196
Empirical proportions for each category: 0.635 0.112 0.153 0.100
Site rates printed to iqtree_subset/10137+1+B.rate

Testing tree branches by SH-like aLRT with 1000 replicates...
2.155 sec.
Total tree length: 1.204

Total number of iterations: 151
CPU time used for tree search: 57.930 sec (0h:0m:57s)
Wall-clock time used for tree search: 59.557 sec (0h:0m:59s)
Total CPU time used: 62.893 sec (0h:1m:2s)
Total wall-clock time used: 64.578 sec (0h:1m:4s)

Analysis results written to: 
  IQ-TREE report:                iqtree_subset/10137+1+B.iqtree
  Maximum-likelihood tree:       iqtree_subset/10137+1+B.treefile
  Likelihood distances:          iqtree_subset/10137+1+B.mldist
  Site-specific rates:           iqtree_subset/10137+1+B.rate
  Screen log file:               iqtree_subset/10137+1+B.log

Date and Time: Tue Feb 11 18:01:46 2025
