IQ-TREE multicore version 2.3.3 COVID-edition for Linux x86 64-bit built Apr 25 2024
Developed by Bui Quang Minh, James Barbetti, Nguyen Lam Tung, Olga Chernomor,
Heiko Schmidt, Dominik Schrempf, Michael Woodhams, Ly Trong Nhan, Thomas Wong

Host:    linusblack.lanl.gov (AVX512, FMA3, 754 GB RAM)
Command: iqtree -s mafft_subset/105695+1+B.fasta -m GTR+I+R -alrt 1000 -T AUTO --prefix iqtree_subset/105695+1+B --rate -redo
Seed:    363912 (Using SPRNG - Scalable Parallel Random Number Generator)
Time:    Tue Feb 11 18:11:08 2025
Kernel:  AVX+FMA - auto-detect threads (1 CPU cores detected)

Reading alignment file mafft_subset/105695+1+B.fasta ... Fasta format detected
Reading fasta file: done in 0.0051878 secs using 96.71% CPU
Alignment most likely contains DNA/RNA sequences
Alignment has 180 sequences with 1598 columns, 368 distinct patterns
184 parsimony-informative, 145 singleton sites, 1269 constant sites
WARNING: Some sequence names are changed as follows:
105695+787+2376+MF779827+B+NA+NA -> 105695_787_2376_MF779827_B_NA_NA
105695+787+2376+MF779826+B+NA+NA -> 105695_787_2376_MF779826_B_NA_NA
105695+787+2376+MF779825+B+NA+NA -> 105695_787_2376_MF779825_B_NA_NA
105695+787+2376+MF779824+B+NA+NA -> 105695_787_2376_MF779824_B_NA_NA
105695+787+2376+MF779823+B+NA+NA -> 105695_787_2376_MF779823_B_NA_NA
105695+787+2376+MF779822+B+NA+NA -> 105695_787_2376_MF779822_B_NA_NA
105695+787+2376+MF779821+B+NA+NA -> 105695_787_2376_MF779821_B_NA_NA
105695+787+2376+MF779820+B+NA+NA -> 105695_787_2376_MF779820_B_NA_NA
105695+787+2376+MF779819+B+NA+NA -> 105695_787_2376_MF779819_B_NA_NA
105695+787+2376+MF779818+B+NA+NA -> 105695_787_2376_MF779818_B_NA_NA
105695+787+2376+MF779817+B+NA+NA -> 105695_787_2376_MF779817_B_NA_NA
105695+787+2376+MF779816+B+NA+NA -> 105695_787_2376_MF779816_B_NA_NA
105695+787+2376+MF779815+B+NA+NA -> 105695_787_2376_MF779815_B_NA_NA
105695+787+2376+MF779814+B+NA+NA -> 105695_787_2376_MF779814_B_NA_NA
105695+787+2376+MF779813+B+NA+NA -> 105695_787_2376_MF779813_B_NA_NA
105695+787+2376+MF779812+B+NA+NA -> 105695_787_2376_MF779812_B_NA_NA
105695+787+2376+MF779811+B+NA+NA -> 105695_787_2376_MF779811_B_NA_NA
105695+787+2376+MF779810+B+NA+NA -> 105695_787_2376_MF779810_B_NA_NA
105695+787+2376+MF779809+B+NA+NA -> 105695_787_2376_MF779809_B_NA_NA
105695+787+2376+MF779808+B+NA+NA -> 105695_787_2376_MF779808_B_NA_NA
105695+787+2376+MF779807+B+NA+NA -> 105695_787_2376_MF779807_B_NA_NA
105695+787+2375+MF779806+B+NA+NA -> 105695_787_2375_MF779806_B_NA_NA
105695+787+2375+MF779805+B+NA+NA -> 105695_787_2375_MF779805_B_NA_NA
105695+787+2375+MF779804+B+NA+NA -> 105695_787_2375_MF779804_B_NA_NA
105695+787+2375+MF779803+B+NA+NA -> 105695_787_2375_MF779803_B_NA_NA
105695+787+2375+MF779802+B+NA+NA -> 105695_787_2375_MF779802_B_NA_NA
105695+787+2375+MF779801+B+NA+NA -> 105695_787_2375_MF779801_B_NA_NA
105695+787+2375+MF779800+B+NA+NA -> 105695_787_2375_MF779800_B_NA_NA
105695+787+2375+MF779799+B+NA+NA -> 105695_787_2375_MF779799_B_NA_NA
105695+787+2375+MF779798+B+NA+NA -> 105695_787_2375_MF779798_B_NA_NA
105695+787+2375+MF779797+B+NA+NA -> 105695_787_2375_MF779797_B_NA_NA
105695+787+2375+MF779796+B+NA+NA -> 105695_787_2375_MF779796_B_NA_NA
105695+787+2375+MF779795+B+NA+NA -> 105695_787_2375_MF779795_B_NA_NA
105695+787+2375+MF779794+B+NA+NA -> 105695_787_2375_MF779794_B_NA_NA
105695+787+2375+MF779793+B+NA+NA -> 105695_787_2375_MF779793_B_NA_NA
105695+787+2375+MF779792+B+NA+NA -> 105695_787_2375_MF779792_B_NA_NA
105695+787+2375+MF779791+B+NA+NA -> 105695_787_2375_MF779791_B_NA_NA
105695+787+2375+MF779790+B+NA+NA -> 105695_787_2375_MF779790_B_NA_NA
105695+787+2375+MF779789+B+NA+NA -> 105695_787_2375_MF779789_B_NA_NA
105695+787+2375+MF779788+B+NA+NA -> 105695_787_2375_MF779788_B_NA_NA
105695+787+2375+MF779787+B+NA+NA -> 105695_787_2375_MF779787_B_NA_NA
105695+787+2375+MF779786+B+NA+NA -> 105695_787_2375_MF779786_B_NA_NA
105695+787+2375+MF779785+B+NA+NA -> 105695_787_2375_MF779785_B_NA_NA
105695+787+2375+MF779784+B+NA+NA -> 105695_787_2375_MF779784_B_NA_NA
105695+787+2375+MF779783+B+NA+NA -> 105695_787_2375_MF779783_B_NA_NA
105695+787+2376+MF779782+B+NA+NA -> 105695_787_2376_MF779782_B_NA_NA
105695+787+2376+MF779781+B+NA+NA -> 105695_787_2376_MF779781_B_NA_NA
105695+787+2376+MF779780+B+NA+NA -> 105695_787_2376_MF779780_B_NA_NA
105695+787+2376+MF779779+B+NA+NA -> 105695_787_2376_MF779779_B_NA_NA
105695+787+2376+MF779778+B+NA+NA -> 105695_787_2376_MF779778_B_NA_NA
105695+787+2376+MF779777+B+NA+NA -> 105695_787_2376_MF779777_B_NA_NA
105695+787+2376+MF779776+B+NA+NA -> 105695_787_2376_MF779776_B_NA_NA
105695+787+2376+MF779775+B+NA+NA -> 105695_787_2376_MF779775_B_NA_NA
105695+787+2376+MF779774+B+NA+NA -> 105695_787_2376_MF779774_B_NA_NA
105695+787+2376+MF779773+B+NA+NA -> 105695_787_2376_MF779773_B_NA_NA
105695+787+2376+MF779772+B+NA+NA -> 105695_787_2376_MF779772_B_NA_NA
105695+787+2376+MF779771+B+NA+NA -> 105695_787_2376_MF779771_B_NA_NA
105695+787+2376+MF779770+B+NA+NA -> 105695_787_2376_MF779770_B_NA_NA
105695+787+2376+MF779769+B+NA+NA -> 105695_787_2376_MF779769_B_NA_NA
105695+787+2376+MF779768+B+NA+NA -> 105695_787_2376_MF779768_B_NA_NA
105695+787+2376+MF779767+B+NA+NA -> 105695_787_2376_MF779767_B_NA_NA
105695+787+2376+MF779766+B+NA+NA -> 105695_787_2376_MF779766_B_NA_NA
105695+787+2376+MF779765+B+NA+NA -> 105695_787_2376_MF779765_B_NA_NA
105695+787+2376+MF779764+B+NA+NA -> 105695_787_2376_MF779764_B_NA_NA
105695+787+2376+MF779763+B+NA+NA -> 105695_787_2376_MF779763_B_NA_NA
105695+787+2376+MF779762+B+NA+NA -> 105695_787_2376_MF779762_B_NA_NA
105695+787+2376+MF779761+B+NA+NA -> 105695_787_2376_MF779761_B_NA_NA
105695+787+2376+MF779760+B+NA+NA -> 105695_787_2376_MF779760_B_NA_NA
105695+787+2376+MF779759+B+NA+NA -> 105695_787_2376_MF779759_B_NA_NA
105695+787+2376+MF779758+B+NA+NA -> 105695_787_2376_MF779758_B_NA_NA
105695+787+2376+MF779757+B+NA+NA -> 105695_787_2376_MF779757_B_NA_NA
105695+787+2376+MF779756+B+NA+NA -> 105695_787_2376_MF779756_B_NA_NA
105695+787+2376+MF779755+B+NA+NA -> 105695_787_2376_MF779755_B_NA_NA
105695+787+2376+MF779754+B+NA+NA -> 105695_787_2376_MF779754_B_NA_NA
105695+787+2376+MF779753+B+NA+NA -> 105695_787_2376_MF779753_B_NA_NA
105695+787+2376+MF779752+B+NA+NA -> 105695_787_2376_MF779752_B_NA_NA
105695+787+2376+MF779751+B+NA+NA -> 105695_787_2376_MF779751_B_NA_NA
105695+787+2376+MF779750+B+NA+NA -> 105695_787_2376_MF779750_B_NA_NA
105695+787+2376+MF779749+B+NA+NA -> 105695_787_2376_MF779749_B_NA_NA
105695+787+2376+MF779748+B+NA+NA -> 105695_787_2376_MF779748_B_NA_NA
105695+787+2376+MF779747+B+NA+NA -> 105695_787_2376_MF779747_B_NA_NA
105695+787+2376+MF779746+B+NA+NA -> 105695_787_2376_MF779746_B_NA_NA
105695+787+2376+MF779745+B+NA+NA -> 105695_787_2376_MF779745_B_NA_NA
105695+787+2376+MF779744+B+NA+NA -> 105695_787_2376_MF779744_B_NA_NA
105695+787+2376+MF779743+B+NA+NA -> 105695_787_2376_MF779743_B_NA_NA
105695+787+2376+MF779742+B+NA+NA -> 105695_787_2376_MF779742_B_NA_NA
105695+787+2376+MF779741+B+NA+NA -> 105695_787_2376_MF779741_B_NA_NA
105695+787+2376+MF779740+B+NA+NA -> 105695_787_2376_MF779740_B_NA_NA
105695+787+2376+MF779739+B+NA+NA -> 105695_787_2376_MF779739_B_NA_NA
105695+787+2376+MF779738+B+NA+NA -> 105695_787_2376_MF779738_B_NA_NA
105695+787+2376+MF779737+B+NA+NA -> 105695_787_2376_MF779737_B_NA_NA
105695+787+2376+MF779736+B+NA+NA -> 105695_787_2376_MF779736_B_NA_NA
105695+787+2376+MF779735+B+NA+NA -> 105695_787_2376_MF779735_B_NA_NA
105695+787+2376+MF779734+B+NA+NA -> 105695_787_2376_MF779734_B_NA_NA
105695+787+2376+MF779733+B+NA+NA -> 105695_787_2376_MF779733_B_NA_NA
105695+787+2376+MF779732+B+NA+NA -> 105695_787_2376_MF779732_B_NA_NA
105695+787+2376+MF779731+B+NA+NA -> 105695_787_2376_MF779731_B_NA_NA
105695+787+2376+MF779730+B+NA+NA -> 105695_787_2376_MF779730_B_NA_NA
105695+787+2376+MF779729+B+NA+NA -> 105695_787_2376_MF779729_B_NA_NA
105695+787+2376+MF779728+B+NA+NA -> 105695_787_2376_MF779728_B_NA_NA
105695+787+2376+MF779727+B+NA+NA -> 105695_787_2376_MF779727_B_NA_NA
105695+787+2376+MF779726+B+NA+NA -> 105695_787_2376_MF779726_B_NA_NA
105695+787+2376+MF779725+B+NA+NA -> 105695_787_2376_MF779725_B_NA_NA
105695+787+2376+MF779724+B+NA+NA -> 105695_787_2376_MF779724_B_NA_NA
105695+787+2376+MF779723+B+NA+NA -> 105695_787_2376_MF779723_B_NA_NA
105695+787+2376+MF779722+B+NA+NA -> 105695_787_2376_MF779722_B_NA_NA
105695+787+2376+MF779721+B+NA+NA -> 105695_787_2376_MF779721_B_NA_NA
105695+787+2376+MF779720+B+NA+NA -> 105695_787_2376_MF779720_B_NA_NA
105695+787+2376+MF779719+B+NA+NA -> 105695_787_2376_MF779719_B_NA_NA
105695+787+2376+MF779718+B+NA+NA -> 105695_787_2376_MF779718_B_NA_NA
105695+787+2376+MF779717+B+NA+NA -> 105695_787_2376_MF779717_B_NA_NA
105695+787+2376+MF779716+B+NA+NA -> 105695_787_2376_MF779716_B_NA_NA
105695+787+2376+MF779715+B+NA+NA -> 105695_787_2376_MF779715_B_NA_NA
105695+787+2376+MF779714+B+NA+NA -> 105695_787_2376_MF779714_B_NA_NA
105695+787+2376+MF779713+B+NA+NA -> 105695_787_2376_MF779713_B_NA_NA
105695+787+2376+MF779712+B+NA+NA -> 105695_787_2376_MF779712_B_NA_NA
105695+787+2376+MF779711+B+NA+NA -> 105695_787_2376_MF779711_B_NA_NA
105695+787+2376+MF779710+B+NA+NA -> 105695_787_2376_MF779710_B_NA_NA
105695+787+2376+MF779709+B+NA+NA -> 105695_787_2376_MF779709_B_NA_NA
105695+787+2376+MF779708+B+NA+NA -> 105695_787_2376_MF779708_B_NA_NA
105695+787+2376+MF779707+B+NA+NA -> 105695_787_2376_MF779707_B_NA_NA
105695+787+2376+MF779706+B+NA+NA -> 105695_787_2376_MF779706_B_NA_NA
105695+787+2376+MF779705+B+NA+NA -> 105695_787_2376_MF779705_B_NA_NA
105695+787+2376+MF779704+B+NA+NA -> 105695_787_2376_MF779704_B_NA_NA
105695+787+2376+MF779703+B+NA+NA -> 105695_787_2376_MF779703_B_NA_NA
105695+787+2376+MF779702+B+NA+NA -> 105695_787_2376_MF779702_B_NA_NA
105695+787+2376+MF779701+B+NA+NA -> 105695_787_2376_MF779701_B_NA_NA
105695+787+2376+MF779700+B+NA+NA -> 105695_787_2376_MF779700_B_NA_NA
105695+787+2376+MF779699+B+NA+NA -> 105695_787_2376_MF779699_B_NA_NA
105695+787+2376+MF779698+B+NA+NA -> 105695_787_2376_MF779698_B_NA_NA
105695+787+2376+MF779697+B+NA+NA -> 105695_787_2376_MF779697_B_NA_NA
105695+787+2376+MF779696+B+NA+NA -> 105695_787_2376_MF779696_B_NA_NA
105695+787+2376+MF779695+B+NA+NA -> 105695_787_2376_MF779695_B_NA_NA
105695+787+2376+MF779694+B+NA+NA -> 105695_787_2376_MF779694_B_NA_NA
105695+787+2376+MF779693+B+NA+NA -> 105695_787_2376_MF779693_B_NA_NA
105695+787+2376+MF779692+B+NA+NA -> 105695_787_2376_MF779692_B_NA_NA
105695+787+2376+MF779691+B+NA+NA -> 105695_787_2376_MF779691_B_NA_NA
105695+787+2376+MF779690+B+NA+NA -> 105695_787_2376_MF779690_B_NA_NA
105695+787+2376+MF779689+B+NA+NA -> 105695_787_2376_MF779689_B_NA_NA
105695+787+2376+MF779688+B+NA+NA -> 105695_787_2376_MF779688_B_NA_NA
105695+787+2376+MF779687+B+NA+NA -> 105695_787_2376_MF779687_B_NA_NA
105695+787+2376+MF779686+B+NA+NA -> 105695_787_2376_MF779686_B_NA_NA
105695+787+2376+MF779685+B+NA+NA -> 105695_787_2376_MF779685_B_NA_NA
105695+787+2376+MF779684+B+NA+NA -> 105695_787_2376_MF779684_B_NA_NA
105695+787+2376+MF779683+B+NA+NA -> 105695_787_2376_MF779683_B_NA_NA
105695+787+2376+MF779682+B+NA+NA -> 105695_787_2376_MF779682_B_NA_NA
105695+787+2376+MF779681+B+NA+NA -> 105695_787_2376_MF779681_B_NA_NA
105695+787+2376+MF779680+B+NA+NA -> 105695_787_2376_MF779680_B_NA_NA
105695+787+2376+MF779679+B+NA+NA -> 105695_787_2376_MF779679_B_NA_NA
105695+787+2376+MF779678+B+NA+NA -> 105695_787_2376_MF779678_B_NA_NA
105695+787+2376+MF779677+B+NA+NA -> 105695_787_2376_MF779677_B_NA_NA
105695+787+2376+MF779676+B+NA+NA -> 105695_787_2376_MF779676_B_NA_NA
105695+787+2376+MF779675+B+NA+NA -> 105695_787_2376_MF779675_B_NA_NA
105695+787+2376+MF779674+B+NA+NA -> 105695_787_2376_MF779674_B_NA_NA
105695+787+2376+MF779673+B+NA+NA -> 105695_787_2376_MF779673_B_NA_NA
105695+787+2376+MF779672+B+NA+NA -> 105695_787_2376_MF779672_B_NA_NA
105695+787+2376+MF779671+B+NA+NA -> 105695_787_2376_MF779671_B_NA_NA
105695+787+2376+MF779670+B+NA+NA -> 105695_787_2376_MF779670_B_NA_NA
105695+787+2376+MF779669+B+NA+NA -> 105695_787_2376_MF779669_B_NA_NA
105695+787+2376+MF779668+B+NA+NA -> 105695_787_2376_MF779668_B_NA_NA
105695+787+2376+MF779667+B+NA+NA -> 105695_787_2376_MF779667_B_NA_NA
105695+787+2376+MF779666+B+NA+NA -> 105695_787_2376_MF779666_B_NA_NA
105695+787+2376+MF779665+B+NA+NA -> 105695_787_2376_MF779665_B_NA_NA
105695+787+2376+MF779664+B+NA+NA -> 105695_787_2376_MF779664_B_NA_NA
105695+787+2376+MF779663+B+NA+NA -> 105695_787_2376_MF779663_B_NA_NA
105695+787+2376+MF779662+B+NA+NA -> 105695_787_2376_MF779662_B_NA_NA
105695+787+2376+MF779661+B+NA+NA -> 105695_787_2376_MF779661_B_NA_NA
105695+787+2376+MF779660+B+NA+NA -> 105695_787_2376_MF779660_B_NA_NA
105695+787+2376+MF779659+B+NA+NA -> 105695_787_2376_MF779659_B_NA_NA
105695+787+2376+MF779658+B+NA+NA -> 105695_787_2376_MF779658_B_NA_NA
105695+787+2376+MF779657+B+NA+NA -> 105695_787_2376_MF779657_B_NA_NA
105695+787+2376+MF779656+B+NA+NA -> 105695_787_2376_MF779656_B_NA_NA
105695+787+2376+MF779655+B+NA+NA -> 105695_787_2376_MF779655_B_NA_NA
105695+787+2376+MF779654+B+NA+NA -> 105695_787_2376_MF779654_B_NA_NA
105695+787+2376+MF779653+B+NA+NA -> 105695_787_2376_MF779653_B_NA_NA
105695+787+2376+MF779652+B+NA+NA -> 105695_787_2376_MF779652_B_NA_NA
105695+787+2376+MF779651+B+NA+NA -> 105695_787_2376_MF779651_B_NA_NA
105695+787+2376+MF779650+B+NA+NA -> 105695_787_2376_MF779650_B_NA_NA
105695+787+2376+MF779649+B+NA+NA -> 105695_787_2376_MF779649_B_NA_NA
105695+787+2376+MF779648+B+NA+NA -> 105695_787_2376_MF779648_B_NA_NA

                                  Gap/Ambiguity  Composition  p-value
Analyzing sequences: done in 0.000166816 secs using 99.51% CPU
   1  105695_787_2376_MF779827_B_NA_NA    0.31%    passed     98.13%
   2  105695_787_2376_MF779826_B_NA_NA    0.31%    passed     99.13%
   3  105695_787_2376_MF779825_B_NA_NA    0.31%    passed     97.96%
   4  105695_787_2376_MF779824_B_NA_NA    0.13%    passed     98.12%
   5  105695_787_2376_MF779823_B_NA_NA    0.50%    passed     99.54%
   6  105695_787_2376_MF779822_B_NA_NA    0.31%    passed     99.55%
   7  105695_787_2376_MF779821_B_NA_NA    0.50%    passed     98.19%
   8  105695_787_2376_MF779820_B_NA_NA    0.13%    passed     98.88%
   9  105695_787_2376_MF779819_B_NA_NA    0.31%    passed     99.49%
  10  105695_787_2376_MF779818_B_NA_NA    0.31%    passed     98.37%
  11  105695_787_2376_MF779817_B_NA_NA    0.13%    passed     99.51%
  12  105695_787_2376_MF779816_B_NA_NA    0.69%    passed     99.84%
  13  105695_787_2376_MF779815_B_NA_NA    0.69%    passed     98.80%
  14  105695_787_2376_MF779814_B_NA_NA    0.31%    passed     97.33%
  15  105695_787_2376_MF779813_B_NA_NA    0.31%    passed     99.24%
  16  105695_787_2376_MF779812_B_NA_NA    0.31%    passed     99.92%
  17  105695_787_2376_MF779811_B_NA_NA    0.31%    passed     96.69%
  18  105695_787_2376_MF779810_B_NA_NA    0.31%    passed     98.78%
  19  105695_787_2376_MF779809_B_NA_NA    0.13%    passed     96.65%
  20  105695_787_2376_MF779808_B_NA_NA    0.13%    passed     99.48%
  21  105695_787_2376_MF779807_B_NA_NA    0.38%    passed     96.04%
  22  105695_787_2375_MF779806_B_NA_NA    0.81%    passed     99.70%
  23  105695_787_2375_MF779805_B_NA_NA    0.56%    passed     99.92%
  24  105695_787_2375_MF779804_B_NA_NA    0.75%    passed     99.86%
  25  105695_787_2375_MF779803_B_NA_NA    0.75%    passed     99.60%
  26  105695_787_2375_MF779802_B_NA_NA    0.38%    passed     98.65%
  27  105695_787_2375_MF779801_B_NA_NA    0.38%    passed     98.21%
  28  105695_787_2375_MF779800_B_NA_NA    0.38%    passed     98.74%
  29  105695_787_2375_MF779799_B_NA_NA    1.13%    passed     99.90%
  30  105695_787_2375_MF779798_B_NA_NA    0.38%    passed     99.88%
  31  105695_787_2375_MF779797_B_NA_NA    0.25%    passed     99.63%
  32  105695_787_2375_MF779796_B_NA_NA    0.69%    passed     99.93%
  33  105695_787_2375_MF779795_B_NA_NA    0.38%    passed     99.60%
  34  105695_787_2375_MF779794_B_NA_NA    0.63%    passed     98.91%
  35  105695_787_2375_MF779793_B_NA_NA    0.19%    passed     98.16%
  36  105695_787_2375_MF779792_B_NA_NA    0.63%    passed     99.77%
  37  105695_787_2375_MF779791_B_NA_NA    0.38%    passed     99.95%
  38  105695_787_2375_MF779790_B_NA_NA    0.81%    passed     99.98%
  39  105695_787_2375_MF779789_B_NA_NA    0.75%    passed     99.94%
  40  105695_787_2375_MF779788_B_NA_NA    0.38%    passed     97.26%
  41  105695_787_2375_MF779787_B_NA_NA    0.25%    passed     99.40%
  42  105695_787_2375_MF779786_B_NA_NA    0.75%    passed    100.00%
  43  105695_787_2375_MF779785_B_NA_NA    0.63%    passed     99.57%
  44  105695_787_2375_MF779784_B_NA_NA    0.63%    passed     99.64%
  45  105695_787_2375_MF779783_B_NA_NA    0.56%    passed     98.32%
  46  105695_787_2376_MF779782_B_NA_NA    0.50%    passed     99.90%
  47  105695_787_2376_MF779781_B_NA_NA    0.56%    passed     99.92%
  48  105695_787_2376_MF779780_B_NA_NA    0.50%    passed     99.77%
  49  105695_787_2376_MF779779_B_NA_NA    0.31%    passed     99.81%
  50  105695_787_2376_MF779778_B_NA_NA    0.50%    passed     99.83%
  51  105695_787_2376_MF779777_B_NA_NA    0.50%    passed     99.94%
  52  105695_787_2376_MF779776_B_NA_NA    0.50%    passed     99.80%
  53  105695_787_2376_MF779775_B_NA_NA    0.50%    passed     99.52%
  54  105695_787_2376_MF779774_B_NA_NA    0.56%    passed     98.07%
  55  105695_787_2376_MF779773_B_NA_NA    0.50%    passed     99.78%
  56  105695_787_2376_MF779772_B_NA_NA    0.31%    passed     99.95%
  57  105695_787_2376_MF779771_B_NA_NA    0.50%    passed     99.86%
  58  105695_787_2376_MF779770_B_NA_NA    0.56%    passed     99.94%
  59  105695_787_2376_MF779769_B_NA_NA    0.50%    passed     99.89%
  60  105695_787_2376_MF779768_B_NA_NA    0.56%    passed     99.77%
  61  105695_787_2376_MF779767_B_NA_NA    0.56%    passed     99.69%
  62  105695_787_2376_MF779766_B_NA_NA    0.56%    passed     99.68%
  63  105695_787_2376_MF779765_B_NA_NA    0.56%    passed     99.88%
  64  105695_787_2376_MF779764_B_NA_NA    0.31%    passed     98.41%
  65  105695_787_2376_MF779763_B_NA_NA    0.56%    passed     99.92%
  66  105695_787_2376_MF779762_B_NA_NA    0.50%    passed     99.63%
  67  105695_787_2376_MF779761_B_NA_NA    0.31%    passed     99.30%
  68  105695_787_2376_MF779760_B_NA_NA    0.94%    passed     97.42%
  69  105695_787_2376_MF779759_B_NA_NA    0.50%    passed     99.35%
  70  105695_787_2376_MF779758_B_NA_NA    0.50%    passed     99.53%
  71  105695_787_2376_MF779757_B_NA_NA    0.50%    passed     99.53%
  72  105695_787_2376_MF779756_B_NA_NA    0.50%    passed     99.89%
  73  105695_787_2376_MF779755_B_NA_NA    0.50%    passed     99.52%
  74  105695_787_2376_MF779754_B_NA_NA    0.50%    passed     99.53%
  75  105695_787_2376_MF779753_B_NA_NA    0.50%    passed     99.19%
  76  105695_787_2376_MF779752_B_NA_NA    0.50%    passed     99.56%
  77  105695_787_2376_MF779751_B_NA_NA    0.50%    passed     99.30%
  78  105695_787_2376_MF779750_B_NA_NA    0.50%    passed     99.53%
  79  105695_787_2376_MF779749_B_NA_NA    0.50%    passed     99.77%
  80  105695_787_2376_MF779748_B_NA_NA    0.50%    passed     99.43%
  81  105695_787_2376_MF779747_B_NA_NA    0.50%    passed     99.58%
  82  105695_787_2376_MF779746_B_NA_NA    0.50%    passed     99.53%
  83  105695_787_2376_MF779745_B_NA_NA    0.50%    passed     99.65%
  84  105695_787_2376_MF779744_B_NA_NA    0.50%    passed     99.53%
  85  105695_787_2376_MF779743_B_NA_NA    0.50%    passed     99.53%
  86  105695_787_2376_MF779742_B_NA_NA    0.50%    passed     99.58%
  87  105695_787_2376_MF779741_B_NA_NA    0.50%    passed     99.71%
  88  105695_787_2376_MF779740_B_NA_NA    0.50%    passed     99.78%
  89  105695_787_2376_MF779739_B_NA_NA    0.56%    passed     99.91%
  90  105695_787_2376_MF779738_B_NA_NA    0.50%    passed     99.14%
  91  105695_787_2376_MF779737_B_NA_NA    0.50%    passed     99.94%
  92  105695_787_2376_MF779736_B_NA_NA    0.50%    passed     99.85%
  93  105695_787_2376_MF779735_B_NA_NA    0.44%    passed     99.92%
  94  105695_787_2376_MF779734_B_NA_NA    0.50%    passed     99.23%
  95  105695_787_2376_MF779733_B_NA_NA    0.50%    passed     99.89%
  96  105695_787_2376_MF779732_B_NA_NA    0.50%    passed     99.99%
  97  105695_787_2376_MF779731_B_NA_NA    0.50%    passed     99.45%
  98  105695_787_2376_MF779730_B_NA_NA    0.50%    passed     99.56%
  99  105695_787_2376_MF779729_B_NA_NA    0.50%    passed     99.74%
 100  105695_787_2376_MF779728_B_NA_NA    0.50%    passed     99.57%
 101  105695_787_2376_MF779727_B_NA_NA    0.50%    passed     99.11%
 102  105695_787_2376_MF779726_B_NA_NA    0.50%    passed     99.94%
 103  105695_787_2376_MF779725_B_NA_NA    0.56%    passed     99.81%
 104  105695_787_2376_MF779724_B_NA_NA    0.50%    passed     99.86%
 105  105695_787_2376_MF779723_B_NA_NA    0.50%    passed     99.95%
 106  105695_787_2376_MF779722_B_NA_NA    0.56%    passed     99.95%
 107  105695_787_2376_MF779721_B_NA_NA    0.50%    passed     99.99%
 108  105695_787_2376_MF779720_B_NA_NA    0.50%    passed     99.99%
 109  105695_787_2376_MF779719_B_NA_NA    0.50%    passed     99.74%
 110  105695_787_2376_MF779718_B_NA_NA    0.50%    passed     99.45%
 111  105695_787_2376_MF779717_B_NA_NA    0.50%    passed     99.60%
 112  105695_787_2376_MF779716_B_NA_NA    0.50%    passed     99.55%
 113  105695_787_2376_MF779715_B_NA_NA    0.56%    passed     99.01%
 114  105695_787_2376_MF779714_B_NA_NA    0.50%    passed     99.43%
 115  105695_787_2376_MF779713_B_NA_NA    0.50%    passed     99.97%
 116  105695_787_2376_MF779712_B_NA_NA    0.50%    passed     99.86%
 117  105695_787_2376_MF779711_B_NA_NA    0.50%    passed     99.87%
 118  105695_787_2376_MF779710_B_NA_NA    0.56%    passed     99.59%
 119  105695_787_2376_MF779709_B_NA_NA    0.56%    passed     99.73%
 120  105695_787_2376_MF779708_B_NA_NA    0.50%    passed     99.93%
 121  105695_787_2376_MF779707_B_NA_NA    0.50%    passed     99.23%
 122  105695_787_2376_MF779706_B_NA_NA    0.56%    passed     99.88%
 123  105695_787_2376_MF779705_B_NA_NA    0.50%    passed     99.27%
 124  105695_787_2376_MF779704_B_NA_NA    0.50%    passed     99.89%
 125  105695_787_2376_MF779703_B_NA_NA    0.50%    passed     99.50%
 126  105695_787_2376_MF779702_B_NA_NA    4.32%    passed     99.60%
 127  105695_787_2376_MF779701_B_NA_NA    0.50%    passed     99.93%
 128  105695_787_2376_MF779700_B_NA_NA    0.50%    passed     99.78%
 129  105695_787_2376_MF779699_B_NA_NA    0.50%    passed     99.89%
 130  105695_787_2376_MF779698_B_NA_NA    0.56%    passed     99.81%
 131  105695_787_2376_MF779697_B_NA_NA    0.56%    passed     99.42%
 132  105695_787_2376_MF779696_B_NA_NA    0.56%    passed     99.61%
 133  105695_787_2376_MF779695_B_NA_NA    0.56%    passed     99.94%
 134  105695_787_2376_MF779694_B_NA_NA    0.50%    passed     99.49%
 135  105695_787_2376_MF779693_B_NA_NA    0.50%    passed     99.90%
 136  105695_787_2376_MF779692_B_NA_NA    0.50%    passed     99.62%
 137  105695_787_2376_MF779691_B_NA_NA    0.50%    passed     99.94%
 138  105695_787_2376_MF779690_B_NA_NA    0.50%    passed     98.15%
 139  105695_787_2376_MF779689_B_NA_NA    0.50%    passed     99.04%
 140  105695_787_2376_MF779688_B_NA_NA    0.50%    passed     99.04%
 141  105695_787_2376_MF779687_B_NA_NA    0.56%    passed     99.77%
 142  105695_787_2376_MF779686_B_NA_NA    0.50%    passed     99.04%
 143  105695_787_2376_MF779685_B_NA_NA    0.50%    passed     99.64%
 144  105695_787_2376_MF779684_B_NA_NA    0.50%    passed     99.04%
 145  105695_787_2376_MF779683_B_NA_NA    0.50%    passed     99.45%
 146  105695_787_2376_MF779682_B_NA_NA    0.50%    passed     98.78%
 147  105695_787_2376_MF779681_B_NA_NA    0.50%    passed     99.04%
 148  105695_787_2376_MF779680_B_NA_NA    0.50%    passed     99.04%
 149  105695_787_2376_MF779679_B_NA_NA    0.50%    passed     99.04%
 150  105695_787_2376_MF779678_B_NA_NA    0.50%    passed     99.04%
 151  105695_787_2376_MF779677_B_NA_NA    0.50%    passed     99.64%
 152  105695_787_2376_MF779676_B_NA_NA    0.50%    passed     99.04%
 153  105695_787_2376_MF779675_B_NA_NA    0.50%    passed     99.04%
 154  105695_787_2376_MF779674_B_NA_NA    0.50%    passed     99.60%
 155  105695_787_2376_MF779673_B_NA_NA    0.50%    passed     99.04%
 156  105695_787_2376_MF779672_B_NA_NA    0.50%    passed     99.73%
 157  105695_787_2376_MF779671_B_NA_NA    0.50%    passed     99.04%
 158  105695_787_2376_MF779670_B_NA_NA    0.50%    passed     99.04%
 159  105695_787_2376_MF779669_B_NA_NA    0.50%    passed     99.81%
 160  105695_787_2376_MF779668_B_NA_NA    0.56%    passed     98.40%
 161  105695_787_2376_MF779667_B_NA_NA    0.50%    passed     99.11%
 162  105695_787_2376_MF779666_B_NA_NA    0.69%    passed     98.71%
 163  105695_787_2376_MF779665_B_NA_NA    0.50%    passed     99.29%
 164  105695_787_2376_MF779664_B_NA_NA    0.50%    passed     97.76%
 165  105695_787_2376_MF779663_B_NA_NA    0.50%    passed     99.81%
 166  105695_787_2376_MF779662_B_NA_NA    0.50%    passed     99.97%
 167  105695_787_2376_MF779661_B_NA_NA    0.50%    passed     99.57%
 168  105695_787_2376_MF779660_B_NA_NA    0.50%    passed     98.82%
 169  105695_787_2376_MF779659_B_NA_NA    0.50%    passed     97.98%
 170  105695_787_2376_MF779658_B_NA_NA    0.50%    passed     99.23%
 171  105695_787_2376_MF779657_B_NA_NA    0.63%    passed     98.13%
 172  105695_787_2376_MF779656_B_NA_NA    0.50%    passed     99.81%
 173  105695_787_2376_MF779655_B_NA_NA    0.69%    passed     98.71%
 174  105695_787_2376_MF779654_B_NA_NA    0.69%    passed     99.02%
 175  105695_787_2376_MF779653_B_NA_NA    0.50%    passed     99.93%
 176  105695_787_2376_MF779652_B_NA_NA    0.69%    passed     99.28%
 177  105695_787_2376_MF779651_B_NA_NA    0.50%    passed     98.81%
 178  105695_787_2376_MF779650_B_NA_NA    0.50%    passed     99.90%
 179  105695_787_2376_MF779649_B_NA_NA    0.50%    passed     99.71%
 180  105695_787_2376_MF779648_B_NA_NA    0.50%    passed     99.16%
****  TOTAL                               0.52%  0 sequences failed composition chi2 test (p-value<5%; df=3)
NOTE: 105695_787_2376_MF779746_B_NA_NA is identical to 105695_787_2376_MF779754_B_NA_NA but kept for subsequent analysis
NOTE: 105695_787_2376_MF779726_B_NA_NA is identical to 105695_787_2376_MF779737_B_NA_NA but kept for subsequent analysis
NOTE: 105695_787_2376_MF779688_B_NA_NA is identical to 105695_787_2376_MF779689_B_NA_NA but kept for subsequent analysis
NOTE: 105695_787_2376_MF779663_B_NA_NA is identical to 105695_787_2376_MF779669_B_NA_NA but kept for subsequent analysis
NOTE: 105695_787_2376_MF779655_B_NA_NA is identical to 105695_787_2376_MF779666_B_NA_NA but kept for subsequent analysis
NOTE: 13 identical sequences (see below) will be ignored for subsequent analysis
NOTE: 105695_787_2376_MF779744_B_NA_NA (identical to 105695_787_2376_MF779754_B_NA_NA) is ignored but added at the end
NOTE: 105695_787_2376_MF779743_B_NA_NA (identical to 105695_787_2376_MF779754_B_NA_NA) is ignored but added at the end
NOTE: 105695_787_2376_MF779686_B_NA_NA (identical to 105695_787_2376_MF779689_B_NA_NA) is ignored but added at the end
NOTE: 105695_787_2376_MF779684_B_NA_NA (identical to 105695_787_2376_MF779689_B_NA_NA) is ignored but added at the end
NOTE: 105695_787_2376_MF779680_B_NA_NA (identical to 105695_787_2376_MF779689_B_NA_NA) is ignored but added at the end
NOTE: 105695_787_2376_MF779679_B_NA_NA (identical to 105695_787_2376_MF779689_B_NA_NA) is ignored but added at the end
NOTE: 105695_787_2376_MF779678_B_NA_NA (identical to 105695_787_2376_MF779689_B_NA_NA) is ignored but added at the end
NOTE: 105695_787_2376_MF779676_B_NA_NA (identical to 105695_787_2376_MF779689_B_NA_NA) is ignored but added at the end
NOTE: 105695_787_2376_MF779675_B_NA_NA (identical to 105695_787_2376_MF779689_B_NA_NA) is ignored but added at the end
NOTE: 105695_787_2376_MF779673_B_NA_NA (identical to 105695_787_2376_MF779689_B_NA_NA) is ignored but added at the end
NOTE: 105695_787_2376_MF779671_B_NA_NA (identical to 105695_787_2376_MF779689_B_NA_NA) is ignored but added at the end
NOTE: 105695_787_2376_MF779670_B_NA_NA (identical to 105695_787_2376_MF779689_B_NA_NA) is ignored but added at the end
NOTE: 105695_787_2376_MF779656_B_NA_NA (identical to 105695_787_2376_MF779669_B_NA_NA) is ignored but added at the end
Alignment was printed to iqtree_subset/105695+1+B.uniqueseq.phy

For your convenience alignment with unique sequences printed to iqtree_subset/105695+1+B.uniqueseq.phy

Create initial parsimony tree by phylogenetic likelihood library (PLL)... 0.017 seconds

NOTE: 8 MB RAM (0 GB) is required!
Measuring multi-threading efficiency up to 1 CPU cores
Increase to 10 rounds for branch lengths
8 trees examined
Threads: 1 / Time: 1.001 sec / Speedup: 1.000 / Efficiency: 100% / LogL: -14798
BEST NUMBER OF THREADS: 1

Estimate model parameters (epsilon = 0.100)
1. Initial log-likelihood: -9523.263
2. Current log-likelihood: -8618.115
3. Current log-likelihood: -8579.691
4. Current log-likelihood: -8563.208
5. Current log-likelihood: -8558.797
6. Current log-likelihood: -8557.324
7. Current log-likelihood: -8556.460
8. Current log-likelihood: -8555.869
9. Current log-likelihood: -8555.417
10. Current log-likelihood: -8555.097
11. Current log-likelihood: -8554.855
12. Current log-likelihood: -8554.695
13. Current log-likelihood: -8554.579
Optimal log-likelihood: -8554.500
Rate parameters:  A-C: 2.61902  A-G: 13.54712  A-T: 0.81771  C-G: 1.62029  C-T: 24.20703  G-T: 1.00000
Base frequencies:  A: 0.371  C: 0.191  G: 0.248  T: 0.190
Proportion of invariable sites: 0.661
Site proportion and rates:  (0.162,0.706) (0.119,1.753) (0.049,8.564) (0.008,31.588)
Parameters optimization took 13 rounds (2.721 sec)
Wrote distance file to... 
Computing ML distances based on estimated model parameters...
Calculating distance matrix: done in 0.109955 secs using 99.84% CPU
Computing ML distances took 0.110243 sec (of wall-clock time) 0.110064 sec (of CPU time)
Setting up auxiliary I and S matrices: done in 0.000594356 secs using 98.26% CPU
Computing RapidNJ tree took 0.002353 sec (of wall-clock time) 0.002340 sec (of CPU time)
Log-likelihood of RapidNJ tree: -8634.594
--------------------------------------------------------------------
|             INITIALIZING CANDIDATE TREE SET                      |
--------------------------------------------------------------------
Generating 98 parsimony trees... 1.614 second
Computing log-likelihood of 98 initial trees ... 1.542 seconds
Current best score: -8524.035

Do NNI search on 20 best initial trees
Estimate model parameters (epsilon = 0.100)
BETTER TREE FOUND at iteration 1: -8484.979
Iteration 10 / LogL: -8516.329 / Time: 0h:0m:13s
Estimate model parameters (epsilon = 0.100)
BETTER TREE FOUND at iteration 12: -8469.410
Iteration 20 / LogL: -8509.651 / Time: 0h:0m:17s
Finish initializing candidate tree set (20)
Current best tree score: -8469.410 / CPU time: 13.768
Number of iterations: 20
--------------------------------------------------------------------
|               OPTIMIZING CANDIDATE TREE SET                      |
--------------------------------------------------------------------
Estimate model parameters (epsilon = 0.100)
BETTER TREE FOUND at iteration 29: -8466.311
Iteration 30 / LogL: -8489.326 / Time: 0h:0m:22s (0h:1m:15s left)
Estimate model parameters (epsilon = 0.100)
BETTER TREE FOUND at iteration 37: -8462.961
Estimate model parameters (epsilon = 0.100)
BETTER TREE FOUND at iteration 39: -8460.206
Iteration 40 / LogL: -8481.419 / Time: 0h:0m:26s (0h:1m:8s left)
Iteration 50 / LogL: -8494.454 / Time: 0h:0m:30s (0h:0m:56s left)
Iteration 60 / LogL: -8468.008 / Time: 0h:0m:34s (0h:0m:46s left)
Iteration 70 / LogL: -8461.036 / Time: 0h:0m:38s (0h:0m:38s left)
Estimate model parameters (epsilon = 0.100)
BETTER TREE FOUND at iteration 73: -8459.965
Estimate model parameters (epsilon = 0.100)
BETTER TREE FOUND at iteration 77: -8459.568
Estimate model parameters (epsilon = 0.100)
BETTER TREE FOUND at iteration 78: -8457.367
Iteration 80 / LogL: -8468.060 / Time: 0h:0m:43s (0h:0m:53s left)
Iteration 90 / LogL: -8472.529 / Time: 0h:0m:47s (0h:0m:46s left)
Estimate model parameters (epsilon = 0.100)
BETTER TREE FOUND at iteration 94: -8457.136
Iteration 100 / LogL: -8468.158 / Time: 0h:0m:51s (0h:0m:48s left)
Estimate model parameters (epsilon = 0.100)
BETTER TREE FOUND at iteration 108: -8456.625
Iteration 110 / LogL: -8457.096 / Time: 0h:0m:55s (0h:0m:50s left)
Estimate model parameters (epsilon = 0.100)
BETTER TREE FOUND at iteration 116: -8456.497
Iteration 120 / LogL: -8481.253 / Time: 0h:0m:59s (0h:0m:48s left)
Estimate model parameters (epsilon = 0.100)
BETTER TREE FOUND at iteration 121: -8455.151
Iteration 130 / LogL: -8461.515 / Time: 0h:1m:3s (0h:0m:44s left)
Iteration 140 / LogL: -8460.971 / Time: 0h:1m:7s (0h:0m:39s left)
Iteration 150 / LogL: -8457.469 / Time: 0h:1m:11s (0h:0m:34s left)
Estimate model parameters (epsilon = 0.100)
BETTER TREE FOUND at iteration 153: -8454.202
Iteration 160 / LogL: -8470.301 / Time: 0h:1m:15s (0h:0m:44s left)
Estimate model parameters (epsilon = 0.100)
BETTER TREE FOUND at iteration 165: -8453.697
Iteration 170 / LogL: -8456.193 / Time: 0h:1m:20s (0h:0m:44s left)
Iteration 180 / LogL: -8459.643 / Time: 0h:1m:24s (0h:0m:39s left)
Estimate model parameters (epsilon = 0.100)
BETTER TREE FOUND at iteration 187: -8452.386
Iteration 190 / LogL: -8473.353 / Time: 0h:1m:28s (0h:0m:45s left)
Iteration 200 / LogL: -8457.701 / Time: 0h:1m:32s (0h:0m:40s left)
Estimate model parameters (epsilon = 0.100)
BETTER TREE FOUND at iteration 206: -8452.122
Iteration 210 / LogL: -8457.678 / Time: 0h:1m:36s (0h:0m:44s left)
Iteration 220 / LogL: -8455.343 / Time: 0h:1m:40s (0h:0m:39s left)
Iteration 230 / LogL: -8452.324 / Time: 0h:1m:44s (0h:0m:34s left)
Iteration 240 / LogL: -8453.872 / Time: 0h:1m:48s (0h:0m:29s left)
Estimate model parameters (epsilon = 0.100)
BETTER TREE FOUND at iteration 249: -8448.897
Iteration 250 / LogL: -8455.310 / Time: 0h:1m:52s (0h:0m:44s left)
Estimate model parameters (epsilon = 0.100)
BETTER TREE FOUND at iteration 259: -8447.776
Iteration 260 / LogL: -8448.393 / Time: 0h:1m:59s (0h:0m:45s left)
Iteration 270 / LogL: -8467.604 / Time: 0h:2m:5s (0h:0m:41s left)
Estimate model parameters (epsilon = 0.100)
BETTER TREE FOUND at iteration 273: -8446.451
Iteration 280 / LogL: -8455.205 / Time: 0h:2m:11s (0h:0m:43s left)
Estimate model parameters (epsilon = 0.100)
BETTER TREE FOUND at iteration 283: -8446.185
Iteration 290 / LogL: -8459.925 / Time: 0h:2m:17s (0h:0m:44s left)
Iteration 300 / LogL: -8449.765 / Time: 0h:2m:23s (0h:0m:39s left)
Estimate model parameters (epsilon = 0.100)
BETTER TREE FOUND at iteration 303: -8445.663
Estimate model parameters (epsilon = 0.100)
BETTER TREE FOUND at iteration 310: -8445.559
Iteration 310 / LogL: -8445.559 / Time: 0h:2m:30s (0h:0m:48s left)
Iteration 320 / LogL: -8463.072 / Time: 0h:2m:36s (0h:0m:44s left)
Estimate model parameters (epsilon = 0.100)
BETTER TREE FOUND at iteration 322: -8444.789
Estimate model parameters (epsilon = 0.100)
BETTER TREE FOUND at iteration 324: -8443.832
Iteration 330 / LogL: -8445.936 / Time: 0h:2m:42s (0h:0m:46s left)
Iteration 340 / LogL: -8477.659 / Time: 0h:2m:48s (0h:0m:41s left)
Iteration 350 / LogL: -8445.993 / Time: 0h:2m:54s (0h:0m:37s left)
Iteration 360 / LogL: -8460.782 / Time: 0h:3m:0s (0h:0m:32s left)
Iteration 370 / LogL: -8459.853 / Time: 0h:3m:6s (0h:0m:27s left)
Estimate model parameters (epsilon = 0.100)
BETTER TREE FOUND at iteration 377: -8442.905
Iteration 380 / LogL: -8450.505 / Time: 0h:3m:13s (0h:0m:49s left)
Iteration 390 / LogL: -8449.650 / Time: 0h:3m:20s (0h:0m:44s left)
Iteration 400 / LogL: -8451.995 / Time: 0h:3m:26s (0h:0m:39s left)
Iteration 410 / LogL: -8443.943 / Time: 0h:3m:32s (0h:0m:34s left)
Iteration 420 / LogL: -8468.386 / Time: 0h:3m:38s (0h:0m:29s left)
Iteration 430 / LogL: -8485.777 / Time: 0h:3m:44s (0h:0m:24s left)
Iteration 440 / LogL: -8446.073 / Time: 0h:3m:50s (0h:0m:19s left)
Estimate model parameters (epsilon = 0.100)
BETTER TREE FOUND at iteration 442: -8442.788
Iteration 450 / LogL: -8451.530 / Time: 0h:3m:57s (0h:0m:48s left)
BETTER TREE FOUND at iteration 457: -8442.784
Iteration 460 / LogL: -8455.584 / Time: 0h:4m:3s (0h:0m:51s left)
Iteration 470 / LogL: -8458.305 / Time: 0h:4m:9s (0h:0m:46s left)
Iteration 480 / LogL: -8453.088 / Time: 0h:4m:15s (0h:0m:41s left)
Estimate model parameters (epsilon = 0.100)
BETTER TREE FOUND at iteration 486: -8442.101
Iteration 490 / LogL: -8457.355 / Time: 0h:4m:21s (0h:0m:51s left)
Iteration 500 / LogL: -8452.121 / Time: 0h:4m:27s (0h:0m:46s left)
Iteration 510 / LogL: -8448.360 / Time: 0h:4m:33s (0h:0m:40s left)
Iteration 520 / LogL: -8444.317 / Time: 0h:4m:39s (0h:0m:35s left)
Estimate model parameters (epsilon = 0.100)
BETTER TREE FOUND at iteration 530: -8441.491
Iteration 530 / LogL: -8441.491 / Time: 0h:4m:45s (0h:0m:54s left)
Iteration 540 / LogL: -8443.579 / Time: 0h:4m:52s (0h:0m:48s left)
UPDATE BEST LOG-LIKELIHOOD: -8441.491
Iteration 550 / LogL: -8447.566 / Time: 0h:4m:58s (0h:0m:43s left)
Iteration 560 / LogL: -8451.442 / Time: 0h:5m:4s (0h:0m:38s left)
Iteration 570 / LogL: -8448.823 / Time: 0h:5m:10s (0h:0m:32s left)
Iteration 580 / LogL: -8452.868 / Time: 0h:5m:16s (0h:0m:27s left)
Iteration 590 / LogL: -8495.512 / Time: 0h:5m:22s (0h:0m:21s left)
Iteration 600 / LogL: -8452.901 / Time: 0h:5m:28s (0h:0m:16s left)
Iteration 610 / LogL: -8451.028 / Time: 0h:5m:34s (0h:0m:10s left)
Iteration 620 / LogL: -8442.479 / Time: 0h:5m:40s (0h:0m:5s left)
Estimate model parameters (epsilon = 0.100)
BETTER TREE FOUND at iteration 630: -8441.072
Iteration 630 / LogL: -8441.072 / Time: 0h:5m:46s (0h:0m:55s left)
Iteration 640 / LogL: -8449.905 / Time: 0h:5m:53s (0h:0m:49s left)
Iteration 650 / LogL: -8447.193 / Time: 0h:5m:58s (0h:0m:44s left)
Estimate model parameters (epsilon = 0.100)
BETTER TREE FOUND at iteration 659: -8440.942
Iteration 660 / LogL: -8463.756 / Time: 0h:6m:5s (0h:0m:54s left)
Iteration 670 / LogL: -8447.908 / Time: 0h:6m:11s (0h:0m:49s left)
Iteration 680 / LogL: -8444.415 / Time: 0h:6m:17s (0h:0m:43s left)
Iteration 690 / LogL: -8444.593 / Time: 0h:6m:23s (0h:0m:38s left)
Iteration 700 / LogL: -8444.590 / Time: 0h:6m:29s (0h:0m:32s left)
Iteration 710 / LogL: -8440.943 / Time: 0h:6m:35s (0h:0m:27s left)
Iteration 720 / LogL: -8466.658 / Time: 0h:6m:42s (0h:0m:21s left)
Iteration 730 / LogL: -8448.208 / Time: 0h:6m:48s (0h:0m:16s left)
BETTER TREE FOUND at iteration 731: -8440.941
Iteration 740 / LogL: -8441.889 / Time: 0h:6m:54s (0h:0m:51s left)
Iteration 750 / LogL: -8460.997 / Time: 0h:7m:0s (0h:0m:45s left)
Iteration 760 / LogL: -8444.209 / Time: 0h:7m:7s (0h:0m:39s left)
Iteration 770 / LogL: -8488.148 / Time: 0h:7m:13s (0h:0m:34s left)
Iteration 780 / LogL: -8456.140 / Time: 0h:7m:19s (0h:0m:28s left)
BETTER TREE FOUND at iteration 785: -8440.940
Iteration 790 / LogL: -8450.662 / Time: 0h:7m:25s (0h:0m:53s left)
Estimate model parameters (epsilon = 0.100)
BETTER TREE FOUND at iteration 800: -8440.494
Iteration 800 / LogL: -8440.494 / Time: 0h:7m:31s (0h:0m:56s left)
BETTER TREE FOUND at iteration 804: -8440.489
Iteration 810 / LogL: -8441.911 / Time: 0h:7m:38s (0h:0m:53s left)
Iteration 820 / LogL: -8451.539 / Time: 0h:7m:44s (0h:0m:47s left)
Iteration 830 / LogL: -8442.484 / Time: 0h:7m:50s (0h:0m:41s left)
Iteration 840 / LogL: -8443.795 / Time: 0h:7m:56s (0h:0m:36s left)
Iteration 850 / LogL: -8442.835 / Time: 0h:8m:2s (0h:0m:30s left)
Iteration 860 / LogL: -8440.966 / Time: 0h:8m:8s (0h:0m:25s left)
Iteration 870 / LogL: -8478.344 / Time: 0h:8m:15s (0h:0m:19s left)
Iteration 880 / LogL: -8451.671 / Time: 0h:8m:21s (0h:0m:13s left)
Iteration 890 / LogL: -8448.416 / Time: 0h:8m:27s (0h:0m:7s left)
Iteration 900 / LogL: -8455.057 / Time: 0h:8m:33s (0h:0m:2s left)
TREE SEARCH COMPLETED AFTER 905 ITERATIONS / Time: 0h:8m:36s

--------------------------------------------------------------------
|                    FINALIZING TREE SEARCH                        |
--------------------------------------------------------------------
Performs final model parameters optimization
Estimate model parameters (epsilon = 0.010)
1. Initial log-likelihood: -8440.489
Optimal log-likelihood: -8440.485
Rate parameters:  A-C: 2.38817  A-G: 13.59488  A-T: 0.73667  C-G: 1.28059  C-T: 22.26494  G-T: 1.00000
Base frequencies:  A: 0.371  C: 0.191  G: 0.248  T: 0.190
Proportion of invariable sites: 0.583
Site proportion and rates:  (0.300,0.539) (0.084,3.510) (0.027,11.165) (0.006,40.017)
Parameters optimization took 1 rounds (0.210 sec)
BEST SCORE FOUND : -8440.485
Empirical proportions for each category: 0.890 0.079 0.025 0.006
Site rates printed to iqtree_subset/105695+1+B.rate

Testing tree branches by SH-like aLRT with 1000 replicates...
6.027 sec.
Total tree length: 0.724

Total number of iterations: 905
CPU time used for tree search: 501.773 sec (0h:8m:21s)
Wall-clock time used for tree search: 512.446 sec (0h:8m:32s)
Total CPU time used: 511.916 sec (0h:8m:31s)
Total wall-clock time used: 522.665 sec (0h:8m:42s)

Analysis results written to: 
  IQ-TREE report:                iqtree_subset/105695+1+B.iqtree
  Maximum-likelihood tree:       iqtree_subset/105695+1+B.treefile
  Likelihood distances:          iqtree_subset/105695+1+B.mldist
  Site-specific rates:           iqtree_subset/105695+1+B.rate
  Screen log file:               iqtree_subset/105695+1+B.log

Date and Time: Tue Feb 11 18:19:51 2025
