IQ-TREE multicore version 2.3.3 COVID-edition for Linux x86 64-bit built Apr 25 2024
Developed by Bui Quang Minh, James Barbetti, Nguyen Lam Tung, Olga Chernomor,
Heiko Schmidt, Dominik Schrempf, Michael Woodhams, Ly Trong Nhan, Thomas Wong

Host:    linusblack.lanl.gov (AVX512, FMA3, 754 GB RAM)
Command: iqtree -s mafft_subset/105698+1+B.fasta -m GTR+I+R -alrt 1000 -T AUTO --prefix iqtree_subset/105698+1+B --rate -redo
Seed:    433426 (Using SPRNG - Scalable Parallel Random Number Generator)
Time:    Tue Feb 11 18:18:15 2025
Kernel:  AVX+FMA - auto-detect threads (1 CPU cores detected)

Reading alignment file mafft_subset/105698+1+B.fasta ... Fasta format detected
Reading fasta file: done in 0.0134198 secs using 91.85% CPU
Alignment most likely contains DNA/RNA sequences
WARNING: 1 sites contain only gaps or ambiguous characters.
Alignment has 279 sequences with 1661 columns, 508 distinct patterns
251 parsimony-informative, 190 singleton sites, 1220 constant sites
WARNING: Some sequence names are changed as follows:
105698+787+2376+MF779057+B+NA+NA -> 105698_787_2376_MF779057_B_NA_NA
105698+787+2376+MF779056+B+NA+NA -> 105698_787_2376_MF779056_B_NA_NA
105698+787+2376+MF779055+B+NA+NA -> 105698_787_2376_MF779055_B_NA_NA
105698+787+2376+MF779054+B+NA+NA -> 105698_787_2376_MF779054_B_NA_NA
105698+787+2376+MF779053+B+NA+NA -> 105698_787_2376_MF779053_B_NA_NA
105698+787+2376+MF779052+B+NA+NA -> 105698_787_2376_MF779052_B_NA_NA
105698+787+2376+MF779051+B+NA+NA -> 105698_787_2376_MF779051_B_NA_NA
105698+787+2376+MF779050+B+NA+NA -> 105698_787_2376_MF779050_B_NA_NA
105698+787+2376+MF779049+B+NA+NA -> 105698_787_2376_MF779049_B_NA_NA
105698+787+2376+MF779048+B+NA+NA -> 105698_787_2376_MF779048_B_NA_NA
105698+787+2376+MF779047+B+NA+NA -> 105698_787_2376_MF779047_B_NA_NA
105698+787+2376+MF779046+B+NA+NA -> 105698_787_2376_MF779046_B_NA_NA
105698+787+2376+MF779045+B+NA+NA -> 105698_787_2376_MF779045_B_NA_NA
105698+787+2376+MF779044+B+NA+NA -> 105698_787_2376_MF779044_B_NA_NA
105698+787+2376+MF779043+B+NA+NA -> 105698_787_2376_MF779043_B_NA_NA
105698+787+2376+MF779042+B+NA+NA -> 105698_787_2376_MF779042_B_NA_NA
105698+787+2376+MF779041+B+NA+NA -> 105698_787_2376_MF779041_B_NA_NA
105698+787+2376+MF779040+B+NA+NA -> 105698_787_2376_MF779040_B_NA_NA
105698+787+2376+MF779039+B+NA+NA -> 105698_787_2376_MF779039_B_NA_NA
105698+787+2376+MF779038+B+NA+NA -> 105698_787_2376_MF779038_B_NA_NA
105698+787+2376+MF779037+B+NA+NA -> 105698_787_2376_MF779037_B_NA_NA
105698+787+2376+MF779036+B+NA+NA -> 105698_787_2376_MF779036_B_NA_NA
105698+787+2376+MF779035+B+NA+NA -> 105698_787_2376_MF779035_B_NA_NA
105698+787+2376+MF779034+B+NA+NA -> 105698_787_2376_MF779034_B_NA_NA
105698+787+2376+MF779033+B+NA+NA -> 105698_787_2376_MF779033_B_NA_NA
105698+787+2376+MF779032+B+NA+NA -> 105698_787_2376_MF779032_B_NA_NA
105698+787+2376+MF779031+B+NA+NA -> 105698_787_2376_MF779031_B_NA_NA
105698+787+2376+MF779030+B+NA+NA -> 105698_787_2376_MF779030_B_NA_NA
105698+787+2376+MF779029+B+NA+NA -> 105698_787_2376_MF779029_B_NA_NA
105698+787+2376+MF779028+B+NA+NA -> 105698_787_2376_MF779028_B_NA_NA
105698+787+2376+MF779027+B+NA+NA -> 105698_787_2376_MF779027_B_NA_NA
105698+787+2376+MF779026+B+NA+NA -> 105698_787_2376_MF779026_B_NA_NA
105698+787+2376+MF779025+B+NA+NA -> 105698_787_2376_MF779025_B_NA_NA
105698+787+2376+MF779024+B+NA+NA -> 105698_787_2376_MF779024_B_NA_NA
105698+787+2376+MF779023+B+NA+NA -> 105698_787_2376_MF779023_B_NA_NA
105698+787+2376+MF779022+B+NA+NA -> 105698_787_2376_MF779022_B_NA_NA
105698+787+2376+MF779021+B+NA+NA -> 105698_787_2376_MF779021_B_NA_NA
105698+787+2376+MF779020+B+NA+NA -> 105698_787_2376_MF779020_B_NA_NA
105698+787+2376+MF779019+B+NA+NA -> 105698_787_2376_MF779019_B_NA_NA
105698+787+2376+MF779018+B+NA+NA -> 105698_787_2376_MF779018_B_NA_NA
105698+787+2376+MF779017+B+NA+NA -> 105698_787_2376_MF779017_B_NA_NA
105698+787+2376+MF779016+B+NA+NA -> 105698_787_2376_MF779016_B_NA_NA
105698+787+2376+MF779015+B+NA+NA -> 105698_787_2376_MF779015_B_NA_NA
105698+787+2376+MF779014+B+NA+NA -> 105698_787_2376_MF779014_B_NA_NA
105698+787+2376+MF779013+B+NA+NA -> 105698_787_2376_MF779013_B_NA_NA
105698+787+2376+MF779012+B+NA+NA -> 105698_787_2376_MF779012_B_NA_NA
105698+787+2376+MF779011+B+NA+NA -> 105698_787_2376_MF779011_B_NA_NA
105698+787+2376+MF779010+B+NA+NA -> 105698_787_2376_MF779010_B_NA_NA
105698+787+2376+MF779009+B+NA+NA -> 105698_787_2376_MF779009_B_NA_NA
105698+787+2376+MF779008+B+NA+NA -> 105698_787_2376_MF779008_B_NA_NA
105698+787+2376+MF779007+B+NA+NA -> 105698_787_2376_MF779007_B_NA_NA
105698+787+2376+MF779006+B+NA+NA -> 105698_787_2376_MF779006_B_NA_NA
105698+787+2376+MF779005+B+NA+NA -> 105698_787_2376_MF779005_B_NA_NA
105698+787+2376+MF779004+B+NA+NA -> 105698_787_2376_MF779004_B_NA_NA
105698+787+2376+MF779003+B+NA+NA -> 105698_787_2376_MF779003_B_NA_NA
105698+787+2376+MF779002+B+NA+NA -> 105698_787_2376_MF779002_B_NA_NA
105698+787+2376+MF779001+B+NA+NA -> 105698_787_2376_MF779001_B_NA_NA
105698+787+2376+MF779000+B+NA+NA -> 105698_787_2376_MF779000_B_NA_NA
105698+787+2376+MF778999+B+NA+NA -> 105698_787_2376_MF778999_B_NA_NA
105698+787+2376+MF778998+B+NA+NA -> 105698_787_2376_MF778998_B_NA_NA
105698+787+2376+MF778997+B+NA+NA -> 105698_787_2376_MF778997_B_NA_NA
105698+787+2376+MF778996+B+NA+NA -> 105698_787_2376_MF778996_B_NA_NA
105698+787+2376+MF778995+B+NA+NA -> 105698_787_2376_MF778995_B_NA_NA
105698+787+2376+MF778994+B+NA+NA -> 105698_787_2376_MF778994_B_NA_NA
105698+787+2376+MF778993+B+NA+NA -> 105698_787_2376_MF778993_B_NA_NA
105698+787+2376+MF778992+B+NA+NA -> 105698_787_2376_MF778992_B_NA_NA
105698+787+2374+MF778991+B+NA+NA -> 105698_787_2374_MF778991_B_NA_NA
105698+762+2402+MF778990+B+NA+NA -> 105698_762_2402_MF778990_B_NA_NA
105698+760+2405+MF778989+B+NA+NA -> 105698_760_2405_MF778989_B_NA_NA
105698+787+2376+MF778988+B+NA+NA -> 105698_787_2376_MF778988_B_NA_NA
105698+787+2383+MF778987+B+NA+NA -> 105698_787_2383_MF778987_B_NA_NA
105698+787+2376+MF778986+B+NA+NA -> 105698_787_2376_MF778986_B_NA_NA
105698+787+2375+MF778985+B+NA+NA -> 105698_787_2375_MF778985_B_NA_NA
105698+787+2375+MF778984+B+NA+NA -> 105698_787_2375_MF778984_B_NA_NA
105698+787+2375+MF778983+B+NA+NA -> 105698_787_2375_MF778983_B_NA_NA
105698+787+2375+MF778982+B+NA+NA -> 105698_787_2375_MF778982_B_NA_NA
105698+787+2375+MF778981+B+NA+NA -> 105698_787_2375_MF778981_B_NA_NA
105698+787+2375+MF778980+B+NA+NA -> 105698_787_2375_MF778980_B_NA_NA
105698+791+2375+MF778979+B+NA+NA -> 105698_791_2375_MF778979_B_NA_NA
105698+787+2375+MF778978+B+NA+NA -> 105698_787_2375_MF778978_B_NA_NA
105698+787+2375+MF778977+B+NA+NA -> 105698_787_2375_MF778977_B_NA_NA
105698+787+2375+MF778976+B+NA+NA -> 105698_787_2375_MF778976_B_NA_NA
105698+787+2375+MF778975+B+NA+NA -> 105698_787_2375_MF778975_B_NA_NA
105698+787+2375+MF778974+B+NA+NA -> 105698_787_2375_MF778974_B_NA_NA
105698+787+2375+MF778973+B+NA+NA -> 105698_787_2375_MF778973_B_NA_NA
105698+787+2375+MF778972+B+NA+NA -> 105698_787_2375_MF778972_B_NA_NA
105698+787+2375+MF778971+B+NA+NA -> 105698_787_2375_MF778971_B_NA_NA
105698+787+2375+MF778970+B+NA+NA -> 105698_787_2375_MF778970_B_NA_NA
105698+787+2375+MF778969+B+NA+NA -> 105698_787_2375_MF778969_B_NA_NA
105698+787+2375+MF778968+B+NA+NA -> 105698_787_2375_MF778968_B_NA_NA
105698+787+2375+MF778967+B+NA+NA -> 105698_787_2375_MF778967_B_NA_NA
105698+787+2375+MF778966+B+NA+NA -> 105698_787_2375_MF778966_B_NA_NA
105698+787+2375+MF778965+B+NA+NA -> 105698_787_2375_MF778965_B_NA_NA
105698+787+2375+MF778964+B+NA+NA -> 105698_787_2375_MF778964_B_NA_NA
105698+787+2376+MF778963+B+NA+NA -> 105698_787_2376_MF778963_B_NA_NA
105698+787+2376+MF778962+B+NA+NA -> 105698_787_2376_MF778962_B_NA_NA
105698+787+2376+MF778961+B+NA+NA -> 105698_787_2376_MF778961_B_NA_NA
105698+787+2376+MF778960+B+NA+NA -> 105698_787_2376_MF778960_B_NA_NA
105698+787+2376+MF778959+B+NA+NA -> 105698_787_2376_MF778959_B_NA_NA
105698+787+2376+MF778958+B+NA+NA -> 105698_787_2376_MF778958_B_NA_NA
105698+787+2376+MF778957+B+NA+NA -> 105698_787_2376_MF778957_B_NA_NA
105698+787+2376+MF778956+B+NA+NA -> 105698_787_2376_MF778956_B_NA_NA
105698+787+2376+MF778955+B+NA+NA -> 105698_787_2376_MF778955_B_NA_NA
105698+787+2376+MF778954+B+NA+NA -> 105698_787_2376_MF778954_B_NA_NA
105698+787+2376+MF778953+B+NA+NA -> 105698_787_2376_MF778953_B_NA_NA
105698+787+2376+MF778952+B+NA+NA -> 105698_787_2376_MF778952_B_NA_NA
105698+787+2376+MF778951+B+NA+NA -> 105698_787_2376_MF778951_B_NA_NA
105698+787+2376+MF778950+B+NA+NA -> 105698_787_2376_MF778950_B_NA_NA
105698+787+2376+MF778949+B+NA+NA -> 105698_787_2376_MF778949_B_NA_NA
105698+787+2376+MF778948+B+NA+NA -> 105698_787_2376_MF778948_B_NA_NA
105698+787+2376+MF778947+B+NA+NA -> 105698_787_2376_MF778947_B_NA_NA
105698+787+2376+MF778946+B+NA+NA -> 105698_787_2376_MF778946_B_NA_NA
105698+787+2376+MF778945+B+NA+NA -> 105698_787_2376_MF778945_B_NA_NA
105698+787+2376+MF778944+B+NA+NA -> 105698_787_2376_MF778944_B_NA_NA
105698+787+2376+MF778943+B+NA+NA -> 105698_787_2376_MF778943_B_NA_NA
105698+787+2376+MF778942+B+NA+NA -> 105698_787_2376_MF778942_B_NA_NA
105698+787+2376+MF778941+B+NA+NA -> 105698_787_2376_MF778941_B_NA_NA
105698+787+2376+MF778940+B+NA+NA -> 105698_787_2376_MF778940_B_NA_NA
105698+787+2376+MF778939+B+NA+NA -> 105698_787_2376_MF778939_B_NA_NA
105698+787+2376+MF778938+B+NA+NA -> 105698_787_2376_MF778938_B_NA_NA
105698+787+2376+MF778937+B+NA+NA -> 105698_787_2376_MF778937_B_NA_NA
105698+787+2376+MF778936+B+NA+NA -> 105698_787_2376_MF778936_B_NA_NA
105698+787+2376+MF778935+B+NA+NA -> 105698_787_2376_MF778935_B_NA_NA
105698+787+2376+MF778934+B+NA+NA -> 105698_787_2376_MF778934_B_NA_NA
105698+787+2376+MF778933+B+NA+NA -> 105698_787_2376_MF778933_B_NA_NA
105698+787+2376+MF778932+B+NA+NA -> 105698_787_2376_MF778932_B_NA_NA
105698+787+2376+MF778931+B+NA+NA -> 105698_787_2376_MF778931_B_NA_NA
105698+787+2376+MF778930+B+NA+NA -> 105698_787_2376_MF778930_B_NA_NA
105698+787+2376+MF778929+B+NA+NA -> 105698_787_2376_MF778929_B_NA_NA
105698+787+2376+MF778928+B+NA+NA -> 105698_787_2376_MF778928_B_NA_NA
105698+787+2376+MF778927+B+NA+NA -> 105698_787_2376_MF778927_B_NA_NA
105698+787+2376+MF778926+B+NA+NA -> 105698_787_2376_MF778926_B_NA_NA
105698+787+2376+MF778925+B+NA+NA -> 105698_787_2376_MF778925_B_NA_NA
105698+787+2376+MF778924+B+NA+NA -> 105698_787_2376_MF778924_B_NA_NA
105698+787+2376+MF778923+B+NA+NA -> 105698_787_2376_MF778923_B_NA_NA
105698+787+2376+MF778922+B+NA+NA -> 105698_787_2376_MF778922_B_NA_NA
105698+787+2376+MF778921+B+NA+NA -> 105698_787_2376_MF778921_B_NA_NA
105698+787+2376+MF778920+B+NA+NA -> 105698_787_2376_MF778920_B_NA_NA
105698+787+2376+MF778919+B+NA+NA -> 105698_787_2376_MF778919_B_NA_NA
105698+787+2376+MF778918+B+NA+NA -> 105698_787_2376_MF778918_B_NA_NA
105698+787+2376+MF778917+B+NA+NA -> 105698_787_2376_MF778917_B_NA_NA
105698+787+2376+MF778916+B+NA+NA -> 105698_787_2376_MF778916_B_NA_NA
105698+787+2376+MF778915+B+NA+NA -> 105698_787_2376_MF778915_B_NA_NA
105698+787+2376+MF778914+B+NA+NA -> 105698_787_2376_MF778914_B_NA_NA
105698+787+2376+MF778913+B+NA+NA -> 105698_787_2376_MF778913_B_NA_NA
105698+787+2376+MF778912+B+NA+NA -> 105698_787_2376_MF778912_B_NA_NA
105698+787+2376+MF778911+B+NA+NA -> 105698_787_2376_MF778911_B_NA_NA
105698+787+2376+MF778910+B+NA+NA -> 105698_787_2376_MF778910_B_NA_NA
105698+787+2376+MF778909+B+NA+NA -> 105698_787_2376_MF778909_B_NA_NA
105698+787+2376+MF778908+B+NA+NA -> 105698_787_2376_MF778908_B_NA_NA
105698+787+2376+MF778907+B+NA+NA -> 105698_787_2376_MF778907_B_NA_NA
105698+787+2376+MF778906+B+NA+NA -> 105698_787_2376_MF778906_B_NA_NA
105698+787+2369+MF778905+B+NA+NA -> 105698_787_2369_MF778905_B_NA_NA
105698+787+2376+MF778904+B+NA+NA -> 105698_787_2376_MF778904_B_NA_NA
105698+787+2376+MF778903+B+NA+NA -> 105698_787_2376_MF778903_B_NA_NA
105698+787+2376+MF778902+B+NA+NA -> 105698_787_2376_MF778902_B_NA_NA
105698+787+2376+MF778901+B+NA+NA -> 105698_787_2376_MF778901_B_NA_NA
105698+787+2376+MF778900+B+NA+NA -> 105698_787_2376_MF778900_B_NA_NA
105698+787+2376+MF778899+B+NA+NA -> 105698_787_2376_MF778899_B_NA_NA
105698+787+2376+MF778898+B+NA+NA -> 105698_787_2376_MF778898_B_NA_NA
105698+787+2376+MF778897+B+NA+NA -> 105698_787_2376_MF778897_B_NA_NA
105698+787+2376+MF778896+B+NA+NA -> 105698_787_2376_MF778896_B_NA_NA
105698+787+2376+MF778895+B+NA+NA -> 105698_787_2376_MF778895_B_NA_NA
105698+787+2376+MF778894+B+NA+NA -> 105698_787_2376_MF778894_B_NA_NA
105698+787+2376+MF778893+B+NA+NA -> 105698_787_2376_MF778893_B_NA_NA
105698+787+2376+MF778892+B+NA+NA -> 105698_787_2376_MF778892_B_NA_NA
105698+787+2376+MF778891+B+NA+NA -> 105698_787_2376_MF778891_B_NA_NA
105698+785+2376+MF778890+B+NA+NA -> 105698_785_2376_MF778890_B_NA_NA
105698+787+2376+MF778889+B+NA+NA -> 105698_787_2376_MF778889_B_NA_NA
105698+787+2376+MF778888+B+NA+NA -> 105698_787_2376_MF778888_B_NA_NA
105698+787+2376+MF778887+B+NA+NA -> 105698_787_2376_MF778887_B_NA_NA
105698+787+2376+MF778886+B+NA+NA -> 105698_787_2376_MF778886_B_NA_NA
105698+787+2376+MF778885+B+NA+NA -> 105698_787_2376_MF778885_B_NA_NA
105698+787+2376+MF778884+B+NA+NA -> 105698_787_2376_MF778884_B_NA_NA
105698+787+2376+MF778883+B+NA+NA -> 105698_787_2376_MF778883_B_NA_NA
105698+787+2376+MF778882+B+NA+NA -> 105698_787_2376_MF778882_B_NA_NA
105698+787+2376+MF778881+B+NA+NA -> 105698_787_2376_MF778881_B_NA_NA
105698+787+2376+MF778880+B+NA+NA -> 105698_787_2376_MF778880_B_NA_NA
105698+787+2376+MF778879+B+NA+NA -> 105698_787_2376_MF778879_B_NA_NA
105698+787+2376+MF778878+B+NA+NA -> 105698_787_2376_MF778878_B_NA_NA
105698+787+2376+MF778877+B+NA+NA -> 105698_787_2376_MF778877_B_NA_NA
105698+787+2376+MF778876+B+NA+NA -> 105698_787_2376_MF778876_B_NA_NA
105698+787+2376+MF778875+B+NA+NA -> 105698_787_2376_MF778875_B_NA_NA
105698+787+2376+MF778874+B+NA+NA -> 105698_787_2376_MF778874_B_NA_NA
105698+787+2376+MF778873+B+NA+NA -> 105698_787_2376_MF778873_B_NA_NA
105698+787+2376+MF778872+B+NA+NA -> 105698_787_2376_MF778872_B_NA_NA
105698+787+2376+MF778871+B+NA+NA -> 105698_787_2376_MF778871_B_NA_NA
105698+787+2376+MF778870+B+NA+NA -> 105698_787_2376_MF778870_B_NA_NA
105698+787+2376+MF778869+B+NA+NA -> 105698_787_2376_MF778869_B_NA_NA
105698+787+2376+MF778868+B+NA+NA -> 105698_787_2376_MF778868_B_NA_NA
105698+787+2376+MF778867+B+NA+NA -> 105698_787_2376_MF778867_B_NA_NA
105698+787+2376+MF778866+B+NA+NA -> 105698_787_2376_MF778866_B_NA_NA
105698+787+2376+MF778865+B+NA+NA -> 105698_787_2376_MF778865_B_NA_NA
105698+787+2376+MF778864+B+NA+NA -> 105698_787_2376_MF778864_B_NA_NA
105698+787+2376+MF778863+B+NA+NA -> 105698_787_2376_MF778863_B_NA_NA
105698+787+2376+MF778862+B+NA+NA -> 105698_787_2376_MF778862_B_NA_NA
105698+787+2376+MF778861+B+NA+NA -> 105698_787_2376_MF778861_B_NA_NA
105698+787+2376+MF778860+B+NA+NA -> 105698_787_2376_MF778860_B_NA_NA
105698+787+2376+MF778859+B+NA+NA -> 105698_787_2376_MF778859_B_NA_NA
105698+787+2376+MF778858+B+NA+NA -> 105698_787_2376_MF778858_B_NA_NA
105698+787+2376+MF778857+B+NA+NA -> 105698_787_2376_MF778857_B_NA_NA
105698+787+2376+MF778856+B+NA+NA -> 105698_787_2376_MF778856_B_NA_NA
105698+787+2376+MF778855+B+NA+NA -> 105698_787_2376_MF778855_B_NA_NA
105698+787+2376+MF778854+B+NA+NA -> 105698_787_2376_MF778854_B_NA_NA
105698+787+2376+MF778853+B+NA+NA -> 105698_787_2376_MF778853_B_NA_NA
105698+787+2376+MF778852+B+NA+NA -> 105698_787_2376_MF778852_B_NA_NA
105698+787+2376+MF778851+B+NA+NA -> 105698_787_2376_MF778851_B_NA_NA
105698+787+2376+MF778850+B+NA+NA -> 105698_787_2376_MF778850_B_NA_NA
105698+787+2376+MF778849+B+NA+NA -> 105698_787_2376_MF778849_B_NA_NA
105698+787+2376+MF778848+B+NA+NA -> 105698_787_2376_MF778848_B_NA_NA
105698+787+2376+MF778847+B+NA+NA -> 105698_787_2376_MF778847_B_NA_NA
105698+787+2376+MF778846+B+NA+NA -> 105698_787_2376_MF778846_B_NA_NA
105698+787+2376+MF778845+B+NA+NA -> 105698_787_2376_MF778845_B_NA_NA
105698+787+2349+MF778844+B+NA+NA -> 105698_787_2349_MF778844_B_NA_NA
105698+787+2349+MF778843+B+NA+NA -> 105698_787_2349_MF778843_B_NA_NA
105698+787+2349+MF778842+B+NA+NA -> 105698_787_2349_MF778842_B_NA_NA
105698+787+2349+MF778841+B+NA+NA -> 105698_787_2349_MF778841_B_NA_NA
105698+787+2349+MF778840+B+NA+NA -> 105698_787_2349_MF778840_B_NA_NA
105698+787+2376+MF778839+B+NA+NA -> 105698_787_2376_MF778839_B_NA_NA
105698+787+2376+MF778838+B+NA+NA -> 105698_787_2376_MF778838_B_NA_NA
105698+787+2376+MF778837+B+NA+NA -> 105698_787_2376_MF778837_B_NA_NA
105698+787+2376+MF778836+B+NA+NA -> 105698_787_2376_MF778836_B_NA_NA
105698+787+2376+MF778835+B+NA+NA -> 105698_787_2376_MF778835_B_NA_NA
105698+787+2376+MF778834+B+NA+NA -> 105698_787_2376_MF778834_B_NA_NA
105698+787+2376+MF778833+B+NA+NA -> 105698_787_2376_MF778833_B_NA_NA
105698+787+2376+MF778832+B+NA+NA -> 105698_787_2376_MF778832_B_NA_NA
105698+787+2376+MF778831+B+NA+NA -> 105698_787_2376_MF778831_B_NA_NA
105698+787+2376+MF778830+B+NA+NA -> 105698_787_2376_MF778830_B_NA_NA
105698+787+2376+MF778829+B+NA+NA -> 105698_787_2376_MF778829_B_NA_NA
105698+787+2376+MF778828+B+NA+NA -> 105698_787_2376_MF778828_B_NA_NA
105698+787+2376+MF778827+B+NA+NA -> 105698_787_2376_MF778827_B_NA_NA
105698+787+2376+MF778826+B+NA+NA -> 105698_787_2376_MF778826_B_NA_NA
105698+787+2376+MF778825+B+NA+NA -> 105698_787_2376_MF778825_B_NA_NA
105698+787+2376+MF778824+B+NA+NA -> 105698_787_2376_MF778824_B_NA_NA
105698+787+2376+MF778823+B+NA+NA -> 105698_787_2376_MF778823_B_NA_NA
105698+787+2376+MF778822+B+NA+NA -> 105698_787_2376_MF778822_B_NA_NA
105698+787+2376+MF778821+B+NA+NA -> 105698_787_2376_MF778821_B_NA_NA
105698+787+2376+MF778820+B+NA+NA -> 105698_787_2376_MF778820_B_NA_NA
105698+787+2376+MF778819+B+NA+NA -> 105698_787_2376_MF778819_B_NA_NA
105698+787+2376+MF778818+B+NA+NA -> 105698_787_2376_MF778818_B_NA_NA
105698+787+2376+MF778817+B+NA+NA -> 105698_787_2376_MF778817_B_NA_NA
105698+787+2376+MF778816+B+NA+NA -> 105698_787_2376_MF778816_B_NA_NA
105698+787+2376+MF778815+B+NA+NA -> 105698_787_2376_MF778815_B_NA_NA
105698+787+2376+MF778814+B+NA+NA -> 105698_787_2376_MF778814_B_NA_NA
105698+787+2376+MF778813+B+NA+NA -> 105698_787_2376_MF778813_B_NA_NA
105698+787+2376+MF778812+B+NA+NA -> 105698_787_2376_MF778812_B_NA_NA
105698+787+2376+MF778811+B+NA+NA -> 105698_787_2376_MF778811_B_NA_NA
105698+787+2376+MF778810+B+NA+NA -> 105698_787_2376_MF778810_B_NA_NA
105698+787+2376+MF778809+B+NA+NA -> 105698_787_2376_MF778809_B_NA_NA
105698+787+2376+MF778808+B+NA+NA -> 105698_787_2376_MF778808_B_NA_NA
105698+787+2376+MF778807+B+NA+NA -> 105698_787_2376_MF778807_B_NA_NA
105698+787+2376+MF778806+B+NA+NA -> 105698_787_2376_MF778806_B_NA_NA
105698+787+2376+MF778805+B+NA+NA -> 105698_787_2376_MF778805_B_NA_NA
105698+787+2376+MF778804+B+NA+NA -> 105698_787_2376_MF778804_B_NA_NA
105698+787+2376+MF778803+B+NA+NA -> 105698_787_2376_MF778803_B_NA_NA
105698+787+2376+MF778802+B+NA+NA -> 105698_787_2376_MF778802_B_NA_NA
105698+787+2376+MF778801+B+NA+NA -> 105698_787_2376_MF778801_B_NA_NA
105698+787+2376+MF778800+B+NA+NA -> 105698_787_2376_MF778800_B_NA_NA
105698+787+2376+MF778799+B+NA+NA -> 105698_787_2376_MF778799_B_NA_NA
105698+787+2376+MF778798+B+NA+NA -> 105698_787_2376_MF778798_B_NA_NA
105698+787+2376+MF778797+B+NA+NA -> 105698_787_2376_MF778797_B_NA_NA
105698+787+2376+MF778796+B+NA+NA -> 105698_787_2376_MF778796_B_NA_NA
105698+787+2376+MF778795+B+NA+NA -> 105698_787_2376_MF778795_B_NA_NA
105698+787+2376+MF778794+B+NA+NA -> 105698_787_2376_MF778794_B_NA_NA
105698+787+2376+MF778793+B+NA+NA -> 105698_787_2376_MF778793_B_NA_NA
105698+787+2376+MF778792+B+NA+NA -> 105698_787_2376_MF778792_B_NA_NA
105698+787+2376+MF778791+B+NA+NA -> 105698_787_2376_MF778791_B_NA_NA
105698+787+2376+MF778790+B+NA+NA -> 105698_787_2376_MF778790_B_NA_NA
105698+787+2376+MF778789+B+NA+NA -> 105698_787_2376_MF778789_B_NA_NA
105698+787+2376+MF778788+B+NA+NA -> 105698_787_2376_MF778788_B_NA_NA
105698+787+2376+MF778787+B+NA+NA -> 105698_787_2376_MF778787_B_NA_NA
105698+787+2376+MF778786+B+NA+NA -> 105698_787_2376_MF778786_B_NA_NA
105698+787+2376+MF778785+B+NA+NA -> 105698_787_2376_MF778785_B_NA_NA
105698+787+2376+MF778784+B+NA+NA -> 105698_787_2376_MF778784_B_NA_NA
105698+787+2376+MF778783+B+NA+NA -> 105698_787_2376_MF778783_B_NA_NA
105698+787+2376+MF778782+B+NA+NA -> 105698_787_2376_MF778782_B_NA_NA
105698+787+2376+MF778781+B+NA+NA -> 105698_787_2376_MF778781_B_NA_NA
105698+787+2376+MF778780+B+NA+NA -> 105698_787_2376_MF778780_B_NA_NA
105698+787+2376+MF778779+B+NA+NA -> 105698_787_2376_MF778779_B_NA_NA

                                  Gap/Ambiguity  Composition  p-value
Analyzing sequences: done in 0.000627067 secs using 79.58% CPU
   1  105698_787_2376_MF779057_B_NA_NA    3.55%    passed     99.39%
   2  105698_787_2376_MF779056_B_NA_NA    3.55%    passed     98.94%
   3  105698_787_2376_MF779055_B_NA_NA    3.55%    passed     99.22%
   4  105698_787_2376_MF779054_B_NA_NA    3.55%    passed     99.72%
   5  105698_787_2376_MF779053_B_NA_NA    3.55%    passed     99.99%
   6  105698_787_2376_MF779052_B_NA_NA    3.55%    passed     99.52%
   7  105698_787_2376_MF779051_B_NA_NA    3.67%    passed     94.60%
   8  105698_787_2376_MF779050_B_NA_NA    3.55%    passed     99.76%
   9  105698_787_2376_MF779049_B_NA_NA    3.61%    passed     99.42%
  10  105698_787_2376_MF779048_B_NA_NA    3.55%    passed     99.19%
  11  105698_787_2376_MF779047_B_NA_NA    3.55%    passed     99.22%
  12  105698_787_2376_MF779046_B_NA_NA    3.55%    passed     99.25%
  13  105698_787_2376_MF779045_B_NA_NA    3.67%    passed     99.95%
  14  105698_787_2376_MF779044_B_NA_NA    3.55%    passed     97.47%
  15  105698_787_2376_MF779043_B_NA_NA    3.55%    passed     98.63%
  16  105698_787_2376_MF779042_B_NA_NA    3.61%    passed     99.95%
  17  105698_787_2376_MF779041_B_NA_NA    3.55%    passed     99.06%
  18  105698_787_2376_MF779040_B_NA_NA    3.61%    passed     99.98%
  19  105698_787_2376_MF779039_B_NA_NA    3.55%    passed     99.01%
  20  105698_787_2376_MF779038_B_NA_NA    3.55%    passed     98.54%
  21  105698_787_2376_MF779037_B_NA_NA    3.55%    passed     94.41%
  22  105698_787_2376_MF779036_B_NA_NA    3.55%    passed     97.27%
  23  105698_787_2376_MF779035_B_NA_NA    3.55%    passed     98.70%
  24  105698_787_2376_MF779034_B_NA_NA    3.55%    passed     99.95%
  25  105698_787_2376_MF779033_B_NA_NA    3.55%    passed     99.08%
  26  105698_787_2376_MF779032_B_NA_NA    3.55%    passed     99.76%
  27  105698_787_2376_MF779031_B_NA_NA    3.61%    passed     99.95%
  28  105698_787_2376_MF779030_B_NA_NA    3.55%    passed     97.52%
  29  105698_787_2376_MF779029_B_NA_NA    3.61%    passed     99.88%
  30  105698_787_2376_MF779028_B_NA_NA    3.55%    passed     99.97%
  31  105698_787_2376_MF779027_B_NA_NA    3.55%    passed     99.98%
  32  105698_787_2376_MF779026_B_NA_NA    3.55%    passed     99.99%
  33  105698_787_2376_MF779025_B_NA_NA    3.55%    passed     99.98%
  34  105698_787_2376_MF779024_B_NA_NA    3.67%    passed     99.95%
  35  105698_787_2376_MF779023_B_NA_NA    3.55%    passed     99.92%
  36  105698_787_2376_MF779022_B_NA_NA    3.61%    passed     97.80%
  37  105698_787_2376_MF779021_B_NA_NA    3.61%    passed     99.94%
  38  105698_787_2376_MF779020_B_NA_NA    3.55%    passed     99.76%
  39  105698_787_2376_MF779019_B_NA_NA    3.61%    passed     99.91%
  40  105698_787_2376_MF779018_B_NA_NA    3.55%    passed     99.76%
  41  105698_787_2376_MF779017_B_NA_NA    3.55%    passed     99.97%
  42  105698_787_2376_MF779016_B_NA_NA    3.55%    passed     98.72%
  43  105698_787_2376_MF779015_B_NA_NA    3.55%    passed     99.58%
  44  105698_787_2376_MF779014_B_NA_NA    3.55%    passed     99.07%
  45  105698_787_2376_MF779013_B_NA_NA    3.55%    passed     99.97%
  46  105698_787_2376_MF779012_B_NA_NA    3.61%    passed     99.89%
  47  105698_787_2376_MF779011_B_NA_NA    3.61%    passed     98.61%
  48  105698_787_2376_MF779010_B_NA_NA    3.61%    passed     98.96%
  49  105698_787_2376_MF779009_B_NA_NA    3.55%    passed     97.39%
  50  105698_787_2376_MF779008_B_NA_NA    3.55%    passed     99.70%
  51  105698_787_2376_MF779007_B_NA_NA    3.55%    passed     99.21%
  52  105698_787_2376_MF779006_B_NA_NA    3.61%    passed     99.99%
  53  105698_787_2376_MF779005_B_NA_NA    3.55%    passed     99.98%
  54  105698_787_2376_MF779004_B_NA_NA    3.55%    passed     99.41%
  55  105698_787_2376_MF779003_B_NA_NA    3.55%    passed     99.57%
  56  105698_787_2376_MF779002_B_NA_NA    3.61%    passed     99.87%
  57  105698_787_2376_MF779001_B_NA_NA    3.67%    passed     99.95%
  58  105698_787_2376_MF779000_B_NA_NA    3.61%    passed     99.59%
  59  105698_787_2376_MF778999_B_NA_NA    3.49%    passed     97.55%
  60  105698_787_2376_MF778998_B_NA_NA    3.55%    passed     99.46%
  61  105698_787_2376_MF778997_B_NA_NA    3.55%    passed     99.99%
  62  105698_787_2376_MF778996_B_NA_NA    3.55%    passed     99.58%
  63  105698_787_2376_MF778995_B_NA_NA    3.55%    passed     99.77%
  64  105698_787_2376_MF778994_B_NA_NA    3.55%    passed     99.97%
  65  105698_787_2376_MF778993_B_NA_NA    3.55%    passed     99.58%
  66  105698_787_2376_MF778992_B_NA_NA    3.55%    passed     98.87%
  67  105698_787_2374_MF778991_B_NA_NA    3.67%    passed     98.68%
  68  105698_762_2402_MF778990_B_NA_NA    0.42%    passed     91.16%
  69  105698_760_2405_MF778989_B_NA_NA    0.24%    passed     96.88%
  70  105698_787_2376_MF778988_B_NA_NA    3.55%    passed     99.21%
  71  105698_787_2383_MF778987_B_NA_NA    3.13%    passed    100.00%
  72  105698_787_2376_MF778986_B_NA_NA    3.55%    passed     99.94%
  73  105698_787_2375_MF778985_B_NA_NA    3.67%    passed     99.79%
  74  105698_787_2375_MF778984_B_NA_NA    3.61%    passed     99.73%
  75  105698_787_2375_MF778983_B_NA_NA    3.61%    passed     99.73%
  76  105698_787_2375_MF778982_B_NA_NA    3.67%    passed     99.84%
  77  105698_787_2375_MF778981_B_NA_NA    3.61%    passed     99.79%
  78  105698_787_2375_MF778980_B_NA_NA    3.67%    passed     99.84%
  79  105698_791_2375_MF778979_B_NA_NA    3.85%    passed    100.00%
  80  105698_787_2375_MF778978_B_NA_NA    3.61%    passed     99.13%
  81  105698_787_2375_MF778977_B_NA_NA    3.61%    passed     99.95%
  82  105698_787_2375_MF778976_B_NA_NA    3.61%    passed     99.53%
  83  105698_787_2375_MF778975_B_NA_NA    3.61%    passed     99.71%
  84  105698_787_2375_MF778974_B_NA_NA    3.61%    passed     99.44%
  85  105698_787_2375_MF778973_B_NA_NA    3.61%    passed     99.44%
  86  105698_787_2375_MF778972_B_NA_NA    3.67%    passed     99.45%
  87  105698_787_2375_MF778971_B_NA_NA    3.61%    passed     99.95%
  88  105698_787_2375_MF778970_B_NA_NA    3.61%    passed     99.64%
  89  105698_787_2375_MF778969_B_NA_NA    3.67%    passed     99.91%
  90  105698_787_2375_MF778968_B_NA_NA    3.61%    passed     99.84%
  91  105698_787_2375_MF778967_B_NA_NA    3.61%    passed     99.31%
  92  105698_787_2375_MF778966_B_NA_NA    3.67%    passed     98.81%
  93  105698_787_2375_MF778965_B_NA_NA    3.61%    passed     99.29%
  94  105698_787_2375_MF778964_B_NA_NA    3.61%    passed     99.37%
  95  105698_787_2376_MF778963_B_NA_NA    3.61%    passed     99.50%
  96  105698_787_2376_MF778962_B_NA_NA    3.55%    passed     99.98%
  97  105698_787_2376_MF778961_B_NA_NA    3.61%    passed     99.29%
  98  105698_787_2376_MF778960_B_NA_NA    3.55%    passed     99.40%
  99  105698_787_2376_MF778959_B_NA_NA    6.02%    passed     99.01%
 100  105698_787_2376_MF778958_B_NA_NA    3.55%    passed     98.00%
 101  105698_787_2376_MF778957_B_NA_NA    3.61%    passed     99.75%
 102  105698_787_2376_MF778956_B_NA_NA    3.55%    passed     99.50%
 103  105698_787_2376_MF778955_B_NA_NA    3.55%    passed     99.21%
 104  105698_787_2376_MF778954_B_NA_NA    3.55%    passed     99.92%
 105  105698_787_2376_MF778953_B_NA_NA    3.61%    passed     99.99%
 106  105698_787_2376_MF778952_B_NA_NA    3.55%    passed     99.65%
 107  105698_787_2376_MF778951_B_NA_NA    3.55%    passed     98.29%
 108  105698_787_2376_MF778950_B_NA_NA    3.55%    passed     99.86%
 109  105698_787_2376_MF778949_B_NA_NA    3.61%    passed     99.86%
 110  105698_787_2376_MF778948_B_NA_NA    3.61%    passed     99.75%
 111  105698_787_2376_MF778947_B_NA_NA    3.55%    passed     99.72%
 112  105698_787_2376_MF778946_B_NA_NA    3.61%    passed     99.99%
 113  105698_787_2376_MF778945_B_NA_NA    3.55%    passed     99.97%
 114  105698_787_2376_MF778944_B_NA_NA    3.61%    passed     99.98%
 115  105698_787_2376_MF778943_B_NA_NA    3.55%    passed     99.72%
 116  105698_787_2376_MF778942_B_NA_NA    3.55%    passed     99.83%
 117  105698_787_2376_MF778941_B_NA_NA    3.55%    passed     99.34%
 118  105698_787_2376_MF778940_B_NA_NA    3.55%    passed     99.43%
 119  105698_787_2376_MF778939_B_NA_NA    4.46%    passed     99.98%
 120  105698_787_2376_MF778938_B_NA_NA    3.55%    passed     99.86%
 121  105698_787_2376_MF778937_B_NA_NA    3.61%    passed     99.58%
 122  105698_787_2376_MF778936_B_NA_NA    3.55%    passed     99.87%
 123  105698_787_2376_MF778935_B_NA_NA    3.55%    passed     99.83%
 124  105698_787_2376_MF778934_B_NA_NA    4.52%    passed     99.95%
 125  105698_787_2376_MF778933_B_NA_NA    3.55%    passed     99.83%
 126  105698_787_2376_MF778932_B_NA_NA    3.55%    passed     99.83%
 127  105698_787_2376_MF778931_B_NA_NA    3.55%    passed     99.96%
 128  105698_787_2376_MF778930_B_NA_NA    3.55%    passed     99.81%
 129  105698_787_2376_MF778929_B_NA_NA    3.55%    passed     99.57%
 130  105698_787_2376_MF778928_B_NA_NA    4.46%    passed     99.98%
 131  105698_787_2376_MF778927_B_NA_NA    3.55%    passed     99.30%
 132  105698_787_2376_MF778926_B_NA_NA    3.55%    passed     99.96%
 133  105698_787_2376_MF778925_B_NA_NA    3.55%    passed     99.89%
 134  105698_787_2376_MF778924_B_NA_NA    3.55%    passed     99.41%
 135  105698_787_2376_MF778923_B_NA_NA    4.52%    passed     99.87%
 136  105698_787_2376_MF778922_B_NA_NA    3.55%    passed     99.99%
 137  105698_787_2376_MF778921_B_NA_NA    3.55%    passed     99.29%
 138  105698_787_2376_MF778920_B_NA_NA    3.55%    passed     99.86%
 139  105698_787_2376_MF778919_B_NA_NA    4.52%    passed     99.48%
 140  105698_787_2376_MF778918_B_NA_NA    4.46%    passed     98.93%
 141  105698_787_2376_MF778917_B_NA_NA    4.46%    passed     98.38%
 142  105698_787_2376_MF778916_B_NA_NA    4.46%    passed     99.41%
 143  105698_787_2376_MF778915_B_NA_NA    4.46%    passed     99.69%
 144  105698_787_2376_MF778914_B_NA_NA    3.61%    passed     99.98%
 145  105698_787_2376_MF778913_B_NA_NA    4.46%    passed     99.67%
 146  105698_787_2376_MF778912_B_NA_NA    3.61%    passed     98.86%
 147  105698_787_2376_MF778911_B_NA_NA    3.55%    passed     99.83%
 148  105698_787_2376_MF778910_B_NA_NA    4.46%    passed     99.67%
 149  105698_787_2376_MF778909_B_NA_NA    3.61%    passed     99.98%
 150  105698_787_2376_MF778908_B_NA_NA    4.46%    passed     99.59%
 151  105698_787_2376_MF778907_B_NA_NA    4.46%    passed     98.81%
 152  105698_787_2376_MF778906_B_NA_NA    3.61%    passed     99.86%
 153  105698_787_2369_MF778905_B_NA_NA    4.88%    passed     99.94%
 154  105698_787_2376_MF778904_B_NA_NA    4.46%    passed     99.41%
 155  105698_787_2376_MF778903_B_NA_NA    4.46%    passed     99.83%
 156  105698_787_2376_MF778902_B_NA_NA    4.52%    passed     99.96%
 157  105698_787_2376_MF778901_B_NA_NA    4.46%    passed    100.00%
 158  105698_787_2376_MF778900_B_NA_NA    4.52%    passed     99.97%
 159  105698_787_2376_MF778899_B_NA_NA    4.52%    passed     99.98%
 160  105698_787_2376_MF778898_B_NA_NA    4.46%    passed     99.93%
 161  105698_787_2376_MF778897_B_NA_NA    4.46%    passed     99.98%
 162  105698_787_2376_MF778896_B_NA_NA    4.52%    passed     99.97%
 163  105698_787_2376_MF778895_B_NA_NA    4.46%    passed     99.66%
 164  105698_787_2376_MF778894_B_NA_NA    4.46%    passed     99.35%
 165  105698_787_2376_MF778893_B_NA_NA    4.46%    passed     99.91%
 166  105698_787_2376_MF778892_B_NA_NA    4.46%    passed     98.06%
 167  105698_787_2376_MF778891_B_NA_NA    4.46%    passed     99.72%
 168  105698_785_2376_MF778890_B_NA_NA    4.33%    passed     99.54%
 169  105698_787_2376_MF778889_B_NA_NA    4.46%    passed     99.88%
 170  105698_787_2376_MF778888_B_NA_NA    4.46%    passed     99.83%
 171  105698_787_2376_MF778887_B_NA_NA    4.46%    passed     99.89%
 172  105698_787_2376_MF778886_B_NA_NA    4.46%    passed     99.99%
 173  105698_787_2376_MF778885_B_NA_NA    4.46%    passed     99.72%
 174  105698_787_2376_MF778884_B_NA_NA    4.46%    passed     98.96%
 175  105698_787_2376_MF778883_B_NA_NA    4.46%    passed     99.94%
 176  105698_787_2376_MF778882_B_NA_NA    3.55%    passed     99.95%
 177  105698_787_2376_MF778881_B_NA_NA    4.52%    passed     99.98%
 178  105698_787_2376_MF778880_B_NA_NA    4.64%    passed     99.99%
 179  105698_787_2376_MF778879_B_NA_NA    4.46%    passed     99.99%
 180  105698_787_2376_MF778878_B_NA_NA    4.46%    passed     99.94%
 181  105698_787_2376_MF778877_B_NA_NA    4.52%    passed     99.97%
 182  105698_787_2376_MF778876_B_NA_NA    4.46%    passed     99.98%
 183  105698_787_2376_MF778875_B_NA_NA    4.46%    passed     99.89%
 184  105698_787_2376_MF778874_B_NA_NA    4.46%    passed     99.98%
 185  105698_787_2376_MF778873_B_NA_NA    4.46%    passed     99.89%
 186  105698_787_2376_MF778872_B_NA_NA    4.46%    passed     99.96%
 187  105698_787_2376_MF778871_B_NA_NA    4.46%    passed     99.89%
 188  105698_787_2376_MF778870_B_NA_NA    4.46%    passed     99.99%
 189  105698_787_2376_MF778869_B_NA_NA    4.46%    passed     99.97%
 190  105698_787_2376_MF778868_B_NA_NA    4.46%    passed     99.92%
 191  105698_787_2376_MF778867_B_NA_NA    4.46%    passed     99.89%
 192  105698_787_2376_MF778866_B_NA_NA    4.52%    passed     99.76%
 193  105698_787_2376_MF778865_B_NA_NA    4.46%    passed     99.84%
 194  105698_787_2376_MF778864_B_NA_NA    4.46%    passed     99.96%
 195  105698_787_2376_MF778863_B_NA_NA    4.46%    passed     99.89%
 196  105698_787_2376_MF778862_B_NA_NA    4.46%    passed     99.98%
 197  105698_787_2376_MF778861_B_NA_NA    4.46%    passed    100.00%
 198  105698_787_2376_MF778860_B_NA_NA    4.52%    passed     99.94%
 199  105698_787_2376_MF778859_B_NA_NA    4.46%    passed     99.98%
 200  105698_787_2376_MF778858_B_NA_NA    4.46%    passed     99.99%
 201  105698_787_2376_MF778857_B_NA_NA    4.52%    passed     99.99%
 202  105698_787_2376_MF778856_B_NA_NA    4.46%    passed     99.78%
 203  105698_787_2376_MF778855_B_NA_NA    4.46%    passed    100.00%
 204  105698_787_2376_MF778854_B_NA_NA    4.46%    passed     99.94%
 205  105698_787_2376_MF778853_B_NA_NA    4.46%    passed     99.70%
 206  105698_787_2376_MF778852_B_NA_NA    4.46%    passed     99.87%
 207  105698_787_2376_MF778851_B_NA_NA    4.46%    passed     99.83%
 208  105698_787_2376_MF778850_B_NA_NA    4.46%    passed     99.87%
 209  105698_787_2376_MF778849_B_NA_NA    4.46%    passed     99.89%
 210  105698_787_2376_MF778848_B_NA_NA    4.46%    passed     99.92%
 211  105698_787_2376_MF778847_B_NA_NA    4.52%    passed     99.96%
 212  105698_787_2376_MF778846_B_NA_NA    4.46%    passed     99.92%
 213  105698_787_2376_MF778845_B_NA_NA    4.46%    passed     99.98%
 214  105698_787_2349_MF778844_B_NA_NA    6.14%    passed     99.24%
 215  105698_787_2349_MF778843_B_NA_NA    6.08%    passed     99.86%
 216  105698_787_2349_MF778842_B_NA_NA    6.08%    passed     99.64%
 217  105698_787_2349_MF778841_B_NA_NA    6.08%    passed     98.93%
 218  105698_787_2349_MF778840_B_NA_NA    6.26%    passed     99.94%
 219  105698_787_2376_MF778839_B_NA_NA    4.46%    passed     99.94%
 220  105698_787_2376_MF778838_B_NA_NA    4.46%    passed     99.94%
 221  105698_787_2376_MF778837_B_NA_NA    4.46%    passed     99.94%
 222  105698_787_2376_MF778836_B_NA_NA    4.46%    passed     99.83%
 223  105698_787_2376_MF778835_B_NA_NA    4.46%    passed     99.73%
 224  105698_787_2376_MF778834_B_NA_NA    4.46%    passed     99.83%
 225  105698_787_2376_MF778833_B_NA_NA    4.46%    passed     99.94%
 226  105698_787_2376_MF778832_B_NA_NA    4.46%    passed     99.82%
 227  105698_787_2376_MF778831_B_NA_NA    4.46%    passed     99.88%
 228  105698_787_2376_MF778830_B_NA_NA    4.46%    passed     99.95%
 229  105698_787_2376_MF778829_B_NA_NA    4.46%    passed     99.94%
 230  105698_787_2376_MF778828_B_NA_NA    4.46%    passed     99.70%
 231  105698_787_2376_MF778827_B_NA_NA    4.46%    passed     99.09%
 232  105698_787_2376_MF778826_B_NA_NA    4.46%    passed     99.78%
 233  105698_787_2376_MF778825_B_NA_NA    4.52%    passed     99.70%
 234  105698_787_2376_MF778824_B_NA_NA    4.46%    passed     99.92%
 235  105698_787_2376_MF778823_B_NA_NA    4.46%    passed     99.73%
 236  105698_787_2376_MF778822_B_NA_NA    4.46%    passed    100.00%
 237  105698_787_2376_MF778821_B_NA_NA    4.46%    passed     99.77%
 238  105698_787_2376_MF778820_B_NA_NA    4.46%    passed     99.94%
 239  105698_787_2376_MF778819_B_NA_NA    4.46%    passed     99.95%
 240  105698_787_2376_MF778818_B_NA_NA    4.46%    passed     99.98%
 241  105698_787_2376_MF778817_B_NA_NA    4.52%    passed     99.97%
 242  105698_787_2376_MF778816_B_NA_NA    4.46%    passed     99.77%
 243  105698_787_2376_MF778815_B_NA_NA    4.46%    passed    100.00%
 244  105698_787_2376_MF778814_B_NA_NA    4.46%    passed     99.92%
 245  105698_787_2376_MF778813_B_NA_NA    4.46%    passed    100.00%
 246  105698_787_2376_MF778812_B_NA_NA    4.46%    passed     99.94%
 247  105698_787_2376_MF778811_B_NA_NA    4.46%    passed    100.00%
 248  105698_787_2376_MF778810_B_NA_NA    4.46%    passed     99.73%
 249  105698_787_2376_MF778809_B_NA_NA    4.46%    passed    100.00%
 250  105698_787_2376_MF778808_B_NA_NA    4.52%    passed     99.95%
 251  105698_787_2376_MF778807_B_NA_NA    4.46%    passed     99.98%
 252  105698_787_2376_MF778806_B_NA_NA    4.46%    passed     99.93%
 253  105698_787_2376_MF778805_B_NA_NA    4.46%    passed     99.84%
 254  105698_787_2376_MF778804_B_NA_NA    4.52%    passed     99.89%
 255  105698_787_2376_MF778803_B_NA_NA    4.46%    passed    100.00%
 256  105698_787_2376_MF778802_B_NA_NA    4.46%    passed    100.00%
 257  105698_787_2376_MF778801_B_NA_NA    4.52%    passed    100.00%
 258  105698_787_2376_MF778800_B_NA_NA    4.46%    passed     99.35%
 259  105698_787_2376_MF778799_B_NA_NA    4.52%    passed     99.89%
 260  105698_787_2376_MF778798_B_NA_NA    4.46%    passed     99.98%
 261  105698_787_2376_MF778797_B_NA_NA    4.46%    passed     99.98%
 262  105698_787_2376_MF778796_B_NA_NA    4.46%    passed     99.98%
 263  105698_787_2376_MF778795_B_NA_NA    4.46%    passed     99.98%
 264  105698_787_2376_MF778794_B_NA_NA    4.46%    passed     99.94%
 265  105698_787_2376_MF778793_B_NA_NA    4.46%    passed     99.98%
 266  105698_787_2376_MF778792_B_NA_NA    4.46%    passed     99.98%
 267  105698_787_2376_MF778791_B_NA_NA    4.52%    passed     99.98%
 268  105698_787_2376_MF778790_B_NA_NA    4.46%    passed     99.98%
 269  105698_787_2376_MF778789_B_NA_NA    4.58%    passed    100.00%
 270  105698_787_2376_MF778788_B_NA_NA    4.52%    passed     99.96%
 271  105698_787_2376_MF778787_B_NA_NA    4.58%    passed     99.97%
 272  105698_787_2376_MF778786_B_NA_NA    4.46%    passed     99.98%
 273  105698_787_2376_MF778785_B_NA_NA    4.52%    passed     99.98%
 274  105698_787_2376_MF778784_B_NA_NA    4.58%    passed    100.00%
 275  105698_787_2376_MF778783_B_NA_NA    4.52%    passed     99.97%
 276  105698_787_2376_MF778782_B_NA_NA    4.46%    passed     99.98%
 277  105698_787_2376_MF778781_B_NA_NA    4.46%    passed     99.98%
 278  105698_787_2376_MF778780_B_NA_NA    4.46%    passed     99.98%
 279  105698_787_2376_MF778779_B_NA_NA    4.58%    passed     99.99%
****  TOTAL                               4.04%  0 sequences failed composition chi2 test (p-value<5%; df=3)
NOTE: 105698_787_2376_MF779047_B_NA_NA is identical to 105698_787_2376_MF779055_B_NA_NA but kept for subsequent analysis
NOTE: 105698_787_2376_MF779020_B_NA_NA is identical to 105698_787_2376_MF779032_B_NA_NA but kept for subsequent analysis
NOTE: 105698_787_2376_MF779017_B_NA_NA is identical to 105698_787_2376_MF779028_B_NA_NA but kept for subsequent analysis
NOTE: 105698_787_2376_MF778988_B_NA_NA is identical to 105698_787_2376_MF779007_B_NA_NA but kept for subsequent analysis
NOTE: 105698_787_2376_MF778932_B_NA_NA is identical to 105698_787_2376_MF778933_B_NA_NA but kept for subsequent analysis
NOTE: 105698_787_2376_MF778833_B_NA_NA is identical to 105698_787_2376_MF778839_B_NA_NA but kept for subsequent analysis
NOTE: 105698_787_2376_MF778820_B_NA_NA is identical to 105698_787_2376_MF778838_B_NA_NA but kept for subsequent analysis
NOTE: 105698_787_2376_MF778829_B_NA_NA is identical to 105698_787_2376_MF778837_B_NA_NA but kept for subsequent analysis
NOTE: 105698_787_2376_MF778834_B_NA_NA is identical to 105698_787_2376_MF778836_B_NA_NA but kept for subsequent analysis
NOTE: 105698_787_2376_MF778802_B_NA_NA is identical to 105698_787_2376_MF778803_B_NA_NA but kept for subsequent analysis
NOTE: 105698_787_2376_MF778796_B_NA_NA is identical to 105698_787_2376_MF778797_B_NA_NA but kept for subsequent analysis
NOTE: 6 identical sequences (see below) will be ignored for subsequent analysis
NOTE: 105698_787_2376_MF779018_B_NA_NA (identical to 105698_787_2376_MF779032_B_NA_NA) is ignored but added at the end
NOTE: 105698_787_2376_MF778812_B_NA_NA (identical to 105698_787_2376_MF778839_B_NA_NA) is ignored but added at the end
NOTE: 105698_787_2376_MF778795_B_NA_NA (identical to 105698_787_2376_MF778797_B_NA_NA) is ignored but added at the end
NOTE: 105698_787_2376_MF778792_B_NA_NA (identical to 105698_787_2376_MF778797_B_NA_NA) is ignored but added at the end
NOTE: 105698_787_2376_MF778790_B_NA_NA (identical to 105698_787_2376_MF778797_B_NA_NA) is ignored but added at the end
NOTE: 105698_787_2376_MF778781_B_NA_NA (identical to 105698_787_2376_MF778797_B_NA_NA) is ignored but added at the end
Alignment was printed to iqtree_subset/105698+1+B.uniqueseq.phy

For your convenience alignment with unique sequences printed to iqtree_subset/105698+1+B.uniqueseq.phy

Create initial parsimony tree by phylogenetic likelihood library (PLL)... 0.056 seconds

NOTE: 18 MB RAM (0 GB) is required!
Measuring multi-threading efficiency up to 1 CPU cores
Increase to 10 rounds for branch lengths
3 trees examined
Threads: 1 / Time: 1.397 sec / Speedup: 1.000 / Efficiency: 100% / LogL: -19910
BEST NUMBER OF THREADS: 1

Estimate model parameters (epsilon = 0.100)
1. Initial log-likelihood: -12294.546
2. Current log-likelihood: -11425.495
3. Current log-likelihood: -11214.747
4. Current log-likelihood: -11213.470
5. Current log-likelihood: -11213.215
6. Current log-likelihood: -11213.045
7. Current log-likelihood: -11212.934
Optimal log-likelihood: -11212.829
Rate parameters:  A-C: 0.83264  A-G: 5.52548  A-T: 0.46555  C-G: 0.11910  C-T: 6.63303  G-T: 1.00000
Base frequencies:  A: 0.373  C: 0.191  G: 0.249  T: 0.188
Proportion of invariable sites: 0.526
Site proportion and rates:  (0.197,0.443) (0.148,0.848) (0.098,3.500) (0.032,13.953)
Parameters optimization took 7 rounds (5.821 sec)
Wrote distance file to... 
Computing ML distances based on estimated model parameters...
Calculating distance matrix: done in 0.809963 secs using 99.74% CPU
Computing ML distances took 0.811003 sec (of wall-clock time) 0.808916 sec (of CPU time)
Setting up auxiliary I and S matrices: done in 0.00189584 secs using 46.79% CPU
Computing RapidNJ tree took 0.008055 sec (of wall-clock time) 0.007026 sec (of CPU time)
Log-likelihood of RapidNJ tree: -11325.588
--------------------------------------------------------------------
|             INITIALIZING CANDIDATE TREE SET                      |
--------------------------------------------------------------------
Generating 98 parsimony trees... 5.978 second
Computing log-likelihood of 98 initial trees ... 5.660 seconds
Current best score: -11172.842

Do NNI search on 20 best initial trees
Estimate model parameters (epsilon = 0.100)
BETTER TREE FOUND at iteration 1: -11124.349
Iteration 10 / LogL: -11168.324 / Time: 0h:0m:44s
Iteration 20 / LogL: -11152.701 / Time: 0h:0m:57s
Finish initializing candidate tree set (20)
Current best tree score: -11124.349 / CPU time: 48.406
Number of iterations: 20
--------------------------------------------------------------------
|               OPTIMIZING CANDIDATE TREE SET                      |
--------------------------------------------------------------------
Estimate model parameters (epsilon = 0.100)
BETTER TREE FOUND at iteration 23: -11108.250
Estimate model parameters (epsilon = 0.100)
BETTER TREE FOUND at iteration 25: -11104.331
Iteration 30 / LogL: -11119.062 / Time: 0h:1m:15s (0h:4m:7s left)
Estimate model parameters (epsilon = 0.100)
BETTER TREE FOUND at iteration 40: -11099.843
Iteration 40 / LogL: -11099.843 / Time: 0h:1m:32s (0h:3m:57s left)
Iteration 50 / LogL: -11121.564 / Time: 0h:1m:48s (0h:3m:19s left)
Estimate model parameters (epsilon = 0.100)
BETTER TREE FOUND at iteration 54: -11097.656
Estimate model parameters (epsilon = 0.100)
BETTER TREE FOUND at iteration 55: -11097.151
Iteration 60 / LogL: -11098.746 / Time: 0h:2m:6s (0h:3m:23s left)
Estimate model parameters (epsilon = 0.100)
BETTER TREE FOUND at iteration 65: -11093.062
Estimate model parameters (epsilon = 0.100)
BETTER TREE FOUND at iteration 67: -11092.033
Iteration 70 / LogL: -11097.844 / Time: 0h:2m:22s (0h:3m:20s left)
Iteration 80 / LogL: -11100.878 / Time: 0h:2m:38s (0h:2m:54s left)
Estimate model parameters (epsilon = 0.100)
BETTER TREE FOUND at iteration 81: -11090.662
Estimate model parameters (epsilon = 0.100)
BETTER TREE FOUND at iteration 87: -11089.610
Iteration 90 / LogL: -11091.227 / Time: 0h:2m:54s (0h:3m:10s left)
Iteration 100 / LogL: -11097.786 / Time: 0h:3m:10s (0h:2m:47s left)
Iteration 110 / LogL: -11098.911 / Time: 0h:3m:25s (0h:2m:24s left)
Estimate model parameters (epsilon = 0.100)
BETTER TREE FOUND at iteration 111: -11089.408
Estimate model parameters (epsilon = 0.100)
BETTER TREE FOUND at iteration 112: -11088.898
Estimate model parameters (epsilon = 0.100)
BETTER TREE FOUND at iteration 120: -11087.242
Iteration 120 / LogL: -11087.242 / Time: 0h:3m:43s (0h:3m:7s left)
Estimate model parameters (epsilon = 0.100)
BETTER TREE FOUND at iteration 129: -11086.824
Iteration 130 / LogL: -11087.148 / Time: 0h:3m:59s (0h:3m:3s left)
Iteration 140 / LogL: -11120.802 / Time: 0h:4m:14s (0h:2m:43s left)
Iteration 150 / LogL: -11110.051 / Time: 0h:4m:29s (0h:2m:22s left)
Iteration 160 / LogL: -11095.846 / Time: 0h:4m:44s (0h:2m:3s left)
Iteration 170 / LogL: -11096.596 / Time: 0h:4m:59s (0h:1m:44s left)
Estimate model parameters (epsilon = 0.100)
BETTER TREE FOUND at iteration 172: -11085.665
Iteration 180 / LogL: -11097.319 / Time: 0h:5m:15s (0h:2m:42s left)
Iteration 190 / LogL: -11089.575 / Time: 0h:5m:30s (0h:2m:23s left)
Iteration 200 / LogL: -11089.834 / Time: 0h:5m:45s (0h:2m:4s left)
Iteration 210 / LogL: -11095.219 / Time: 0h:5m:59s (0h:1m:46s left)
Iteration 220 / LogL: -11094.450 / Time: 0h:6m:14s (0h:1m:28s left)
BETTER TREE FOUND at iteration 227: -11085.662
Iteration 230 / LogL: -11100.359 / Time: 0h:6m:30s (0h:2m:45s left)
Estimate model parameters (epsilon = 0.100)
BETTER TREE FOUND at iteration 232: -11084.530
Estimate model parameters (epsilon = 0.100)
BETTER TREE FOUND at iteration 236: -11084.077
Estimate model parameters (epsilon = 0.100)
BETTER TREE FOUND at iteration 237: -11083.487
Iteration 240 / LogL: -11085.482 / Time: 0h:6m:47s (0h:2m:45s left)
Iteration 250 / LogL: -11086.109 / Time: 0h:7m:2s (0h:2m:27s left)
Estimate model parameters (epsilon = 0.100)
BETTER TREE FOUND at iteration 255: -11083.348
Iteration 260 / LogL: -11087.997 / Time: 0h:7m:22s (0h:2m:42s left)
Iteration 270 / LogL: -11102.086 / Time: 0h:7m:42s (0h:2m:26s left)
BETTER TREE FOUND at iteration 274: -11083.344
Iteration 280 / LogL: -11089.662 / Time: 0h:8m:2s (0h:2m:42s left)
Iteration 290 / LogL: -11112.927 / Time: 0h:8m:25s (0h:2m:26s left)
Estimate model parameters (epsilon = 0.100)
BETTER TREE FOUND at iteration 294: -11083.253
Estimate model parameters (epsilon = 0.100)
BETTER TREE FOUND at iteration 300: -11083.136
Iteration 300 / LogL: -11083.136 / Time: 0h:8m:51s (0h:2m:57s left)
Iteration 310 / LogL: -11094.716 / Time: 0h:9m:14s (0h:2m:41s left)
Iteration 320 / LogL: -11099.823 / Time: 0h:9m:37s (0h:2m:24s left)
Estimate model parameters (epsilon = 0.100)
BETTER TREE FOUND at iteration 323: -11082.007
Iteration 330 / LogL: -11085.621 / Time: 0h:9m:59s (0h:2m:49s left)
Estimate model parameters (epsilon = 0.100)
BETTER TREE FOUND at iteration 333: -11079.878
Iteration 340 / LogL: -11086.784 / Time: 0h:10m:19s (0h:2m:50s left)
Iteration 350 / LogL: -11081.261 / Time: 0h:10m:41s (0h:2m:32s left)
Estimate model parameters (epsilon = 0.100)
BETTER TREE FOUND at iteration 360: -11079.047
Iteration 360 / LogL: -11079.047 / Time: 0h:11m:1s (0h:3m:4s left)
Estimate model parameters (epsilon = 0.100)
BETTER TREE FOUND at iteration 369: -11076.400
Iteration 370 / LogL: -11089.126 / Time: 0h:11m:24s (0h:3m:3s left)
Iteration 380 / LogL: -11107.493 / Time: 0h:11m:44s (0h:2m:45s left)
Iteration 390 / LogL: -11103.794 / Time: 0h:12m:8s (0h:2m:27s left)
Iteration 400 / LogL: -11088.330 / Time: 0h:12m:28s (0h:2m:9s left)
Iteration 410 / LogL: -11079.715 / Time: 0h:12m:50s (0h:1m:51s left)
Iteration 420 / LogL: -11083.660 / Time: 0h:13m:13s (0h:1m:32s left)
Estimate model parameters (epsilon = 0.100)
BETTER TREE FOUND at iteration 430: -11072.531
Iteration 430 / LogL: -11072.531 / Time: 0h:13m:36s (0h:3m:10s left)
Iteration 440 / LogL: -11079.464 / Time: 0h:13m:57s (0h:2m:51s left)
Iteration 450 / LogL: -11076.585 / Time: 0h:14m:17s (0h:2m:32s left)
Estimate model parameters (epsilon = 0.100)
BETTER TREE FOUND at iteration 452: -11070.907
Iteration 460 / LogL: -11077.243 / Time: 0h:14m:38s (0h:2m:56s left)
Estimate model parameters (epsilon = 0.100)
BETTER TREE FOUND at iteration 461: -11063.730
Iteration 470 / LogL: -11094.765 / Time: 0h:15m:2s (0h:2m:55s left)
Iteration 480 / LogL: -11078.131 / Time: 0h:15m:24s (0h:2m:36s left)
Iteration 490 / LogL: -11073.560 / Time: 0h:15m:45s (0h:2m:17s left)
Iteration 500 / LogL: -11075.657 / Time: 0h:16m:6s (0h:1m:58s left)
Iteration 510 / LogL: -11066.392 / Time: 0h:16m:27s (0h:1m:38s left)
Iteration 520 / LogL: -11065.659 / Time: 0h:16m:49s (0h:1m:19s left)
Iteration 530 / LogL: -11063.743 / Time: 0h:17m:10s (0h:1m:0s left)
Iteration 540 / LogL: -11064.771 / Time: 0h:17m:32s (0h:0m:41s left)
Iteration 550 / LogL: -11065.398 / Time: 0h:17m:52s (0h:0m:21s left)
Iteration 560 / LogL: -11066.123 / Time: 0h:18m:14s (0h:0m:1s left)
TREE SEARCH COMPLETED AFTER 562 ITERATIONS / Time: 0h:18m:19s

--------------------------------------------------------------------
|                    FINALIZING TREE SEARCH                        |
--------------------------------------------------------------------
Performs final model parameters optimization
Estimate model parameters (epsilon = 0.010)
1. Initial log-likelihood: -11063.730
Optimal log-likelihood: -11063.724
Rate parameters:  A-C: 0.82579  A-G: 5.95091  A-T: 0.51735  C-G: 0.10489  C-T: 7.91051  G-T: 1.00000
Base frequencies:  A: 0.373  C: 0.191  G: 0.249  T: 0.188
Proportion of invariable sites: 0.568
Site proportion and rates:  (0.301,0.716) (0.091,2.985) (0.031,9.902) (0.009,22.407)
Parameters optimization took 1 rounds (0.743 sec)
BEST SCORE FOUND : -11063.724
Empirical proportions for each category: 0.903 0.061 0.028 0.008
Site rates printed to iqtree_subset/105698+1+B.rate

Testing tree branches by SH-like aLRT with 1000 replicates...
14.129 sec.
Total tree length: 0.954

Total number of iterations: 562
CPU time used for tree search: 1069.744 sec (0h:17m:49s)
Wall-clock time used for tree search: 1090.497 sec (0h:18m:10s)
Total CPU time used: 1093.269 sec (0h:18m:13s)
Total wall-clock time used: 1114.234 sec (0h:18m:34s)

Analysis results written to: 
  IQ-TREE report:                iqtree_subset/105698+1+B.iqtree
  Maximum-likelihood tree:       iqtree_subset/105698+1+B.treefile
  Likelihood distances:          iqtree_subset/105698+1+B.mldist
  Site-specific rates:           iqtree_subset/105698+1+B.rate
  Screen log file:               iqtree_subset/105698+1+B.log

Date and Time: Tue Feb 11 18:36:49 2025
