IQ-TREE multicore version 2.3.3 COVID-edition for Linux x86 64-bit built Apr 25 2024
Developed by Bui Quang Minh, James Barbetti, Nguyen Lam Tung, Olga Chernomor,
Heiko Schmidt, Dominik Schrempf, Michael Woodhams, Ly Trong Nhan, Thomas Wong

Host:    linusblack.lanl.gov (AVX512, FMA3, 754 GB RAM)
Command: iqtree -s mafft_subset/105692+197+B.fasta -m GTR+I+R -alrt 1000 -T AUTO --prefix iqtree_subset/105692+197+B --rate -redo
Seed:    72824 (Using SPRNG - Scalable Parallel Random Number Generator)
Time:    Tue Feb 11 18:13:01 2025
Kernel:  AVX+FMA - auto-detect threads (1 CPU cores detected)

Reading alignment file mafft_subset/105692+197+B.fasta ... Fasta format detected
Reading fasta file: done in 0.0103803 secs using 89.62% CPU
Alignment most likely contains DNA/RNA sequences
Alignment has 197 sequences with 1702 columns, 542 distinct patterns
294 parsimony-informative, 171 singleton sites, 1237 constant sites
WARNING: Some sequence names are changed as follows:
105692+6229+7786+MF777903+B+NA+NA -> 105692_6229_7786_MF777903_B_NA_NA
105692+6229+7786+MF777902+B+NA+NA -> 105692_6229_7786_MF777902_B_NA_NA
105692+6229+7786+MF777901+B+NA+NA -> 105692_6229_7786_MF777901_B_NA_NA
105692+6229+7786+MF777900+B+NA+NA -> 105692_6229_7786_MF777900_B_NA_NA
105692+6229+7786+MF777899+B+NA+NA -> 105692_6229_7786_MF777899_B_NA_NA
105692+6229+7786+MF777898+B+NA+NA -> 105692_6229_7786_MF777898_B_NA_NA
105692+6229+7786+MF777897+B+NA+NA -> 105692_6229_7786_MF777897_B_NA_NA
105692+6229+7786+MF777896+B+NA+NA -> 105692_6229_7786_MF777896_B_NA_NA
105692+6229+7786+MF777895+B+NA+NA -> 105692_6229_7786_MF777895_B_NA_NA
105692+6229+7786+MF777894+B+NA+NA -> 105692_6229_7786_MF777894_B_NA_NA
105692+6229+7786+MF777893+B+NA+NA -> 105692_6229_7786_MF777893_B_NA_NA
105692+6229+7786+MF777892+B+NA+NA -> 105692_6229_7786_MF777892_B_NA_NA
105692+6229+7786+MF777891+B+NA+NA -> 105692_6229_7786_MF777891_B_NA_NA
105692+6229+7786+MF777890+B+NA+NA -> 105692_6229_7786_MF777890_B_NA_NA
105692+6229+7786+MF777889+B+NA+NA -> 105692_6229_7786_MF777889_B_NA_NA
105692+6229+7786+MF777888+B+NA+NA -> 105692_6229_7786_MF777888_B_NA_NA
105692+6229+7786+MF777887+B+NA+NA -> 105692_6229_7786_MF777887_B_NA_NA
105692+6229+7786+MF777886+B+NA+NA -> 105692_6229_7786_MF777886_B_NA_NA
105692+6229+7786+MF777885+B+NA+NA -> 105692_6229_7786_MF777885_B_NA_NA
105692+6229+7786+MF777884+B+NA+NA -> 105692_6229_7786_MF777884_B_NA_NA
105692+6229+7786+MF777883+B+NA+NA -> 105692_6229_7786_MF777883_B_NA_NA
105692+6229+7786+MF777882+B+NA+NA -> 105692_6229_7786_MF777882_B_NA_NA
105692+6229+7786+MF777881+B+NA+NA -> 105692_6229_7786_MF777881_B_NA_NA
105692+6229+7786+MF777880+B+NA+NA -> 105692_6229_7786_MF777880_B_NA_NA
105692+6229+7786+MF777879+B+NA+NA -> 105692_6229_7786_MF777879_B_NA_NA
105692+6229+7786+MF777878+B+NA+NA -> 105692_6229_7786_MF777878_B_NA_NA
105692+6229+7786+MF777877+B+NA+NA -> 105692_6229_7786_MF777877_B_NA_NA
105692+6229+7786+MF777876+B+NA+NA -> 105692_6229_7786_MF777876_B_NA_NA
105692+6229+7786+MF777875+B+NA+NA -> 105692_6229_7786_MF777875_B_NA_NA
105692+6229+7786+MF777874+B+NA+NA -> 105692_6229_7786_MF777874_B_NA_NA
105692+6229+7786+MF777873+B+NA+NA -> 105692_6229_7786_MF777873_B_NA_NA
105692+6229+7786+MF777872+B+NA+NA -> 105692_6229_7786_MF777872_B_NA_NA
105692+6229+7787+MF777871+B+NA+NA -> 105692_6229_7787_MF777871_B_NA_NA
105692+6229+7786+MF777870+B+NA+NA -> 105692_6229_7786_MF777870_B_NA_NA
105692+6229+7786+MF777869+B+NA+NA -> 105692_6229_7786_MF777869_B_NA_NA
105692+6229+7786+MF777868+B+NA+NA -> 105692_6229_7786_MF777868_B_NA_NA
105692+6229+7786+MF777867+B+NA+NA -> 105692_6229_7786_MF777867_B_NA_NA
105692+6229+7786+MF777866+B+NA+NA -> 105692_6229_7786_MF777866_B_NA_NA
105692+6229+7786+MF777865+B+NA+NA -> 105692_6229_7786_MF777865_B_NA_NA
105692+6229+7786+MF777864+B+NA+NA -> 105692_6229_7786_MF777864_B_NA_NA
105692+6229+7786+MF777863+B+NA+NA -> 105692_6229_7786_MF777863_B_NA_NA
105692+6229+7786+MF777862+B+NA+NA -> 105692_6229_7786_MF777862_B_NA_NA
105692+6229+7786+MF777861+B+NA+NA -> 105692_6229_7786_MF777861_B_NA_NA
105692+6229+7786+MF777860+B+NA+NA -> 105692_6229_7786_MF777860_B_NA_NA
105692+6229+7786+MF777859+B+NA+NA -> 105692_6229_7786_MF777859_B_NA_NA
105692+6229+7786+MF777858+B+NA+NA -> 105692_6229_7786_MF777858_B_NA_NA
105692+6229+7786+MF777857+B+NA+NA -> 105692_6229_7786_MF777857_B_NA_NA
105692+6229+7799+MF777856+B+NA+NA -> 105692_6229_7799_MF777856_B_NA_NA
105692+6229+7786+MF777855+B+NA+NA -> 105692_6229_7786_MF777855_B_NA_NA
105692+6228+7786+MF777854+B+NA+NA -> 105692_6228_7786_MF777854_B_NA_NA
105692+6229+7786+MF777853+B+NA+NA -> 105692_6229_7786_MF777853_B_NA_NA
105692+6229+7786+MF777852+B+NA+NA -> 105692_6229_7786_MF777852_B_NA_NA
105692+6229+7786+MF777851+B+NA+NA -> 105692_6229_7786_MF777851_B_NA_NA
105692+6229+7786+MF777850+B+NA+NA -> 105692_6229_7786_MF777850_B_NA_NA
105692+6229+7786+MF777849+B+NA+NA -> 105692_6229_7786_MF777849_B_NA_NA
105692+6229+7786+MF777848+B+NA+NA -> 105692_6229_7786_MF777848_B_NA_NA
105692+6229+7786+MF777847+B+NA+NA -> 105692_6229_7786_MF777847_B_NA_NA
105692+6229+7786+MF777846+B+NA+NA -> 105692_6229_7786_MF777846_B_NA_NA
105692+6229+7786+MF777845+B+NA+NA -> 105692_6229_7786_MF777845_B_NA_NA
105692+6229+7786+MF777844+B+NA+NA -> 105692_6229_7786_MF777844_B_NA_NA
105692+6229+7786+MF777843+B+NA+NA -> 105692_6229_7786_MF777843_B_NA_NA
105692+6229+7786+MF777842+B+NA+NA -> 105692_6229_7786_MF777842_B_NA_NA
105692+6229+7786+MF777841+B+NA+NA -> 105692_6229_7786_MF777841_B_NA_NA
105692+6229+7786+MF777840+B+NA+NA -> 105692_6229_7786_MF777840_B_NA_NA
105692+6229+7786+MF777839+B+NA+NA -> 105692_6229_7786_MF777839_B_NA_NA
105692+6229+7786+MF777838+B+NA+NA -> 105692_6229_7786_MF777838_B_NA_NA
105692+6229+7786+MF777837+B+NA+NA -> 105692_6229_7786_MF777837_B_NA_NA
105692+6229+7786+MF777836+B+NA+NA -> 105692_6229_7786_MF777836_B_NA_NA
105692+6229+7786+MF777835+B+NA+NA -> 105692_6229_7786_MF777835_B_NA_NA
105692+6229+7786+MF777834+B+NA+NA -> 105692_6229_7786_MF777834_B_NA_NA
105692+6229+7786+MF777833+B+NA+NA -> 105692_6229_7786_MF777833_B_NA_NA
105692+6229+7786+MF777832+B+NA+NA -> 105692_6229_7786_MF777832_B_NA_NA
105692+6229+7786+MF777831+B+NA+NA -> 105692_6229_7786_MF777831_B_NA_NA
105692+6229+7786+MF777830+B+NA+NA -> 105692_6229_7786_MF777830_B_NA_NA
105692+6229+7786+MF777829+B+NA+NA -> 105692_6229_7786_MF777829_B_NA_NA
105692+6229+7786+MF777828+B+NA+NA -> 105692_6229_7786_MF777828_B_NA_NA
105692+6229+7786+MF777827+B+NA+NA -> 105692_6229_7786_MF777827_B_NA_NA
105692+6229+7786+MF777826+B+NA+NA -> 105692_6229_7786_MF777826_B_NA_NA
105692+6229+7786+MF777825+B+NA+NA -> 105692_6229_7786_MF777825_B_NA_NA
105692+6229+7786+MF777824+B+NA+NA -> 105692_6229_7786_MF777824_B_NA_NA
105692+6229+7786+MF777823+B+NA+NA -> 105692_6229_7786_MF777823_B_NA_NA
105692+6229+7786+MF777822+B+NA+NA -> 105692_6229_7786_MF777822_B_NA_NA
105692+6229+7786+MF777821+B+NA+NA -> 105692_6229_7786_MF777821_B_NA_NA
105692+6229+7786+MF777820+B+NA+NA -> 105692_6229_7786_MF777820_B_NA_NA
105692+6229+7786+MF777819+B+NA+NA -> 105692_6229_7786_MF777819_B_NA_NA
105692+6229+7786+MF777818+B+NA+NA -> 105692_6229_7786_MF777818_B_NA_NA
105692+6229+7786+MF777817+B+NA+NA -> 105692_6229_7786_MF777817_B_NA_NA
105692+6229+7786+MF777816+B+NA+NA -> 105692_6229_7786_MF777816_B_NA_NA
105692+6229+7786+MF777815+B+NA+NA -> 105692_6229_7786_MF777815_B_NA_NA
105692+6229+7786+MF777814+B+NA+NA -> 105692_6229_7786_MF777814_B_NA_NA
105692+6229+7786+MF777813+B+NA+NA -> 105692_6229_7786_MF777813_B_NA_NA
105692+6229+7786+MF777812+B+NA+NA -> 105692_6229_7786_MF777812_B_NA_NA
105692+6229+7786+MF777811+B+NA+NA -> 105692_6229_7786_MF777811_B_NA_NA
105692+6229+7786+MF777810+B+NA+NA -> 105692_6229_7786_MF777810_B_NA_NA
105692+6229+7786+MF777809+B+NA+NA -> 105692_6229_7786_MF777809_B_NA_NA
105692+6229+7786+MF777808+B+NA+NA -> 105692_6229_7786_MF777808_B_NA_NA
105692+6229+7786+MF777807+B+NA+NA -> 105692_6229_7786_MF777807_B_NA_NA
105692+6229+7786+MF777806+B+NA+NA -> 105692_6229_7786_MF777806_B_NA_NA
105692+6229+7786+MF777805+B+NA+NA -> 105692_6229_7786_MF777805_B_NA_NA
105692+6229+7786+MF777804+B+NA+NA -> 105692_6229_7786_MF777804_B_NA_NA
105692+6229+7786+MF777803+B+NA+NA -> 105692_6229_7786_MF777803_B_NA_NA
105692+6229+7786+MF777802+B+NA+NA -> 105692_6229_7786_MF777802_B_NA_NA
105692+6229+7786+MF777801+B+NA+NA -> 105692_6229_7786_MF777801_B_NA_NA
105692+6229+7786+MF777800+B+NA+NA -> 105692_6229_7786_MF777800_B_NA_NA
105692+6229+7786+MF777799+B+NA+NA -> 105692_6229_7786_MF777799_B_NA_NA
105692+6229+7786+MF777798+B+NA+NA -> 105692_6229_7786_MF777798_B_NA_NA
105692+6229+7786+MF777797+B+NA+NA -> 105692_6229_7786_MF777797_B_NA_NA
105692+6229+7786+MF777796+B+NA+NA -> 105692_6229_7786_MF777796_B_NA_NA
105692+6229+7786+MF777795+B+NA+NA -> 105692_6229_7786_MF777795_B_NA_NA
105692+6229+7786+MF777794+B+NA+NA -> 105692_6229_7786_MF777794_B_NA_NA
105692+6229+7786+MF777793+B+NA+NA -> 105692_6229_7786_MF777793_B_NA_NA
105692+6229+7786+MF777792+B+NA+NA -> 105692_6229_7786_MF777792_B_NA_NA
105692+6229+7786+MF777791+B+NA+NA -> 105692_6229_7786_MF777791_B_NA_NA
105692+6229+7811+MF777790+B+NA+NA -> 105692_6229_7811_MF777790_B_NA_NA
105692+6229+7786+MF777789+B+NA+NA -> 105692_6229_7786_MF777789_B_NA_NA
105692+6229+7786+MF777788+B+NA+NA -> 105692_6229_7786_MF777788_B_NA_NA
105692+6229+7786+MF777787+B+NA+NA -> 105692_6229_7786_MF777787_B_NA_NA
105692+6229+7786+MF777786+B+NA+NA -> 105692_6229_7786_MF777786_B_NA_NA
105692+6229+7786+MF777785+B+NA+NA -> 105692_6229_7786_MF777785_B_NA_NA
105692+6229+7786+MF777784+B+NA+NA -> 105692_6229_7786_MF777784_B_NA_NA
105692+6228+7786+MF777783+B+NA+NA -> 105692_6228_7786_MF777783_B_NA_NA
105692+6229+7786+MF777782+B+NA+NA -> 105692_6229_7786_MF777782_B_NA_NA
105692+6229+7786+MF777781+B+NA+NA -> 105692_6229_7786_MF777781_B_NA_NA
105692+6229+7786+MF777780+B+NA+NA -> 105692_6229_7786_MF777780_B_NA_NA
105692+6229+7786+MF777779+B+NA+NA -> 105692_6229_7786_MF777779_B_NA_NA
105692+6229+7786+MF777778+B+NA+NA -> 105692_6229_7786_MF777778_B_NA_NA
105692+6229+7786+MF777777+B+NA+NA -> 105692_6229_7786_MF777777_B_NA_NA
105692+6229+7786+MF777776+B+NA+NA -> 105692_6229_7786_MF777776_B_NA_NA
105692+6229+7786+MF777775+B+NA+NA -> 105692_6229_7786_MF777775_B_NA_NA
105692+6229+7786+MF777774+B+NA+NA -> 105692_6229_7786_MF777774_B_NA_NA
105692+6229+7786+MF777773+B+NA+NA -> 105692_6229_7786_MF777773_B_NA_NA
105692+6229+7786+MF777772+B+NA+NA -> 105692_6229_7786_MF777772_B_NA_NA
105692+6229+7786+MF777771+B+NA+NA -> 105692_6229_7786_MF777771_B_NA_NA
105692+6229+7786+MF777770+B+NA+NA -> 105692_6229_7786_MF777770_B_NA_NA
105692+6229+7786+MF777769+B+NA+NA -> 105692_6229_7786_MF777769_B_NA_NA
105692+6229+7786+MF777768+B+NA+NA -> 105692_6229_7786_MF777768_B_NA_NA
105692+6229+7786+MF777767+B+NA+NA -> 105692_6229_7786_MF777767_B_NA_NA
105692+6229+7786+MF777766+B+NA+NA -> 105692_6229_7786_MF777766_B_NA_NA
105692+6229+7786+MF777765+B+NA+NA -> 105692_6229_7786_MF777765_B_NA_NA
105692+6229+7785+MF777764+B+NA+NA -> 105692_6229_7785_MF777764_B_NA_NA
105692+6229+7785+MF777763+B+NA+NA -> 105692_6229_7785_MF777763_B_NA_NA
105692+6229+7785+MF777762+B+NA+NA -> 105692_6229_7785_MF777762_B_NA_NA
105692+6229+7785+MF777761+B+NA+NA -> 105692_6229_7785_MF777761_B_NA_NA
105692+6229+7785+MF777760+B+NA+NA -> 105692_6229_7785_MF777760_B_NA_NA
105692+6229+7785+MF777759+B+NA+NA -> 105692_6229_7785_MF777759_B_NA_NA
105692+6229+7785+MF777758+B+NA+NA -> 105692_6229_7785_MF777758_B_NA_NA
105692+6229+7785+MF777757+B+NA+NA -> 105692_6229_7785_MF777757_B_NA_NA
105692+6229+7785+MF777756+B+NA+NA -> 105692_6229_7785_MF777756_B_NA_NA
105692+6229+7785+MF777755+B+NA+NA -> 105692_6229_7785_MF777755_B_NA_NA
105692+6229+7785+MF777754+B+NA+NA -> 105692_6229_7785_MF777754_B_NA_NA
105692+6229+7785+MF777753+B+NA+NA -> 105692_6229_7785_MF777753_B_NA_NA
105692+6229+7785+MF777752+B+NA+NA -> 105692_6229_7785_MF777752_B_NA_NA
105692+6229+7785+MF777751+B+NA+NA -> 105692_6229_7785_MF777751_B_NA_NA
105692+6229+7785+MF777750+B+NA+NA -> 105692_6229_7785_MF777750_B_NA_NA
105692+6229+7785+MF777749+B+NA+NA -> 105692_6229_7785_MF777749_B_NA_NA
105692+6229+7785+MF777748+B+NA+NA -> 105692_6229_7785_MF777748_B_NA_NA
105692+6229+7785+MF777747+B+NA+NA -> 105692_6229_7785_MF777747_B_NA_NA
105692+6229+7785+MF777746+B+NA+NA -> 105692_6229_7785_MF777746_B_NA_NA
105692+6229+7786+MF777745+B+NA+NA -> 105692_6229_7786_MF777745_B_NA_NA
105692+6229+7786+MF777744+B+NA+NA -> 105692_6229_7786_MF777744_B_NA_NA
105692+6229+7786+MF777743+B+NA+NA -> 105692_6229_7786_MF777743_B_NA_NA
105692+6229+7786+MF777742+B+NA+NA -> 105692_6229_7786_MF777742_B_NA_NA
105692+6229+7786+MF777741+B+NA+NA -> 105692_6229_7786_MF777741_B_NA_NA
105692+6229+7786+MF777740+B+NA+NA -> 105692_6229_7786_MF777740_B_NA_NA
105692+6229+7786+MF777739+B+NA+NA -> 105692_6229_7786_MF777739_B_NA_NA
105692+6229+7786+MF777738+B+NA+NA -> 105692_6229_7786_MF777738_B_NA_NA
105692+6229+7786+MF777737+B+NA+NA -> 105692_6229_7786_MF777737_B_NA_NA
105692+6229+7786+MF777736+B+NA+NA -> 105692_6229_7786_MF777736_B_NA_NA
105692+6229+7786+MF777735+B+NA+NA -> 105692_6229_7786_MF777735_B_NA_NA
105692+6229+7786+MF777734+B+NA+NA -> 105692_6229_7786_MF777734_B_NA_NA
105692+6229+7785+MF777733+B+NA+NA -> 105692_6229_7785_MF777733_B_NA_NA
105692+6229+7785+MF777732+B+NA+NA -> 105692_6229_7785_MF777732_B_NA_NA
105692+6229+7785+MF777731+B+NA+NA -> 105692_6229_7785_MF777731_B_NA_NA
105692+6229+7785+MF777730+B+NA+NA -> 105692_6229_7785_MF777730_B_NA_NA
105692+6229+7785+MF777729+B+NA+NA -> 105692_6229_7785_MF777729_B_NA_NA
105692+6229+7785+MF777728+B+NA+NA -> 105692_6229_7785_MF777728_B_NA_NA
105692+6229+7785+MF777727+B+NA+NA -> 105692_6229_7785_MF777727_B_NA_NA
105692+6229+7785+MF777726+B+NA+NA -> 105692_6229_7785_MF777726_B_NA_NA
105692+6229+7785+MF777725+B+NA+NA -> 105692_6229_7785_MF777725_B_NA_NA
105692+6229+7785+MF777724+B+NA+NA -> 105692_6229_7785_MF777724_B_NA_NA
105692+6229+7785+MF777723+B+NA+NA -> 105692_6229_7785_MF777723_B_NA_NA
105692+6229+7785+MF777722+B+NA+NA -> 105692_6229_7785_MF777722_B_NA_NA
105692+6229+7785+MF777721+B+NA+NA -> 105692_6229_7785_MF777721_B_NA_NA
105692+6229+7785+MF777720+B+NA+NA -> 105692_6229_7785_MF777720_B_NA_NA
105692+6229+7785+MF777719+B+NA+NA -> 105692_6229_7785_MF777719_B_NA_NA
105692+6229+7785+MF777718+B+NA+NA -> 105692_6229_7785_MF777718_B_NA_NA
105692+6229+7785+MF777717+B+NA+NA -> 105692_6229_7785_MF777717_B_NA_NA
105692+6229+7785+MF777716+B+NA+NA -> 105692_6229_7785_MF777716_B_NA_NA
105692+6229+7785+MF777715+B+NA+NA -> 105692_6229_7785_MF777715_B_NA_NA
105692+6229+7785+MF777714+B+NA+NA -> 105692_6229_7785_MF777714_B_NA_NA
105692+6229+7785+MF777713+B+NA+NA -> 105692_6229_7785_MF777713_B_NA_NA
105692+6229+7785+MF777712+B+NA+NA -> 105692_6229_7785_MF777712_B_NA_NA
105692+6229+7786+MF777711+B+NA+NA -> 105692_6229_7786_MF777711_B_NA_NA
105692+6229+7786+MF777710+B+NA+NA -> 105692_6229_7786_MF777710_B_NA_NA
105692+6229+7757+MF777709+B+NA+NA -> 105692_6229_7757_MF777709_B_NA_NA
105692+6229+7757+MF777708+B+NA+NA -> 105692_6229_7757_MF777708_B_NA_NA
105692+6229+7757+MF777707+B+NA+NA -> 105692_6229_7757_MF777707_B_NA_NA

                                   Gap/Ambiguity  Composition  p-value
Analyzing sequences: done in 0.000388136 secs using 98.42% CPU
   1  105692_6229_7786_MF777903_B_NA_NA    4.23%    passed     94.30%
   2  105692_6229_7786_MF777902_B_NA_NA    5.64%    passed     95.07%
   3  105692_6229_7786_MF777901_B_NA_NA    4.52%    passed     87.94%
   4  105692_6229_7786_MF777900_B_NA_NA    3.53%    passed     96.18%
   5  105692_6229_7786_MF777899_B_NA_NA    4.41%    passed     79.03%
   6  105692_6229_7786_MF777898_B_NA_NA    5.64%    passed     97.27%
   7  105692_6229_7786_MF777897_B_NA_NA    5.64%    passed     98.21%
   8  105692_6229_7786_MF777896_B_NA_NA    6.70%    passed     98.00%
   9  105692_6229_7786_MF777895_B_NA_NA    5.35%    passed     99.81%
  10  105692_6229_7786_MF777894_B_NA_NA    3.88%    passed     96.70%
  11  105692_6229_7786_MF777893_B_NA_NA    5.82%    passed     96.16%
  12  105692_6229_7786_MF777892_B_NA_NA    3.53%    passed     95.54%
  13  105692_6229_7786_MF777891_B_NA_NA    6.76%    passed     99.83%
  14  105692_6229_7786_MF777890_B_NA_NA    4.47%    passed     92.03%
  15  105692_6229_7786_MF777889_B_NA_NA    5.64%    passed     97.57%
  16  105692_6229_7786_MF777888_B_NA_NA    4.23%    passed     90.85%
  17  105692_6229_7786_MF777887_B_NA_NA    4.94%    passed     89.91%
  18  105692_6229_7786_MF777886_B_NA_NA    4.58%    passed     94.25%
  19  105692_6229_7786_MF777885_B_NA_NA    4.41%    passed     89.04%
  20  105692_6229_7786_MF777884_B_NA_NA    4.23%    passed     93.85%
  21  105692_6229_7786_MF777883_B_NA_NA    6.29%    passed     96.57%
  22  105692_6229_7786_MF777882_B_NA_NA    6.70%    passed     97.75%
  23  105692_6229_7786_MF777881_B_NA_NA    5.82%    passed     98.85%
  24  105692_6229_7786_MF777880_B_NA_NA    6.70%    passed     99.19%
  25  105692_6229_7786_MF777879_B_NA_NA    5.46%    passed     97.38%
  26  105692_6229_7786_MF777878_B_NA_NA    6.52%    passed     97.93%
  27  105692_6229_7786_MF777877_B_NA_NA    5.29%    passed     97.59%
  28  105692_6229_7786_MF777876_B_NA_NA    7.76%    passed     99.93%
  29  105692_6229_7786_MF777875_B_NA_NA    4.41%    passed     99.61%
  30  105692_6229_7786_MF777874_B_NA_NA    6.76%    passed     97.15%
  31  105692_6229_7786_MF777873_B_NA_NA    5.46%    passed     94.65%
  32  105692_6229_7786_MF777872_B_NA_NA    5.82%    passed     97.12%
  33  105692_6229_7787_MF777871_B_NA_NA    5.41%    passed     86.22%
  34  105692_6229_7786_MF777870_B_NA_NA    4.41%    passed     87.55%
  35  105692_6229_7786_MF777869_B_NA_NA    5.46%    passed     92.84%
  36  105692_6229_7786_MF777868_B_NA_NA    6.93%    passed     97.95%
  37  105692_6229_7786_MF777867_B_NA_NA    4.05%    passed     97.72%
  38  105692_6229_7786_MF777866_B_NA_NA    6.70%    passed     97.11%
  39  105692_6229_7786_MF777865_B_NA_NA    4.47%    passed     96.11%
  40  105692_6229_7786_MF777864_B_NA_NA    5.46%    passed     96.74%
  41  105692_6229_7786_MF777863_B_NA_NA    5.35%    passed     96.86%
  42  105692_6229_7786_MF777862_B_NA_NA    6.87%    passed     98.89%
  43  105692_6229_7786_MF777861_B_NA_NA    5.29%    passed     95.19%
  44  105692_6229_7786_MF777860_B_NA_NA    4.82%    passed     98.80%
  45  105692_6229_7786_MF777859_B_NA_NA    5.29%    passed     93.56%
  46  105692_6229_7786_MF777858_B_NA_NA    6.87%    passed     98.77%
  47  105692_6229_7786_MF777857_B_NA_NA    5.46%    passed     99.26%
  48  105692_6229_7799_MF777856_B_NA_NA    6.17%    passed     98.72%
  49  105692_6229_7786_MF777855_B_NA_NA    5.46%    passed     95.70%
  50  105692_6228_7786_MF777854_B_NA_NA    4.52%    passed     98.59%
  51  105692_6229_7786_MF777853_B_NA_NA   10.16%    passed     98.16%
  52  105692_6229_7786_MF777852_B_NA_NA    6.87%    passed     99.83%
  53  105692_6229_7786_MF777851_B_NA_NA    6.99%    passed     99.70%
  54  105692_6229_7786_MF777850_B_NA_NA    5.58%    passed     97.39%
  55  105692_6229_7786_MF777849_B_NA_NA    5.46%    passed     98.68%
  56  105692_6229_7786_MF777848_B_NA_NA    5.46%    passed     96.30%
  57  105692_6229_7786_MF777847_B_NA_NA    6.93%    passed     99.21%
  58  105692_6229_7786_MF777846_B_NA_NA    5.46%    passed     98.33%
  59  105692_6229_7786_MF777845_B_NA_NA    5.29%    passed     98.92%
  60  105692_6229_7786_MF777844_B_NA_NA    6.70%    passed     99.57%
  61  105692_6229_7786_MF777843_B_NA_NA    6.87%    passed     99.06%
  62  105692_6229_7786_MF777842_B_NA_NA    7.58%    passed     98.57%
  63  105692_6229_7786_MF777841_B_NA_NA    5.46%    passed     98.66%
  64  105692_6229_7786_MF777840_B_NA_NA    5.11%    passed     98.92%
  65  105692_6229_7786_MF777839_B_NA_NA    5.64%    passed     97.90%
  66  105692_6229_7786_MF777838_B_NA_NA    5.29%    passed     90.31%
  67  105692_6229_7786_MF777837_B_NA_NA    7.52%    passed     99.92%
  68  105692_6229_7786_MF777836_B_NA_NA    5.46%    passed     96.74%
  69  105692_6229_7786_MF777835_B_NA_NA    5.46%    passed     97.79%
  70  105692_6229_7786_MF777834_B_NA_NA    5.11%    passed     97.92%
  71  105692_6229_7786_MF777833_B_NA_NA    5.46%    passed     95.14%
  72  105692_6229_7786_MF777832_B_NA_NA    5.58%    passed     96.62%
  73  105692_6229_7786_MF777831_B_NA_NA    7.05%    passed     95.28%
  74  105692_6229_7786_MF777830_B_NA_NA    5.41%    passed     98.46%
  75  105692_6229_7786_MF777829_B_NA_NA    6.87%    passed     97.88%
  76  105692_6229_7786_MF777828_B_NA_NA    7.05%    passed     95.23%
  77  105692_6229_7786_MF777827_B_NA_NA    6.70%    passed     99.01%
  78  105692_6229_7786_MF777826_B_NA_NA    6.87%    passed     99.13%
  79  105692_6229_7786_MF777825_B_NA_NA    5.29%    passed     99.28%
  80  105692_6229_7786_MF777824_B_NA_NA    5.35%    passed     97.73%
  81  105692_6229_7786_MF777823_B_NA_NA   10.05%    passed     98.29%
  82  105692_6229_7786_MF777822_B_NA_NA    7.05%    passed     96.14%
  83  105692_6229_7786_MF777821_B_NA_NA    5.46%    passed     95.76%
  84  105692_6229_7786_MF777820_B_NA_NA    5.29%    passed     98.91%
  85  105692_6229_7786_MF777819_B_NA_NA    5.46%    passed     95.14%
  86  105692_6229_7786_MF777818_B_NA_NA    5.29%    passed     99.17%
  87  105692_6229_7786_MF777817_B_NA_NA    5.11%    passed     97.92%
  88  105692_6229_7786_MF777816_B_NA_NA    6.87%    passed     99.32%
  89  105692_6229_7786_MF777815_B_NA_NA    4.58%    passed     99.41%
  90  105692_6229_7786_MF777814_B_NA_NA    5.29%    passed     99.60%
  91  105692_6229_7786_MF777813_B_NA_NA    5.29%    passed     99.00%
  92  105692_6229_7786_MF777812_B_NA_NA    7.05%    passed     98.30%
  93  105692_6229_7786_MF777811_B_NA_NA    5.35%    passed     99.47%
  94  105692_6229_7786_MF777810_B_NA_NA    4.94%    passed     95.94%
  95  105692_6229_7786_MF777809_B_NA_NA    4.94%    passed     97.07%
  96  105692_6229_7786_MF777808_B_NA_NA    4.94%    passed     98.99%
  97  105692_6229_7786_MF777807_B_NA_NA    5.29%    passed     99.43%
  98  105692_6229_7786_MF777806_B_NA_NA    4.94%    passed     96.64%
  99  105692_6229_7786_MF777805_B_NA_NA    6.52%    passed     99.94%
 100  105692_6229_7786_MF777804_B_NA_NA    7.05%    passed     99.21%
 101  105692_6229_7786_MF777803_B_NA_NA    6.87%    passed     99.29%
 102  105692_6229_7786_MF777802_B_NA_NA    6.93%    passed     98.29%
 103  105692_6229_7786_MF777801_B_NA_NA    7.05%    passed     97.28%
 104  105692_6229_7786_MF777800_B_NA_NA    7.05%    passed     99.00%
 105  105692_6229_7786_MF777799_B_NA_NA    6.87%    passed     98.34%
 106  105692_6229_7786_MF777798_B_NA_NA    6.87%    passed     99.66%
 107  105692_6229_7786_MF777797_B_NA_NA    5.29%    passed     96.60%
 108  105692_6229_7786_MF777796_B_NA_NA    5.88%    passed     99.69%
 109  105692_6229_7786_MF777795_B_NA_NA    5.82%    passed     98.65%
 110  105692_6229_7786_MF777794_B_NA_NA    5.82%    passed     99.75%
 111  105692_6229_7786_MF777793_B_NA_NA    5.82%    passed     98.57%
 112  105692_6229_7786_MF777792_B_NA_NA    5.82%    passed     98.65%
 113  105692_6229_7786_MF777791_B_NA_NA    5.88%    passed     99.84%
 114  105692_6229_7811_MF777790_B_NA_NA    4.35%    passed     99.65%
 115  105692_6229_7786_MF777789_B_NA_NA    6.87%    passed     99.35%
 116  105692_6229_7786_MF777788_B_NA_NA    5.82%    passed     99.86%
 117  105692_6229_7786_MF777787_B_NA_NA    5.82%    passed     99.93%
 118  105692_6229_7786_MF777786_B_NA_NA    5.46%    passed     97.77%
 119  105692_6229_7786_MF777785_B_NA_NA    5.52%    passed     99.16%
 120  105692_6229_7786_MF777784_B_NA_NA    5.46%    passed     99.40%
 121  105692_6228_7786_MF777783_B_NA_NA    5.76%    passed     97.25%
 122  105692_6229_7786_MF777782_B_NA_NA    5.82%    passed     97.94%
 123  105692_6229_7786_MF777781_B_NA_NA    5.82%    passed     99.60%
 124  105692_6229_7786_MF777780_B_NA_NA    5.82%    passed     99.42%
 125  105692_6229_7786_MF777779_B_NA_NA    5.46%    passed     98.43%
 126  105692_6229_7786_MF777778_B_NA_NA    5.82%    passed     99.32%
 127  105692_6229_7786_MF777777_B_NA_NA    5.82%    passed     97.71%
 128  105692_6229_7786_MF777776_B_NA_NA    5.82%    passed     99.53%
 129  105692_6229_7786_MF777775_B_NA_NA    5.82%    passed     99.51%
 130  105692_6229_7786_MF777774_B_NA_NA    5.82%    passed     99.90%
 131  105692_6229_7786_MF777773_B_NA_NA    6.87%    passed     98.53%
 132  105692_6229_7786_MF777772_B_NA_NA    5.29%    passed     99.83%
 133  105692_6229_7786_MF777771_B_NA_NA    6.87%    passed     98.59%
 134  105692_6229_7786_MF777770_B_NA_NA    6.87%    passed     98.53%
 135  105692_6229_7786_MF777769_B_NA_NA    6.87%    passed     99.24%
 136  105692_6229_7786_MF777768_B_NA_NA    5.29%    passed     99.89%
 137  105692_6229_7786_MF777767_B_NA_NA    6.87%    passed     98.53%
 138  105692_6229_7786_MF777766_B_NA_NA    6.87%    passed     98.53%
 139  105692_6229_7786_MF777765_B_NA_NA    6.87%    passed     99.24%
 140  105692_6229_7785_MF777764_B_NA_NA    6.93%    passed     99.18%
 141  105692_6229_7785_MF777763_B_NA_NA    5.35%    passed     99.53%
 142  105692_6229_7785_MF777762_B_NA_NA    6.93%    passed     98.17%
 143  105692_6229_7785_MF777761_B_NA_NA    6.93%    passed     98.17%
 144  105692_6229_7785_MF777760_B_NA_NA    6.93%    passed     98.45%
 145  105692_6229_7785_MF777759_B_NA_NA    6.93%    passed     98.45%
 146  105692_6229_7785_MF777758_B_NA_NA    5.35%    passed     99.58%
 147  105692_6229_7785_MF777757_B_NA_NA    6.93%    passed     98.59%
 148  105692_6229_7785_MF777756_B_NA_NA    6.93%    passed     98.45%
 149  105692_6229_7785_MF777755_B_NA_NA    6.93%    passed     98.45%
 150  105692_6229_7785_MF777754_B_NA_NA    6.93%    passed     98.59%
 151  105692_6229_7785_MF777753_B_NA_NA    6.93%    passed     98.45%
 152  105692_6229_7785_MF777752_B_NA_NA    6.93%    passed     97.56%
 153  105692_6229_7785_MF777751_B_NA_NA    6.99%    passed     98.53%
 154  105692_6229_7785_MF777750_B_NA_NA    6.93%    passed     98.45%
 155  105692_6229_7785_MF777749_B_NA_NA    5.35%    passed     99.79%
 156  105692_6229_7785_MF777748_B_NA_NA    6.93%    passed     98.45%
 157  105692_6229_7785_MF777747_B_NA_NA    5.35%    passed     99.06%
 158  105692_6229_7785_MF777746_B_NA_NA    5.41%    passed     99.69%
 159  105692_6229_7786_MF777745_B_NA_NA    5.29%    passed     99.64%
 160  105692_6229_7786_MF777744_B_NA_NA    5.29%    passed     99.74%
 161  105692_6229_7786_MF777743_B_NA_NA    5.29%    passed     99.76%
 162  105692_6229_7786_MF777742_B_NA_NA    5.29%    passed     99.57%
 163  105692_6229_7786_MF777741_B_NA_NA    5.29%    passed     99.44%
 164  105692_6229_7786_MF777740_B_NA_NA    5.29%    passed     99.82%
 165  105692_6229_7786_MF777739_B_NA_NA    5.29%    passed     99.87%
 166  105692_6229_7786_MF777738_B_NA_NA    5.23%    passed     99.74%
 167  105692_6229_7786_MF777737_B_NA_NA    5.29%    passed     99.64%
 168  105692_6229_7786_MF777736_B_NA_NA    5.29%    passed     99.83%
 169  105692_6229_7786_MF777735_B_NA_NA    5.29%    passed     99.82%
 170  105692_6229_7786_MF777734_B_NA_NA    5.29%    passed     99.97%
 171  105692_6229_7785_MF777733_B_NA_NA    5.35%    passed     99.51%
 172  105692_6229_7785_MF777732_B_NA_NA    5.35%    passed     99.58%
 173  105692_6229_7785_MF777731_B_NA_NA    5.35%    passed     99.77%
 174  105692_6229_7785_MF777730_B_NA_NA    5.35%    passed     99.77%
 175  105692_6229_7785_MF777729_B_NA_NA    5.35%    passed     99.64%
 176  105692_6229_7785_MF777728_B_NA_NA    5.35%    passed     99.87%
 177  105692_6229_7785_MF777727_B_NA_NA    5.35%    passed     99.93%
 178  105692_6229_7785_MF777726_B_NA_NA    5.41%    passed     99.79%
 179  105692_6229_7785_MF777725_B_NA_NA    5.35%    passed     99.77%
 180  105692_6229_7785_MF777724_B_NA_NA    5.35%    passed     99.65%
 181  105692_6229_7785_MF777723_B_NA_NA    5.35%    passed     99.91%
 182  105692_6229_7785_MF777722_B_NA_NA    5.35%    passed     99.77%
 183  105692_6229_7785_MF777721_B_NA_NA    5.35%    passed     99.51%
 184  105692_6229_7785_MF777720_B_NA_NA    5.35%    passed     99.62%
 185  105692_6229_7785_MF777719_B_NA_NA    5.35%    passed     99.58%
 186  105692_6229_7785_MF777718_B_NA_NA    5.35%    passed     99.04%
 187  105692_6229_7785_MF777717_B_NA_NA    5.35%    passed     99.04%
 188  105692_6229_7785_MF777716_B_NA_NA    5.35%    passed     99.19%
 189  105692_6229_7785_MF777715_B_NA_NA    5.35%    passed     99.19%
 190  105692_6229_7785_MF777714_B_NA_NA    5.35%    passed     99.79%
 191  105692_6229_7785_MF777713_B_NA_NA    5.35%    passed     99.85%
 192  105692_6229_7785_MF777712_B_NA_NA    5.35%    passed     99.19%
 193  105692_6229_7786_MF777711_B_NA_NA    5.29%    passed     99.85%
 194  105692_6229_7786_MF777710_B_NA_NA    5.29%    passed     99.51%
 195  105692_6229_7757_MF777709_B_NA_NA    7.05%    passed     99.20%
 196  105692_6229_7757_MF777708_B_NA_NA    6.99%    passed     97.00%
 197  105692_6229_7757_MF777707_B_NA_NA    7.05%    passed     98.90%
****  TOTAL                                5.82%  0 sequences failed composition chi2 test (p-value<5%; df=3)
NOTE: 105692_6229_7786_MF777817_B_NA_NA is identical to 105692_6229_7786_MF777834_B_NA_NA but kept for subsequent analysis
NOTE: 105692_6229_7786_MF777819_B_NA_NA is identical to 105692_6229_7786_MF777833_B_NA_NA but kept for subsequent analysis
NOTE: 105692_6229_7786_MF777770_B_NA_NA is identical to 105692_6229_7786_MF777773_B_NA_NA but kept for subsequent analysis
NOTE: 105692_6229_7785_MF777759_B_NA_NA is identical to 105692_6229_7785_MF777760_B_NA_NA but kept for subsequent analysis
NOTE: 105692_6229_7785_MF777754_B_NA_NA is identical to 105692_6229_7785_MF777757_B_NA_NA but kept for subsequent analysis
NOTE: 105692_6229_7786_MF777735_B_NA_NA is identical to 105692_6229_7786_MF777740_B_NA_NA but kept for subsequent analysis
NOTE: 105692_6229_7785_MF777719_B_NA_NA is identical to 105692_6229_7785_MF777732_B_NA_NA but kept for subsequent analysis
NOTE: 105692_6229_7785_MF777730_B_NA_NA is identical to 105692_6229_7785_MF777731_B_NA_NA but kept for subsequent analysis
NOTE: 105692_6229_7785_MF777717_B_NA_NA is identical to 105692_6229_7785_MF777718_B_NA_NA but kept for subsequent analysis
NOTE: 105692_6229_7785_MF777715_B_NA_NA is identical to 105692_6229_7785_MF777716_B_NA_NA but kept for subsequent analysis
NOTE: 10 identical sequences (see below) will be ignored for subsequent analysis
NOTE: 105692_6229_7786_MF777767_B_NA_NA (identical to 105692_6229_7786_MF777773_B_NA_NA) is ignored but added at the end
NOTE: 105692_6229_7786_MF777766_B_NA_NA (identical to 105692_6229_7786_MF777773_B_NA_NA) is ignored but added at the end
NOTE: 105692_6229_7785_MF777756_B_NA_NA (identical to 105692_6229_7785_MF777760_B_NA_NA) is ignored but added at the end
NOTE: 105692_6229_7785_MF777755_B_NA_NA (identical to 105692_6229_7785_MF777760_B_NA_NA) is ignored but added at the end
NOTE: 105692_6229_7785_MF777753_B_NA_NA (identical to 105692_6229_7785_MF777760_B_NA_NA) is ignored but added at the end
NOTE: 105692_6229_7785_MF777750_B_NA_NA (identical to 105692_6229_7785_MF777760_B_NA_NA) is ignored but added at the end
NOTE: 105692_6229_7785_MF777748_B_NA_NA (identical to 105692_6229_7785_MF777760_B_NA_NA) is ignored but added at the end
NOTE: 105692_6229_7785_MF777725_B_NA_NA (identical to 105692_6229_7785_MF777731_B_NA_NA) is ignored but added at the end
NOTE: 105692_6229_7785_MF777722_B_NA_NA (identical to 105692_6229_7785_MF777731_B_NA_NA) is ignored but added at the end
NOTE: 105692_6229_7785_MF777712_B_NA_NA (identical to 105692_6229_7785_MF777716_B_NA_NA) is ignored but added at the end
Alignment was printed to iqtree_subset/105692+197+B.uniqueseq.phy

For your convenience alignment with unique sequences printed to iqtree_subset/105692+197+B.uniqueseq.phy

Create initial parsimony tree by phylogenetic likelihood library (PLL)... 0.040 seconds

NOTE: 13 MB RAM (0 GB) is required!
Measuring multi-threading efficiency up to 1 CPU cores
Increase to 10 rounds for branch lengths
3 trees examined
Threads: 1 / Time: 1.015 sec / Speedup: 1.000 / Efficiency: 100% / LogL: -23169
BEST NUMBER OF THREADS: 1

Estimate model parameters (epsilon = 0.100)
1. Initial log-likelihood: -13305.078
2. Current log-likelihood: -12293.150
3. Current log-likelihood: -12200.620
4. Current log-likelihood: -12199.284
5. Current log-likelihood: -12199.070
Optimal log-likelihood: -12198.996
Rate parameters:  A-C: 1.43340  A-G: 4.34594  A-T: 0.27429  C-G: 0.26492  C-T: 3.98883  G-T: 1.00000
Base frequencies:  A: 0.371  C: 0.164  G: 0.223  T: 0.241
Proportion of invariable sites: 0.510
Site proportion and rates:  (0.217,0.387) (0.136,0.663) (0.101,3.439) (0.037,13.148)
Parameters optimization took 5 rounds (3.794 sec)
Wrote distance file to... 
Computing ML distances based on estimated model parameters...
Calculating distance matrix: done in 0.370868 secs using 99.74% CPU
Computing ML distances took 0.371520 sec (of wall-clock time) 0.370543 sec (of CPU time)
Setting up auxiliary I and S matrices: done in 0.000920788 secs using 54.52% CPU
Computing RapidNJ tree took 0.003822 sec (of wall-clock time) 0.002814 sec (of CPU time)
Log-likelihood of RapidNJ tree: -12290.794
--------------------------------------------------------------------
|             INITIALIZING CANDIDATE TREE SET                      |
--------------------------------------------------------------------
Generating 98 parsimony trees... 4.170 second
Computing log-likelihood of 98 initial trees ... 3.967 seconds
Current best score: -12163.088

Do NNI search on 20 best initial trees
Estimate model parameters (epsilon = 0.100)
BETTER TREE FOUND at iteration 1: -12122.751
Estimate model parameters (epsilon = 0.100)
BETTER TREE FOUND at iteration 3: -12115.107
Iteration 10 / LogL: -12122.621 / Time: 0h:0m:33s
Iteration 20 / LogL: -12159.438 / Time: 0h:0m:41s
Finish initializing candidate tree set (20)
Current best tree score: -12115.107 / CPU time: 35.794
Number of iterations: 20
--------------------------------------------------------------------
|               OPTIMIZING CANDIDATE TREE SET                      |
--------------------------------------------------------------------
Estimate model parameters (epsilon = 0.100)
BETTER TREE FOUND at iteration 26: -12113.524
Estimate model parameters (epsilon = 0.100)
BETTER TREE FOUND at iteration 27: -12109.347
Estimate model parameters (epsilon = 0.100)
BETTER TREE FOUND at iteration 29: -12107.286
Iteration 30 / LogL: -12109.080 / Time: 0h:0m:54s (0h:3m:5s left)
Estimate model parameters (epsilon = 0.100)
BETTER TREE FOUND at iteration 39: -12106.711
Iteration 40 / LogL: -12108.495 / Time: 0h:1m:6s (0h:2m:47s left)
Estimate model parameters (epsilon = 0.100)
BETTER TREE FOUND at iteration 47: -12105.642
Iteration 50 / LogL: -12108.422 / Time: 0h:1m:17s (0h:2m:32s left)
Iteration 60 / LogL: -12113.119 / Time: 0h:1m:27s (0h:2m:9s left)
Estimate model parameters (epsilon = 0.100)
BETTER TREE FOUND at iteration 64: -12104.425
Estimate model parameters (epsilon = 0.100)
BETTER TREE FOUND at iteration 65: -12102.322
Iteration 70 / LogL: -12103.756 / Time: 0h:1m:40s (0h:2m:17s left)
Estimate model parameters (epsilon = 0.100)
BETTER TREE FOUND at iteration 75: -12099.722
Estimate model parameters (epsilon = 0.100)
BETTER TREE FOUND at iteration 79: -12098.091
Iteration 80 / LogL: -12113.166 / Time: 0h:1m:51s (0h:2m:19s left)
Estimate model parameters (epsilon = 0.100)
BETTER TREE FOUND at iteration 81: -12096.279
Estimate model parameters (epsilon = 0.100)
BETTER TREE FOUND at iteration 84: -12094.169
Iteration 90 / LogL: -12109.821 / Time: 0h:2m:2s (0h:2m:9s left)
Iteration 100 / LogL: -12096.059 / Time: 0h:2m:13s (0h:1m:53s left)
Iteration 110 / LogL: -12112.038 / Time: 0h:2m:23s (0h:1m:37s left)
BETTER TREE FOUND at iteration 113: -12094.165
Iteration 120 / LogL: -12125.216 / Time: 0h:2m:34s (0h:2m:0s left)
BETTER TREE FOUND at iteration 125: -12094.158
Iteration 130 / LogL: -12094.516 / Time: 0h:2m:43s (0h:2m:0s left)
Iteration 140 / LogL: -12094.167 / Time: 0h:2m:54s (0h:1m:46s left)
Iteration 150 / LogL: -12094.169 / Time: 0h:3m:4s (0h:1m:32s left)
Iteration 160 / LogL: -12094.173 / Time: 0h:3m:14s (0h:1m:19s left)
Iteration 170 / LogL: -12095.767 / Time: 0h:3m:25s (0h:1m:6s left)
Iteration 180 / LogL: -12123.416 / Time: 0h:3m:35s (0h:0m:54s left)
Estimate model parameters (epsilon = 0.100)
BETTER TREE FOUND at iteration 189: -12092.883
Iteration 190 / LogL: -12110.426 / Time: 0h:3m:46s (0h:1m:58s left)
Iteration 200 / LogL: -12095.826 / Time: 0h:3m:55s (0h:1m:45s left)
Iteration 210 / LogL: -12092.887 / Time: 0h:4m:5s (0h:1m:32s left)
Iteration 220 / LogL: -12094.673 / Time: 0h:4m:16s (0h:1m:20s left)
Iteration 230 / LogL: -12097.992 / Time: 0h:4m:27s (0h:1m:8s left)
Iteration 240 / LogL: -12093.323 / Time: 0h:4m:37s (0h:0m:56s left)
Iteration 250 / LogL: -12108.044 / Time: 0h:4m:47s (0h:0m:44s left)
Iteration 260 / LogL: -12093.470 / Time: 0h:4m:57s (0h:0m:33s left)
Iteration 270 / LogL: -12119.935 / Time: 0h:5m:7s (0h:0m:21s left)
Iteration 280 / LogL: -12095.808 / Time: 0h:5m:17s (0h:0m:10s left)
BETTER TREE FOUND at iteration 283: -12092.880
Iteration 290 / LogL: -12095.845 / Time: 0h:5m:27s (0h:1m:45s left)
Iteration 300 / LogL: -12099.274 / Time: 0h:5m:37s (0h:1m:33s left)
Iteration 310 / LogL: -12111.970 / Time: 0h:5m:47s (0h:1m:22s left)
Iteration 320 / LogL: -12093.475 / Time: 0h:5m:57s (0h:1m:10s left)
Iteration 330 / LogL: -12104.901 / Time: 0h:6m:7s (0h:0m:59s left)
Iteration 340 / LogL: -12110.381 / Time: 0h:6m:17s (0h:0m:47s left)
Iteration 350 / LogL: -12097.270 / Time: 0h:6m:26s (0h:0m:36s left)
Iteration 360 / LogL: -12101.232 / Time: 0h:6m:37s (0h:0m:25s left)
Iteration 370 / LogL: -12105.317 / Time: 0h:6m:46s (0h:0m:14s left)
Iteration 380 / LogL: -12103.383 / Time: 0h:6m:53s (0h:0m:3s left)
TREE SEARCH COMPLETED AFTER 384 ITERATIONS / Time: 0h:6m:56s

--------------------------------------------------------------------
|                    FINALIZING TREE SEARCH                        |
--------------------------------------------------------------------
Performs final model parameters optimization
Estimate model parameters (epsilon = 0.010)
1. Initial log-likelihood: -12092.880
2. Current log-likelihood: -12092.869
Optimal log-likelihood: -12092.857
Rate parameters:  A-C: 1.43381  A-G: 5.02561  A-T: 0.25142  C-G: 0.26879  C-T: 3.98317  G-T: 1.00000
Base frequencies:  A: 0.371  C: 0.164  G: 0.223  T: 0.241
Proportion of invariable sites: 0.421
Site proportion and rates:  (0.394,0.282) (0.130,2.210) (0.041,7.658) (0.014,20.023)
Parameters optimization took 2 rounds (0.378 sec)
BEST SCORE FOUND : -12092.857
Empirical proportions for each category: 0.850 0.100 0.036 0.014
Site rates printed to iqtree_subset/105692+197+B.rate

Testing tree branches by SH-like aLRT with 1000 replicates...
4.742 sec.
Total tree length: 1.187

Total number of iterations: 384
CPU time used for tree search: 404.456 sec (0h:6m:44s)
Wall-clock time used for tree search: 410.732 sec (0h:6m:50s)
Total CPU time used: 415.137 sec (0h:6m:55s)
Total wall-clock time used: 421.478 sec (0h:7m:1s)

Analysis results written to: 
  IQ-TREE report:                iqtree_subset/105692+197+B.iqtree
  Maximum-likelihood tree:       iqtree_subset/105692+197+B.treefile
  Likelihood distances:          iqtree_subset/105692+197+B.mldist
  Site-specific rates:           iqtree_subset/105692+197+B.rate
  Screen log file:               iqtree_subset/105692+197+B.log

Date and Time: Tue Feb 11 18:20:02 2025
