IQ-TREE multicore version 2.3.3 COVID-edition for Linux x86 64-bit built Apr 25 2024
Developed by Bui Quang Minh, James Barbetti, Nguyen Lam Tung, Olga Chernomor,
Heiko Schmidt, Dominik Schrempf, Michael Woodhams, Ly Trong Nhan, Thomas Wong

Host:    linusblack.lanl.gov (AVX512, FMA3, 754 GB RAM)
Command: iqtree -s mafft_subset/105695+181+B.fasta -m GTR+I+R -alrt 1000 -T AUTO --prefix iqtree_subset/105695+181+B --rate -redo
Seed:    473412 (Using SPRNG - Scalable Parallel Random Number Generator)
Time:    Tue Feb 11 18:07:28 2025
Kernel:  AVX+FMA - auto-detect threads (1 CPU cores detected)

Reading alignment file mafft_subset/105695+181+B.fasta ... Fasta format detected
Reading fasta file: done in 0.008757 secs using 99.44% CPU
Alignment most likely contains DNA/RNA sequences
Alignment has 173 sequences with 1642 columns, 509 distinct patterns
335 parsimony-informative, 149 singleton sites, 1158 constant sites
WARNING: Some sequence names are changed as follows:
105695+6229+7786+MF778076+B+NA+NA -> 105695_6229_7786_MF778076_B_NA_NA
105695+6217+7786+MF778075+B+NA+NA -> 105695_6217_7786_MF778075_B_NA_NA
105695+6217+7786+MF778074+B+NA+NA -> 105695_6217_7786_MF778074_B_NA_NA
105695+6229+7786+MF778073+B+NA+NA -> 105695_6229_7786_MF778073_B_NA_NA
105695+6217+7786+MF778072+B+NA+NA -> 105695_6217_7786_MF778072_B_NA_NA
105695+6217+7786+MF778071+B+NA+NA -> 105695_6217_7786_MF778071_B_NA_NA
105695+6217+7786+MF778070+B+NA+NA -> 105695_6217_7786_MF778070_B_NA_NA
105695+6223+7786+MF778069+B+NA+NA -> 105695_6223_7786_MF778069_B_NA_NA
105695+6223+7786+MF778068+B+NA+NA -> 105695_6223_7786_MF778068_B_NA_NA
105695+6217+7786+MF778067+B+NA+NA -> 105695_6217_7786_MF778067_B_NA_NA
105695+6217+7786+MF778066+B+NA+NA -> 105695_6217_7786_MF778066_B_NA_NA
105695+6217+7786+MF778065+B+NA+NA -> 105695_6217_7786_MF778065_B_NA_NA
105695+6223+7786+MF778064+B+NA+NA -> 105695_6223_7786_MF778064_B_NA_NA
105695+6217+7786+MF778063+B+NA+NA -> 105695_6217_7786_MF778063_B_NA_NA
105695+6223+7786+MF778062+B+NA+NA -> 105695_6223_7786_MF778062_B_NA_NA
105695+6229+7786+MF778061+B+NA+NA -> 105695_6229_7786_MF778061_B_NA_NA
105695+6217+7786+MF778060+B+NA+NA -> 105695_6217_7786_MF778060_B_NA_NA
105695+6223+7786+MF778059+B+NA+NA -> 105695_6223_7786_MF778059_B_NA_NA
105695+6217+7786+MF778058+B+NA+NA -> 105695_6217_7786_MF778058_B_NA_NA
105695+6223+7786+MF778057+B+NA+NA -> 105695_6223_7786_MF778057_B_NA_NA
105695+6217+7786+MF778056+B+NA+NA -> 105695_6217_7786_MF778056_B_NA_NA
105695+6217+7786+MF778055+B+NA+NA -> 105695_6217_7786_MF778055_B_NA_NA
105695+6217+7786+MF778054+B+NA+NA -> 105695_6217_7786_MF778054_B_NA_NA
105695+6217+7786+MF778053+B+NA+NA -> 105695_6217_7786_MF778053_B_NA_NA
105695+6218+7786+MF778052+B+NA+NA -> 105695_6218_7786_MF778052_B_NA_NA
105695+6217+7786+MF778051+B+NA+NA -> 105695_6217_7786_MF778051_B_NA_NA
105695+6217+7786+MF778050+B+NA+NA -> 105695_6217_7786_MF778050_B_NA_NA
105695+6217+7786+MF778049+B+NA+NA -> 105695_6217_7786_MF778049_B_NA_NA
105695+6217+7786+MF778048+B+NA+NA -> 105695_6217_7786_MF778048_B_NA_NA
105695+6217+7786+MF778047+B+NA+NA -> 105695_6217_7786_MF778047_B_NA_NA
105695+6217+7786+MF778046+B+NA+NA -> 105695_6217_7786_MF778046_B_NA_NA
105695+6217+7786+MF778045+B+NA+NA -> 105695_6217_7786_MF778045_B_NA_NA
105695+6217+7786+MF778044+B+NA+NA -> 105695_6217_7786_MF778044_B_NA_NA
105695+6217+7786+MF778043+B+NA+NA -> 105695_6217_7786_MF778043_B_NA_NA
105695+6217+7786+MF778042+B+NA+NA -> 105695_6217_7786_MF778042_B_NA_NA
105695+6217+7786+MF778041+B+NA+NA -> 105695_6217_7786_MF778041_B_NA_NA
105695+6217+7786+MF778040+B+NA+NA -> 105695_6217_7786_MF778040_B_NA_NA
105695+6217+7786+MF778039+B+NA+NA -> 105695_6217_7786_MF778039_B_NA_NA
105695+6217+7786+MF778038+B+NA+NA -> 105695_6217_7786_MF778038_B_NA_NA
105695+6217+7786+MF778037+B+NA+NA -> 105695_6217_7786_MF778037_B_NA_NA
105695+6217+7786+MF778036+B+NA+NA -> 105695_6217_7786_MF778036_B_NA_NA
105695+6217+7786+MF778035+B+NA+NA -> 105695_6217_7786_MF778035_B_NA_NA
105695+6217+7786+MF778034+B+NA+NA -> 105695_6217_7786_MF778034_B_NA_NA
105695+6217+7786+MF778033+B+NA+NA -> 105695_6217_7786_MF778033_B_NA_NA
105695+6217+7786+MF778032+B+NA+NA -> 105695_6217_7786_MF778032_B_NA_NA
105695+6217+7786+MF778031+B+NA+NA -> 105695_6217_7786_MF778031_B_NA_NA
105695+6217+7786+MF778030+B+NA+NA -> 105695_6217_7786_MF778030_B_NA_NA
105695+6217+7786+MF778029+B+NA+NA -> 105695_6217_7786_MF778029_B_NA_NA
105695+6217+7786+MF778028+B+NA+NA -> 105695_6217_7786_MF778028_B_NA_NA
105695+6217+7786+MF778027+B+NA+NA -> 105695_6217_7786_MF778027_B_NA_NA
105695+6217+7786+MF778026+B+NA+NA -> 105695_6217_7786_MF778026_B_NA_NA
105695+6217+7786+MF778025+B+NA+NA -> 105695_6217_7786_MF778025_B_NA_NA
105695+6217+7786+MF778024+B+NA+NA -> 105695_6217_7786_MF778024_B_NA_NA
105695+6217+7786+MF778023+B+NA+NA -> 105695_6217_7786_MF778023_B_NA_NA
105695+6217+7786+MF778022+B+NA+NA -> 105695_6217_7786_MF778022_B_NA_NA
105695+6217+7786+MF778021+B+NA+NA -> 105695_6217_7786_MF778021_B_NA_NA
105695+6217+7786+MF778020+B+NA+NA -> 105695_6217_7786_MF778020_B_NA_NA
105695+6217+7786+MF778019+B+NA+NA -> 105695_6217_7786_MF778019_B_NA_NA
105695+6217+7786+MF778018+B+NA+NA -> 105695_6217_7786_MF778018_B_NA_NA
105695+6217+7786+MF778017+B+NA+NA -> 105695_6217_7786_MF778017_B_NA_NA
105695+6217+7786+MF778016+B+NA+NA -> 105695_6217_7786_MF778016_B_NA_NA
105695+6217+7786+MF778015+B+NA+NA -> 105695_6217_7786_MF778015_B_NA_NA
105695+6217+7786+MF778014+B+NA+NA -> 105695_6217_7786_MF778014_B_NA_NA
105695+6217+7786+MF778013+B+NA+NA -> 105695_6217_7786_MF778013_B_NA_NA
105695+6217+7786+MF778012+B+NA+NA -> 105695_6217_7786_MF778012_B_NA_NA
105695+6217+7786+MF778011+B+NA+NA -> 105695_6217_7786_MF778011_B_NA_NA
105695+6217+7786+MF778010+B+NA+NA -> 105695_6217_7786_MF778010_B_NA_NA
105695+6217+7786+MF778009+B+NA+NA -> 105695_6217_7786_MF778009_B_NA_NA
105695+6217+7786+MF778008+B+NA+NA -> 105695_6217_7786_MF778008_B_NA_NA
105695+6217+7786+MF778007+B+NA+NA -> 105695_6217_7786_MF778007_B_NA_NA
105695+6217+7786+MF778006+B+NA+NA -> 105695_6217_7786_MF778006_B_NA_NA
105695+6217+7786+MF778005+B+NA+NA -> 105695_6217_7786_MF778005_B_NA_NA
105695+6217+7786+MF778004+B+NA+NA -> 105695_6217_7786_MF778004_B_NA_NA
105695+6217+7786+MF778003+B+NA+NA -> 105695_6217_7786_MF778003_B_NA_NA
105695+6217+7786+MF778002+B+NA+NA -> 105695_6217_7786_MF778002_B_NA_NA
105695+6217+7786+MF778001+B+NA+NA -> 105695_6217_7786_MF778001_B_NA_NA
105695+6217+7786+MF778000+B+NA+NA -> 105695_6217_7786_MF778000_B_NA_NA
105695+6217+7786+MF777999+B+NA+NA -> 105695_6217_7786_MF777999_B_NA_NA
105695+6217+7786+MF777998+B+NA+NA -> 105695_6217_7786_MF777998_B_NA_NA
105695+6217+7786+MF777997+B+NA+NA -> 105695_6217_7786_MF777997_B_NA_NA
105695+6217+7786+MF777996+B+NA+NA -> 105695_6217_7786_MF777996_B_NA_NA
105695+6217+7786+MF777995+B+NA+NA -> 105695_6217_7786_MF777995_B_NA_NA
105695+6217+7786+MF777994+B+NA+NA -> 105695_6217_7786_MF777994_B_NA_NA
105695+6217+7786+MF777993+B+NA+NA -> 105695_6217_7786_MF777993_B_NA_NA
105695+6217+7786+MF777992+B+NA+NA -> 105695_6217_7786_MF777992_B_NA_NA
105695+6217+7786+MF777991+B+NA+NA -> 105695_6217_7786_MF777991_B_NA_NA
105695+6217+7786+MF777990+B+NA+NA -> 105695_6217_7786_MF777990_B_NA_NA
105695+6217+7786+MF777989+B+NA+NA -> 105695_6217_7786_MF777989_B_NA_NA
105695+6217+7786+MF777988+B+NA+NA -> 105695_6217_7786_MF777988_B_NA_NA
105695+6217+7786+MF777987+B+NA+NA -> 105695_6217_7786_MF777987_B_NA_NA
105695+6217+7786+MF777986+B+NA+NA -> 105695_6217_7786_MF777986_B_NA_NA
105695+6217+7786+MF777985+B+NA+NA -> 105695_6217_7786_MF777985_B_NA_NA
105695+6217+7786+MF777984+B+NA+NA -> 105695_6217_7786_MF777984_B_NA_NA
105695+6217+7786+MF777983+B+NA+NA -> 105695_6217_7786_MF777983_B_NA_NA
105695+6217+7786+MF777982+B+NA+NA -> 105695_6217_7786_MF777982_B_NA_NA
105695+6217+7786+MF777981+B+NA+NA -> 105695_6217_7786_MF777981_B_NA_NA
105695+6217+7786+MF777980+B+NA+NA -> 105695_6217_7786_MF777980_B_NA_NA
105695+6217+7786+MF777979+B+NA+NA -> 105695_6217_7786_MF777979_B_NA_NA
105695+6217+7786+MF777978+B+NA+NA -> 105695_6217_7786_MF777978_B_NA_NA
105695+6217+7786+MF777977+B+NA+NA -> 105695_6217_7786_MF777977_B_NA_NA
105695+6217+7786+MF777976+B+NA+NA -> 105695_6217_7786_MF777976_B_NA_NA
105695+6217+7786+MF777975+B+NA+NA -> 105695_6217_7786_MF777975_B_NA_NA
105695+6217+7786+MF777974+B+NA+NA -> 105695_6217_7786_MF777974_B_NA_NA
105695+6217+7786+MF777973+B+NA+NA -> 105695_6217_7786_MF777973_B_NA_NA
105695+6217+7786+MF777972+B+NA+NA -> 105695_6217_7786_MF777972_B_NA_NA
105695+6217+7786+MF777971+B+NA+NA -> 105695_6217_7786_MF777971_B_NA_NA
105695+6217+7786+MF777970+B+NA+NA -> 105695_6217_7786_MF777970_B_NA_NA
105695+6217+7786+MF777969+B+NA+NA -> 105695_6217_7786_MF777969_B_NA_NA
105695+6217+7810+MF777968+B+NA+NA -> 105695_6217_7810_MF777968_B_NA_NA
105695+6217+7786+MF777967+B+NA+NA -> 105695_6217_7786_MF777967_B_NA_NA
105695+6217+7786+MF777966+B+NA+NA -> 105695_6217_7786_MF777966_B_NA_NA
105695+6217+7786+MF777965+B+NA+NA -> 105695_6217_7786_MF777965_B_NA_NA
105695+6217+7786+MF777964+B+NA+NA -> 105695_6217_7786_MF777964_B_NA_NA
105695+6217+7786+MF777963+B+NA+NA -> 105695_6217_7786_MF777963_B_NA_NA
105695+6217+7786+MF777962+B+NA+NA -> 105695_6217_7786_MF777962_B_NA_NA
105695+6229+7786+MF777961+B+NA+NA -> 105695_6229_7786_MF777961_B_NA_NA
105695+6217+7786+MF777960+B+NA+NA -> 105695_6217_7786_MF777960_B_NA_NA
105695+6217+7786+MF777959+B+NA+NA -> 105695_6217_7786_MF777959_B_NA_NA
105695+6217+7786+MF777958+B+NA+NA -> 105695_6217_7786_MF777958_B_NA_NA
105695+6217+7786+MF777957+B+NA+NA -> 105695_6217_7786_MF777957_B_NA_NA
105695+6217+7786+MF777956+B+NA+NA -> 105695_6217_7786_MF777956_B_NA_NA
105695+6217+7786+MF777955+B+NA+NA -> 105695_6217_7786_MF777955_B_NA_NA
105695+6229+7786+MF777954+B+NA+NA -> 105695_6229_7786_MF777954_B_NA_NA
105695+6217+7786+MF777953+B+NA+NA -> 105695_6217_7786_MF777953_B_NA_NA
105695+6217+7786+MF777952+B+NA+NA -> 105695_6217_7786_MF777952_B_NA_NA
105695+6217+7786+MF777951+B+NA+NA -> 105695_6217_7786_MF777951_B_NA_NA
105695+6217+7786+MF777950+B+NA+NA -> 105695_6217_7786_MF777950_B_NA_NA
105695+6217+7786+MF777949+B+NA+NA -> 105695_6217_7786_MF777949_B_NA_NA
105695+6217+7786+MF777948+B+NA+NA -> 105695_6217_7786_MF777948_B_NA_NA
105695+6219+7786+MF777947+B+NA+NA -> 105695_6219_7786_MF777947_B_NA_NA
105695+6219+7786+MF777946+B+NA+NA -> 105695_6219_7786_MF777946_B_NA_NA
105695+6219+7786+MF777945+B+NA+NA -> 105695_6219_7786_MF777945_B_NA_NA
105695+6219+7786+MF777944+B+NA+NA -> 105695_6219_7786_MF777944_B_NA_NA
105695+6219+7786+MF777943+B+NA+NA -> 105695_6219_7786_MF777943_B_NA_NA
105695+6219+7786+MF777942+B+NA+NA -> 105695_6219_7786_MF777942_B_NA_NA
105695+6219+7786+MF777941+B+NA+NA -> 105695_6219_7786_MF777941_B_NA_NA
105695+6219+7786+MF777940+B+NA+NA -> 105695_6219_7786_MF777940_B_NA_NA
105695+6219+7786+MF777939+B+NA+NA -> 105695_6219_7786_MF777939_B_NA_NA
105695+6219+7786+MF777938+B+NA+NA -> 105695_6219_7786_MF777938_B_NA_NA
105695+6219+7786+MF777937+B+NA+NA -> 105695_6219_7786_MF777937_B_NA_NA
105695+6219+7786+MF777936+B+NA+NA -> 105695_6219_7786_MF777936_B_NA_NA
105695+6219+7786+MF777935+B+NA+NA -> 105695_6219_7786_MF777935_B_NA_NA
105695+6219+7786+MF777934+B+NA+NA -> 105695_6219_7786_MF777934_B_NA_NA
105695+6219+7786+MF777933+B+NA+NA -> 105695_6219_7786_MF777933_B_NA_NA
105695+6219+7786+MF777932+B+NA+NA -> 105695_6219_7786_MF777932_B_NA_NA
105695+6219+7786+MF777931+B+NA+NA -> 105695_6219_7786_MF777931_B_NA_NA
105695+6219+7786+MF777930+B+NA+NA -> 105695_6219_7786_MF777930_B_NA_NA
105695+6219+7786+MF777929+B+NA+NA -> 105695_6219_7786_MF777929_B_NA_NA
105695+6219+7786+MF777928+B+NA+NA -> 105695_6219_7786_MF777928_B_NA_NA
105695+6219+7785+MF777927+B+NA+NA -> 105695_6219_7785_MF777927_B_NA_NA
105695+6229+7785+MF777926+B+NA+NA -> 105695_6229_7785_MF777926_B_NA_NA
105695+6219+7785+MF777925+B+NA+NA -> 105695_6219_7785_MF777925_B_NA_NA
105695+6219+7785+MF777924+B+NA+NA -> 105695_6219_7785_MF777924_B_NA_NA
105695+6219+7786+MF777923+B+NA+NA -> 105695_6219_7786_MF777923_B_NA_NA
105695+6219+7786+MF777922+B+NA+NA -> 105695_6219_7786_MF777922_B_NA_NA
105695+6219+7786+MF777921+B+NA+NA -> 105695_6219_7786_MF777921_B_NA_NA
105695+6219+7786+MF777920+B+NA+NA -> 105695_6219_7786_MF777920_B_NA_NA
105695+6219+7786+MF777919+B+NA+NA -> 105695_6219_7786_MF777919_B_NA_NA
105695+6219+7786+MF777918+B+NA+NA -> 105695_6219_7786_MF777918_B_NA_NA
105695+6219+7786+MF777917+B+NA+NA -> 105695_6219_7786_MF777917_B_NA_NA
105695+6219+7786+MF777916+B+NA+NA -> 105695_6219_7786_MF777916_B_NA_NA
105695+6219+7786+MF777915+B+NA+NA -> 105695_6219_7786_MF777915_B_NA_NA
105695+6219+7786+MF777914+B+NA+NA -> 105695_6219_7786_MF777914_B_NA_NA
105695+6219+7786+MF777913+B+NA+NA -> 105695_6219_7786_MF777913_B_NA_NA
105695+6219+7786+MF777912+B+NA+NA -> 105695_6219_7786_MF777912_B_NA_NA
105695+6219+7786+MF777911+B+NA+NA -> 105695_6219_7786_MF777911_B_NA_NA
105695+6219+7786+MF777910+B+NA+NA -> 105695_6219_7786_MF777910_B_NA_NA
105695+6219+7786+MF777909+B+NA+NA -> 105695_6219_7786_MF777909_B_NA_NA
105695+6219+7786+MF777908+B+NA+NA -> 105695_6219_7786_MF777908_B_NA_NA
105695+6219+7786+MF777907+B+NA+NA -> 105695_6219_7786_MF777907_B_NA_NA
105695+6219+7786+MF777906+B+NA+NA -> 105695_6219_7786_MF777906_B_NA_NA
105695+6219+7786+MF777905+B+NA+NA -> 105695_6219_7786_MF777905_B_NA_NA
105695+6219+7786+MF777904+B+NA+NA -> 105695_6219_7786_MF777904_B_NA_NA

                                   Gap/Ambiguity  Composition  p-value
Analyzing sequences: done in 0.000340042 secs using 98.52% CPU
   1  105695_6229_7786_MF778076_B_NA_NA    4.93%    passed     99.59%
   2  105695_6217_7786_MF778075_B_NA_NA    5.12%    passed     99.20%
   3  105695_6217_7786_MF778074_B_NA_NA    6.21%    passed     94.10%
   4  105695_6229_7786_MF778073_B_NA_NA    5.12%    passed     98.11%
   5  105695_6217_7786_MF778072_B_NA_NA    4.93%    passed     96.29%
   6  105695_6217_7786_MF778071_B_NA_NA    4.93%    passed     99.96%
   7  105695_6217_7786_MF778070_B_NA_NA    4.93%    passed     99.13%
   8  105695_6223_7786_MF778069_B_NA_NA    4.93%    passed     99.32%
   9  105695_6223_7786_MF778068_B_NA_NA    4.75%    passed     98.97%
  10  105695_6217_7786_MF778067_B_NA_NA    5.12%    passed     99.78%
  11  105695_6217_7786_MF778066_B_NA_NA    5.12%    passed     96.99%
  12  105695_6217_7786_MF778065_B_NA_NA    4.75%    passed     97.86%
  13  105695_6223_7786_MF778064_B_NA_NA    4.75%    passed     98.22%
  14  105695_6217_7786_MF778063_B_NA_NA    5.12%    passed     98.63%
  15  105695_6223_7786_MF778062_B_NA_NA    5.12%    passed     97.84%
  16  105695_6229_7786_MF778061_B_NA_NA    5.12%    passed     98.95%
  17  105695_6217_7786_MF778060_B_NA_NA    5.12%    passed     98.88%
  18  105695_6223_7786_MF778059_B_NA_NA    4.93%    passed     99.45%
  19  105695_6217_7786_MF778058_B_NA_NA    4.93%    passed     99.10%
  20  105695_6223_7786_MF778057_B_NA_NA    5.12%    passed     98.26%
  21  105695_6217_7786_MF778056_B_NA_NA    4.26%    passed     64.76%
  22  105695_6217_7786_MF778055_B_NA_NA    6.09%    passed     88.66%
  23  105695_6217_7786_MF778054_B_NA_NA    6.03%    passed     99.50%
  24  105695_6217_7786_MF778053_B_NA_NA    4.75%    passed     95.62%
  25  105695_6218_7786_MF778052_B_NA_NA    6.09%    passed     89.59%
  26  105695_6217_7786_MF778051_B_NA_NA    4.26%    passed     75.88%
  27  105695_6217_7786_MF778050_B_NA_NA    4.99%    passed     95.25%
  28  105695_6217_7786_MF778049_B_NA_NA    6.03%    passed     90.16%
  29  105695_6217_7786_MF778048_B_NA_NA    5.30%    passed     99.42%
  30  105695_6217_7786_MF778047_B_NA_NA    4.20%    passed     74.50%
  31  105695_6217_7786_MF778046_B_NA_NA    6.21%    passed     88.71%
  32  105695_6217_7786_MF778045_B_NA_NA    4.75%    passed     99.22%
  33  105695_6217_7786_MF778044_B_NA_NA    4.75%    passed     96.05%
  34  105695_6217_7786_MF778043_B_NA_NA    4.75%    passed     99.17%
  35  105695_6217_7786_MF778042_B_NA_NA    4.20%    passed     76.19%
  36  105695_6217_7786_MF778041_B_NA_NA    4.63%    passed     96.29%
  37  105695_6217_7786_MF778040_B_NA_NA    6.03%    passed     82.63%
  38  105695_6217_7786_MF778039_B_NA_NA    5.91%    passed     94.24%
  39  105695_6217_7786_MF778038_B_NA_NA    4.26%    passed     84.77%
  40  105695_6217_7786_MF778037_B_NA_NA    6.58%    passed     92.27%
  41  105695_6217_7786_MF778036_B_NA_NA    4.63%    passed     96.72%
  42  105695_6217_7786_MF778035_B_NA_NA    4.45%    passed     97.02%
  43  105695_6217_7786_MF778034_B_NA_NA    4.63%    passed     96.97%
  44  105695_6217_7786_MF778033_B_NA_NA    4.20%    passed     72.61%
  45  105695_6217_7786_MF778032_B_NA_NA    4.38%    passed     99.55%
  46  105695_6217_7786_MF778031_B_NA_NA    4.57%    passed     99.13%
  47  105695_6217_7786_MF778030_B_NA_NA    4.57%    passed     98.17%
  48  105695_6217_7786_MF778029_B_NA_NA    4.57%    passed     97.47%
  49  105695_6217_7786_MF778028_B_NA_NA    5.12%    passed     98.19%
  50  105695_6217_7786_MF778027_B_NA_NA    5.12%    passed     94.31%
  51  105695_6217_7786_MF778026_B_NA_NA    5.12%    passed     92.12%
  52  105695_6217_7786_MF778025_B_NA_NA    5.18%    passed     99.09%
  53  105695_6217_7786_MF778024_B_NA_NA    4.38%    passed     98.81%
  54  105695_6217_7786_MF778023_B_NA_NA    4.57%    passed     97.25%
  55  105695_6217_7786_MF778022_B_NA_NA    4.57%    passed     99.05%
  56  105695_6217_7786_MF778021_B_NA_NA    5.48%    passed     98.53%
  57  105695_6217_7786_MF778020_B_NA_NA    5.12%    passed     97.66%
  58  105695_6217_7786_MF778019_B_NA_NA    4.57%    passed     99.48%
  59  105695_6217_7786_MF778018_B_NA_NA    4.20%    passed     63.86%
  60  105695_6217_7786_MF778017_B_NA_NA    4.93%    passed     99.19%
  61  105695_6217_7786_MF778016_B_NA_NA    4.57%    passed     99.80%
  62  105695_6217_7786_MF778015_B_NA_NA    4.57%    passed     98.31%
  63  105695_6217_7786_MF778014_B_NA_NA    5.85%    passed     91.57%
  64  105695_6217_7786_MF778013_B_NA_NA    5.12%    passed     97.75%
  65  105695_6217_7786_MF778012_B_NA_NA    4.57%    passed     99.83%
  66  105695_6217_7786_MF778011_B_NA_NA    4.93%    passed     98.15%
  67  105695_6217_7786_MF778010_B_NA_NA    4.99%    passed     99.56%
  68  105695_6217_7786_MF778009_B_NA_NA    4.20%    passed     73.72%
  69  105695_6217_7786_MF778008_B_NA_NA    4.20%    passed     69.16%
  70  105695_6217_7786_MF778007_B_NA_NA    4.20%    passed     73.72%
  71  105695_6217_7786_MF778006_B_NA_NA    4.20%    passed     72.52%
  72  105695_6217_7786_MF778005_B_NA_NA    4.20%    passed     70.88%
  73  105695_6217_7786_MF778004_B_NA_NA    5.12%    passed     98.26%
  74  105695_6217_7786_MF778003_B_NA_NA    5.12%    passed     97.66%
  75  105695_6217_7786_MF778002_B_NA_NA    4.20%    passed     75.14%
  76  105695_6217_7786_MF778001_B_NA_NA    4.99%    passed     97.77%
  77  105695_6217_7786_MF778000_B_NA_NA    4.38%    passed     94.64%
  78  105695_6217_7786_MF777999_B_NA_NA    4.38%    passed     99.57%
  79  105695_6217_7786_MF777998_B_NA_NA    4.75%    passed     88.59%
  80  105695_6217_7786_MF777997_B_NA_NA    4.57%    passed     98.41%
  81  105695_6217_7786_MF777996_B_NA_NA    5.12%    passed     97.77%
  82  105695_6217_7786_MF777995_B_NA_NA    4.57%    passed     97.05%
  83  105695_6217_7786_MF777994_B_NA_NA    4.20%    passed     73.76%
  84  105695_6217_7786_MF777993_B_NA_NA    4.51%    passed     99.49%
  85  105695_6217_7786_MF777992_B_NA_NA    4.57%    passed     99.81%
  86  105695_6217_7786_MF777991_B_NA_NA    5.48%    passed     98.97%
  87  105695_6217_7786_MF777990_B_NA_NA    4.57%    passed     99.56%
  88  105695_6217_7786_MF777989_B_NA_NA    4.57%    passed     96.48%
  89  105695_6217_7786_MF777988_B_NA_NA    4.38%    passed     99.78%
  90  105695_6217_7786_MF777987_B_NA_NA    4.93%    passed     96.00%
  91  105695_6217_7786_MF777986_B_NA_NA    4.57%    passed     99.99%
  92  105695_6217_7786_MF777985_B_NA_NA    5.12%    passed     99.46%
  93  105695_6217_7786_MF777984_B_NA_NA    4.93%    passed     99.96%
  94  105695_6217_7786_MF777983_B_NA_NA    4.20%    passed     98.45%
  95  105695_6217_7786_MF777982_B_NA_NA    5.12%    passed     97.80%
  96  105695_6217_7786_MF777981_B_NA_NA    5.12%    passed     98.96%
  97  105695_6217_7786_MF777980_B_NA_NA    4.57%    passed     99.81%
  98  105695_6217_7786_MF777979_B_NA_NA    5.12%    passed     99.20%
  99  105695_6217_7786_MF777978_B_NA_NA    4.57%    passed     99.51%
 100  105695_6217_7786_MF777977_B_NA_NA    4.93%    passed     99.74%
 101  105695_6217_7786_MF777976_B_NA_NA    4.57%    passed     98.74%
 102  105695_6217_7786_MF777975_B_NA_NA    4.38%    passed     99.63%
 103  105695_6217_7786_MF777974_B_NA_NA    4.38%    passed     99.47%
 104  105695_6217_7786_MF777973_B_NA_NA    4.57%    passed     99.97%
 105  105695_6217_7786_MF777972_B_NA_NA    4.63%    passed     97.79%
 106  105695_6217_7786_MF777971_B_NA_NA    5.12%    passed     99.91%
 107  105695_6217_7786_MF777970_B_NA_NA    4.57%    passed     99.63%
 108  105695_6217_7786_MF777969_B_NA_NA    4.57%    passed     99.98%
 109  105695_6217_7810_MF777968_B_NA_NA    3.29%    passed     97.50%
 110  105695_6217_7786_MF777967_B_NA_NA    4.57%    passed     98.54%
 111  105695_6217_7786_MF777966_B_NA_NA    4.38%    passed     99.37%
 112  105695_6217_7786_MF777965_B_NA_NA    4.63%    passed     99.99%
 113  105695_6217_7786_MF777964_B_NA_NA    4.63%    passed     97.80%
 114  105695_6217_7786_MF777963_B_NA_NA    4.57%    passed     99.89%
 115  105695_6217_7786_MF777962_B_NA_NA    4.57%    passed     98.74%
 116  105695_6229_7786_MF777961_B_NA_NA    4.57%    passed     98.27%
 117  105695_6217_7786_MF777960_B_NA_NA    4.63%    passed     99.93%
 118  105695_6217_7786_MF777959_B_NA_NA    4.63%    passed     99.81%
 119  105695_6217_7786_MF777958_B_NA_NA    5.18%    passed     99.73%
 120  105695_6217_7786_MF777957_B_NA_NA    4.57%    passed     98.85%
 121  105695_6217_7786_MF777956_B_NA_NA    4.57%    passed     98.54%
 122  105695_6217_7786_MF777955_B_NA_NA    4.57%    passed     99.49%
 123  105695_6229_7786_MF777954_B_NA_NA    4.57%    passed     99.23%
 124  105695_6217_7786_MF777953_B_NA_NA    4.63%    passed     99.75%
 125  105695_6217_7786_MF777952_B_NA_NA    5.24%    passed     96.25%
 126  105695_6217_7786_MF777951_B_NA_NA    4.57%    passed     99.83%
 127  105695_6217_7786_MF777950_B_NA_NA    4.57%    passed     99.98%
 128  105695_6217_7786_MF777949_B_NA_NA    4.57%    passed     99.05%
 129  105695_6217_7786_MF777948_B_NA_NA    4.57%    passed    100.00%
 130  105695_6219_7786_MF777947_B_NA_NA    4.57%    passed     99.92%
 131  105695_6219_7786_MF777946_B_NA_NA    4.57%    passed     98.94%
 132  105695_6219_7786_MF777945_B_NA_NA    4.57%    passed     99.92%
 133  105695_6219_7786_MF777944_B_NA_NA    4.57%    passed     99.92%
 134  105695_6219_7786_MF777943_B_NA_NA    4.57%    passed     99.92%
 135  105695_6219_7786_MF777942_B_NA_NA    4.57%    passed     99.92%
 136  105695_6219_7786_MF777941_B_NA_NA    4.57%    passed     99.92%
 137  105695_6219_7786_MF777940_B_NA_NA    4.57%    passed     99.95%
 138  105695_6219_7786_MF777939_B_NA_NA    4.57%    passed     99.92%
 139  105695_6219_7786_MF777938_B_NA_NA    4.57%    passed     99.96%
 140  105695_6219_7786_MF777937_B_NA_NA    4.57%    passed     99.92%
 141  105695_6219_7786_MF777936_B_NA_NA    4.57%    passed     99.92%
 142  105695_6219_7786_MF777935_B_NA_NA    4.57%    passed     98.93%
 143  105695_6219_7786_MF777934_B_NA_NA    4.57%    passed     98.94%
 144  105695_6219_7786_MF777933_B_NA_NA    4.57%    passed     99.59%
 145  105695_6219_7786_MF777932_B_NA_NA    4.57%    passed     98.94%
 146  105695_6219_7786_MF777931_B_NA_NA    4.26%    passed     99.35%
 147  105695_6219_7786_MF777930_B_NA_NA    4.57%    passed     99.83%
 148  105695_6219_7786_MF777929_B_NA_NA    4.57%    passed     99.55%
 149  105695_6219_7786_MF777928_B_NA_NA    4.57%    passed     99.92%
 150  105695_6219_7785_MF777927_B_NA_NA    4.63%    passed     99.91%
 151  105695_6229_7785_MF777926_B_NA_NA    4.38%    passed     99.19%
 152  105695_6219_7785_MF777925_B_NA_NA    4.63%    passed     99.91%
 153  105695_6219_7785_MF777924_B_NA_NA    4.63%    passed     99.82%
 154  105695_6219_7786_MF777923_B_NA_NA    4.81%    passed     95.21%
 155  105695_6219_7786_MF777922_B_NA_NA    4.20%    passed     77.36%
 156  105695_6219_7786_MF777921_B_NA_NA    6.58%    passed     96.44%
 157  105695_6219_7786_MF777920_B_NA_NA    6.58%    passed     96.44%
 158  105695_6219_7786_MF777919_B_NA_NA    4.20%    passed     86.83%
 159  105695_6219_7786_MF777918_B_NA_NA    6.76%    passed     95.04%
 160  105695_6219_7786_MF777917_B_NA_NA    4.20%    passed     76.19%
 161  105695_6219_7786_MF777916_B_NA_NA    6.58%    passed     96.16%
 162  105695_6219_7786_MF777915_B_NA_NA    6.58%    passed     96.07%
 163  105695_6219_7786_MF777914_B_NA_NA    6.03%    passed     86.63%
 164  105695_6219_7786_MF777913_B_NA_NA    4.20%    passed     76.66%
 165  105695_6219_7786_MF777912_B_NA_NA    6.76%    passed     90.59%
 166  105695_6219_7786_MF777911_B_NA_NA    4.93%    passed     86.43%
 167  105695_6219_7786_MF777910_B_NA_NA    6.76%    passed     95.04%
 168  105695_6219_7786_MF777909_B_NA_NA    4.20%    passed     79.67%
 169  105695_6219_7786_MF777908_B_NA_NA    6.76%    passed     94.45%
 170  105695_6219_7786_MF777907_B_NA_NA    4.20%    passed     79.67%
 171  105695_6219_7786_MF777906_B_NA_NA    6.76%    passed     96.63%
 172  105695_6219_7786_MF777905_B_NA_NA    6.58%    passed     95.35%
 173  105695_6219_7786_MF777904_B_NA_NA    6.58%    passed     96.44%
****  TOTAL                                4.88%  0 sequences failed composition chi2 test (p-value<5%; df=3)
NOTE: 105695_6219_7786_MF777945_B_NA_NA is identical to 105695_6219_7786_MF777947_B_NA_NA but kept for subsequent analysis
NOTE: 105695_6219_7786_MF777934_B_NA_NA is identical to 105695_6219_7786_MF777946_B_NA_NA but kept for subsequent analysis
NOTE: 105695_6219_7785_MF777925_B_NA_NA is identical to 105695_6219_7785_MF777927_B_NA_NA but kept for subsequent analysis
NOTE: 105695_6219_7786_MF777920_B_NA_NA is identical to 105695_6219_7786_MF777921_B_NA_NA but kept for subsequent analysis
NOTE: 105695_6219_7786_MF777910_B_NA_NA is identical to 105695_6219_7786_MF777918_B_NA_NA but kept for subsequent analysis
NOTE: 8 identical sequences (see below) will be ignored for subsequent analysis
NOTE: 105695_6219_7786_MF777944_B_NA_NA (identical to 105695_6219_7786_MF777947_B_NA_NA) is ignored but added at the end
NOTE: 105695_6219_7786_MF777943_B_NA_NA (identical to 105695_6219_7786_MF777947_B_NA_NA) is ignored but added at the end
NOTE: 105695_6219_7786_MF777941_B_NA_NA (identical to 105695_6219_7786_MF777947_B_NA_NA) is ignored but added at the end
NOTE: 105695_6219_7786_MF777937_B_NA_NA (identical to 105695_6219_7786_MF777947_B_NA_NA) is ignored but added at the end
NOTE: 105695_6219_7786_MF777936_B_NA_NA (identical to 105695_6219_7786_MF777947_B_NA_NA) is ignored but added at the end
NOTE: 105695_6219_7786_MF777928_B_NA_NA (identical to 105695_6219_7786_MF777947_B_NA_NA) is ignored but added at the end
NOTE: 105695_6219_7786_MF777932_B_NA_NA (identical to 105695_6219_7786_MF777946_B_NA_NA) is ignored but added at the end
NOTE: 105695_6219_7786_MF777904_B_NA_NA (identical to 105695_6219_7786_MF777921_B_NA_NA) is ignored but added at the end
Alignment was printed to iqtree_subset/105695+181+B.uniqueseq.phy

For your convenience alignment with unique sequences printed to iqtree_subset/105695+181+B.uniqueseq.phy

Create initial parsimony tree by phylogenetic likelihood library (PLL)... 0.029 seconds

NOTE: 11 MB RAM (0 GB) is required!
Measuring multi-threading efficiency up to 1 CPU cores
Increase to 10 rounds for branch lengths
5 trees examined
Threads: 1 / Time: 1.049 sec / Speedup: 1.000 / Efficiency: 100% / LogL: -27162
BEST NUMBER OF THREADS: 1

Estimate model parameters (epsilon = 0.100)
1. Initial log-likelihood: -11344.046
2. Current log-likelihood: -10818.922
3. Current log-likelihood: -10780.509
4. Current log-likelihood: -10770.285
5. Current log-likelihood: -10768.435
6. Current log-likelihood: -10767.865
7. Current log-likelihood: -10767.574
8. Current log-likelihood: -10767.394
9. Current log-likelihood: -10767.253
10. Current log-likelihood: -10767.113
11. Current log-likelihood: -10766.979
12. Current log-likelihood: -10766.838
13. Current log-likelihood: -10766.681
14. Current log-likelihood: -10766.520
15. Current log-likelihood: -10766.336
16. Current log-likelihood: -10766.147
17. Current log-likelihood: -10765.935
18. Current log-likelihood: -10765.720
19. Current log-likelihood: -10765.484
20. Current log-likelihood: -10765.262
21. Current log-likelihood: -10765.036
22. Current log-likelihood: -10764.835
23. Current log-likelihood: -10764.645
24. Current log-likelihood: -10764.476
25. Current log-likelihood: -10764.321
26. Current log-likelihood: -10764.173
27. Current log-likelihood: -10764.029
28. Current log-likelihood: -10763.884
29. Current log-likelihood: -10763.740
30. Current log-likelihood: -10763.592
31. Current log-likelihood: -10763.438
32. Current log-likelihood: -10763.278
33. Current log-likelihood: -10763.111
34. Current log-likelihood: -10762.938
35. Current log-likelihood: -10762.762
36. Current log-likelihood: -10762.580
37. Current log-likelihood: -10762.396
38. Current log-likelihood: -10762.213
39. Current log-likelihood: -10762.034
40. Current log-likelihood: -10761.862
41. Current log-likelihood: -10761.700
42. Current log-likelihood: -10761.551
43. Current log-likelihood: -10761.416
44. Current log-likelihood: -10761.298
45. Current log-likelihood: -10761.196
Optimal log-likelihood: -10761.108
Rate parameters:  A-C: 1.24386  A-G: 3.28718  A-T: 0.44075  C-G: 0.42272  C-T: 3.32015  G-T: 1.00000
Base frequencies:  A: 0.373  C: 0.163  G: 0.221  T: 0.243
Proportion of invariable sites: 0.473
Site proportion and rates:  (0.341,0.511) (0.144,2.652) (0.034,7.519) (0.009,21.401)
Parameters optimization took 45 rounds (14.114 sec)
Wrote distance file to... 
Computing ML distances based on estimated model parameters...
Calculating distance matrix: done in 0.257721 secs using 99.83% CPU
Computing ML distances took 0.258223 sec (of wall-clock time) 0.257789 sec (of CPU time)
Setting up auxiliary I and S matrices: done in 0.000742707 secs using 99.1% CPU
Computing RapidNJ tree took 0.002887 sec (of wall-clock time) 0.002874 sec (of CPU time)
Log-likelihood of RapidNJ tree: -10861.951
--------------------------------------------------------------------
|             INITIALIZING CANDIDATE TREE SET                      |
--------------------------------------------------------------------
Generating 98 parsimony trees... 3.329 second
Computing log-likelihood of 98 initial trees ... 2.889 seconds
Current best score: -10691.431

Do NNI search on 20 best initial trees
Estimate model parameters (epsilon = 0.100)
BETTER TREE FOUND at iteration 1: -10673.412
Iteration 10 / LogL: -10700.907 / Time: 0h:0m:28s
Iteration 20 / LogL: -10692.784 / Time: 0h:0m:34s
Finish initializing candidate tree set (20)
Current best tree score: -10673.412 / CPU time: 19.122
Number of iterations: 20
--------------------------------------------------------------------
|               OPTIMIZING CANDIDATE TREE SET                      |
--------------------------------------------------------------------
Estimate model parameters (epsilon = 0.100)
BETTER TREE FOUND at iteration 22: -10665.682
Estimate model parameters (epsilon = 0.100)
BETTER TREE FOUND at iteration 27: -10664.808
Estimate model parameters (epsilon = 0.100)
BETTER TREE FOUND at iteration 30: -10662.441
Iteration 30 / LogL: -10662.441 / Time: 0h:0m:45s (0h:2m:35s left)
Estimate model parameters (epsilon = 0.100)
BETTER TREE FOUND at iteration 33: -10656.146
Estimate model parameters (epsilon = 0.100)
BETTER TREE FOUND at iteration 35: -10653.603
Estimate model parameters (epsilon = 0.100)
BETTER TREE FOUND at iteration 37: -10650.406
Iteration 40 / LogL: -10655.228 / Time: 0h:0m:54s (0h:2m:16s left)
Iteration 50 / LogL: -10677.294 / Time: 0h:1m:2s (0h:1m:51s left)
Iteration 60 / LogL: -10677.673 / Time: 0h:1m:10s (0h:1m:32s left)
Iteration 70 / LogL: -10678.462 / Time: 0h:1m:18s (0h:1m:16s left)
Iteration 80 / LogL: -10655.467 / Time: 0h:1m:26s (0h:1m:2s left)
Iteration 90 / LogL: -10653.841 / Time: 0h:1m:34s (0h:0m:49s left)
Iteration 100 / LogL: -10658.461 / Time: 0h:1m:42s (0h:0m:38s left)
Estimate model parameters (epsilon = 0.100)
BETTER TREE FOUND at iteration 106: -10649.630
Iteration 110 / LogL: -10677.156 / Time: 0h:1m:50s (0h:1m:36s left)
Estimate model parameters (epsilon = 0.100)
BETTER TREE FOUND at iteration 111: -10649.021
Estimate model parameters (epsilon = 0.100)
BETTER TREE FOUND at iteration 118: -10648.571
Iteration 120 / LogL: -10654.235 / Time: 0h:1m:58s (0h:1m:37s left)
Estimate model parameters (epsilon = 0.100)
BETTER TREE FOUND at iteration 130: -10647.794
Iteration 130 / LogL: -10647.794 / Time: 0h:2m:6s (0h:1m:37s left)
Estimate model parameters (epsilon = 0.100)
BETTER TREE FOUND at iteration 134: -10645.998
Iteration 140 / LogL: -10662.121 / Time: 0h:2m:14s (0h:1m:30s left)
Estimate model parameters (epsilon = 0.100)
BETTER TREE FOUND at iteration 142: -10645.027
Iteration 150 / LogL: -10648.563 / Time: 0h:2m:23s (0h:1m:28s left)
Iteration 160 / LogL: -10657.843 / Time: 0h:2m:31s (0h:1m:17s left)
Iteration 170 / LogL: -10667.773 / Time: 0h:2m:38s (0h:1m:7s left)
Iteration 180 / LogL: -10667.767 / Time: 0h:2m:45s (0h:0m:57s left)
Iteration 190 / LogL: -10653.296 / Time: 0h:2m:53s (0h:0m:47s left)
Iteration 200 / LogL: -10659.360 / Time: 0h:3m:1s (0h:0m:38s left)
Iteration 210 / LogL: -10658.568 / Time: 0h:3m:8s (0h:0m:28s left)
Iteration 220 / LogL: -10659.849 / Time: 0h:3m:16s (0h:0m:19s left)
Iteration 230 / LogL: -10661.505 / Time: 0h:3m:23s (0h:0m:10s left)
Estimate model parameters (epsilon = 0.100)
BETTER TREE FOUND at iteration 237: -10644.258
Iteration 240 / LogL: -10664.175 / Time: 0h:3m:32s (0h:1m:26s left)
Iteration 250 / LogL: -10654.750 / Time: 0h:3m:39s (0h:1m:16s left)
Iteration 260 / LogL: -10649.948 / Time: 0h:3m:47s (0h:1m:7s left)
Iteration 270 / LogL: -10658.036 / Time: 0h:3m:55s (0h:0m:58s left)
Iteration 280 / LogL: -10652.274 / Time: 0h:4m:3s (0h:0m:49s left)
Iteration 290 / LogL: -10651.663 / Time: 0h:4m:11s (0h:0m:40s left)
Iteration 300 / LogL: -10653.913 / Time: 0h:4m:19s (0h:0m:32s left)
Iteration 310 / LogL: -10651.415 / Time: 0h:4m:26s (0h:0m:23s left)
Iteration 320 / LogL: -10668.685 / Time: 0h:4m:34s (0h:0m:14s left)
Estimate model parameters (epsilon = 0.100)
BETTER TREE FOUND at iteration 327: -10643.823
Iteration 330 / LogL: -10660.038 / Time: 0h:4m:42s (0h:1m:23s left)
Iteration 340 / LogL: -10652.185 / Time: 0h:4m:51s (0h:1m:14s left)
Iteration 350 / LogL: -10654.005 / Time: 0h:4m:58s (0h:1m:5s left)
Iteration 360 / LogL: -10652.182 / Time: 0h:5m:6s (0h:0m:57s left)
Iteration 370 / LogL: -10665.850 / Time: 0h:5m:14s (0h:0m:48s left)
Estimate model parameters (epsilon = 0.100)
BETTER TREE FOUND at iteration 379: -10642.539
Iteration 380 / LogL: -10643.882 / Time: 0h:5m:22s (0h:1m:24s left)
Iteration 390 / LogL: -10663.080 / Time: 0h:5m:29s (0h:1m:15s left)
Iteration 400 / LogL: -10650.070 / Time: 0h:5m:37s (0h:1m:6s left)
Iteration 410 / LogL: -10644.787 / Time: 0h:5m:45s (0h:0m:58s left)
Iteration 420 / LogL: -10668.832 / Time: 0h:5m:53s (0h:0m:49s left)
Iteration 430 / LogL: -10660.434 / Time: 0h:6m:1s (0h:0m:41s left)
Iteration 440 / LogL: -10677.170 / Time: 0h:6m:8s (0h:0m:32s left)
Iteration 450 / LogL: -10672.571 / Time: 0h:6m:16s (0h:0m:24s left)
Iteration 460 / LogL: -10650.841 / Time: 0h:6m:25s (0h:0m:15s left)
Iteration 470 / LogL: -10645.368 / Time: 0h:6m:32s (0h:0m:7s left)
Iteration 480 / LogL: -10645.818 / Time: 0h:6m:40s (0h:0m:-1s left)
TREE SEARCH COMPLETED AFTER 480 ITERATIONS / Time: 0h:6m:40s

--------------------------------------------------------------------
|                    FINALIZING TREE SEARCH                        |
--------------------------------------------------------------------
Performs final model parameters optimization
Estimate model parameters (epsilon = 0.010)
1. Initial log-likelihood: -10642.539
2. Current log-likelihood: -10642.527
3. Current log-likelihood: -10642.516
4. Current log-likelihood: -10642.505
5. Current log-likelihood: -10642.495
Optimal log-likelihood: -10642.484
Rate parameters:  A-C: 1.31004  A-G: 3.34874  A-T: 0.40141  C-G: 0.42100  C-T: 3.36610  G-T: 1.00000
Base frequencies:  A: 0.373  C: 0.163  G: 0.221  T: 0.243
Proportion of invariable sites: 0.479
Site proportion and rates:  (0.379,0.625) (0.100,3.191) (0.034,7.711) (0.008,23.778)
Parameters optimization took 5 rounds (1.381 sec)
BEST SCORE FOUND : -10642.484
Empirical proportions for each category: 0.891 0.076 0.026 0.007
Site rates printed to iqtree_subset/105695+181+B.rate

Testing tree branches by SH-like aLRT with 1000 replicates...
6.184 sec.
Total tree length: 0.979

Total number of iterations: 480
CPU time used for tree search: 377.803 sec (0h:6m:17s)
Wall-clock time used for tree search: 384.547 sec (0h:6m:24s)
Total CPU time used: 400.934 sec (0h:6m:40s)
Total wall-clock time used: 407.802 sec (0h:6m:47s)

Analysis results written to: 
  IQ-TREE report:                iqtree_subset/105695+181+B.iqtree
  Maximum-likelihood tree:       iqtree_subset/105695+181+B.treefile
  Likelihood distances:          iqtree_subset/105695+181+B.mldist
  Site-specific rates:           iqtree_subset/105695+181+B.rate
  Screen log file:               iqtree_subset/105695+181+B.log

Date and Time: Tue Feb 11 18:14:16 2025
