IQ-TREE multicore version 2.3.3 COVID-edition for Linux x86 64-bit built Apr 25 2024
Developed by Bui Quang Minh, James Barbetti, Nguyen Lam Tung, Olga Chernomor,
Heiko Schmidt, Dominik Schrempf, Michael Woodhams, Ly Trong Nhan, Thomas Wong

Host:    linusblack.lanl.gov (AVX512, FMA3, 754 GB RAM)
Command: iqtree -s mafft_subset/105692+1+B.fasta -m GTR+I+R -alrt 1000 -T AUTO --prefix iqtree_subset/105692+1+B --rate -redo
Seed:    212372 (Using SPRNG - Scalable Parallel Random Number Generator)
Time:    Tue Feb 11 18:09:29 2025
Kernel:  AVX+FMA - auto-detect threads (1 CPU cores detected)

Reading alignment file mafft_subset/105692+1+B.fasta ... Fasta format detected
Reading fasta file: done in 0.00544373 secs using 97.69% CPU
Alignment most likely contains DNA/RNA sequences
Alignment has 196 sequences with 1609 columns, 366 distinct patterns
161 parsimony-informative, 180 singleton sites, 1268 constant sites
WARNING: Some sequence names are changed as follows:
105692+787+2376+MF779647+B+NA+NA -> 105692_787_2376_MF779647_B_NA_NA
105692+787+2376+MF779646+B+NA+NA -> 105692_787_2376_MF779646_B_NA_NA
105692+787+2376+MF779645+B+NA+NA -> 105692_787_2376_MF779645_B_NA_NA
105692+787+2376+MF779644+B+NA+NA -> 105692_787_2376_MF779644_B_NA_NA
105692+787+2376+MF779642+B+NA+NA -> 105692_787_2376_MF779642_B_NA_NA
105692+787+2376+MF779641+B+NA+NA -> 105692_787_2376_MF779641_B_NA_NA
105692+787+2376+MF779640+B+NA+NA -> 105692_787_2376_MF779640_B_NA_NA
105692+787+2376+MF779639+B+NA+NA -> 105692_787_2376_MF779639_B_NA_NA
105692+787+2376+MF779638+B+NA+NA -> 105692_787_2376_MF779638_B_NA_NA
105692+787+2376+MF779637+B+NA+NA -> 105692_787_2376_MF779637_B_NA_NA
105692+787+2376+MF779636+B+NA+NA -> 105692_787_2376_MF779636_B_NA_NA
105692+787+2376+MF779635+B+NA+NA -> 105692_787_2376_MF779635_B_NA_NA
105692+787+2376+MF779634+B+NA+NA -> 105692_787_2376_MF779634_B_NA_NA
105692+787+2376+MF779633+B+NA+NA -> 105692_787_2376_MF779633_B_NA_NA
105692+787+2376+MF779632+B+NA+NA -> 105692_787_2376_MF779632_B_NA_NA
105692+787+2376+MF779631+B+NA+NA -> 105692_787_2376_MF779631_B_NA_NA
105692+787+2376+MF779630+B+NA+NA -> 105692_787_2376_MF779630_B_NA_NA
105692+787+2376+MF779629+B+NA+NA -> 105692_787_2376_MF779629_B_NA_NA
105692+787+2376+MF779628+B+NA+NA -> 105692_787_2376_MF779628_B_NA_NA
105692+787+2376+MF779627+B+NA+NA -> 105692_787_2376_MF779627_B_NA_NA
105692+787+2376+MF779626+B+NA+NA -> 105692_787_2376_MF779626_B_NA_NA
105692+787+2376+MF779625+B+NA+NA -> 105692_787_2376_MF779625_B_NA_NA
105692+787+2376+MF779624+B+NA+NA -> 105692_787_2376_MF779624_B_NA_NA
105692+787+2376+MF779623+B+NA+NA -> 105692_787_2376_MF779623_B_NA_NA
105692+787+2376+MF779622+B+NA+NA -> 105692_787_2376_MF779622_B_NA_NA
105692+787+2376+MF779621+B+NA+NA -> 105692_787_2376_MF779621_B_NA_NA
105692+787+2376+MF779620+B+NA+NA -> 105692_787_2376_MF779620_B_NA_NA
105692+787+2376+MF779619+B+NA+NA -> 105692_787_2376_MF779619_B_NA_NA
105692+787+2376+MF779618+B+NA+NA -> 105692_787_2376_MF779618_B_NA_NA
105692+787+2376+MF779617+B+NA+NA -> 105692_787_2376_MF779617_B_NA_NA
105692+787+2376+MF779616+B+NA+NA -> 105692_787_2376_MF779616_B_NA_NA
105692+787+2376+MF779615+B+NA+NA -> 105692_787_2376_MF779615_B_NA_NA
105692+787+2376+MF779614+B+NA+NA -> 105692_787_2376_MF779614_B_NA_NA
105692+787+2376+MF779613+B+NA+NA -> 105692_787_2376_MF779613_B_NA_NA
105692+787+2376+MF779612+B+NA+NA -> 105692_787_2376_MF779612_B_NA_NA
105692+787+2376+MF779611+B+NA+NA -> 105692_787_2376_MF779611_B_NA_NA
105692+787+2376+MF779610+B+NA+NA -> 105692_787_2376_MF779610_B_NA_NA
105692+787+2376+MF779609+B+NA+NA -> 105692_787_2376_MF779609_B_NA_NA
105692+787+2376+MF779608+B+NA+NA -> 105692_787_2376_MF779608_B_NA_NA
105692+787+2376+MF779607+B+NA+NA -> 105692_787_2376_MF779607_B_NA_NA
105692+787+2376+MF779606+B+NA+NA -> 105692_787_2376_MF779606_B_NA_NA
105692+787+2376+MF779605+B+NA+NA -> 105692_787_2376_MF779605_B_NA_NA
105692+787+2376+MF779604+B+NA+NA -> 105692_787_2376_MF779604_B_NA_NA
105692+787+2376+MF779603+B+NA+NA -> 105692_787_2376_MF779603_B_NA_NA
105692+787+2376+MF779602+B+NA+NA -> 105692_787_2376_MF779602_B_NA_NA
105692+787+2376+MF779601+B+NA+NA -> 105692_787_2376_MF779601_B_NA_NA
105692+787+2376+MF779600+B+NA+NA -> 105692_787_2376_MF779600_B_NA_NA
105692+787+2376+MF779599+B+NA+NA -> 105692_787_2376_MF779599_B_NA_NA
105692+787+2376+MF779598+B+NA+NA -> 105692_787_2376_MF779598_B_NA_NA
105692+787+2376+MF779597+B+NA+NA -> 105692_787_2376_MF779597_B_NA_NA
105692+787+2376+MF779596+B+NA+NA -> 105692_787_2376_MF779596_B_NA_NA
105692+787+2376+MF779595+B+NA+NA -> 105692_787_2376_MF779595_B_NA_NA
105692+787+2376+MF779594+B+NA+NA -> 105692_787_2376_MF779594_B_NA_NA
105692+787+2376+MF779593+B+NA+NA -> 105692_787_2376_MF779593_B_NA_NA
105692+787+2376+MF779592+B+NA+NA -> 105692_787_2376_MF779592_B_NA_NA
105692+787+2376+MF779591+B+NA+NA -> 105692_787_2376_MF779591_B_NA_NA
105692+787+2376+MF779590+B+NA+NA -> 105692_787_2376_MF779590_B_NA_NA
105692+787+2347+MF779589+B+NA+NA -> 105692_787_2347_MF779589_B_NA_NA
105692+787+2376+MF779588+B+NA+NA -> 105692_787_2376_MF779588_B_NA_NA
105692+787+2376+MF779587+B+NA+NA -> 105692_787_2376_MF779587_B_NA_NA
105692+787+2376+MF779586+B+NA+NA -> 105692_787_2376_MF779586_B_NA_NA
105692+787+2376+MF779585+B+NA+NA -> 105692_787_2376_MF779585_B_NA_NA
105692+787+2376+MF779584+B+NA+NA -> 105692_787_2376_MF779584_B_NA_NA
105692+787+2376+MF779583+B+NA+NA -> 105692_787_2376_MF779583_B_NA_NA
105692+787+2376+MF779582+B+NA+NA -> 105692_787_2376_MF779582_B_NA_NA
105692+787+2376+MF779581+B+NA+NA -> 105692_787_2376_MF779581_B_NA_NA
105692+787+2376+MF779580+B+NA+NA -> 105692_787_2376_MF779580_B_NA_NA
105692+787+2376+MF779579+B+NA+NA -> 105692_787_2376_MF779579_B_NA_NA
105692+787+2376+MF779578+B+NA+NA -> 105692_787_2376_MF779578_B_NA_NA
105692+787+2376+MF779577+B+NA+NA -> 105692_787_2376_MF779577_B_NA_NA
105692+787+2376+MF779576+B+NA+NA -> 105692_787_2376_MF779576_B_NA_NA
105692+787+2376+MF779575+B+NA+NA -> 105692_787_2376_MF779575_B_NA_NA
105692+787+2376+MF779574+B+NA+NA -> 105692_787_2376_MF779574_B_NA_NA
105692+787+2376+MF779573+B+NA+NA -> 105692_787_2376_MF779573_B_NA_NA
105692+787+2376+MF779572+B+NA+NA -> 105692_787_2376_MF779572_B_NA_NA
105692+787+2376+MF779571+B+NA+NA -> 105692_787_2376_MF779571_B_NA_NA
105692+787+2376+MF779570+B+NA+NA -> 105692_787_2376_MF779570_B_NA_NA
105692+787+2376+MF779569+B+NA+NA -> 105692_787_2376_MF779569_B_NA_NA
105692+787+2376+MF779568+B+NA+NA -> 105692_787_2376_MF779568_B_NA_NA
105692+787+2376+MF779567+B+NA+NA -> 105692_787_2376_MF779567_B_NA_NA
105692+787+2376+MF779566+B+NA+NA -> 105692_787_2376_MF779566_B_NA_NA
105692+787+2376+MF779565+B+NA+NA -> 105692_787_2376_MF779565_B_NA_NA
105692+787+2376+MF779564+B+NA+NA -> 105692_787_2376_MF779564_B_NA_NA
105692+787+2376+MF779563+B+NA+NA -> 105692_787_2376_MF779563_B_NA_NA
105692+787+2376+MF779562+B+NA+NA -> 105692_787_2376_MF779562_B_NA_NA
105692+787+2376+MF779561+B+NA+NA -> 105692_787_2376_MF779561_B_NA_NA
105692+787+2376+MF779560+B+NA+NA -> 105692_787_2376_MF779560_B_NA_NA
105692+787+2376+MF779559+B+NA+NA -> 105692_787_2376_MF779559_B_NA_NA
105692+787+2376+MF779558+B+NA+NA -> 105692_787_2376_MF779558_B_NA_NA
105692+787+2376+MF779557+B+NA+NA -> 105692_787_2376_MF779557_B_NA_NA
105692+787+2376+MF779556+B+NA+NA -> 105692_787_2376_MF779556_B_NA_NA
105692+787+2376+MF779555+B+NA+NA -> 105692_787_2376_MF779555_B_NA_NA
105692+787+2376+MF779554+B+NA+NA -> 105692_787_2376_MF779554_B_NA_NA
105692+787+2376+MF779553+B+NA+NA -> 105692_787_2376_MF779553_B_NA_NA
105692+787+2376+MF779552+B+NA+NA -> 105692_787_2376_MF779552_B_NA_NA
105692+787+2376+MF779551+B+NA+NA -> 105692_787_2376_MF779551_B_NA_NA
105692+787+2376+MF779550+B+NA+NA -> 105692_787_2376_MF779550_B_NA_NA
105692+787+2376+MF779549+B+NA+NA -> 105692_787_2376_MF779549_B_NA_NA
105692+787+2376+MF779548+B+NA+NA -> 105692_787_2376_MF779548_B_NA_NA
105692+787+2376+MF779547+B+NA+NA -> 105692_787_2376_MF779547_B_NA_NA
105692+787+2376+MF779546+B+NA+NA -> 105692_787_2376_MF779546_B_NA_NA
105692+787+2376+MF779545+B+NA+NA -> 105692_787_2376_MF779545_B_NA_NA
105692+787+2376+MF779544+B+NA+NA -> 105692_787_2376_MF779544_B_NA_NA
105692+787+2376+MF779543+B+NA+NA -> 105692_787_2376_MF779543_B_NA_NA
105692+787+2376+MF779542+B+NA+NA -> 105692_787_2376_MF779542_B_NA_NA
105692+787+2376+MF779541+B+NA+NA -> 105692_787_2376_MF779541_B_NA_NA
105692+787+2376+MF779540+B+NA+NA -> 105692_787_2376_MF779540_B_NA_NA
105692+787+2376+MF779539+B+NA+NA -> 105692_787_2376_MF779539_B_NA_NA
105692+787+2376+MF779538+B+NA+NA -> 105692_787_2376_MF779538_B_NA_NA
105692+787+2376+MF779537+B+NA+NA -> 105692_787_2376_MF779537_B_NA_NA
105692+787+2376+MF779536+B+NA+NA -> 105692_787_2376_MF779536_B_NA_NA
105692+787+2376+MF779535+B+NA+NA -> 105692_787_2376_MF779535_B_NA_NA
105692+787+2376+MF779534+B+NA+NA -> 105692_787_2376_MF779534_B_NA_NA
105692+787+2376+MF779533+B+NA+NA -> 105692_787_2376_MF779533_B_NA_NA
105692+787+2376+MF779532+B+NA+NA -> 105692_787_2376_MF779532_B_NA_NA
105692+787+2376+MF779531+B+NA+NA -> 105692_787_2376_MF779531_B_NA_NA
105692+787+2376+MF779530+B+NA+NA -> 105692_787_2376_MF779530_B_NA_NA
105692+787+2376+MF779529+B+NA+NA -> 105692_787_2376_MF779529_B_NA_NA
105692+787+2376+MF779528+B+NA+NA -> 105692_787_2376_MF779528_B_NA_NA
105692+787+2376+MF779527+B+NA+NA -> 105692_787_2376_MF779527_B_NA_NA
105692+787+2376+MF779526+B+NA+NA -> 105692_787_2376_MF779526_B_NA_NA
105692+787+2376+MF779525+B+NA+NA -> 105692_787_2376_MF779525_B_NA_NA
105692+787+2376+MF779524+B+NA+NA -> 105692_787_2376_MF779524_B_NA_NA
105692+787+2376+MF779523+B+NA+NA -> 105692_787_2376_MF779523_B_NA_NA
105692+787+2376+MF779522+B+NA+NA -> 105692_787_2376_MF779522_B_NA_NA
105692+787+2376+MF779521+B+NA+NA -> 105692_787_2376_MF779521_B_NA_NA
105692+787+2376+MF779520+B+NA+NA -> 105692_787_2376_MF779520_B_NA_NA
105692+787+2376+MF779519+B+NA+NA -> 105692_787_2376_MF779519_B_NA_NA
105692+787+2376+MF779518+B+NA+NA -> 105692_787_2376_MF779518_B_NA_NA
105692+787+2376+MF779517+B+NA+NA -> 105692_787_2376_MF779517_B_NA_NA
105692+787+2376+MF779516+B+NA+NA -> 105692_787_2376_MF779516_B_NA_NA
105692+787+2376+MF779515+B+NA+NA -> 105692_787_2376_MF779515_B_NA_NA
105692+787+2376+MF779514+B+NA+NA -> 105692_787_2376_MF779514_B_NA_NA
105692+787+2376+MF779513+B+NA+NA -> 105692_787_2376_MF779513_B_NA_NA
105692+787+2376+MF779512+B+NA+NA -> 105692_787_2376_MF779512_B_NA_NA
105692+787+2376+MF779511+B+NA+NA -> 105692_787_2376_MF779511_B_NA_NA
105692+787+2376+MF779510+B+NA+NA -> 105692_787_2376_MF779510_B_NA_NA
105692+787+2376+MF779509+B+NA+NA -> 105692_787_2376_MF779509_B_NA_NA
105692+787+2376+MF779508+B+NA+NA -> 105692_787_2376_MF779508_B_NA_NA
105692+787+2376+MF779507+B+NA+NA -> 105692_787_2376_MF779507_B_NA_NA
105692+787+2376+MF779506+B+NA+NA -> 105692_787_2376_MF779506_B_NA_NA
105692+787+2376+MF779505+B+NA+NA -> 105692_787_2376_MF779505_B_NA_NA
105692+787+2376+MF779504+B+NA+NA -> 105692_787_2376_MF779504_B_NA_NA
105692+787+2376+MF779503+B+NA+NA -> 105692_787_2376_MF779503_B_NA_NA
105692+787+2376+MF779502+B+NA+NA -> 105692_787_2376_MF779502_B_NA_NA
105692+787+2376+MF779501+B+NA+NA -> 105692_787_2376_MF779501_B_NA_NA
105692+787+2376+MF779500+B+NA+NA -> 105692_787_2376_MF779500_B_NA_NA
105692+787+2376+MF779499+B+NA+NA -> 105692_787_2376_MF779499_B_NA_NA
105692+787+2376+MF779498+B+NA+NA -> 105692_787_2376_MF779498_B_NA_NA
105692+787+2376+MF779497+B+NA+NA -> 105692_787_2376_MF779497_B_NA_NA
105692+787+2376+MF779496+B+NA+NA -> 105692_787_2376_MF779496_B_NA_NA
105692+787+2376+MF779495+B+NA+NA -> 105692_787_2376_MF779495_B_NA_NA
105692+787+2376+MF779494+B+NA+NA -> 105692_787_2376_MF779494_B_NA_NA
105692+787+2376+MF779493+B+NA+NA -> 105692_787_2376_MF779493_B_NA_NA
105692+787+2376+MF779492+B+NA+NA -> 105692_787_2376_MF779492_B_NA_NA
105692+787+2376+MF779491+B+NA+NA -> 105692_787_2376_MF779491_B_NA_NA
105692+787+2376+MF779490+B+NA+NA -> 105692_787_2376_MF779490_B_NA_NA
105692+787+2376+MF779489+B+NA+NA -> 105692_787_2376_MF779489_B_NA_NA
105692+787+2376+MF779488+B+NA+NA -> 105692_787_2376_MF779488_B_NA_NA
105692+787+2376+MF779487+B+NA+NA -> 105692_787_2376_MF779487_B_NA_NA
105692+787+2376+MF779486+B+NA+NA -> 105692_787_2376_MF779486_B_NA_NA
105692+787+2376+MF779485+B+NA+NA -> 105692_787_2376_MF779485_B_NA_NA
105692+787+2376+MF779484+B+NA+NA -> 105692_787_2376_MF779484_B_NA_NA
105692+787+2376+MF779483+B+NA+NA -> 105692_787_2376_MF779483_B_NA_NA
105692+787+2376+MF779482+B+NA+NA -> 105692_787_2376_MF779482_B_NA_NA
105692+787+2376+MF779481+B+NA+NA -> 105692_787_2376_MF779481_B_NA_NA
105692+787+2376+MF779480+B+NA+NA -> 105692_787_2376_MF779480_B_NA_NA
105692+787+2376+MF779479+B+NA+NA -> 105692_787_2376_MF779479_B_NA_NA
105692+787+2376+MF779478+B+NA+NA -> 105692_787_2376_MF779478_B_NA_NA
105692+787+2376+MF779477+B+NA+NA -> 105692_787_2376_MF779477_B_NA_NA
105692+787+2376+MF779476+B+NA+NA -> 105692_787_2376_MF779476_B_NA_NA
105692+787+2376+MF779475+B+NA+NA -> 105692_787_2376_MF779475_B_NA_NA
105692+787+2376+MF779474+B+NA+NA -> 105692_787_2376_MF779474_B_NA_NA
105692+787+2376+MF779473+B+NA+NA -> 105692_787_2376_MF779473_B_NA_NA
105692+787+2376+MF779472+B+NA+NA -> 105692_787_2376_MF779472_B_NA_NA
105692+787+2376+MF779471+B+NA+NA -> 105692_787_2376_MF779471_B_NA_NA
105692+787+2376+MF779470+B+NA+NA -> 105692_787_2376_MF779470_B_NA_NA
105692+787+2376+MF779469+B+NA+NA -> 105692_787_2376_MF779469_B_NA_NA
105692+787+2376+MF779468+B+NA+NA -> 105692_787_2376_MF779468_B_NA_NA
105692+787+2376+MF779467+B+NA+NA -> 105692_787_2376_MF779467_B_NA_NA
105692+787+2376+MF779466+B+NA+NA -> 105692_787_2376_MF779466_B_NA_NA
105692+787+2376+MF779465+B+NA+NA -> 105692_787_2376_MF779465_B_NA_NA
105692+787+2376+MF779464+B+NA+NA -> 105692_787_2376_MF779464_B_NA_NA
105692+787+2376+MF779463+B+NA+NA -> 105692_787_2376_MF779463_B_NA_NA
105692+787+2376+MF779462+B+NA+NA -> 105692_787_2376_MF779462_B_NA_NA
105692+787+2376+MF779461+B+NA+NA -> 105692_787_2376_MF779461_B_NA_NA
105692+787+2376+MF779460+B+NA+NA -> 105692_787_2376_MF779460_B_NA_NA
105692+787+2376+MF779459+B+NA+NA -> 105692_787_2376_MF779459_B_NA_NA
105692+787+2376+MF779458+B+NA+NA -> 105692_787_2376_MF779458_B_NA_NA
105692+787+2376+MF779457+B+NA+NA -> 105692_787_2376_MF779457_B_NA_NA
105692+787+2376+MF779456+B+NA+NA -> 105692_787_2376_MF779456_B_NA_NA
105692+787+2376+MF779455+B+NA+NA -> 105692_787_2376_MF779455_B_NA_NA
105692+787+2376+MF779454+B+NA+NA -> 105692_787_2376_MF779454_B_NA_NA
105692+787+2376+MF779453+B+NA+NA -> 105692_787_2376_MF779453_B_NA_NA
105692+787+2376+MF779452+B+NA+NA -> 105692_787_2376_MF779452_B_NA_NA
105692+787+2376+MF779451+B+NA+NA -> 105692_787_2376_MF779451_B_NA_NA

                                  Gap/Ambiguity  Composition  p-value
Analyzing sequences: done in 0.000173035 secs using 99.4% CPU
   1  105692_787_2376_MF779647_B_NA_NA    0.62%    passed     99.86%
   2  105692_787_2376_MF779646_B_NA_NA    0.81%    passed     99.68%
   3  105692_787_2376_MF779645_B_NA_NA    0.62%    passed     98.93%
   4  105692_787_2376_MF779644_B_NA_NA    0.62%    passed     99.46%
   5  105692_787_2376_MF779642_B_NA_NA    0.12%    passed     96.19%
   6  105692_787_2376_MF779641_B_NA_NA    0.62%    passed     99.32%
   7  105692_787_2376_MF779640_B_NA_NA    0.62%    passed    100.00%
   8  105692_787_2376_MF779639_B_NA_NA    0.06%    passed     99.59%
   9  105692_787_2376_MF779638_B_NA_NA    0.62%    passed     99.69%
  10  105692_787_2376_MF779637_B_NA_NA    0.62%    passed     99.65%
  11  105692_787_2376_MF779636_B_NA_NA    0.12%    passed     98.58%
  12  105692_787_2376_MF779635_B_NA_NA    0.62%    passed     99.90%
  13  105692_787_2376_MF779634_B_NA_NA    0.06%    passed     99.24%
  14  105692_787_2376_MF779633_B_NA_NA    0.62%    passed     99.39%
  15  105692_787_2376_MF779632_B_NA_NA    0.62%    passed     99.87%
  16  105692_787_2376_MF779631_B_NA_NA    0.62%    passed     99.79%
  17  105692_787_2376_MF779630_B_NA_NA    0.62%    passed     99.61%
  18  105692_787_2376_MF779629_B_NA_NA    0.62%    passed     99.83%
  19  105692_787_2376_MF779628_B_NA_NA    0.62%    passed     99.93%
  20  105692_787_2376_MF779627_B_NA_NA    0.62%    passed     99.39%
  21  105692_787_2376_MF779626_B_NA_NA    0.62%    passed     99.90%
  22  105692_787_2376_MF779625_B_NA_NA    0.62%    passed     99.97%
  23  105692_787_2376_MF779624_B_NA_NA    0.68%    passed     98.23%
  24  105692_787_2376_MF779623_B_NA_NA    0.62%    passed     99.97%
  25  105692_787_2376_MF779622_B_NA_NA    0.81%    passed     99.65%
  26  105692_787_2376_MF779621_B_NA_NA    0.62%    passed     99.58%
  27  105692_787_2376_MF779620_B_NA_NA    0.62%    passed     99.33%
  28  105692_787_2376_MF779619_B_NA_NA    0.62%    passed     99.61%
  29  105692_787_2376_MF779618_B_NA_NA    0.62%    passed     99.88%
  30  105692_787_2376_MF779617_B_NA_NA    0.62%    passed     99.47%
  31  105692_787_2376_MF779616_B_NA_NA    0.68%    passed     99.97%
  32  105692_787_2376_MF779615_B_NA_NA    0.68%    passed     99.13%
  33  105692_787_2376_MF779614_B_NA_NA    0.62%    passed     98.45%
  34  105692_787_2376_MF779613_B_NA_NA    0.68%    passed     99.89%
  35  105692_787_2376_MF779612_B_NA_NA    0.62%    passed     99.54%
  36  105692_787_2376_MF779611_B_NA_NA    0.68%    passed     99.97%
  37  105692_787_2376_MF779610_B_NA_NA    0.62%    passed     99.89%
  38  105692_787_2376_MF779609_B_NA_NA    0.12%    passed     99.90%
  39  105692_787_2376_MF779608_B_NA_NA    5.47%    passed     98.34%
  40  105692_787_2376_MF779607_B_NA_NA    0.62%    passed     99.97%
  41  105692_787_2376_MF779606_B_NA_NA    0.62%    passed     99.33%
  42  105692_787_2376_MF779605_B_NA_NA    0.62%    passed     97.38%
  43  105692_787_2376_MF779604_B_NA_NA    0.62%    passed     99.52%
  44  105692_787_2376_MF779603_B_NA_NA    0.62%    passed     99.99%
  45  105692_787_2376_MF779602_B_NA_NA    0.62%    passed     99.53%
  46  105692_787_2376_MF779601_B_NA_NA    0.68%    passed     99.93%
  47  105692_787_2376_MF779600_B_NA_NA    0.62%    passed     99.65%
  48  105692_787_2376_MF779599_B_NA_NA    0.62%    passed     98.94%
  49  105692_787_2376_MF779598_B_NA_NA    0.62%    passed     99.89%
  50  105692_787_2376_MF779597_B_NA_NA    0.62%    passed     98.94%
  51  105692_787_2376_MF779596_B_NA_NA    0.62%    passed     99.97%
  52  105692_787_2376_MF779595_B_NA_NA    0.62%    passed     99.99%
  53  105692_787_2376_MF779594_B_NA_NA    0.56%    passed     99.06%
  54  105692_787_2376_MF779593_B_NA_NA    0.62%    passed     99.97%
  55  105692_787_2376_MF779592_B_NA_NA    0.62%    passed     99.29%
  56  105692_787_2376_MF779591_B_NA_NA    0.68%    passed    100.00%
  57  105692_787_2376_MF779590_B_NA_NA    0.68%    passed     99.80%
  58  105692_787_2347_MF779589_B_NA_NA    2.61%    passed     99.76%
  59  105692_787_2376_MF779588_B_NA_NA    0.62%    passed     99.76%
  60  105692_787_2376_MF779587_B_NA_NA    0.62%    passed     99.81%
  61  105692_787_2376_MF779586_B_NA_NA    0.56%    passed     99.62%
  62  105692_787_2376_MF779585_B_NA_NA    0.62%    passed     99.65%
  63  105692_787_2376_MF779584_B_NA_NA    0.81%    passed    100.00%
  64  105692_787_2376_MF779583_B_NA_NA    0.62%    passed     98.92%
  65  105692_787_2376_MF779582_B_NA_NA    0.62%    passed     98.80%
  66  105692_787_2376_MF779581_B_NA_NA    0.62%    passed     99.53%
  67  105692_787_2376_MF779580_B_NA_NA    0.62%    passed     99.87%
  68  105692_787_2376_MF779579_B_NA_NA    0.62%    passed     99.92%
  69  105692_787_2376_MF779578_B_NA_NA    0.62%    passed     99.97%
  70  105692_787_2376_MF779577_B_NA_NA    0.68%    passed     99.05%
  71  105692_787_2376_MF779576_B_NA_NA    0.62%    passed     99.88%
  72  105692_787_2376_MF779575_B_NA_NA    0.62%    passed     98.63%
  73  105692_787_2376_MF779574_B_NA_NA    0.62%    passed     99.56%
  74  105692_787_2376_MF779573_B_NA_NA    0.68%    passed     99.98%
  75  105692_787_2376_MF779572_B_NA_NA    0.62%    passed     99.04%
  76  105692_787_2376_MF779571_B_NA_NA    0.62%    passed     99.76%
  77  105692_787_2376_MF779570_B_NA_NA    0.62%    passed     99.93%
  78  105692_787_2376_MF779569_B_NA_NA    0.62%    passed     99.88%
  79  105692_787_2376_MF779568_B_NA_NA    0.62%    passed     98.73%
  80  105692_787_2376_MF779567_B_NA_NA    0.68%    passed     99.84%
  81  105692_787_2376_MF779566_B_NA_NA    0.62%    passed     99.99%
  82  105692_787_2376_MF779565_B_NA_NA    0.62%    passed     99.97%
  83  105692_787_2376_MF779564_B_NA_NA    0.68%    passed     98.41%
  84  105692_787_2376_MF779563_B_NA_NA    0.62%    passed     99.75%
  85  105692_787_2376_MF779562_B_NA_NA    0.62%    passed     99.99%
  86  105692_787_2376_MF779561_B_NA_NA    0.62%    passed     99.92%
  87  105692_787_2376_MF779560_B_NA_NA    0.62%    passed     99.76%
  88  105692_787_2376_MF779559_B_NA_NA    0.62%    passed     99.93%
  89  105692_787_2376_MF779558_B_NA_NA    0.62%    passed     99.00%
  90  105692_787_2376_MF779557_B_NA_NA    0.62%    passed     98.42%
  91  105692_787_2376_MF779556_B_NA_NA    0.62%    passed     99.76%
  92  105692_787_2376_MF779555_B_NA_NA    0.62%    passed     99.91%
  93  105692_787_2376_MF779554_B_NA_NA    0.62%    passed     99.76%
  94  105692_787_2376_MF779553_B_NA_NA    0.62%    passed     99.92%
  95  105692_787_2376_MF779552_B_NA_NA    0.62%    passed     99.68%
  96  105692_787_2376_MF779551_B_NA_NA    0.62%    passed     99.76%
  97  105692_787_2376_MF779550_B_NA_NA    0.62%    passed     99.99%
  98  105692_787_2376_MF779549_B_NA_NA    0.62%    passed     99.76%
  99  105692_787_2376_MF779548_B_NA_NA    0.62%    passed     99.87%
 100  105692_787_2376_MF779547_B_NA_NA    0.62%    passed     99.42%
 101  105692_787_2376_MF779546_B_NA_NA    0.62%    passed     99.83%
 102  105692_787_2376_MF779545_B_NA_NA    0.62%    passed     99.91%
 103  105692_787_2376_MF779544_B_NA_NA    0.62%    passed     99.96%
 104  105692_787_2376_MF779543_B_NA_NA    0.62%    passed     99.99%
 105  105692_787_2376_MF779542_B_NA_NA    0.62%    passed     99.68%
 106  105692_787_2376_MF779541_B_NA_NA    0.62%    passed     99.91%
 107  105692_787_2376_MF779540_B_NA_NA    0.68%    passed     99.96%
 108  105692_787_2376_MF779539_B_NA_NA    0.62%    passed     99.65%
 109  105692_787_2376_MF779538_B_NA_NA    0.62%    passed     99.29%
 110  105692_787_2376_MF779537_B_NA_NA    0.62%    passed     99.97%
 111  105692_787_2376_MF779536_B_NA_NA    0.62%    passed     99.99%
 112  105692_787_2376_MF779535_B_NA_NA    0.62%    passed     99.98%
 113  105692_787_2376_MF779534_B_NA_NA    0.62%    passed     99.91%
 114  105692_787_2376_MF779533_B_NA_NA    0.62%    passed     99.88%
 115  105692_787_2376_MF779532_B_NA_NA    0.68%    passed     99.87%
 116  105692_787_2376_MF779531_B_NA_NA    0.62%    passed     99.88%
 117  105692_787_2376_MF779530_B_NA_NA    0.68%    passed     99.96%
 118  105692_787_2376_MF779529_B_NA_NA    0.62%    passed     97.29%
 119  105692_787_2376_MF779528_B_NA_NA    0.68%    passed     99.66%
 120  105692_787_2376_MF779527_B_NA_NA    0.62%    passed     99.78%
 121  105692_787_2376_MF779526_B_NA_NA    0.68%    passed     99.43%
 122  105692_787_2376_MF779525_B_NA_NA    0.62%    passed     99.91%
 123  105692_787_2376_MF779524_B_NA_NA    0.62%    passed     99.89%
 124  105692_787_2376_MF779523_B_NA_NA    0.62%    passed     99.69%
 125  105692_787_2376_MF779522_B_NA_NA    0.62%    passed     99.91%
 126  105692_787_2376_MF779521_B_NA_NA    0.68%    passed     99.95%
 127  105692_787_2376_MF779520_B_NA_NA    0.68%    passed     99.87%
 128  105692_787_2376_MF779519_B_NA_NA    0.68%    passed     99.75%
 129  105692_787_2376_MF779518_B_NA_NA    0.62%    passed     99.83%
 130  105692_787_2376_MF779517_B_NA_NA    0.62%    passed     99.87%
 131  105692_787_2376_MF779516_B_NA_NA    0.62%    passed     99.86%
 132  105692_787_2376_MF779515_B_NA_NA    0.62%    passed     99.82%
 133  105692_787_2376_MF779514_B_NA_NA    0.62%    passed     99.82%
 134  105692_787_2376_MF779513_B_NA_NA    0.62%    passed     99.83%
 135  105692_787_2376_MF779512_B_NA_NA    0.68%    passed     99.99%
 136  105692_787_2376_MF779511_B_NA_NA    0.68%    passed     99.82%
 137  105692_787_2376_MF779510_B_NA_NA    0.62%    passed     99.82%
 138  105692_787_2376_MF779509_B_NA_NA    0.62%    passed     99.63%
 139  105692_787_2376_MF779508_B_NA_NA    0.62%    passed     99.94%
 140  105692_787_2376_MF779507_B_NA_NA    0.68%    passed     99.95%
 141  105692_787_2376_MF779506_B_NA_NA    0.62%    passed     99.95%
 142  105692_787_2376_MF779505_B_NA_NA    0.62%    passed     99.82%
 143  105692_787_2376_MF779504_B_NA_NA    0.68%    passed     99.86%
 144  105692_787_2376_MF779503_B_NA_NA    0.62%    passed     99.94%
 145  105692_787_2376_MF779502_B_NA_NA    0.62%    passed     99.87%
 146  105692_787_2376_MF779501_B_NA_NA    0.62%    passed     99.82%
 147  105692_787_2376_MF779500_B_NA_NA    0.62%    passed     99.82%
 148  105692_787_2376_MF779499_B_NA_NA    0.62%    passed     99.82%
 149  105692_787_2376_MF779498_B_NA_NA    0.62%    passed     99.82%
 150  105692_787_2376_MF779497_B_NA_NA    0.62%    passed     99.94%
 151  105692_787_2376_MF779496_B_NA_NA    0.62%    passed     99.69%
 152  105692_787_2376_MF779495_B_NA_NA    0.62%    passed     99.75%
 153  105692_787_2376_MF779494_B_NA_NA    0.75%    passed     99.37%
 154  105692_787_2376_MF779493_B_NA_NA    0.62%    passed     99.66%
 155  105692_787_2376_MF779492_B_NA_NA    0.68%    passed     99.72%
 156  105692_787_2376_MF779491_B_NA_NA    0.62%    passed     99.78%
 157  105692_787_2376_MF779490_B_NA_NA    0.62%    passed     99.07%
 158  105692_787_2376_MF779489_B_NA_NA    0.62%    passed     99.58%
 159  105692_787_2376_MF779488_B_NA_NA    0.62%    passed     98.96%
 160  105692_787_2376_MF779487_B_NA_NA    0.62%    passed     99.66%
 161  105692_787_2376_MF779486_B_NA_NA    0.62%    passed     99.43%
 162  105692_787_2376_MF779485_B_NA_NA    0.62%    passed     99.66%
 163  105692_787_2376_MF779484_B_NA_NA    0.62%    passed     99.02%
 164  105692_787_2376_MF779483_B_NA_NA    0.62%    passed     99.30%
 165  105692_787_2376_MF779482_B_NA_NA    0.62%    passed     98.96%
 166  105692_787_2376_MF779481_B_NA_NA    0.62%    passed     99.30%
 167  105692_787_2376_MF779480_B_NA_NA    0.62%    passed     99.46%
 168  105692_787_2376_MF779479_B_NA_NA    0.62%    passed     99.46%
 169  105692_787_2376_MF779478_B_NA_NA    0.62%    passed     99.30%
 170  105692_787_2376_MF779477_B_NA_NA    0.62%    passed     99.21%
 171  105692_787_2376_MF779476_B_NA_NA    0.75%    passed     99.12%
 172  105692_787_2376_MF779475_B_NA_NA    0.62%    passed     99.30%
 173  105692_787_2376_MF779474_B_NA_NA    0.62%    passed     99.18%
 174  105692_787_2376_MF779473_B_NA_NA    2.67%    passed     94.26%
 175  105692_787_2376_MF779472_B_NA_NA    0.68%    passed     99.34%
 176  105692_787_2376_MF779471_B_NA_NA    0.62%    passed     99.46%
 177  105692_787_2376_MF779470_B_NA_NA    0.62%    passed     99.49%
 178  105692_787_2376_MF779469_B_NA_NA    0.62%    passed     99.30%
 179  105692_787_2376_MF779468_B_NA_NA    0.62%    passed     99.02%
 180  105692_787_2376_MF779467_B_NA_NA    0.62%    passed     98.60%
 181  105692_787_2376_MF779466_B_NA_NA    0.62%    passed     99.46%
 182  105692_787_2376_MF779465_B_NA_NA    0.62%    passed     99.46%
 183  105692_787_2376_MF779464_B_NA_NA    0.62%    passed     99.66%
 184  105692_787_2376_MF779463_B_NA_NA    0.62%    passed     99.46%
 185  105692_787_2376_MF779462_B_NA_NA    0.62%    passed     98.92%
 186  105692_787_2376_MF779461_B_NA_NA    0.62%    passed     99.86%
 187  105692_787_2376_MF779460_B_NA_NA    0.62%    passed     99.81%
 188  105692_787_2376_MF779459_B_NA_NA    0.62%    passed     99.81%
 189  105692_787_2376_MF779458_B_NA_NA    0.62%    passed     99.99%
 190  105692_787_2376_MF779457_B_NA_NA    0.62%    passed     99.30%
 191  105692_787_2376_MF779456_B_NA_NA    0.62%    passed     99.97%
 192  105692_787_2376_MF779455_B_NA_NA    0.62%    passed     99.72%
 193  105692_787_2376_MF779454_B_NA_NA    0.62%    passed     99.72%
 194  105692_787_2376_MF779453_B_NA_NA    0.68%    passed     99.91%
 195  105692_787_2376_MF779452_B_NA_NA    0.62%    passed     99.93%
 196  105692_787_2376_MF779451_B_NA_NA    0.62%    passed     99.95%
****  TOTAL                               0.67%  0 sequences failed composition chi2 test (p-value<5%; df=3)
NOTE: 105692_787_2376_MF779627_B_NA_NA is identical to 105692_787_2376_MF779633_B_NA_NA but kept for subsequent analysis
NOTE: 105692_787_2376_MF779556_B_NA_NA is identical to 105692_787_2376_MF779560_B_NA_NA but kept for subsequent analysis
NOTE: 105692_787_2376_MF779542_B_NA_NA is identical to 105692_787_2376_MF779552_B_NA_NA but kept for subsequent analysis
NOTE: 105692_787_2376_MF779534_B_NA_NA is identical to 105692_787_2376_MF779541_B_NA_NA but kept for subsequent analysis
NOTE: 105692_787_2376_MF779514_B_NA_NA is identical to 105692_787_2376_MF779515_B_NA_NA but kept for subsequent analysis
NOTE: 105692_787_2376_MF779479_B_NA_NA is identical to 105692_787_2376_MF779480_B_NA_NA but kept for subsequent analysis
NOTE: 105692_787_2376_MF779459_B_NA_NA is identical to 105692_787_2376_MF779460_B_NA_NA but kept for subsequent analysis
NOTE: 15 identical sequences (see below) will be ignored for subsequent analysis
NOTE: 105692_787_2376_MF779554_B_NA_NA (identical to 105692_787_2376_MF779560_B_NA_NA) is ignored but added at the end
NOTE: 105692_787_2376_MF779551_B_NA_NA (identical to 105692_787_2376_MF779560_B_NA_NA) is ignored but added at the end
NOTE: 105692_787_2376_MF779549_B_NA_NA (identical to 105692_787_2376_MF779560_B_NA_NA) is ignored but added at the end
NOTE: 105692_787_2376_MF779525_B_NA_NA (identical to 105692_787_2376_MF779541_B_NA_NA) is ignored but added at the end
NOTE: 105692_787_2376_MF779522_B_NA_NA (identical to 105692_787_2376_MF779541_B_NA_NA) is ignored but added at the end
NOTE: 105692_787_2376_MF779510_B_NA_NA (identical to 105692_787_2376_MF779515_B_NA_NA) is ignored but added at the end
NOTE: 105692_787_2376_MF779505_B_NA_NA (identical to 105692_787_2376_MF779515_B_NA_NA) is ignored but added at the end
NOTE: 105692_787_2376_MF779501_B_NA_NA (identical to 105692_787_2376_MF779515_B_NA_NA) is ignored but added at the end
NOTE: 105692_787_2376_MF779500_B_NA_NA (identical to 105692_787_2376_MF779515_B_NA_NA) is ignored but added at the end
NOTE: 105692_787_2376_MF779499_B_NA_NA (identical to 105692_787_2376_MF779515_B_NA_NA) is ignored but added at the end
NOTE: 105692_787_2376_MF779498_B_NA_NA (identical to 105692_787_2376_MF779515_B_NA_NA) is ignored but added at the end
NOTE: 105692_787_2376_MF779471_B_NA_NA (identical to 105692_787_2376_MF779480_B_NA_NA) is ignored but added at the end
NOTE: 105692_787_2376_MF779466_B_NA_NA (identical to 105692_787_2376_MF779480_B_NA_NA) is ignored but added at the end
NOTE: 105692_787_2376_MF779465_B_NA_NA (identical to 105692_787_2376_MF779480_B_NA_NA) is ignored but added at the end
NOTE: 105692_787_2376_MF779463_B_NA_NA (identical to 105692_787_2376_MF779480_B_NA_NA) is ignored but added at the end
Alignment was printed to iqtree_subset/105692+1+B.uniqueseq.phy

For your convenience alignment with unique sequences printed to iqtree_subset/105692+1+B.uniqueseq.phy

Create initial parsimony tree by phylogenetic likelihood library (PLL)... 0.014 seconds

NOTE: 8 MB RAM (0 GB) is required!
Measuring multi-threading efficiency up to 1 CPU cores
Increase to 10 rounds for branch lengths
9 trees examined
Threads: 1 / Time: 1.079 sec / Speedup: 1.000 / Efficiency: 100% / LogL: -13253
BEST NUMBER OF THREADS: 1

Estimate model parameters (epsilon = 0.100)
1. Initial log-likelihood: -8590.549
2. Current log-likelihood: -7962.756
3. Current log-likelihood: -7954.470
4. Current log-likelihood: -7952.053
5. Current log-likelihood: -7950.211
6. Current log-likelihood: -7948.641
7. Current log-likelihood: -7947.202
8. Current log-likelihood: -7945.803
9. Current log-likelihood: -7944.373
10. Current log-likelihood: -7942.916
11. Current log-likelihood: -7941.502
12. Current log-likelihood: -7940.148
13. Current log-likelihood: -7938.866
14. Current log-likelihood: -7937.878
15. Current log-likelihood: -7937.407
16. Current log-likelihood: -7937.180
17. Current log-likelihood: -7937.058
Optimal log-likelihood: -7936.981
Rate parameters:  A-C: 1.21014  A-G: 4.94254  A-T: 0.66575  C-G: 0.10017  C-T: 6.71901  G-T: 1.00000
Base frequencies:  A: 0.368  C: 0.191  G: 0.246  T: 0.195
Proportion of invariable sites: 0.569
Site proportion and rates:  (0.204,0.848) (0.173,1.070) (0.040,8.223) (0.013,23.394)
Parameters optimization took 17 rounds (3.583 sec)
Wrote distance file to... 
Computing ML distances based on estimated model parameters...
Calculating distance matrix: done in 0.128008 secs using 99.03% CPU
Computing ML distances took 0.128327 sec (of wall-clock time) 0.127084 sec (of CPU time)
Setting up auxiliary I and S matrices: done in 0.000673947 secs using 20.48% CPU
Computing RapidNJ tree took 0.002703 sec (of wall-clock time) 0.001694 sec (of CPU time)
Log-likelihood of RapidNJ tree: -7912.780
--------------------------------------------------------------------
|             INITIALIZING CANDIDATE TREE SET                      |
--------------------------------------------------------------------
Generating 98 parsimony trees... 1.579 second
Computing log-likelihood of 98 initial trees ... 1.526 seconds
Current best score: -7869.047

Do NNI search on 20 best initial trees
Estimate model parameters (epsilon = 0.100)
BETTER TREE FOUND at iteration 1: -7855.721
Iteration 10 / LogL: -7860.668 / Time: 0h:0m:11s
Estimate model parameters (epsilon = 0.100)
BETTER TREE FOUND at iteration 17: -7851.764
Iteration 20 / LogL: -7875.236 / Time: 0h:0m:15s
Finish initializing candidate tree set (20)
Current best tree score: -7851.764 / CPU time: 10.620
Number of iterations: 20
--------------------------------------------------------------------
|               OPTIMIZING CANDIDATE TREE SET                      |
--------------------------------------------------------------------
Estimate model parameters (epsilon = 0.100)
BETTER TREE FOUND at iteration 23: -7846.864
Estimate model parameters (epsilon = 0.100)
BETTER TREE FOUND at iteration 29: -7834.395
Iteration 30 / LogL: -7841.980 / Time: 0h:0m:20s (0h:1m:8s left)
Iteration 40 / LogL: -7837.430 / Time: 0h:0m:24s (0h:0m:56s left)
Estimate model parameters (epsilon = 0.100)
BETTER TREE FOUND at iteration 41: -7833.166
Estimate model parameters (epsilon = 0.100)
BETTER TREE FOUND at iteration 46: -7826.032
Iteration 50 / LogL: -7831.201 / Time: 0h:0m:29s (0h:0m:57s left)
Iteration 60 / LogL: -7828.505 / Time: 0h:0m:33s (0h:0m:49s left)
Iteration 70 / LogL: -7834.605 / Time: 0h:0m:37s (0h:0m:41s left)
Estimate model parameters (epsilon = 0.100)
BETTER TREE FOUND at iteration 73: -7824.505
Iteration 80 / LogL: -7837.806 / Time: 0h:0m:42s (0h:0m:50s left)
Estimate model parameters (epsilon = 0.100)
BETTER TREE FOUND at iteration 84: -7823.069
Iteration 90 / LogL: -7831.121 / Time: 0h:0m:47s (0h:0m:49s left)
Iteration 100 / LogL: -7832.227 / Time: 0h:0m:51s (0h:0m:43s left)
BETTER TREE FOUND at iteration 105: -7823.067
Iteration 110 / LogL: -7825.145 / Time: 0h:0m:55s (0h:0m:48s left)
Estimate model parameters (epsilon = 0.100)
BETTER TREE FOUND at iteration 115: -7822.948
Iteration 120 / LogL: -7823.771 / Time: 0h:0m:59s (0h:0m:47s left)
BETTER TREE FOUND at iteration 128: -7822.946
Iteration 130 / LogL: -7829.601 / Time: 0h:1m:3s (0h:0m:48s left)
Estimate model parameters (epsilon = 0.100)
BETTER TREE FOUND at iteration 131: -7821.711
Estimate model parameters (epsilon = 0.100)
BETTER TREE FOUND at iteration 133: -7816.959
Iteration 140 / LogL: -7823.024 / Time: 0h:1m:8s (0h:0m:45s left)
Iteration 150 / LogL: -7820.249 / Time: 0h:1m:12s (0h:0m:40s left)
Estimate model parameters (epsilon = 0.100)
BETTER TREE FOUND at iteration 155: -7814.206
Iteration 160 / LogL: -7830.845 / Time: 0h:1m:17s (0h:0m:46s left)
Iteration 170 / LogL: -7826.150 / Time: 0h:1m:21s (0h:0m:40s left)
Estimate model parameters (epsilon = 0.100)
BETTER TREE FOUND at iteration 174: -7813.940
Estimate model parameters (epsilon = 0.100)
BETTER TREE FOUND at iteration 175: -7813.838
Iteration 180 / LogL: -7828.769 / Time: 0h:1m:25s (0h:0m:45s left)
Iteration 190 / LogL: -7815.611 / Time: 0h:1m:29s (0h:0m:40s left)
Iteration 200 / LogL: -7815.349 / Time: 0h:1m:33s (0h:0m:35s left)
Iteration 210 / LogL: -7815.233 / Time: 0h:1m:37s (0h:0m:30s left)
Estimate model parameters (epsilon = 0.100)
BETTER TREE FOUND at iteration 213: -7813.763
Iteration 220 / LogL: -7828.412 / Time: 0h:1m:41s (0h:0m:43s left)
Iteration 230 / LogL: -7818.988 / Time: 0h:1m:46s (0h:0m:38s left)
Iteration 240 / LogL: -7833.525 / Time: 0h:1m:50s (0h:0m:33s left)
BETTER TREE FOUND at iteration 242: -7813.763
Iteration 250 / LogL: -7857.586 / Time: 0h:1m:54s (0h:0m:42s left)
Iteration 260 / LogL: -7830.670 / Time: 0h:1m:58s (0h:0m:37s left)
Iteration 270 / LogL: -7819.593 / Time: 0h:2m:2s (0h:0m:32s left)
Iteration 280 / LogL: -7817.081 / Time: 0h:2m:6s (0h:0m:28s left)
Iteration 290 / LogL: -7815.082 / Time: 0h:2m:10s (0h:0m:23s left)
Iteration 300 / LogL: -7817.578 / Time: 0h:2m:15s (0h:0m:18s left)
Iteration 310 / LogL: -7816.727 / Time: 0h:2m:19s (0h:0m:14s left)
Estimate model parameters (epsilon = 0.100)
BETTER TREE FOUND at iteration 319: -7813.290
Iteration 320 / LogL: -7840.720 / Time: 0h:2m:23s (0h:0m:44s left)
BETTER TREE FOUND at iteration 326: -7813.286
Iteration 330 / LogL: -7816.375 / Time: 0h:2m:27s (0h:0m:43s left)
Iteration 340 / LogL: -7813.507 / Time: 0h:2m:31s (0h:0m:38s left)
Iteration 350 / LogL: -7814.104 / Time: 0h:2m:35s (0h:0m:33s left)
Iteration 360 / LogL: -7816.603 / Time: 0h:2m:39s (0h:0m:29s left)
Iteration 370 / LogL: -7813.688 / Time: 0h:2m:44s (0h:0m:24s left)
Iteration 380 / LogL: -7823.927 / Time: 0h:2m:48s (0h:0m:20s left)
BETTER TREE FOUND at iteration 386: -7813.284
Iteration 390 / LogL: -7818.389 / Time: 0h:2m:52s (0h:0m:42s left)
Iteration 400 / LogL: -7834.615 / Time: 0h:2m:56s (0h:0m:38s left)
Iteration 410 / LogL: -7814.713 / Time: 0h:3m:1s (0h:0m:33s left)
Iteration 420 / LogL: -7813.300 / Time: 0h:3m:5s (0h:0m:29s left)
Iteration 430 / LogL: -7833.074 / Time: 0h:3m:10s (0h:0m:24s left)
Iteration 440 / LogL: -7834.695 / Time: 0h:3m:14s (0h:0m:20s left)
Iteration 450 / LogL: -7826.620 / Time: 0h:3m:18s (0h:0m:15s left)
Iteration 460 / LogL: -7817.257 / Time: 0h:3m:23s (0h:0m:11s left)
Iteration 470 / LogL: -7821.434 / Time: 0h:3m:27s (0h:0m:7s left)
Iteration 480 / LogL: -7827.377 / Time: 0h:3m:31s (0h:0m:2s left)
TREE SEARCH COMPLETED AFTER 487 ITERATIONS / Time: 0h:3m:34s

--------------------------------------------------------------------
|                    FINALIZING TREE SEARCH                        |
--------------------------------------------------------------------
Performs final model parameters optimization
Estimate model parameters (epsilon = 0.010)
1. Initial log-likelihood: -7813.284
2. Current log-likelihood: -7813.270
3. Current log-likelihood: -7813.256
4. Current log-likelihood: -7813.243
5. Current log-likelihood: -7813.230
6. Current log-likelihood: -7813.217
7. Current log-likelihood: -7813.205
8. Current log-likelihood: -7813.193
9. Current log-likelihood: -7813.181
10. Current log-likelihood: -7813.169
11. Current log-likelihood: -7813.158
12. Current log-likelihood: -7813.142
13. Current log-likelihood: -7813.130
14. Current log-likelihood: -7813.119
15. Current log-likelihood: -7813.108
16. Current log-likelihood: -7813.098
17. Current log-likelihood: -7813.087
18. Current log-likelihood: -7813.077
Optimal log-likelihood: -7813.067
Rate parameters:  A-C: 1.22471  A-G: 5.91750  A-T: 0.80793  C-G: 0.10765  C-T: 7.49903  G-T: 1.00000
Base frequencies:  A: 0.368  C: 0.191  G: 0.246  T: 0.195
Proportion of invariable sites: 0.601
Site proportion and rates:  (0.207,0.769) (0.156,1.801) (0.033,12.762) (0.003,41.779)
Parameters optimization took 18 rounds (2.564 sec)
BEST SCORE FOUND : -7813.067
Empirical proportions for each category: 0.863 0.101 0.034 0.003
Site rates printed to iqtree_subset/105692+1+B.rate

Testing tree branches by SH-like aLRT with 1000 replicates...
4.834 sec.
Total tree length: 0.589

Total number of iterations: 487
CPU time used for tree search: 205.418 sec (0h:3m:25s)
Wall-clock time used for tree search: 209.730 sec (0h:3m:29s)
Total CPU time used: 217.707 sec (0h:3m:37s)
Total wall-clock time used: 222.106 sec (0h:3m:42s)

Analysis results written to: 
  IQ-TREE report:                iqtree_subset/105692+1+B.iqtree
  Maximum-likelihood tree:       iqtree_subset/105692+1+B.treefile
  Likelihood distances:          iqtree_subset/105692+1+B.mldist
  Site-specific rates:           iqtree_subset/105692+1+B.rate
  Screen log file:               iqtree_subset/105692+1+B.log

Date and Time: Tue Feb 11 18:13:11 2025
