IQ-TREE multicore version 2.3.3 COVID-edition for Linux x86 64-bit built Apr 25 2024
Developed by Bui Quang Minh, James Barbetti, Nguyen Lam Tung, Olga Chernomor,
Heiko Schmidt, Dominik Schrempf, Michael Woodhams, Ly Trong Nhan, Thomas Wong

Host:    linusblack.lanl.gov (AVX512, FMA3, 754 GB RAM)
Command: iqtree -s mafft_subset/105696+207+B.fasta -m GTR+I+R -alrt 1000 -T AUTO --prefix iqtree_subset/105696+207+B --rate -redo
Seed:    550536 (Using SPRNG - Scalable Parallel Random Number Generator)
Time:    Tue Feb 11 18:14:24 2025
Kernel:  AVX+FMA - auto-detect threads (1 CPU cores detected)

Reading alignment file mafft_subset/105696+207+B.fasta ... Fasta format detected
Reading fasta file: done in 0.00571148 secs using 82.61% CPU
Alignment most likely contains DNA/RNA sequences
Alignment has 210 sequences with 1656 columns, 559 distinct patterns
280 parsimony-informative, 179 singleton sites, 1197 constant sites
WARNING: Some sequence names are changed as follows:
105696+6223+7786+MF777533+B+NA+NA -> 105696_6223_7786_MF777533_B_NA_NA
105696+6223+7781+MF777532+B+NA+NA -> 105696_6223_7781_MF777532_B_NA_NA
105696+6223+7786+MF777531+B+NA+NA -> 105696_6223_7786_MF777531_B_NA_NA
105696+6223+7786+MF777530+B+NA+NA -> 105696_6223_7786_MF777530_B_NA_NA
105696+6223+7786+MF777529+B+NA+NA -> 105696_6223_7786_MF777529_B_NA_NA
105696+6223+7786+MF777528+B+NA+NA -> 105696_6223_7786_MF777528_B_NA_NA
105696+6223+7786+MF777527+B+NA+NA -> 105696_6223_7786_MF777527_B_NA_NA
105696+6223+7786+MF777526+B+NA+NA -> 105696_6223_7786_MF777526_B_NA_NA
105696+6223+7786+MF777525+B+NA+NA -> 105696_6223_7786_MF777525_B_NA_NA
105696+6223+7786+MF777524+B+NA+NA -> 105696_6223_7786_MF777524_B_NA_NA
105696+6223+7786+MF777523+B+NA+NA -> 105696_6223_7786_MF777523_B_NA_NA
105696+6223+7786+MF777522+B+NA+NA -> 105696_6223_7786_MF777522_B_NA_NA
105696+6223+7786+MF777521+B+NA+NA -> 105696_6223_7786_MF777521_B_NA_NA
105696+6219+7786+MF777520+B+NA+NA -> 105696_6219_7786_MF777520_B_NA_NA
105696+6223+7786+MF777519+B+NA+NA -> 105696_6223_7786_MF777519_B_NA_NA
105696+6223+7786+MF777518+B+NA+NA -> 105696_6223_7786_MF777518_B_NA_NA
105696+6223+7786+MF777517+B+NA+NA -> 105696_6223_7786_MF777517_B_NA_NA
105696+6219+7786+MF777516+B+NA+NA -> 105696_6219_7786_MF777516_B_NA_NA
105696+6223+7786+MF777515+B+NA+NA -> 105696_6223_7786_MF777515_B_NA_NA
105696+6223+7786+MF777514+B+NA+NA -> 105696_6223_7786_MF777514_B_NA_NA
105696+6223+7786+MF777513+B+NA+NA -> 105696_6223_7786_MF777513_B_NA_NA
105696+6223+7786+MF777512+B+NA+NA -> 105696_6223_7786_MF777512_B_NA_NA
105696+6223+7786+MF777511+B+NA+NA -> 105696_6223_7786_MF777511_B_NA_NA
105696+6223+7786+MF777510+B+NA+NA -> 105696_6223_7786_MF777510_B_NA_NA
105696+6223+7786+MF777509+B+NA+NA -> 105696_6223_7786_MF777509_B_NA_NA
105696+6223+7786+MF777508+B+NA+NA -> 105696_6223_7786_MF777508_B_NA_NA
105696+6223+7786+MF777507+B+NA+NA -> 105696_6223_7786_MF777507_B_NA_NA
105696+6223+7786+MF777506+B+NA+NA -> 105696_6223_7786_MF777506_B_NA_NA
105696+6223+7786+MF777505+B+NA+NA -> 105696_6223_7786_MF777505_B_NA_NA
105696+6223+7786+MF777504+B+NA+NA -> 105696_6223_7786_MF777504_B_NA_NA
105696+6223+7786+MF777503+B+NA+NA -> 105696_6223_7786_MF777503_B_NA_NA
105696+6223+7786+MF777502+B+NA+NA -> 105696_6223_7786_MF777502_B_NA_NA
105696+6223+7786+MF777501+B+NA+NA -> 105696_6223_7786_MF777501_B_NA_NA
105696+6223+7786+MF777500+B+NA+NA -> 105696_6223_7786_MF777500_B_NA_NA
105696+6223+7786+MF777499+B+NA+NA -> 105696_6223_7786_MF777499_B_NA_NA
105696+6223+7786+MF777498+B+NA+NA -> 105696_6223_7786_MF777498_B_NA_NA
105696+6223+7786+MF777497+B+NA+NA -> 105696_6223_7786_MF777497_B_NA_NA
105696+6223+7786+MF777496+B+NA+NA -> 105696_6223_7786_MF777496_B_NA_NA
105696+6223+7786+MF777495+B+NA+NA -> 105696_6223_7786_MF777495_B_NA_NA
105696+6223+7786+MF777494+B+NA+NA -> 105696_6223_7786_MF777494_B_NA_NA
105696+6223+7786+MF777493+B+NA+NA -> 105696_6223_7786_MF777493_B_NA_NA
105696+6223+7786+MF777492+B+NA+NA -> 105696_6223_7786_MF777492_B_NA_NA
105696+6223+7786+MF777491+B+NA+NA -> 105696_6223_7786_MF777491_B_NA_NA
105696+6223+7786+MF777490+B+NA+NA -> 105696_6223_7786_MF777490_B_NA_NA
105696+6223+7786+MF777489+B+NA+NA -> 105696_6223_7786_MF777489_B_NA_NA
105696+6223+7786+MF777488+B+NA+NA -> 105696_6223_7786_MF777488_B_NA_NA
105696+6223+7786+MF777487+B+NA+NA -> 105696_6223_7786_MF777487_B_NA_NA
105696+6223+7786+MF777486+B+NA+NA -> 105696_6223_7786_MF777486_B_NA_NA
105696+6223+7786+MF777485+B+NA+NA -> 105696_6223_7786_MF777485_B_NA_NA
105696+6223+7786+MF777484+B+NA+NA -> 105696_6223_7786_MF777484_B_NA_NA
105696+6223+7786+MF777483+B+NA+NA -> 105696_6223_7786_MF777483_B_NA_NA
105696+6223+7786+MF777482+B+NA+NA -> 105696_6223_7786_MF777482_B_NA_NA
105696+6223+7786+MF777481+B+NA+NA -> 105696_6223_7786_MF777481_B_NA_NA
105696+6223+7785+MF777480+B+NA+NA -> 105696_6223_7785_MF777480_B_NA_NA
105696+6223+7786+MF777479+B+NA+NA -> 105696_6223_7786_MF777479_B_NA_NA
105696+6223+7786+MF777478+B+NA+NA -> 105696_6223_7786_MF777478_B_NA_NA
105696+6223+7786+MF777477+B+NA+NA -> 105696_6223_7786_MF777477_B_NA_NA
105696+6223+7786+MF777476+B+NA+NA -> 105696_6223_7786_MF777476_B_NA_NA
105696+6223+7786+MF777475+B+NA+NA -> 105696_6223_7786_MF777475_B_NA_NA
105696+6223+7786+MF777474+B+NA+NA -> 105696_6223_7786_MF777474_B_NA_NA
105696+6223+7786+MF777473+B+NA+NA -> 105696_6223_7786_MF777473_B_NA_NA
105696+6223+7786+MF777472+B+NA+NA -> 105696_6223_7786_MF777472_B_NA_NA
105696+6223+7786+MF777471+B+NA+NA -> 105696_6223_7786_MF777471_B_NA_NA
105696+6223+7786+MF777470+B+NA+NA -> 105696_6223_7786_MF777470_B_NA_NA
105696+6223+7786+MF777469+B+NA+NA -> 105696_6223_7786_MF777469_B_NA_NA
105696+6223+7786+MF777468+B+NA+NA -> 105696_6223_7786_MF777468_B_NA_NA
105696+6223+7786+MF777467+B+NA+NA -> 105696_6223_7786_MF777467_B_NA_NA
105696+6223+7786+MF777466+B+NA+NA -> 105696_6223_7786_MF777466_B_NA_NA
105696+6223+7786+MF777465+B+NA+NA -> 105696_6223_7786_MF777465_B_NA_NA
105696+6223+7786+MF777464+B+NA+NA -> 105696_6223_7786_MF777464_B_NA_NA
105696+6223+7786+MF777463+B+NA+NA -> 105696_6223_7786_MF777463_B_NA_NA
105696+6223+7786+MF777462+B+NA+NA -> 105696_6223_7786_MF777462_B_NA_NA
105696+6223+7786+MF777461+B+NA+NA -> 105696_6223_7786_MF777461_B_NA_NA
105696+6223+7786+MF777460+B+NA+NA -> 105696_6223_7786_MF777460_B_NA_NA
105696+6223+7786+MF777459+B+NA+NA -> 105696_6223_7786_MF777459_B_NA_NA
105696+6223+7786+MF777458+B+NA+NA -> 105696_6223_7786_MF777458_B_NA_NA
105696+6223+7786+MF777457+B+NA+NA -> 105696_6223_7786_MF777457_B_NA_NA
105696+6223+7786+MF777456+B+NA+NA -> 105696_6223_7786_MF777456_B_NA_NA
105696+6223+7786+MF777455+B+NA+NA -> 105696_6223_7786_MF777455_B_NA_NA
105696+6223+7786+MF777454+B+NA+NA -> 105696_6223_7786_MF777454_B_NA_NA
105696+6219+7786+MF777453+B+NA+NA -> 105696_6219_7786_MF777453_B_NA_NA
105696+6223+7786+MF777452+B+NA+NA -> 105696_6223_7786_MF777452_B_NA_NA
105696+6223+7786+MF777451+B+NA+NA -> 105696_6223_7786_MF777451_B_NA_NA
105696+6223+7786+MF777450+B+NA+NA -> 105696_6223_7786_MF777450_B_NA_NA
105696+6223+7786+MF777449+B+NA+NA -> 105696_6223_7786_MF777449_B_NA_NA
105696+6223+7786+MF777448+B+NA+NA -> 105696_6223_7786_MF777448_B_NA_NA
105696+6223+7786+MF777447+B+NA+NA -> 105696_6223_7786_MF777447_B_NA_NA
105696+6223+7786+MF777446+B+NA+NA -> 105696_6223_7786_MF777446_B_NA_NA
105696+6223+7786+MF777445+B+NA+NA -> 105696_6223_7786_MF777445_B_NA_NA
105696+6223+7786+MF777444+B+NA+NA -> 105696_6223_7786_MF777444_B_NA_NA
105696+6223+7786+MF777443+B+NA+NA -> 105696_6223_7786_MF777443_B_NA_NA
105696+6223+7786+MF777442+B+NA+NA -> 105696_6223_7786_MF777442_B_NA_NA
105696+6223+7786+MF777441+B+NA+NA -> 105696_6223_7786_MF777441_B_NA_NA
105696+6223+7786+MF777440+B+NA+NA -> 105696_6223_7786_MF777440_B_NA_NA
105696+6223+7786+MF777439+B+NA+NA -> 105696_6223_7786_MF777439_B_NA_NA
105696+6223+7786+MF777438+B+NA+NA -> 105696_6223_7786_MF777438_B_NA_NA
105696+6229+7786+MF777437+B+NA+NA -> 105696_6229_7786_MF777437_B_NA_NA
105696+6223+7786+MF777436+B+NA+NA -> 105696_6223_7786_MF777436_B_NA_NA
105696+6223+7786+MF777435+B+NA+NA -> 105696_6223_7786_MF777435_B_NA_NA
105696+6223+7786+MF777434+B+NA+NA -> 105696_6223_7786_MF777434_B_NA_NA
105696+6223+7786+MF777433+B+NA+NA -> 105696_6223_7786_MF777433_B_NA_NA
105696+6223+7786+MF777432+B+NA+NA -> 105696_6223_7786_MF777432_B_NA_NA
105696+6223+7786+MF777431+B+NA+NA -> 105696_6223_7786_MF777431_B_NA_NA
105696+6223+7786+MF777430+B+NA+NA -> 105696_6223_7786_MF777430_B_NA_NA
105696+6223+7786+MF777429+B+NA+NA -> 105696_6223_7786_MF777429_B_NA_NA
105696+6223+7786+MF777428+B+NA+NA -> 105696_6223_7786_MF777428_B_NA_NA
105696+6223+7786+MF777427+B+NA+NA -> 105696_6223_7786_MF777427_B_NA_NA
105696+6223+7786+MF777426+B+NA+NA -> 105696_6223_7786_MF777426_B_NA_NA
105696+6223+7786+MF777425+B+NA+NA -> 105696_6223_7786_MF777425_B_NA_NA
105696+6223+7786+MF777424+B+NA+NA -> 105696_6223_7786_MF777424_B_NA_NA
105696+6223+7786+MF777423+B+NA+NA -> 105696_6223_7786_MF777423_B_NA_NA
105696+6223+7786+MF777422+B+NA+NA -> 105696_6223_7786_MF777422_B_NA_NA
105696+6223+7786+MF777421+B+NA+NA -> 105696_6223_7786_MF777421_B_NA_NA
105696+6223+7786+MF777420+B+NA+NA -> 105696_6223_7786_MF777420_B_NA_NA
105696+6229+7786+MF777419+B+NA+NA -> 105696_6229_7786_MF777419_B_NA_NA
105696+6223+7786+MF777418+B+NA+NA -> 105696_6223_7786_MF777418_B_NA_NA
105696+6223+7786+MF777417+B+NA+NA -> 105696_6223_7786_MF777417_B_NA_NA
105696+6223+7786+MF777416+B+NA+NA -> 105696_6223_7786_MF777416_B_NA_NA
105696+6223+7786+MF777415+B+NA+NA -> 105696_6223_7786_MF777415_B_NA_NA
105696+6223+7786+MF777414+B+NA+NA -> 105696_6223_7786_MF777414_B_NA_NA
105696+6223+7786+MF777413+B+NA+NA -> 105696_6223_7786_MF777413_B_NA_NA
105696+6223+7786+MF777412+B+NA+NA -> 105696_6223_7786_MF777412_B_NA_NA
105696+6223+7786+MF777411+B+NA+NA -> 105696_6223_7786_MF777411_B_NA_NA
105696+6223+7786+MF777410+B+NA+NA -> 105696_6223_7786_MF777410_B_NA_NA
105696+6223+7786+MF777409+B+NA+NA -> 105696_6223_7786_MF777409_B_NA_NA
105696+6223+7786+MF777408+B+NA+NA -> 105696_6223_7786_MF777408_B_NA_NA
105696+6223+7786+MF777407+B+NA+NA -> 105696_6223_7786_MF777407_B_NA_NA
105696+6223+7786+MF777406+B+NA+NA -> 105696_6223_7786_MF777406_B_NA_NA
105696+6223+7786+MF777405+B+NA+NA -> 105696_6223_7786_MF777405_B_NA_NA
105696+6223+7786+MF777404+B+NA+NA -> 105696_6223_7786_MF777404_B_NA_NA
105696+6223+7786+MF777403+B+NA+NA -> 105696_6223_7786_MF777403_B_NA_NA
105696+6223+7786+MF777402+B+NA+NA -> 105696_6223_7786_MF777402_B_NA_NA
105696+6223+7786+MF777401+B+NA+NA -> 105696_6223_7786_MF777401_B_NA_NA
105696+6223+7786+MF777400+B+NA+NA -> 105696_6223_7786_MF777400_B_NA_NA
105696+6223+7786+MF777399+B+NA+NA -> 105696_6223_7786_MF777399_B_NA_NA
105696+6223+7786+MF777398+B+NA+NA -> 105696_6223_7786_MF777398_B_NA_NA
105696+6223+7786+MF777397+B+NA+NA -> 105696_6223_7786_MF777397_B_NA_NA
105696+6229+7786+MF777396+B+NA+NA -> 105696_6229_7786_MF777396_B_NA_NA
105696+6223+7785+MF777395+B+NA+NA -> 105696_6223_7785_MF777395_B_NA_NA
105696+6223+7785+MF777394+B+NA+NA -> 105696_6223_7785_MF777394_B_NA_NA
105696+6223+7785+MF777393+B+NA+NA -> 105696_6223_7785_MF777393_B_NA_NA
105696+6223+7785+MF777392+B+NA+NA -> 105696_6223_7785_MF777392_B_NA_NA
105696+6223+7785+MF777391+B+NA+NA -> 105696_6223_7785_MF777391_B_NA_NA
105696+6223+7785+MF777390+B+NA+NA -> 105696_6223_7785_MF777390_B_NA_NA
105696+6223+7785+MF777389+B+NA+NA -> 105696_6223_7785_MF777389_B_NA_NA
105696+6223+7785+MF777388+B+NA+NA -> 105696_6223_7785_MF777388_B_NA_NA
105696+6223+7785+MF777387+B+NA+NA -> 105696_6223_7785_MF777387_B_NA_NA
105696+6223+7785+MF777386+B+NA+NA -> 105696_6223_7785_MF777386_B_NA_NA
105696+6223+7785+MF777385+B+NA+NA -> 105696_6223_7785_MF777385_B_NA_NA
105696+6223+7785+MF777384+B+NA+NA -> 105696_6223_7785_MF777384_B_NA_NA
105696+6223+7785+MF777383+B+NA+NA -> 105696_6223_7785_MF777383_B_NA_NA
105696+6223+7785+MF777382+B+NA+NA -> 105696_6223_7785_MF777382_B_NA_NA
105696+6223+7785+MF777381+B+NA+NA -> 105696_6223_7785_MF777381_B_NA_NA
105696+6223+7785+MF777380+B+NA+NA -> 105696_6223_7785_MF777380_B_NA_NA
105696+6223+7785+MF777379+B+NA+NA -> 105696_6223_7785_MF777379_B_NA_NA
105696+6223+7785+MF777378+B+NA+NA -> 105696_6223_7785_MF777378_B_NA_NA
105696+6223+7785+MF777377+B+NA+NA -> 105696_6223_7785_MF777377_B_NA_NA
105696+6223+7785+MF777376+B+NA+NA -> 105696_6223_7785_MF777376_B_NA_NA
105696+6223+7785+MF777375+B+NA+NA -> 105696_6223_7785_MF777375_B_NA_NA
105696+6223+7785+MF777374+B+NA+NA -> 105696_6223_7785_MF777374_B_NA_NA
105696+6223+7785+MF777373+B+NA+NA -> 105696_6223_7785_MF777373_B_NA_NA
105696+6223+7785+MF777372+B+NA+NA -> 105696_6223_7785_MF777372_B_NA_NA
105696+6223+7757+MF777371+B+NA+NA -> 105696_6223_7757_MF777371_B_NA_NA
105696+6223+7757+MF777370+B+NA+NA -> 105696_6223_7757_MF777370_B_NA_NA
105696+6223+7757+MF777369+B+NA+NA -> 105696_6223_7757_MF777369_B_NA_NA
105696+6223+7757+MF777368+B+NA+NA -> 105696_6223_7757_MF777368_B_NA_NA
105696+6223+7757+MF777367+B+NA+NA -> 105696_6223_7757_MF777367_B_NA_NA
105696+6223+7757+MF777366+B+NA+NA -> 105696_6223_7757_MF777366_B_NA_NA
105696+6223+7757+MF777365+B+NA+NA -> 105696_6223_7757_MF777365_B_NA_NA
105696+6223+7757+MF777364+B+NA+NA -> 105696_6223_7757_MF777364_B_NA_NA
105696+6223+7757+MF777363+B+NA+NA -> 105696_6223_7757_MF777363_B_NA_NA
105696+6223+7757+MF777362+B+NA+NA -> 105696_6223_7757_MF777362_B_NA_NA
105696+6223+7757+MF777361+B+NA+NA -> 105696_6223_7757_MF777361_B_NA_NA
105696+6223+7757+MF777360+B+NA+NA -> 105696_6223_7757_MF777360_B_NA_NA
105696+6223+7757+MF777359+B+NA+NA -> 105696_6223_7757_MF777359_B_NA_NA
105696+6223+7757+MF777358+B+NA+NA -> 105696_6223_7757_MF777358_B_NA_NA
105696+6223+7757+MF777357+B+NA+NA -> 105696_6223_7757_MF777357_B_NA_NA
105696+6223+7757+MF777356+B+NA+NA -> 105696_6223_7757_MF777356_B_NA_NA
105696+6223+7757+MF777355+B+NA+NA -> 105696_6223_7757_MF777355_B_NA_NA
105696+6223+7757+MF777354+B+NA+NA -> 105696_6223_7757_MF777354_B_NA_NA
105696+6223+7757+MF777353+B+NA+NA -> 105696_6223_7757_MF777353_B_NA_NA
105696+6223+7757+MF777352+B+NA+NA -> 105696_6223_7757_MF777352_B_NA_NA
105696+6223+7757+MF777351+B+NA+NA -> 105696_6223_7757_MF777351_B_NA_NA
105696+6223+7757+MF777350+B+NA+NA -> 105696_6223_7757_MF777350_B_NA_NA
105696+6223+7757+MF777349+B+NA+NA -> 105696_6223_7757_MF777349_B_NA_NA
105696+6223+7757+MF777348+B+NA+NA -> 105696_6223_7757_MF777348_B_NA_NA
105696+6223+7757+MF777347+B+NA+NA -> 105696_6223_7757_MF777347_B_NA_NA
105696+6223+7757+MF777346+B+NA+NA -> 105696_6223_7757_MF777346_B_NA_NA
105696+6223+7786+MF777345+B+NA+NA -> 105696_6223_7786_MF777345_B_NA_NA
105696+6223+7786+MF777344+B+NA+NA -> 105696_6223_7786_MF777344_B_NA_NA
105696+6223+7786+MF777343+B+NA+NA -> 105696_6223_7786_MF777343_B_NA_NA
105696+6223+7786+MF777342+B+NA+NA -> 105696_6223_7786_MF777342_B_NA_NA
105696+6223+7786+MF777341+B+NA+NA -> 105696_6223_7786_MF777341_B_NA_NA
105696+6223+7786+MF777340+B+NA+NA -> 105696_6223_7786_MF777340_B_NA_NA
105696+6223+7786+MF777339+B+NA+NA -> 105696_6223_7786_MF777339_B_NA_NA
105696+6223+7786+MF777338+B+NA+NA -> 105696_6223_7786_MF777338_B_NA_NA
105696+6223+7786+MF777337+B+NA+NA -> 105696_6223_7786_MF777337_B_NA_NA
105696+6223+7786+MF777336+B+NA+NA -> 105696_6223_7786_MF777336_B_NA_NA
105696+6223+7786+MF777335+B+NA+NA -> 105696_6223_7786_MF777335_B_NA_NA
105696+6223+7786+MF777334+B+NA+NA -> 105696_6223_7786_MF777334_B_NA_NA
105696+6223+7786+MF777333+B+NA+NA -> 105696_6223_7786_MF777333_B_NA_NA
105696+6223+7786+MF777332+B+NA+NA -> 105696_6223_7786_MF777332_B_NA_NA
105696+6223+7786+MF777331+B+NA+NA -> 105696_6223_7786_MF777331_B_NA_NA
105696+6223+7786+MF777330+B+NA+NA -> 105696_6223_7786_MF777330_B_NA_NA
105696+6223+7786+MF777329+B+NA+NA -> 105696_6223_7786_MF777329_B_NA_NA
105696+6223+7786+MF777328+B+NA+NA -> 105696_6223_7786_MF777328_B_NA_NA
105696+6223+7786+MF777327+B+NA+NA -> 105696_6223_7786_MF777327_B_NA_NA
105696+6223+7786+MF777326+B+NA+NA -> 105696_6223_7786_MF777326_B_NA_NA
105696+6223+7786+MF777325+B+NA+NA -> 105696_6223_7786_MF777325_B_NA_NA
105696+6223+7786+MF777324+B+NA+NA -> 105696_6223_7786_MF777324_B_NA_NA

                                   Gap/Ambiguity  Composition  p-value
Analyzing sequences: done in 0.000208431 secs using 99.79% CPU
   1  105696_6223_7786_MF777533_B_NA_NA    6.34%    passed     98.73%
   2  105696_6223_7781_MF777532_B_NA_NA    6.40%    passed     99.62%
   3  105696_6223_7786_MF777531_B_NA_NA    6.10%    passed     99.02%
   4  105696_6223_7786_MF777530_B_NA_NA    6.10%    passed     98.92%
   5  105696_6223_7786_MF777529_B_NA_NA    6.10%    passed     99.12%
   6  105696_6223_7786_MF777528_B_NA_NA    6.28%    passed     92.69%
   7  105696_6223_7786_MF777527_B_NA_NA    6.34%    passed     96.09%
   8  105696_6223_7786_MF777526_B_NA_NA    6.16%    passed     98.63%
   9  105696_6223_7786_MF777525_B_NA_NA    6.10%    passed     99.37%
  10  105696_6223_7786_MF777524_B_NA_NA    7.00%    passed     95.75%
  11  105696_6223_7786_MF777523_B_NA_NA    6.10%    passed     98.89%
  12  105696_6223_7786_MF777522_B_NA_NA    6.10%    passed     93.59%
  13  105696_6223_7786_MF777521_B_NA_NA    6.28%    passed     94.25%
  14  105696_6219_7786_MF777520_B_NA_NA    6.10%    passed     99.99%
  15  105696_6223_7786_MF777519_B_NA_NA    6.28%    passed     96.59%
  16  105696_6223_7786_MF777518_B_NA_NA    6.28%    passed     91.49%
  17  105696_6223_7786_MF777517_B_NA_NA    6.10%    passed     99.64%
  18  105696_6219_7786_MF777516_B_NA_NA    5.92%    passed     98.47%
  19  105696_6223_7786_MF777515_B_NA_NA    6.10%    passed     98.89%
  20  105696_6223_7786_MF777514_B_NA_NA    6.10%    passed     98.56%
  21  105696_6223_7786_MF777513_B_NA_NA    6.10%    passed     98.60%
  22  105696_6223_7786_MF777512_B_NA_NA    6.64%    passed     91.98%
  23  105696_6223_7786_MF777511_B_NA_NA    6.28%    passed     95.99%
  24  105696_6223_7786_MF777510_B_NA_NA    6.64%    passed     86.94%
  25  105696_6223_7786_MF777509_B_NA_NA    6.64%    passed     89.13%
  26  105696_6223_7786_MF777508_B_NA_NA    6.46%    passed     96.28%
  27  105696_6223_7786_MF777507_B_NA_NA    6.28%    passed     95.99%
  28  105696_6223_7786_MF777506_B_NA_NA    6.64%    passed     95.91%
  29  105696_6223_7786_MF777505_B_NA_NA    6.46%    passed     90.91%
  30  105696_6223_7786_MF777504_B_NA_NA    6.64%    passed     92.27%
  31  105696_6223_7786_MF777503_B_NA_NA    6.10%    passed     99.93%
  32  105696_6223_7786_MF777502_B_NA_NA    6.64%    passed     90.88%
  33  105696_6223_7786_MF777501_B_NA_NA    6.28%    passed     96.59%
  34  105696_6223_7786_MF777500_B_NA_NA    6.64%    passed     90.37%
  35  105696_6223_7786_MF777499_B_NA_NA    6.64%    passed     90.79%
  36  105696_6223_7786_MF777498_B_NA_NA    6.64%    passed     79.80%
  37  105696_6223_7786_MF777497_B_NA_NA    6.64%    passed     84.19%
  38  105696_6223_7786_MF777496_B_NA_NA    6.64%    passed     88.69%
  39  105696_6223_7786_MF777495_B_NA_NA    6.46%    passed     86.01%
  40  105696_6223_7786_MF777494_B_NA_NA    6.64%    passed     87.27%
  41  105696_6223_7786_MF777493_B_NA_NA    6.28%    passed     97.53%
  42  105696_6223_7786_MF777492_B_NA_NA    5.92%    passed     99.77%
  43  105696_6223_7786_MF777491_B_NA_NA    5.92%    passed     99.98%
  44  105696_6223_7786_MF777490_B_NA_NA    5.19%    passed     98.63%
  45  105696_6223_7786_MF777489_B_NA_NA    6.28%    passed     99.50%
  46  105696_6223_7786_MF777488_B_NA_NA    6.64%    passed     99.92%
  47  105696_6223_7786_MF777487_B_NA_NA    6.28%    passed     97.81%
  48  105696_6223_7786_MF777486_B_NA_NA    6.28%    passed     98.78%
  49  105696_6223_7786_MF777485_B_NA_NA    6.64%    passed     99.29%
  50  105696_6223_7786_MF777484_B_NA_NA    6.28%    passed     99.17%
  51  105696_6223_7786_MF777483_B_NA_NA    6.28%    passed     99.49%
  52  105696_6223_7786_MF777482_B_NA_NA    6.28%    passed     99.79%
  53  105696_6223_7786_MF777481_B_NA_NA    6.28%    passed     98.92%
  54  105696_6223_7785_MF777480_B_NA_NA    6.34%    passed     99.19%
  55  105696_6223_7786_MF777479_B_NA_NA    6.28%    passed     96.11%
  56  105696_6223_7786_MF777478_B_NA_NA    6.28%    passed     98.21%
  57  105696_6223_7786_MF777477_B_NA_NA    6.28%    passed     99.50%
  58  105696_6223_7786_MF777476_B_NA_NA    6.28%    passed     98.45%
  59  105696_6223_7786_MF777475_B_NA_NA    6.28%    passed     99.50%
  60  105696_6223_7786_MF777474_B_NA_NA    6.34%    passed     98.07%
  61  105696_6223_7786_MF777473_B_NA_NA    6.28%    passed     99.68%
  62  105696_6223_7786_MF777472_B_NA_NA    5.92%    passed     99.96%
  63  105696_6223_7786_MF777471_B_NA_NA    6.34%    passed     99.71%
  64  105696_6223_7786_MF777470_B_NA_NA    6.46%    passed     98.90%
  65  105696_6223_7786_MF777469_B_NA_NA    5.80%    passed     95.14%
  66  105696_6223_7786_MF777468_B_NA_NA    6.28%    passed     95.54%
  67  105696_6223_7786_MF777467_B_NA_NA    5.98%    passed     90.73%
  68  105696_6223_7786_MF777466_B_NA_NA    6.10%    passed     97.01%
  69  105696_6223_7786_MF777465_B_NA_NA    6.28%    passed     95.47%
  70  105696_6223_7786_MF777464_B_NA_NA    5.98%    passed     99.29%
  71  105696_6223_7786_MF777463_B_NA_NA    5.98%    passed     90.67%
  72  105696_6223_7786_MF777462_B_NA_NA    5.92%    passed     94.59%
  73  105696_6223_7786_MF777461_B_NA_NA    5.80%    passed     96.65%
  74  105696_6223_7786_MF777460_B_NA_NA    5.92%    passed     93.73%
  75  105696_6223_7786_MF777459_B_NA_NA    6.10%    passed     95.26%
  76  105696_6223_7786_MF777458_B_NA_NA    5.62%    passed     97.32%
  77  105696_6223_7786_MF777457_B_NA_NA    5.80%    passed     99.45%
  78  105696_6223_7786_MF777456_B_NA_NA    5.80%    passed     98.38%
  79  105696_6223_7786_MF777455_B_NA_NA    5.98%    passed     91.99%
  80  105696_6223_7786_MF777454_B_NA_NA    5.92%    passed     91.37%
  81  105696_6219_7786_MF777453_B_NA_NA    5.74%    passed     98.63%
  82  105696_6223_7786_MF777452_B_NA_NA    5.74%    passed     99.14%
  83  105696_6223_7786_MF777451_B_NA_NA    6.28%    passed     95.97%
  84  105696_6223_7786_MF777450_B_NA_NA    6.28%    passed     98.08%
  85  105696_6223_7786_MF777449_B_NA_NA    6.10%    passed     88.19%
  86  105696_6223_7786_MF777448_B_NA_NA    5.92%    passed     97.75%
  87  105696_6223_7786_MF777447_B_NA_NA    6.10%    passed     96.67%
  88  105696_6223_7786_MF777446_B_NA_NA    6.28%    passed     99.74%
  89  105696_6223_7786_MF777445_B_NA_NA    5.56%    passed     98.75%
  90  105696_6223_7786_MF777444_B_NA_NA    6.28%    passed     95.64%
  91  105696_6223_7786_MF777443_B_NA_NA    6.34%    passed     97.85%
  92  105696_6223_7786_MF777442_B_NA_NA    5.74%    passed     99.63%
  93  105696_6223_7786_MF777441_B_NA_NA    5.56%    passed     97.68%
  94  105696_6223_7786_MF777440_B_NA_NA    7.37%    passed     98.72%
  95  105696_6223_7786_MF777439_B_NA_NA    6.28%    passed     95.75%
  96  105696_6223_7786_MF777438_B_NA_NA    6.28%    passed     96.68%
  97  105696_6229_7786_MF777437_B_NA_NA    7.25%    passed     97.69%
  98  105696_6223_7786_MF777436_B_NA_NA    6.28%    passed     99.11%
  99  105696_6223_7786_MF777435_B_NA_NA    6.28%    passed     99.23%
 100  105696_6223_7786_MF777434_B_NA_NA    6.28%    passed     95.78%
 101  105696_6223_7786_MF777433_B_NA_NA    6.10%    passed     99.55%
 102  105696_6223_7786_MF777432_B_NA_NA    6.88%    passed     97.44%
 103  105696_6223_7786_MF777431_B_NA_NA    6.28%    passed     95.96%
 104  105696_6223_7786_MF777430_B_NA_NA    6.16%    passed     99.61%
 105  105696_6223_7786_MF777429_B_NA_NA    5.74%    passed     98.49%
 106  105696_6223_7786_MF777428_B_NA_NA    6.22%    passed     99.23%
 107  105696_6223_7786_MF777427_B_NA_NA    6.28%    passed     94.32%
 108  105696_6223_7786_MF777426_B_NA_NA    6.28%    passed     96.93%
 109  105696_6223_7786_MF777425_B_NA_NA    6.28%    passed     96.80%
 110  105696_6223_7786_MF777424_B_NA_NA    6.64%    passed     97.99%
 111  105696_6223_7786_MF777423_B_NA_NA    6.28%    passed     99.92%
 112  105696_6223_7786_MF777422_B_NA_NA    6.28%    passed     99.14%
 113  105696_6223_7786_MF777421_B_NA_NA    6.10%    passed     98.16%
 114  105696_6223_7786_MF777420_B_NA_NA    6.28%    passed     99.67%
 115  105696_6229_7786_MF777419_B_NA_NA    6.28%    passed     98.58%
 116  105696_6223_7786_MF777418_B_NA_NA    5.74%    passed     98.69%
 117  105696_6223_7786_MF777417_B_NA_NA    6.10%    passed     99.59%
 118  105696_6223_7786_MF777416_B_NA_NA    6.28%    passed     98.43%
 119  105696_6223_7786_MF777415_B_NA_NA    6.10%    passed     98.83%
 120  105696_6223_7786_MF777414_B_NA_NA    6.64%    passed     99.75%
 121  105696_6223_7786_MF777413_B_NA_NA    6.10%    passed     98.83%
 122  105696_6223_7786_MF777412_B_NA_NA   10.87%    passed     96.52%
 123  105696_6223_7786_MF777411_B_NA_NA    6.64%    passed     97.62%
 124  105696_6223_7786_MF777410_B_NA_NA    6.10%    passed     98.10%
 125  105696_6223_7786_MF777409_B_NA_NA    6.46%    passed     98.49%
 126  105696_6223_7786_MF777408_B_NA_NA    6.10%    passed     97.72%
 127  105696_6223_7786_MF777407_B_NA_NA    5.98%    passed     99.12%
 128  105696_6223_7786_MF777406_B_NA_NA    6.10%    passed     97.50%
 129  105696_6223_7786_MF777405_B_NA_NA    6.88%    passed     99.64%
 130  105696_6223_7786_MF777404_B_NA_NA    9.36%    passed     96.73%
 131  105696_6223_7786_MF777403_B_NA_NA    6.10%    passed     98.25%
 132  105696_6223_7786_MF777402_B_NA_NA    6.10%    passed     97.71%
 133  105696_6223_7786_MF777401_B_NA_NA    6.82%    passed     95.72%
 134  105696_6223_7786_MF777400_B_NA_NA    6.16%    passed     99.29%
 135  105696_6223_7786_MF777399_B_NA_NA    6.10%    passed     98.25%
 136  105696_6223_7786_MF777398_B_NA_NA    6.28%    passed     99.68%
 137  105696_6223_7786_MF777397_B_NA_NA    5.98%    passed     99.91%
 138  105696_6229_7786_MF777396_B_NA_NA    6.16%    passed     94.58%
 139  105696_6223_7785_MF777395_B_NA_NA    6.16%    passed     99.68%
 140  105696_6223_7785_MF777394_B_NA_NA    6.16%    passed     99.01%
 141  105696_6223_7785_MF777393_B_NA_NA    5.31%    passed     99.50%
 142  105696_6223_7785_MF777392_B_NA_NA    5.07%    passed     99.74%
 143  105696_6223_7785_MF777391_B_NA_NA    6.52%    passed     98.43%
 144  105696_6223_7785_MF777390_B_NA_NA    5.62%    passed     98.10%
 145  105696_6223_7785_MF777389_B_NA_NA    5.62%    passed     99.15%
 146  105696_6223_7785_MF777388_B_NA_NA    6.52%    passed     99.44%
 147  105696_6223_7785_MF777387_B_NA_NA    5.07%    passed     99.98%
 148  105696_6223_7785_MF777386_B_NA_NA    5.62%    passed     95.26%
 149  105696_6223_7785_MF777385_B_NA_NA    6.58%    passed     98.44%
 150  105696_6223_7785_MF777384_B_NA_NA    6.52%    passed     98.13%
 151  105696_6223_7785_MF777383_B_NA_NA    6.52%    passed     98.48%
 152  105696_6223_7785_MF777382_B_NA_NA    6.88%    passed     96.63%
 153  105696_6223_7785_MF777381_B_NA_NA    6.58%    passed     98.90%
 154  105696_6223_7785_MF777380_B_NA_NA    5.98%    passed     99.67%
 155  105696_6223_7785_MF777379_B_NA_NA    6.46%    passed     98.69%
 156  105696_6223_7785_MF777378_B_NA_NA    6.22%    passed     97.72%
 157  105696_6223_7785_MF777377_B_NA_NA    6.34%    passed     99.92%
 158  105696_6223_7785_MF777376_B_NA_NA    6.52%    passed     97.54%
 159  105696_6223_7785_MF777375_B_NA_NA    6.52%    passed     98.77%
 160  105696_6223_7785_MF777374_B_NA_NA    6.52%    passed     98.13%
 161  105696_6223_7785_MF777373_B_NA_NA    5.62%    passed     96.41%
 162  105696_6223_7785_MF777372_B_NA_NA    6.52%    passed     98.55%
 163  105696_6223_7757_MF777371_B_NA_NA    8.64%    passed     98.71%
 164  105696_6223_7757_MF777370_B_NA_NA    6.94%    passed     99.27%
 165  105696_6223_7757_MF777369_B_NA_NA    7.85%    passed     99.79%
 166  105696_6223_7757_MF777368_B_NA_NA   24.34%    passed     96.82%
 167  105696_6223_7757_MF777367_B_NA_NA    8.39%    passed     99.20%
 168  105696_6223_7757_MF777366_B_NA_NA    8.57%    passed     98.18%
 169  105696_6223_7757_MF777365_B_NA_NA    6.94%    passed     95.95%
 170  105696_6223_7757_MF777364_B_NA_NA    8.57%    passed     99.25%
 171  105696_6223_7757_MF777363_B_NA_NA    8.64%    passed     98.95%
 172  105696_6223_7757_MF777362_B_NA_NA    8.03%    passed     98.68%
 173  105696_6223_7757_MF777361_B_NA_NA    6.94%    passed     98.69%
 174  105696_6223_7757_MF777360_B_NA_NA    8.03%    passed     97.29%
 175  105696_6223_7757_MF777359_B_NA_NA    8.57%    passed     99.20%
 176  105696_6223_7757_MF777358_B_NA_NA    7.85%    passed     98.09%
 177  105696_6223_7757_MF777357_B_NA_NA    7.85%    passed     99.79%
 178  105696_6223_7757_MF777356_B_NA_NA    8.27%    passed     99.90%
 179  105696_6223_7757_MF777355_B_NA_NA    7.49%    passed     98.90%
 180  105696_6223_7757_MF777354_B_NA_NA    6.94%    passed     99.12%
 181  105696_6223_7757_MF777353_B_NA_NA    8.57%    passed     99.20%
 182  105696_6223_7757_MF777352_B_NA_NA    6.94%    passed     99.27%
 183  105696_6223_7757_MF777351_B_NA_NA    7.85%    passed     97.81%
 184  105696_6223_7757_MF777350_B_NA_NA    8.57%    passed     97.03%
 185  105696_6223_7757_MF777349_B_NA_NA    6.94%    passed     98.74%
 186  105696_6223_7757_MF777348_B_NA_NA    6.94%    passed     99.53%
 187  105696_6223_7757_MF777347_B_NA_NA    6.76%    passed     99.31%
 188  105696_6223_7757_MF777346_B_NA_NA    7.85%    passed     98.56%
 189  105696_6223_7786_MF777345_B_NA_NA    5.01%    passed     99.02%
 190  105696_6223_7786_MF777344_B_NA_NA    5.13%    passed     99.08%
 191  105696_6223_7786_MF777343_B_NA_NA    5.01%    passed     99.02%
 192  105696_6223_7786_MF777342_B_NA_NA    5.01%    passed     99.02%
 193  105696_6223_7786_MF777341_B_NA_NA    5.01%    passed     99.02%
 194  105696_6223_7786_MF777340_B_NA_NA    5.01%    passed     99.02%
 195  105696_6223_7786_MF777339_B_NA_NA    5.07%    passed     98.56%
 196  105696_6223_7786_MF777338_B_NA_NA    5.01%    passed     98.81%
 197  105696_6223_7786_MF777337_B_NA_NA    5.01%    passed     99.02%
 198  105696_6223_7786_MF777336_B_NA_NA    5.01%    passed     99.02%
 199  105696_6223_7786_MF777335_B_NA_NA    5.01%    passed     99.02%
 200  105696_6223_7786_MF777334_B_NA_NA    5.01%    passed     99.02%
 201  105696_6223_7786_MF777333_B_NA_NA    5.01%    passed     99.02%
 202  105696_6223_7786_MF777332_B_NA_NA    5.01%    passed     99.02%
 203  105696_6223_7786_MF777331_B_NA_NA    5.07%    passed     99.00%
 204  105696_6223_7786_MF777330_B_NA_NA    5.01%    passed     99.02%
 205  105696_6223_7786_MF777329_B_NA_NA    5.01%    passed     99.02%
 206  105696_6223_7786_MF777328_B_NA_NA    5.01%    passed     99.02%
 207  105696_6223_7786_MF777327_B_NA_NA    5.01%    passed     99.02%
 208  105696_6223_7786_MF777326_B_NA_NA    5.13%    passed     98.94%
 209  105696_6223_7786_MF777325_B_NA_NA    5.01%    passed     99.02%
 210  105696_6223_7786_MF777324_B_NA_NA    5.01%    passed     99.02%
****  TOTAL                                6.41%  0 sequences failed composition chi2 test (p-value<5%; df=3)
NOTE: 105696_6223_7786_MF777477_B_NA_NA is identical to 105696_6223_7786_MF777489_B_NA_NA but kept for subsequent analysis
NOTE: 105696_6223_7786_MF777413_B_NA_NA is identical to 105696_6223_7786_MF777415_B_NA_NA but kept for subsequent analysis
NOTE: 105696_6223_7785_MF777374_B_NA_NA is identical to 105696_6223_7785_MF777384_B_NA_NA but kept for subsequent analysis
NOTE: 105696_6223_7757_MF777352_B_NA_NA is identical to 105696_6223_7757_MF777370_B_NA_NA but kept for subsequent analysis
NOTE: 105696_6223_7757_MF777353_B_NA_NA is identical to 105696_6223_7757_MF777359_B_NA_NA but kept for subsequent analysis
NOTE: 105696_6223_7786_MF777343_B_NA_NA is identical to 105696_6223_7786_MF777345_B_NA_NA but kept for subsequent analysis
NOTE: 16 identical sequences (see below) will be ignored for subsequent analysis
NOTE: 105696_6223_7786_MF777475_B_NA_NA (identical to 105696_6223_7786_MF777489_B_NA_NA) is ignored but added at the end
NOTE: 105696_6223_7786_MF777342_B_NA_NA (identical to 105696_6223_7786_MF777345_B_NA_NA) is ignored but added at the end
NOTE: 105696_6223_7786_MF777341_B_NA_NA (identical to 105696_6223_7786_MF777345_B_NA_NA) is ignored but added at the end
NOTE: 105696_6223_7786_MF777340_B_NA_NA (identical to 105696_6223_7786_MF777345_B_NA_NA) is ignored but added at the end
NOTE: 105696_6223_7786_MF777337_B_NA_NA (identical to 105696_6223_7786_MF777345_B_NA_NA) is ignored but added at the end
NOTE: 105696_6223_7786_MF777336_B_NA_NA (identical to 105696_6223_7786_MF777345_B_NA_NA) is ignored but added at the end
NOTE: 105696_6223_7786_MF777335_B_NA_NA (identical to 105696_6223_7786_MF777345_B_NA_NA) is ignored but added at the end
NOTE: 105696_6223_7786_MF777334_B_NA_NA (identical to 105696_6223_7786_MF777345_B_NA_NA) is ignored but added at the end
NOTE: 105696_6223_7786_MF777333_B_NA_NA (identical to 105696_6223_7786_MF777345_B_NA_NA) is ignored but added at the end
NOTE: 105696_6223_7786_MF777332_B_NA_NA (identical to 105696_6223_7786_MF777345_B_NA_NA) is ignored but added at the end
NOTE: 105696_6223_7786_MF777330_B_NA_NA (identical to 105696_6223_7786_MF777345_B_NA_NA) is ignored but added at the end
NOTE: 105696_6223_7786_MF777329_B_NA_NA (identical to 105696_6223_7786_MF777345_B_NA_NA) is ignored but added at the end
NOTE: 105696_6223_7786_MF777328_B_NA_NA (identical to 105696_6223_7786_MF777345_B_NA_NA) is ignored but added at the end
NOTE: 105696_6223_7786_MF777327_B_NA_NA (identical to 105696_6223_7786_MF777345_B_NA_NA) is ignored but added at the end
NOTE: 105696_6223_7786_MF777325_B_NA_NA (identical to 105696_6223_7786_MF777345_B_NA_NA) is ignored but added at the end
NOTE: 105696_6223_7786_MF777324_B_NA_NA (identical to 105696_6223_7786_MF777345_B_NA_NA) is ignored but added at the end
Alignment was printed to iqtree_subset/105696+207+B.uniqueseq.phy

For your convenience alignment with unique sequences printed to iqtree_subset/105696+207+B.uniqueseq.phy

Create initial parsimony tree by phylogenetic likelihood library (PLL)... 0.021 seconds

NOTE: 14 MB RAM (0 GB) is required!
Measuring multi-threading efficiency up to 1 CPU cores
Increase to 10 rounds for branch lengths
5 trees examined
Threads: 1 / Time: 1.060 sec / Speedup: 1.000 / Efficiency: 100% / LogL: -29025
BEST NUMBER OF THREADS: 1

Estimate model parameters (epsilon = 0.100)
1. Initial log-likelihood: -13271.026
2. Current log-likelihood: -12465.244
3. Current log-likelihood: -12427.879
4. Current log-likelihood: -12419.641
5. Current log-likelihood: -12417.387
6. Current log-likelihood: -12416.567
7. Current log-likelihood: -12416.210
8. Current log-likelihood: -12416.008
9. Current log-likelihood: -12415.891
Optimal log-likelihood: -12415.812
Rate parameters:  A-C: 1.75544  A-G: 4.49782  A-T: 0.67411  C-G: 0.82030  C-T: 4.44179  G-T: 1.00000
Base frequencies:  A: 0.374  C: 0.159  G: 0.225  T: 0.242
Proportion of invariable sites: 0.570
Site proportion and rates:  (0.198,0.550) (0.143,1.292) (0.072,5.833) (0.016,17.623)
Parameters optimization took 9 rounds (2.923 sec)
Wrote distance file to... 
Computing ML distances based on estimated model parameters...
Calculating distance matrix: done in 0.206515 secs using 99.85% CPU
Computing ML distances took 0.206937 sec (of wall-clock time) 0.206630 sec (of CPU time)
Setting up auxiliary I and S matrices: done in 0.000703513 secs using 99.07% CPU
Computing RapidNJ tree took 0.002426 sec (of wall-clock time) 0.002265 sec (of CPU time)
Log-likelihood of RapidNJ tree: -12602.834
--------------------------------------------------------------------
|             INITIALIZING CANDIDATE TREE SET                      |
--------------------------------------------------------------------
Generating 98 parsimony trees... 2.136 second
Computing log-likelihood of 98 initial trees ... 2.575 seconds
Current best score: -12327.288

Do NNI search on 20 best initial trees
Estimate model parameters (epsilon = 0.100)
BETTER TREE FOUND at iteration 1: -12282.859
Iteration 10 / LogL: -12311.831 / Time: 0h:0m:15s
Iteration 20 / LogL: -12306.151 / Time: 0h:0m:20s
Finish initializing candidate tree set (20)
Current best tree score: -12282.859 / CPU time: 15.765
Number of iterations: 20
--------------------------------------------------------------------
|               OPTIMIZING CANDIDATE TREE SET                      |
--------------------------------------------------------------------
Estimate model parameters (epsilon = 0.100)
BETTER TREE FOUND at iteration 21: -12274.113
Iteration 30 / LogL: -12280.373 / Time: 0h:0m:26s (0h:1m:23s left)
Estimate model parameters (epsilon = 0.100)
BETTER TREE FOUND at iteration 31: -12273.606
Iteration 40 / LogL: -12292.536 / Time: 0h:0m:33s (0h:1m:18s left)
Estimate model parameters (epsilon = 0.100)
BETTER TREE FOUND at iteration 49: -12271.981
Iteration 50 / LogL: -12298.357 / Time: 0h:0m:40s (0h:1m:20s left)
Estimate model parameters (epsilon = 0.100)
BETTER TREE FOUND at iteration 51: -12267.497
Iteration 60 / LogL: -12269.219 / Time: 0h:0m:46s (0h:1m:11s left)
Estimate model parameters (epsilon = 0.100)
BETTER TREE FOUND at iteration 63: -12265.725
Iteration 70 / LogL: -12312.308 / Time: 0h:0m:53s (0h:1m:11s left)
Iteration 80 / LogL: -12288.573 / Time: 0h:0m:59s (0h:1m:2s left)
Iteration 90 / LogL: -12291.471 / Time: 0h:1m:5s (0h:0m:53s left)
Iteration 100 / LogL: -12280.189 / Time: 0h:1m:12s (0h:0m:45s left)
Iteration 110 / LogL: -12276.359 / Time: 0h:1m:18s (0h:0m:38s left)
Iteration 120 / LogL: -12266.159 / Time: 0h:1m:25s (0h:0m:30s left)
Iteration 130 / LogL: -12279.435 / Time: 0h:1m:31s (0h:0m:23s left)
Iteration 140 / LogL: -12274.126 / Time: 0h:1m:37s (0h:0m:16s left)
Iteration 150 / LogL: -12267.685 / Time: 0h:1m:43s (0h:0m:9s left)
Estimate model parameters (epsilon = 0.100)
BETTER TREE FOUND at iteration 160: -12259.951
Iteration 160 / LogL: -12259.951 / Time: 0h:1m:50s (0h:1m:9s left)
Iteration 170 / LogL: -12267.126 / Time: 0h:1m:56s (0h:1m:2s left)
Iteration 180 / LogL: -12260.783 / Time: 0h:2m:3s (0h:0m:55s left)
Iteration 190 / LogL: -12273.836 / Time: 0h:2m:9s (0h:0m:48s left)
Estimate model parameters (epsilon = 0.100)
BETTER TREE FOUND at iteration 194: -12259.666
Iteration 200 / LogL: -12260.113 / Time: 0h:2m:16s (0h:1m:4s left)
Iteration 210 / LogL: -12286.890 / Time: 0h:2m:22s (0h:0m:57s left)
Iteration 220 / LogL: -12284.449 / Time: 0h:2m:29s (0h:0m:50s left)
Iteration 230 / LogL: -12268.814 / Time: 0h:2m:35s (0h:0m:43s left)
Iteration 240 / LogL: -12265.638 / Time: 0h:2m:42s (0h:0m:36s left)
Iteration 250 / LogL: -12269.132 / Time: 0h:2m:47s (0h:0m:29s left)
Estimate model parameters (epsilon = 0.100)
BETTER TREE FOUND at iteration 252: -12255.523
Iteration 260 / LogL: -12307.823 / Time: 0h:2m:55s (0h:1m:2s left)
Iteration 270 / LogL: -12280.356 / Time: 0h:3m:1s (0h:0m:55s left)
Iteration 280 / LogL: -12282.029 / Time: 0h:3m:7s (0h:0m:48s left)
Iteration 290 / LogL: -12277.192 / Time: 0h:3m:14s (0h:0m:41s left)
Iteration 300 / LogL: -12288.331 / Time: 0h:3m:20s (0h:0m:34s left)
Iteration 310 / LogL: -12263.239 / Time: 0h:3m:27s (0h:0m:28s left)
Estimate model parameters (epsilon = 0.100)
BETTER TREE FOUND at iteration 314: -12255.026
Iteration 320 / LogL: -12273.722 / Time: 0h:3m:33s (0h:1m:3s left)
Iteration 330 / LogL: -12271.013 / Time: 0h:3m:40s (0h:0m:56s left)
Iteration 340 / LogL: -12289.827 / Time: 0h:3m:46s (0h:0m:49s left)
Iteration 350 / LogL: -12270.125 / Time: 0h:3m:52s (0h:0m:42s left)
Iteration 360 / LogL: -12267.907 / Time: 0h:3m:58s (0h:0m:35s left)
Iteration 370 / LogL: -12309.907 / Time: 0h:4m:4s (0h:0m:29s left)
Iteration 380 / LogL: -12266.781 / Time: 0h:4m:11s (0h:0m:22s left)
Iteration 390 / LogL: -12275.638 / Time: 0h:4m:17s (0h:0m:15s left)
Iteration 400 / LogL: -12256.103 / Time: 0h:4m:23s (0h:0m:9s left)
Iteration 410 / LogL: -12264.006 / Time: 0h:4m:29s (0h:0m:2s left)
TREE SEARCH COMPLETED AFTER 415 ITERATIONS / Time: 0h:4m:33s

--------------------------------------------------------------------
|                    FINALIZING TREE SEARCH                        |
--------------------------------------------------------------------
Performs final model parameters optimization
Estimate model parameters (epsilon = 0.010)
1. Initial log-likelihood: -12255.026
2. Current log-likelihood: -12255.002
3. Current log-likelihood: -12254.981
4. Current log-likelihood: -12254.962
5. Current log-likelihood: -12254.944
6. Current log-likelihood: -12254.928
7. Current log-likelihood: -12254.913
8. Current log-likelihood: -12254.899
9. Current log-likelihood: -12254.886
10. Current log-likelihood: -12254.873
11. Current log-likelihood: -12254.861
12. Current log-likelihood: -12254.848
13. Current log-likelihood: -12254.837
14. Current log-likelihood: -12254.825
15. Current log-likelihood: -12254.814
16. Current log-likelihood: -12254.802
17. Current log-likelihood: -12254.790
18. Current log-likelihood: -12254.778
19. Current log-likelihood: -12254.766
20. Current log-likelihood: -12254.754
21. Current log-likelihood: -12254.741
22. Current log-likelihood: -12254.728
23. Current log-likelihood: -12254.715
24. Current log-likelihood: -12254.701
25. Current log-likelihood: -12254.686
26. Current log-likelihood: -12254.670
27. Current log-likelihood: -12254.654
28. Current log-likelihood: -12254.636
29. Current log-likelihood: -12254.618
30. Current log-likelihood: -12254.598
31. Current log-likelihood: -12254.577
32. Current log-likelihood: -12254.554
33. Current log-likelihood: -12254.530
34. Current log-likelihood: -12254.504
35. Current log-likelihood: -12254.475
36. Current log-likelihood: -12254.443
37. Current log-likelihood: -12254.408
38. Current log-likelihood: -12254.369
39. Current log-likelihood: -12254.326
40. Current log-likelihood: -12254.276
41. Current log-likelihood: -12254.219
42. Current log-likelihood: -12254.152
43. Current log-likelihood: -12254.074
44. Current log-likelihood: -12253.968
45. Current log-likelihood: -12253.838
46. Current log-likelihood: -12253.674
47. Current log-likelihood: -12253.445
48. Current log-likelihood: -12253.145
49. Current log-likelihood: -12252.753
50. Current log-likelihood: -12252.269
51. Current log-likelihood: -12251.707
52. Current log-likelihood: -12251.118
53. Current log-likelihood: -12250.546
54. Current log-likelihood: -12250.036
55. Current log-likelihood: -12249.652
56. Current log-likelihood: -12249.409
57. Current log-likelihood: -12249.310
58. Current log-likelihood: -12249.275
59. Current log-likelihood: -12249.262
Optimal log-likelihood: -12249.257
Rate parameters:  A-C: 1.94474  A-G: 4.60324  A-T: 0.64547  C-G: 0.84161  C-T: 5.10090  G-T: 1.00000
Base frequencies:  A: 0.374  C: 0.159  G: 0.225  T: 0.242
Proportion of invariable sites: 0.587
Site proportion and rates:  (0.320,0.843) (0.070,5.139) (0.018,12.534) (0.006,25.251)
Parameters optimization took 59 rounds (12.297 sec)
BEST SCORE FOUND : -12249.257
Empirical proportions for each category: 0.921 0.059 0.014 0.005
Site rates printed to iqtree_subset/105696+207+B.rate

Testing tree branches by SH-like aLRT with 1000 replicates...
4.882 sec.
Total tree length: 1.168

Total number of iterations: 415
CPU time used for tree search: 264.363 sec (0h:4m:24s)
Wall-clock time used for tree search: 268.850 sec (0h:4m:28s)
Total CPU time used: 285.900 sec (0h:4m:45s)
Total wall-clock time used: 290.506 sec (0h:4m:50s)

Analysis results written to: 
  IQ-TREE report:                iqtree_subset/105696+207+B.iqtree
  Maximum-likelihood tree:       iqtree_subset/105696+207+B.treefile
  Likelihood distances:          iqtree_subset/105696+207+B.mldist
  Site-specific rates:           iqtree_subset/105696+207+B.rate
  Screen log file:               iqtree_subset/105696+207+B.log

Date and Time: Tue Feb 11 18:19:15 2025
