IQ-TREE multicore version 2.3.3 COVID-edition for Linux x86 64-bit built Apr 25 2024
Developed by Bui Quang Minh, James Barbetti, Nguyen Lam Tung, Olga Chernomor,
Heiko Schmidt, Dominik Schrempf, Michael Woodhams, Ly Trong Nhan, Thomas Wong

Host:    linusblack.lanl.gov (AVX512, FMA3, 754 GB RAM)
Command: iqtree -s mafft_subset/105693+1+B.fasta -m GTR+I+R -alrt 1000 -T AUTO --prefix iqtree_subset/105693+1+B --rate -redo
Seed:    105473 (Using SPRNG - Scalable Parallel Random Number Generator)
Time:    Tue Feb 11 18:14:03 2025
Kernel:  AVX+FMA - auto-detect threads (1 CPU cores detected)

Reading alignment file mafft_subset/105693+1+B.fasta ... Fasta format detected
Reading fasta file: done in 0.00968295 secs using 95.65% CPU
Alignment most likely contains DNA/RNA sequences
Alignment has 201 sequences with 1654 columns, 392 distinct patterns
181 parsimony-informative, 161 singleton sites, 1312 constant sites
WARNING: Some sequence names are changed as follows:
105693+787+2375+MF780582+B+NA+NA -> 105693_787_2375_MF780582_B_NA_NA
105693+787+2375+MF780581+B+NA+NA -> 105693_787_2375_MF780581_B_NA_NA
105693+787+2375+MF780580+B+NA+NA -> 105693_787_2375_MF780580_B_NA_NA
105693+787+2375+MF780579+B+NA+NA -> 105693_787_2375_MF780579_B_NA_NA
105693+787+2375+MF780578+B+NA+NA -> 105693_787_2375_MF780578_B_NA_NA
105693+787+2375+MF780577+B+NA+NA -> 105693_787_2375_MF780577_B_NA_NA
105693+787+2375+MF780576+B+NA+NA -> 105693_787_2375_MF780576_B_NA_NA
105693+787+2375+MF780575+B+NA+NA -> 105693_787_2375_MF780575_B_NA_NA
105693+787+2375+MF780574+B+NA+NA -> 105693_787_2375_MF780574_B_NA_NA
105693+787+2375+MF780573+B+NA+NA -> 105693_787_2375_MF780573_B_NA_NA
105693+787+2375+MF780572+B+NA+NA -> 105693_787_2375_MF780572_B_NA_NA
105693+787+2375+MF780571+B+NA+NA -> 105693_787_2375_MF780571_B_NA_NA
105693+787+2375+MF780570+B+NA+NA -> 105693_787_2375_MF780570_B_NA_NA
105693+787+2375+MF780569+B+NA+NA -> 105693_787_2375_MF780569_B_NA_NA
105693+787+2375+MF780568+B+NA+NA -> 105693_787_2375_MF780568_B_NA_NA
105693+787+2375+MF780567+B+NA+NA -> 105693_787_2375_MF780567_B_NA_NA
105693+790+2375+MF780566+B+NA+NA -> 105693_790_2375_MF780566_B_NA_NA
105693+787+2375+MF780565+B+NA+NA -> 105693_787_2375_MF780565_B_NA_NA
105693+787+2375+MF780564+B+NA+NA -> 105693_787_2375_MF780564_B_NA_NA
105693+787+2375+MF780563+B+NA+NA -> 105693_787_2375_MF780563_B_NA_NA
105693+784+2375+MF780562+B+NA+NA -> 105693_784_2375_MF780562_B_NA_NA
105693+787+2375+MF780561+B+NA+NA -> 105693_787_2375_MF780561_B_NA_NA
105693+787+2375+MF780560+B+NA+NA -> 105693_787_2375_MF780560_B_NA_NA
105693+787+2376+MF780559+B+NA+NA -> 105693_787_2376_MF780559_B_NA_NA
105693+787+2376+MF780558+B+NA+NA -> 105693_787_2376_MF780558_B_NA_NA
105693+787+2376+MF780557+B+NA+NA -> 105693_787_2376_MF780557_B_NA_NA
105693+787+2376+MF780556+B+NA+NA -> 105693_787_2376_MF780556_B_NA_NA
105693+787+2376+MF780555+B+NA+NA -> 105693_787_2376_MF780555_B_NA_NA
105693+787+2376+MF780554+B+NA+NA -> 105693_787_2376_MF780554_B_NA_NA
105693+787+2376+MF780553+B+NA+NA -> 105693_787_2376_MF780553_B_NA_NA
105693+787+2376+MF780552+B+NA+NA -> 105693_787_2376_MF780552_B_NA_NA
105693+787+2376+MF780551+B+NA+NA -> 105693_787_2376_MF780551_B_NA_NA
105693+787+2376+MF780550+B+NA+NA -> 105693_787_2376_MF780550_B_NA_NA
105693+787+2376+MF780549+B+NA+NA -> 105693_787_2376_MF780549_B_NA_NA
105693+787+2376+MF780548+B+NA+NA -> 105693_787_2376_MF780548_B_NA_NA
105693+787+2376+MF780547+B+NA+NA -> 105693_787_2376_MF780547_B_NA_NA
105693+787+2376+MF780546+B+NA+NA -> 105693_787_2376_MF780546_B_NA_NA
105693+787+2376+MF780545+B+NA+NA -> 105693_787_2376_MF780545_B_NA_NA
105693+787+2376+MF780544+B+NA+NA -> 105693_787_2376_MF780544_B_NA_NA
105693+787+2376+MF780543+B+NA+NA -> 105693_787_2376_MF780543_B_NA_NA
105693+787+2376+MF780542+B+NA+NA -> 105693_787_2376_MF780542_B_NA_NA
105693+787+2376+MF780541+B+NA+NA -> 105693_787_2376_MF780541_B_NA_NA
105693+787+2376+MF780540+B+NA+NA -> 105693_787_2376_MF780540_B_NA_NA
105693+787+2376+MF780539+B+NA+NA -> 105693_787_2376_MF780539_B_NA_NA
105693+787+2376+MF780538+B+NA+NA -> 105693_787_2376_MF780538_B_NA_NA
105693+787+2376+MF780537+B+NA+NA -> 105693_787_2376_MF780537_B_NA_NA
105693+787+2376+MF780536+B+NA+NA -> 105693_787_2376_MF780536_B_NA_NA
105693+787+2376+MF780535+B+NA+NA -> 105693_787_2376_MF780535_B_NA_NA
105693+787+2376+MF780534+B+NA+NA -> 105693_787_2376_MF780534_B_NA_NA
105693+787+2376+MF780533+B+NA+NA -> 105693_787_2376_MF780533_B_NA_NA
105693+787+2376+MF780532+B+NA+NA -> 105693_787_2376_MF780532_B_NA_NA
105693+787+2376+MF780531+B+NA+NA -> 105693_787_2376_MF780531_B_NA_NA
105693+787+2376+MF780530+B+NA+NA -> 105693_787_2376_MF780530_B_NA_NA
105693+787+2376+MF780529+B+NA+NA -> 105693_787_2376_MF780529_B_NA_NA
105693+787+2376+MF780528+B+NA+NA -> 105693_787_2376_MF780528_B_NA_NA
105693+787+2376+MF780527+B+NA+NA -> 105693_787_2376_MF780527_B_NA_NA
105693+787+2376+MF780526+B+NA+NA -> 105693_787_2376_MF780526_B_NA_NA
105693+787+2376+MF780525+B+NA+NA -> 105693_787_2376_MF780525_B_NA_NA
105693+787+2376+MF780524+B+NA+NA -> 105693_787_2376_MF780524_B_NA_NA
105693+787+2376+MF780523+B+NA+NA -> 105693_787_2376_MF780523_B_NA_NA
105693+787+2376+MF780522+B+NA+NA -> 105693_787_2376_MF780522_B_NA_NA
105693+787+2376+MF780521+B+NA+NA -> 105693_787_2376_MF780521_B_NA_NA
105693+787+2376+MF780520+B+NA+NA -> 105693_787_2376_MF780520_B_NA_NA
105693+787+2376+MF780519+B+NA+NA -> 105693_787_2376_MF780519_B_NA_NA
105693+787+2376+MF780518+B+NA+NA -> 105693_787_2376_MF780518_B_NA_NA
105693+787+2376+MF780517+B+NA+NA -> 105693_787_2376_MF780517_B_NA_NA
105693+785+2376+MF780516+B+NA+NA -> 105693_785_2376_MF780516_B_NA_NA
105693+787+2376+MF780515+B+NA+NA -> 105693_787_2376_MF780515_B_NA_NA
105693+787+2376+MF780514+B+NA+NA -> 105693_787_2376_MF780514_B_NA_NA
105693+785+2376+MF780513+B+NA+NA -> 105693_785_2376_MF780513_B_NA_NA
105693+787+2376+MF780512+B+NA+NA -> 105693_787_2376_MF780512_B_NA_NA
105693+787+2369+MF780511+B+NA+NA -> 105693_787_2369_MF780511_B_NA_NA
105693+787+2376+MF780510+B+NA+NA -> 105693_787_2376_MF780510_B_NA_NA
105693+787+2376+MF780509+B+NA+NA -> 105693_787_2376_MF780509_B_NA_NA
105693+787+2376+MF780508+B+NA+NA -> 105693_787_2376_MF780508_B_NA_NA
105693+787+2376+MF780507+B+NA+NA -> 105693_787_2376_MF780507_B_NA_NA
105693+787+2376+MF780506+B+NA+NA -> 105693_787_2376_MF780506_B_NA_NA
105693+787+2376+MF780505+B+NA+NA -> 105693_787_2376_MF780505_B_NA_NA
105693+787+2376+MF780504+B+NA+NA -> 105693_787_2376_MF780504_B_NA_NA
105693+787+2376+MF780503+B+NA+NA -> 105693_787_2376_MF780503_B_NA_NA
105693+787+2376+MF780502+B+NA+NA -> 105693_787_2376_MF780502_B_NA_NA
105693+787+2376+MF780501+B+NA+NA -> 105693_787_2376_MF780501_B_NA_NA
105693+787+2376+MF780500+B+NA+NA -> 105693_787_2376_MF780500_B_NA_NA
105693+787+2376+MF780499+B+NA+NA -> 105693_787_2376_MF780499_B_NA_NA
105693+787+2376+MF780498+B+NA+NA -> 105693_787_2376_MF780498_B_NA_NA
105693+785+2376+MF780497+B+NA+NA -> 105693_785_2376_MF780497_B_NA_NA
105693+787+2376+MF780496+B+NA+NA -> 105693_787_2376_MF780496_B_NA_NA
105693+787+2376+MF780495+B+NA+NA -> 105693_787_2376_MF780495_B_NA_NA
105693+785+2376+MF780494+B+NA+NA -> 105693_785_2376_MF780494_B_NA_NA
105693+785+2376+MF780493+B+NA+NA -> 105693_785_2376_MF780493_B_NA_NA
105693+787+2404+MF780492+B+NA+NA -> 105693_787_2404_MF780492_B_NA_NA
105693+787+2376+MF780491+B+NA+NA -> 105693_787_2376_MF780491_B_NA_NA
105693+787+2376+MF780490+B+NA+NA -> 105693_787_2376_MF780490_B_NA_NA
105693+787+2376+MF780489+B+NA+NA -> 105693_787_2376_MF780489_B_NA_NA
105693+787+2376+MF780488+B+NA+NA -> 105693_787_2376_MF780488_B_NA_NA
105693+787+2376+MF780487+B+NA+NA -> 105693_787_2376_MF780487_B_NA_NA
105693+787+2376+MF780486+B+NA+NA -> 105693_787_2376_MF780486_B_NA_NA
105693+787+2376+MF780485+B+NA+NA -> 105693_787_2376_MF780485_B_NA_NA
105693+787+2376+MF780484+B+NA+NA -> 105693_787_2376_MF780484_B_NA_NA
105693+787+2376+MF780483+B+NA+NA -> 105693_787_2376_MF780483_B_NA_NA
105693+787+2376+MF780482+B+NA+NA -> 105693_787_2376_MF780482_B_NA_NA
105693+787+2376+MF780481+B+NA+NA -> 105693_787_2376_MF780481_B_NA_NA
105693+787+2376+MF780480+B+NA+NA -> 105693_787_2376_MF780480_B_NA_NA
105693+787+2376+MF780479+B+NA+NA -> 105693_787_2376_MF780479_B_NA_NA
105693+787+2376+MF780478+B+NA+NA -> 105693_787_2376_MF780478_B_NA_NA
105693+787+2376+MF780477+B+NA+NA -> 105693_787_2376_MF780477_B_NA_NA
105693+787+2376+MF780476+B+NA+NA -> 105693_787_2376_MF780476_B_NA_NA
105693+787+2376+MF780475+B+NA+NA -> 105693_787_2376_MF780475_B_NA_NA
105693+787+2376+MF780474+B+NA+NA -> 105693_787_2376_MF780474_B_NA_NA
105693+787+2376+MF780473+B+NA+NA -> 105693_787_2376_MF780473_B_NA_NA
105693+787+2376+MF780472+B+NA+NA -> 105693_787_2376_MF780472_B_NA_NA
105693+787+2376+MF780471+B+NA+NA -> 105693_787_2376_MF780471_B_NA_NA
105693+787+2376+MF780470+B+NA+NA -> 105693_787_2376_MF780470_B_NA_NA
105693+787+2376+MF780469+B+NA+NA -> 105693_787_2376_MF780469_B_NA_NA
105693+787+2376+MF780468+B+NA+NA -> 105693_787_2376_MF780468_B_NA_NA
105693+787+2376+MF780467+B+NA+NA -> 105693_787_2376_MF780467_B_NA_NA
105693+787+2376+MF780466+B+NA+NA -> 105693_787_2376_MF780466_B_NA_NA
105693+787+2376+MF780465+B+NA+NA -> 105693_787_2376_MF780465_B_NA_NA
105693+787+2376+MF780464+B+NA+NA -> 105693_787_2376_MF780464_B_NA_NA
105693+787+2376+MF780463+B+NA+NA -> 105693_787_2376_MF780463_B_NA_NA
105693+787+2376+MF780462+B+NA+NA -> 105693_787_2376_MF780462_B_NA_NA
105693+787+2376+MF780461+B+NA+NA -> 105693_787_2376_MF780461_B_NA_NA
105693+787+2376+MF780460+B+NA+NA -> 105693_787_2376_MF780460_B_NA_NA
105693+787+2376+MF780459+B+NA+NA -> 105693_787_2376_MF780459_B_NA_NA
105693+787+2376+MF780458+B+NA+NA -> 105693_787_2376_MF780458_B_NA_NA
105693+787+2376+MF780457+B+NA+NA -> 105693_787_2376_MF780457_B_NA_NA
105693+787+2376+MF780456+B+NA+NA -> 105693_787_2376_MF780456_B_NA_NA
105693+787+2376+MF780455+B+NA+NA -> 105693_787_2376_MF780455_B_NA_NA
105693+787+2376+MF780454+B+NA+NA -> 105693_787_2376_MF780454_B_NA_NA
105693+787+2376+MF780453+B+NA+NA -> 105693_787_2376_MF780453_B_NA_NA
105693+787+2376+MF780452+B+NA+NA -> 105693_787_2376_MF780452_B_NA_NA
105693+787+2376+MF780451+B+NA+NA -> 105693_787_2376_MF780451_B_NA_NA
105693+787+2376+MF780450+B+NA+NA -> 105693_787_2376_MF780450_B_NA_NA
105693+787+2376+MF780449+B+NA+NA -> 105693_787_2376_MF780449_B_NA_NA
105693+787+2376+MF780448+B+NA+NA -> 105693_787_2376_MF780448_B_NA_NA
105693+787+2376+MF780447+B+NA+NA -> 105693_787_2376_MF780447_B_NA_NA
105693+787+2376+MF780446+B+NA+NA -> 105693_787_2376_MF780446_B_NA_NA
105693+787+2376+MF780445+B+NA+NA -> 105693_787_2376_MF780445_B_NA_NA
105693+787+2376+MF780444+B+NA+NA -> 105693_787_2376_MF780444_B_NA_NA
105693+787+2376+MF780443+B+NA+NA -> 105693_787_2376_MF780443_B_NA_NA
105693+787+2376+MF780442+B+NA+NA -> 105693_787_2376_MF780442_B_NA_NA
105693+787+2376+MF780441+B+NA+NA -> 105693_787_2376_MF780441_B_NA_NA
105693+787+2376+MF780440+B+NA+NA -> 105693_787_2376_MF780440_B_NA_NA
105693+787+2376+MF780439+B+NA+NA -> 105693_787_2376_MF780439_B_NA_NA
105693+787+2376+MF780438+B+NA+NA -> 105693_787_2376_MF780438_B_NA_NA
105693+787+2376+MF780437+B+NA+NA -> 105693_787_2376_MF780437_B_NA_NA
105693+787+2376+MF780436+B+NA+NA -> 105693_787_2376_MF780436_B_NA_NA
105693+787+2376+MF780435+B+NA+NA -> 105693_787_2376_MF780435_B_NA_NA
105693+787+2376+MF780434+B+NA+NA -> 105693_787_2376_MF780434_B_NA_NA
105693+787+2376+MF780433+B+NA+NA -> 105693_787_2376_MF780433_B_NA_NA
105693+787+2376+MF780432+B+NA+NA -> 105693_787_2376_MF780432_B_NA_NA
105693+787+2376+MF780431+B+NA+NA -> 105693_787_2376_MF780431_B_NA_NA
105693+787+2376+MF780430+B+NA+NA -> 105693_787_2376_MF780430_B_NA_NA
105693+787+2376+MF780429+B+NA+NA -> 105693_787_2376_MF780429_B_NA_NA
105693+787+2376+MF780428+B+NA+NA -> 105693_787_2376_MF780428_B_NA_NA
105693+787+2376+MF780427+B+NA+NA -> 105693_787_2376_MF780427_B_NA_NA
105693+787+2376+MF780426+B+NA+NA -> 105693_787_2376_MF780426_B_NA_NA
105693+787+2376+MF780425+B+NA+NA -> 105693_787_2376_MF780425_B_NA_NA
105693+787+2376+MF780424+B+NA+NA -> 105693_787_2376_MF780424_B_NA_NA
105693+787+2376+MF780423+B+NA+NA -> 105693_787_2376_MF780423_B_NA_NA
105693+787+2376+MF780422+B+NA+NA -> 105693_787_2376_MF780422_B_NA_NA
105693+787+2376+MF780421+B+NA+NA -> 105693_787_2376_MF780421_B_NA_NA
105693+787+2376+MF780420+B+NA+NA -> 105693_787_2376_MF780420_B_NA_NA
105693+787+2376+MF780419+B+NA+NA -> 105693_787_2376_MF780419_B_NA_NA
105693+787+2376+MF780418+B+NA+NA -> 105693_787_2376_MF780418_B_NA_NA
105693+787+2376+MF780417+B+NA+NA -> 105693_787_2376_MF780417_B_NA_NA
105693+787+2376+MF780416+B+NA+NA -> 105693_787_2376_MF780416_B_NA_NA
105693+787+2376+MF780415+B+NA+NA -> 105693_787_2376_MF780415_B_NA_NA
105693+787+2376+MF780414+B+NA+NA -> 105693_787_2376_MF780414_B_NA_NA
105693+787+2376+MF780413+B+NA+NA -> 105693_787_2376_MF780413_B_NA_NA
105693+787+2376+MF780412+B+NA+NA -> 105693_787_2376_MF780412_B_NA_NA
105693+787+2376+MF780411+B+NA+NA -> 105693_787_2376_MF780411_B_NA_NA
105693+787+2376+MF780410+B+NA+NA -> 105693_787_2376_MF780410_B_NA_NA
105693+787+2376+MF780409+B+NA+NA -> 105693_787_2376_MF780409_B_NA_NA
105693+787+2376+MF780408+B+NA+NA -> 105693_787_2376_MF780408_B_NA_NA
105693+787+2376+MF780407+B+NA+NA -> 105693_787_2376_MF780407_B_NA_NA
105693+787+2376+MF780406+B+NA+NA -> 105693_787_2376_MF780406_B_NA_NA
105693+787+2376+MF780405+B+NA+NA -> 105693_787_2376_MF780405_B_NA_NA
105693+787+2376+MF780404+B+NA+NA -> 105693_787_2376_MF780404_B_NA_NA
105693+787+2376+MF780403+B+NA+NA -> 105693_787_2376_MF780403_B_NA_NA
105693+787+2376+MF780402+B+NA+NA -> 105693_787_2376_MF780402_B_NA_NA
105693+787+2376+MF780401+B+NA+NA -> 105693_787_2376_MF780401_B_NA_NA
105693+787+2376+MF780400+B+NA+NA -> 105693_787_2376_MF780400_B_NA_NA
105693+787+2376+MF780399+B+NA+NA -> 105693_787_2376_MF780399_B_NA_NA
105693+787+2376+MF780398+B+NA+NA -> 105693_787_2376_MF780398_B_NA_NA
105693+787+2376+MF780397+B+NA+NA -> 105693_787_2376_MF780397_B_NA_NA
105693+787+2376+MF780396+B+NA+NA -> 105693_787_2376_MF780396_B_NA_NA
105693+787+2376+MF780395+B+NA+NA -> 105693_787_2376_MF780395_B_NA_NA
105693+787+2376+MF780394+B+NA+NA -> 105693_787_2376_MF780394_B_NA_NA
105693+787+2376+MF780393+B+NA+NA -> 105693_787_2376_MF780393_B_NA_NA
105693+787+2376+MF780392+B+NA+NA -> 105693_787_2376_MF780392_B_NA_NA
105693+787+2376+MF780391+B+NA+NA -> 105693_787_2376_MF780391_B_NA_NA
105693+787+2376+MF780390+B+NA+NA -> 105693_787_2376_MF780390_B_NA_NA
105693+787+2376+MF780389+B+NA+NA -> 105693_787_2376_MF780389_B_NA_NA
105693+787+2376+MF780388+B+NA+NA -> 105693_787_2376_MF780388_B_NA_NA
105693+787+2349+MF780387+B+NA+NA -> 105693_787_2349_MF780387_B_NA_NA
105693+787+2376+MF780386+B+NA+NA -> 105693_787_2376_MF780386_B_NA_NA
105693+787+2349+MF780385+B+NA+NA -> 105693_787_2349_MF780385_B_NA_NA
105693+787+2376+MF780384+B+NA+NA -> 105693_787_2376_MF780384_B_NA_NA
105693+787+2376+MF780383+B+NA+NA -> 105693_787_2376_MF780383_B_NA_NA
105693+787+2376+MF780382+B+NA+NA -> 105693_787_2376_MF780382_B_NA_NA

                                  Gap/Ambiguity  Composition  p-value
Analyzing sequences: done in 0.000334281 secs using 99.62% CPU
   1  105693_787_2375_MF780582_B_NA_NA    2.18%    passed     98.84%
   2  105693_787_2375_MF780581_B_NA_NA    2.18%    passed     99.86%
   3  105693_787_2375_MF780580_B_NA_NA    2.12%    passed     99.99%
   4  105693_787_2375_MF780579_B_NA_NA    2.12%    passed     99.98%
   5  105693_787_2375_MF780578_B_NA_NA    2.12%    passed     99.85%
   6  105693_787_2375_MF780577_B_NA_NA    2.12%    passed     99.68%
   7  105693_787_2375_MF780576_B_NA_NA    2.12%    passed     99.96%
   8  105693_787_2375_MF780575_B_NA_NA    2.18%    passed     99.59%
   9  105693_787_2375_MF780574_B_NA_NA    2.12%    passed     98.87%
  10  105693_787_2375_MF780573_B_NA_NA    2.12%    passed     99.84%
  11  105693_787_2375_MF780572_B_NA_NA    2.18%    passed     99.37%
  12  105693_787_2375_MF780571_B_NA_NA    2.18%    passed     99.67%
  13  105693_787_2375_MF780570_B_NA_NA    2.18%    passed     99.42%
  14  105693_787_2375_MF780569_B_NA_NA    2.18%    passed     98.08%
  15  105693_787_2375_MF780568_B_NA_NA    2.12%    passed     99.13%
  16  105693_787_2375_MF780567_B_NA_NA    2.12%    passed     98.44%
  17  105693_790_2375_MF780566_B_NA_NA    2.36%    passed     99.19%
  18  105693_787_2375_MF780565_B_NA_NA    2.18%    passed     98.93%
  19  105693_787_2375_MF780564_B_NA_NA    2.12%    passed     99.91%
  20  105693_787_2375_MF780563_B_NA_NA    2.12%    passed     99.80%
  21  105693_784_2375_MF780562_B_NA_NA    1.93%    passed     90.22%
  22  105693_787_2375_MF780561_B_NA_NA    2.18%    passed     99.73%
  23  105693_787_2375_MF780560_B_NA_NA    2.12%    passed     99.66%
  24  105693_787_2376_MF780559_B_NA_NA    2.12%    passed     99.22%
  25  105693_787_2376_MF780558_B_NA_NA    2.12%    passed     99.26%
  26  105693_787_2376_MF780557_B_NA_NA    2.06%    passed     99.49%
  27  105693_787_2376_MF780556_B_NA_NA    2.12%    passed     98.69%
  28  105693_787_2376_MF780555_B_NA_NA    2.06%    passed     99.92%
  29  105693_787_2376_MF780554_B_NA_NA    2.06%    passed     99.34%
  30  105693_787_2376_MF780553_B_NA_NA    2.12%    passed     99.85%
  31  105693_787_2376_MF780552_B_NA_NA    2.06%    passed     99.69%
  32  105693_787_2376_MF780551_B_NA_NA    2.06%    passed     99.60%
  33  105693_787_2376_MF780550_B_NA_NA    3.14%    passed     99.31%
  34  105693_787_2376_MF780549_B_NA_NA    2.06%    passed     98.93%
  35  105693_787_2376_MF780548_B_NA_NA    2.06%    passed     99.73%
  36  105693_787_2376_MF780547_B_NA_NA    2.06%    passed     99.79%
  37  105693_787_2376_MF780546_B_NA_NA    2.06%    passed     99.86%
  38  105693_787_2376_MF780545_B_NA_NA    2.12%    passed     97.82%
  39  105693_787_2376_MF780544_B_NA_NA    2.06%    passed     99.60%
  40  105693_787_2376_MF780543_B_NA_NA    2.12%    passed     99.90%
  41  105693_787_2376_MF780542_B_NA_NA    2.12%    passed     99.27%
  42  105693_787_2376_MF780541_B_NA_NA    2.06%    passed     99.97%
  43  105693_787_2376_MF780540_B_NA_NA    2.06%    passed     99.53%
  44  105693_787_2376_MF780539_B_NA_NA    2.06%    passed     99.63%
  45  105693_787_2376_MF780538_B_NA_NA    2.06%    passed     98.99%
  46  105693_787_2376_MF780537_B_NA_NA    2.06%    passed     99.34%
  47  105693_787_2376_MF780536_B_NA_NA    2.06%    passed     99.69%
  48  105693_787_2376_MF780535_B_NA_NA    2.06%    passed     99.69%
  49  105693_787_2376_MF780534_B_NA_NA    2.12%    passed     99.95%
  50  105693_787_2376_MF780533_B_NA_NA    2.06%    passed     99.39%
  51  105693_787_2376_MF780532_B_NA_NA    2.06%    passed     99.14%
  52  105693_787_2376_MF780531_B_NA_NA    2.06%    passed     99.78%
  53  105693_787_2376_MF780530_B_NA_NA    2.06%    passed    100.00%
  54  105693_787_2376_MF780529_B_NA_NA    2.06%    passed     98.33%
  55  105693_787_2376_MF780528_B_NA_NA    2.06%    passed     97.57%
  56  105693_787_2376_MF780527_B_NA_NA    2.06%    passed     99.50%
  57  105693_787_2376_MF780526_B_NA_NA    2.12%    passed     99.84%
  58  105693_787_2376_MF780525_B_NA_NA    2.06%    passed     99.92%
  59  105693_787_2376_MF780524_B_NA_NA    2.06%    passed     99.93%
  60  105693_787_2376_MF780523_B_NA_NA    2.12%    passed     99.96%
  61  105693_787_2376_MF780522_B_NA_NA    2.06%    passed     96.57%
  62  105693_787_2376_MF780521_B_NA_NA    2.06%    passed     99.82%
  63  105693_787_2376_MF780520_B_NA_NA    2.06%    passed    100.00%
  64  105693_787_2376_MF780519_B_NA_NA    2.06%    passed     99.53%
  65  105693_787_2376_MF780518_B_NA_NA    2.06%    passed     99.90%
  66  105693_787_2376_MF780517_B_NA_NA    2.06%    passed     98.56%
  67  105693_785_2376_MF780516_B_NA_NA    1.93%    passed     99.97%
  68  105693_787_2376_MF780515_B_NA_NA    2.06%    passed     99.62%
  69  105693_787_2376_MF780514_B_NA_NA    2.06%    passed     99.67%
  70  105693_785_2376_MF780513_B_NA_NA    1.93%    passed     99.97%
  71  105693_787_2376_MF780512_B_NA_NA    2.06%    passed     99.93%
  72  105693_787_2369_MF780511_B_NA_NA    2.54%    passed     99.37%
  73  105693_787_2376_MF780510_B_NA_NA    2.12%    passed     99.61%
  74  105693_787_2376_MF780509_B_NA_NA    2.06%    passed     99.52%
  75  105693_787_2376_MF780508_B_NA_NA    2.06%    passed     99.97%
  76  105693_787_2376_MF780507_B_NA_NA    2.12%    passed     99.82%
  77  105693_787_2376_MF780506_B_NA_NA    2.06%    passed     99.39%
  78  105693_787_2376_MF780505_B_NA_NA    2.06%    passed     99.63%
  79  105693_787_2376_MF780504_B_NA_NA    2.06%    passed     99.97%
  80  105693_787_2376_MF780503_B_NA_NA    2.12%    passed     99.94%
  81  105693_787_2376_MF780502_B_NA_NA    2.12%    passed     98.57%
  82  105693_787_2376_MF780501_B_NA_NA    2.06%    passed     97.91%
  83  105693_787_2376_MF780500_B_NA_NA    2.12%    passed     99.62%
  84  105693_787_2376_MF780499_B_NA_NA    2.06%    passed     99.99%
  85  105693_787_2376_MF780498_B_NA_NA    2.06%    passed    100.00%
  86  105693_785_2376_MF780497_B_NA_NA    2.00%    passed    100.00%
  87  105693_787_2376_MF780496_B_NA_NA    2.06%    passed     99.95%
  88  105693_787_2376_MF780495_B_NA_NA    2.06%    passed     99.50%
  89  105693_785_2376_MF780494_B_NA_NA    1.93%    passed    100.00%
  90  105693_785_2376_MF780493_B_NA_NA    1.93%    passed     99.98%
  91  105693_787_2404_MF780492_B_NA_NA    0.36%    passed     98.58%
  92  105693_787_2376_MF780491_B_NA_NA    2.06%    passed     99.53%
  93  105693_787_2376_MF780490_B_NA_NA    2.06%    passed     99.50%
  94  105693_787_2376_MF780489_B_NA_NA    2.06%    passed     99.33%
  95  105693_787_2376_MF780488_B_NA_NA    2.12%    passed     99.77%
  96  105693_787_2376_MF780487_B_NA_NA    2.06%    passed     99.85%
  97  105693_787_2376_MF780486_B_NA_NA    2.06%    passed     99.96%
  98  105693_787_2376_MF780485_B_NA_NA    2.06%    passed     99.44%
  99  105693_787_2376_MF780484_B_NA_NA    2.06%    passed     99.98%
 100  105693_787_2376_MF780483_B_NA_NA    2.00%    passed     99.97%
 101  105693_787_2376_MF780482_B_NA_NA    2.12%    passed     99.98%
 102  105693_787_2376_MF780481_B_NA_NA    2.06%    passed     99.13%
 103  105693_787_2376_MF780480_B_NA_NA    2.06%    passed     99.99%
 104  105693_787_2376_MF780479_B_NA_NA    2.06%    passed     99.91%
 105  105693_787_2376_MF780478_B_NA_NA    2.12%    passed     98.22%
 106  105693_787_2376_MF780477_B_NA_NA    2.06%    passed     99.98%
 107  105693_787_2376_MF780476_B_NA_NA    2.06%    passed     97.87%
 108  105693_787_2376_MF780475_B_NA_NA    3.69%    passed     98.74%
 109  105693_787_2376_MF780474_B_NA_NA    2.06%    passed     98.55%
 110  105693_787_2376_MF780473_B_NA_NA    2.06%    passed     99.96%
 111  105693_787_2376_MF780472_B_NA_NA    2.06%    passed     99.71%
 112  105693_787_2376_MF780471_B_NA_NA    2.06%    passed     99.78%
 113  105693_787_2376_MF780470_B_NA_NA    2.06%    passed     99.98%
 114  105693_787_2376_MF780469_B_NA_NA    2.06%    passed     99.97%
 115  105693_787_2376_MF780468_B_NA_NA    2.06%    passed     99.95%
 116  105693_787_2376_MF780467_B_NA_NA    2.06%    passed     99.93%
 117  105693_787_2376_MF780466_B_NA_NA    2.12%    passed     99.97%
 118  105693_787_2376_MF780465_B_NA_NA    2.06%    passed     99.71%
 119  105693_787_2376_MF780464_B_NA_NA    2.06%    passed     99.95%
 120  105693_787_2376_MF780463_B_NA_NA    2.06%    passed     99.93%
 121  105693_787_2376_MF780462_B_NA_NA    2.06%    passed     99.83%
 122  105693_787_2376_MF780461_B_NA_NA    2.06%    passed     99.95%
 123  105693_787_2376_MF780460_B_NA_NA    2.06%    passed     99.18%
 124  105693_787_2376_MF780459_B_NA_NA    2.06%    passed     99.96%
 125  105693_787_2376_MF780458_B_NA_NA    2.06%    passed     99.58%
 126  105693_787_2376_MF780457_B_NA_NA    2.12%    passed     99.35%
 127  105693_787_2376_MF780456_B_NA_NA    2.06%    passed     99.86%
 128  105693_787_2376_MF780455_B_NA_NA    2.06%    passed     99.93%
 129  105693_787_2376_MF780454_B_NA_NA    2.06%    passed     99.82%
 130  105693_787_2376_MF780453_B_NA_NA    2.06%    passed     99.93%
 131  105693_787_2376_MF780452_B_NA_NA    2.06%    passed     99.86%
 132  105693_787_2376_MF780451_B_NA_NA    2.06%    passed     99.96%
 133  105693_787_2376_MF780450_B_NA_NA    2.06%    passed     99.95%
 134  105693_787_2376_MF780449_B_NA_NA    2.06%    passed     99.69%
 135  105693_787_2376_MF780448_B_NA_NA    2.06%    passed     99.91%
 136  105693_787_2376_MF780447_B_NA_NA    2.06%    passed     99.86%
 137  105693_787_2376_MF780446_B_NA_NA    2.06%    passed     99.93%
 138  105693_787_2376_MF780445_B_NA_NA    2.06%    passed     99.94%
 139  105693_787_2376_MF780444_B_NA_NA    2.06%    passed     99.91%
 140  105693_787_2376_MF780443_B_NA_NA    2.06%    passed     99.84%
 141  105693_787_2376_MF780442_B_NA_NA    2.06%    passed     99.88%
 142  105693_787_2376_MF780441_B_NA_NA    2.06%    passed     99.93%
 143  105693_787_2376_MF780440_B_NA_NA    2.06%    passed    100.00%
 144  105693_787_2376_MF780439_B_NA_NA    2.06%    passed     99.67%
 145  105693_787_2376_MF780438_B_NA_NA    2.06%    passed     99.89%
 146  105693_787_2376_MF780437_B_NA_NA    2.06%    passed     99.84%
 147  105693_787_2376_MF780436_B_NA_NA    2.06%    passed     99.90%
 148  105693_787_2376_MF780435_B_NA_NA    2.06%    passed     99.73%
 149  105693_787_2376_MF780434_B_NA_NA    2.06%    passed     99.83%
 150  105693_787_2376_MF780433_B_NA_NA    2.06%    passed     99.84%
 151  105693_787_2376_MF780432_B_NA_NA    2.06%    passed     99.98%
 152  105693_787_2376_MF780431_B_NA_NA    2.06%    passed     99.94%
 153  105693_787_2376_MF780430_B_NA_NA    2.06%    passed     99.87%
 154  105693_787_2376_MF780429_B_NA_NA    2.06%    passed     99.19%
 155  105693_787_2376_MF780428_B_NA_NA    2.06%    passed     99.53%
 156  105693_787_2376_MF780427_B_NA_NA    2.06%    passed     99.89%
 157  105693_787_2376_MF780426_B_NA_NA    2.06%    passed     99.87%
 158  105693_787_2376_MF780425_B_NA_NA    2.06%    passed     99.82%
 159  105693_787_2376_MF780424_B_NA_NA    2.06%    passed     99.55%
 160  105693_787_2376_MF780423_B_NA_NA    2.06%    passed     99.66%
 161  105693_787_2376_MF780422_B_NA_NA    2.06%    passed     99.84%
 162  105693_787_2376_MF780421_B_NA_NA    2.12%    passed     99.93%
 163  105693_787_2376_MF780420_B_NA_NA    2.06%    passed     99.96%
 164  105693_787_2376_MF780419_B_NA_NA    2.06%    passed     99.90%
 165  105693_787_2376_MF780418_B_NA_NA    2.06%    passed     99.67%
 166  105693_787_2376_MF780417_B_NA_NA    2.06%    passed     99.95%
 167  105693_787_2376_MF780416_B_NA_NA    2.00%    passed     99.95%
 168  105693_787_2376_MF780415_B_NA_NA    2.06%    passed     99.96%
 169  105693_787_2376_MF780414_B_NA_NA    2.06%    passed     99.93%
 170  105693_787_2376_MF780413_B_NA_NA    2.06%    passed     99.86%
 171  105693_787_2376_MF780412_B_NA_NA    3.69%    passed     92.12%
 172  105693_787_2376_MF780411_B_NA_NA    2.06%    passed     99.95%
 173  105693_787_2376_MF780410_B_NA_NA    2.06%    passed     99.94%
 174  105693_787_2376_MF780409_B_NA_NA    2.06%    passed     99.95%
 175  105693_787_2376_MF780408_B_NA_NA    2.06%    passed     99.91%
 176  105693_787_2376_MF780407_B_NA_NA    2.06%    passed     99.97%
 177  105693_787_2376_MF780406_B_NA_NA    2.06%    passed     98.90%
 178  105693_787_2376_MF780405_B_NA_NA    2.06%    passed     99.74%
 179  105693_787_2376_MF780404_B_NA_NA    2.06%    passed     99.48%
 180  105693_787_2376_MF780403_B_NA_NA    2.06%    passed     99.67%
 181  105693_787_2376_MF780402_B_NA_NA    2.06%    passed     99.58%
 182  105693_787_2376_MF780401_B_NA_NA    2.06%    passed     99.53%
 183  105693_787_2376_MF780400_B_NA_NA    2.06%    passed     99.27%
 184  105693_787_2376_MF780399_B_NA_NA    2.06%    passed     99.73%
 185  105693_787_2376_MF780398_B_NA_NA    2.12%    passed     99.91%
 186  105693_787_2376_MF780397_B_NA_NA    2.06%    passed     99.89%
 187  105693_787_2376_MF780396_B_NA_NA    2.06%    passed     99.67%
 188  105693_787_2376_MF780395_B_NA_NA    2.12%    passed     99.94%
 189  105693_787_2376_MF780394_B_NA_NA    2.06%    passed     98.56%
 190  105693_787_2376_MF780393_B_NA_NA    2.06%    passed     99.78%
 191  105693_787_2376_MF780392_B_NA_NA    2.06%    passed     99.58%
 192  105693_787_2376_MF780391_B_NA_NA    2.18%    passed     99.16%
 193  105693_787_2376_MF780390_B_NA_NA    2.12%    passed     99.47%
 194  105693_787_2376_MF780389_B_NA_NA    2.18%    passed     99.74%
 195  105693_787_2376_MF780388_B_NA_NA    2.12%    passed     99.67%
 196  105693_787_2349_MF780387_B_NA_NA    3.81%    passed     99.97%
 197  105693_787_2376_MF780386_B_NA_NA    2.06%    passed     99.67%
 198  105693_787_2349_MF780385_B_NA_NA    3.75%    passed     99.91%
 199  105693_787_2376_MF780384_B_NA_NA    2.18%    passed     99.74%
 200  105693_787_2376_MF780383_B_NA_NA    2.18%    passed     99.55%
 201  105693_787_2376_MF780382_B_NA_NA    2.24%    passed     99.66%
****  TOTAL                               2.11%  0 sequences failed composition chi2 test (p-value<5%; df=3)
NOTE: 105693_785_2376_MF780513_B_NA_NA is identical to 105693_785_2376_MF780516_B_NA_NA but kept for subsequent analysis
NOTE: 105693_787_2376_MF780504_B_NA_NA is identical to 105693_787_2376_MF780508_B_NA_NA but kept for subsequent analysis
NOTE: 105693_787_2376_MF780461_B_NA_NA is identical to 105693_787_2376_MF780468_B_NA_NA but kept for subsequent analysis
NOTE: 105693_787_2376_MF780463_B_NA_NA is identical to 105693_787_2376_MF780467_B_NA_NA but kept for subsequent analysis

Create initial parsimony tree by phylogenetic likelihood library (PLL)... 0.030 seconds

NOTE: 10 MB RAM (0 GB) is required!
Measuring multi-threading efficiency up to 1 CPU cores
Increase to 10 rounds for branch lengths
5 trees examined
Threads: 1 / Time: 1.224 sec / Speedup: 1.000 / Efficiency: 100% / LogL: -15483
BEST NUMBER OF THREADS: 1

Estimate model parameters (epsilon = 0.100)
1. Initial log-likelihood: -10170.556
2. Current log-likelihood: -9134.623
3. Current log-likelihood: -9122.897
4. Current log-likelihood: -9120.821
5. Current log-likelihood: -9119.748
6. Current log-likelihood: -9119.052
7. Current log-likelihood: -9118.549
8. Current log-likelihood: -9118.162
9. Current log-likelihood: -9117.829
10. Current log-likelihood: -9117.507
11. Current log-likelihood: -9117.164
12. Current log-likelihood: -9116.770
13. Current log-likelihood: -9116.262
14. Current log-likelihood: -9115.453
15. Current log-likelihood: -9114.200
16. Current log-likelihood: -9112.170
17. Current log-likelihood: -9110.411
18. Current log-likelihood: -9109.314
19. Current log-likelihood: -9108.688
20. Current log-likelihood: -9108.310
21. Current log-likelihood: -9108.125
Optimal log-likelihood: -9108.027
Rate parameters:  A-C: 0.94290  A-G: 7.99152  A-T: 0.78146  C-G: 0.14058  C-T: 11.14921  G-T: 1.00000
Base frequencies:  A: 0.372  C: 0.193  G: 0.244  T: 0.191
Proportion of invariable sites: 0.658
Site proportion and rates:  (0.173,0.723) (0.120,1.990) (0.040,10.674) (0.008,27.004)
Parameters optimization took 21 rounds (8.205 sec)
Wrote distance file to... 
Computing ML distances based on estimated model parameters...
Calculating distance matrix: done in 0.282871 secs using 99.73% CPU
Computing ML distances took 0.283425 sec (of wall-clock time) 0.282662 sec (of CPU time)
Setting up auxiliary I and S matrices: done in 0.00102138 secs using 99.38% CPU
Computing RapidNJ tree took 0.004331 sec (of wall-clock time) 0.003317 sec (of CPU time)
Log-likelihood of RapidNJ tree: -9111.555
--------------------------------------------------------------------
|             INITIALIZING CANDIDATE TREE SET                      |
--------------------------------------------------------------------
Generating 98 parsimony trees... 3.378 second
Computing log-likelihood of 98 initial trees ... 3.160 seconds
Current best score: -9030.506

Do NNI search on 20 best initial trees
Estimate model parameters (epsilon = 0.100)
BETTER TREE FOUND at iteration 1: -9005.956
Estimate model parameters (epsilon = 0.100)
BETTER TREE FOUND at iteration 3: -9001.885
Estimate model parameters (epsilon = 0.100)
BETTER TREE FOUND at iteration 5: -8999.156
Iteration 10 / LogL: -9039.164 / Time: 0h:0m:26s
Iteration 20 / LogL: -9050.750 / Time: 0h:0m:33s
Finish initializing candidate tree set (20)
Current best tree score: -8999.156 / CPU time: 23.605
Number of iterations: 20
--------------------------------------------------------------------
|               OPTIMIZING CANDIDATE TREE SET                      |
--------------------------------------------------------------------
Estimate model parameters (epsilon = 0.100)
BETTER TREE FOUND at iteration 21: -8991.573
Estimate model parameters (epsilon = 0.100)
BETTER TREE FOUND at iteration 25: -8991.423
Estimate model parameters (epsilon = 0.100)
BETTER TREE FOUND at iteration 26: -8984.800
Estimate model parameters (epsilon = 0.100)
BETTER TREE FOUND at iteration 27: -8982.791
Iteration 30 / LogL: -8996.036 / Time: 0h:0m:41s (0h:2m:19s left)
Estimate model parameters (epsilon = 0.100)
BETTER TREE FOUND at iteration 31: -8977.500
Estimate model parameters (epsilon = 0.100)
BETTER TREE FOUND at iteration 33: -8973.623
Estimate model parameters (epsilon = 0.100)
BETTER TREE FOUND at iteration 36: -8966.562
Estimate model parameters (epsilon = 0.100)
BETTER TREE FOUND at iteration 38: -8960.499
Estimate model parameters (epsilon = 0.100)
BETTER TREE FOUND at iteration 39: -8951.646
Iteration 40 / LogL: -8965.972 / Time: 0h:0m:48s (0h:2m:3s left)
Iteration 50 / LogL: -8957.138 / Time: 0h:0m:54s (0h:1m:38s left)
Estimate model parameters (epsilon = 0.100)
BETTER TREE FOUND at iteration 59: -8951.112
Iteration 60 / LogL: -8953.871 / Time: 0h:0m:59s (0h:1m:39s left)
Estimate model parameters (epsilon = 0.100)
BETTER TREE FOUND at iteration 63: -8948.174
Estimate model parameters (epsilon = 0.100)
BETTER TREE FOUND at iteration 70: -8947.753
Iteration 70 / LogL: -8947.753 / Time: 0h:1m:5s (0h:1m:34s left)
Iteration 80 / LogL: -8953.530 / Time: 0h:1m:9s (0h:1m:19s left)
Iteration 90 / LogL: -8952.158 / Time: 0h:1m:14s (0h:1m:7s left)
Estimate model parameters (epsilon = 0.100)
BETTER TREE FOUND at iteration 100: -8947.629
Iteration 100 / LogL: -8947.629 / Time: 0h:1m:19s (0h:1m:20s left)
Estimate model parameters (epsilon = 0.100)
BETTER TREE FOUND at iteration 101: -8946.065
Estimate model parameters (epsilon = 0.100)
BETTER TREE FOUND at iteration 103: -8945.398
Iteration 110 / LogL: -8961.582 / Time: 0h:1m:24s (0h:1m:12s left)
Iteration 120 / LogL: -8949.609 / Time: 0h:1m:29s (0h:1m:2s left)
Estimate model parameters (epsilon = 0.100)
BETTER TREE FOUND at iteration 129: -8944.633
Iteration 130 / LogL: -8965.043 / Time: 0h:1m:34s (0h:1m:12s left)
Estimate model parameters (epsilon = 0.100)
BETTER TREE FOUND at iteration 134: -8943.587
Iteration 140 / LogL: -8954.992 / Time: 0h:1m:39s (0h:1m:7s left)
Iteration 150 / LogL: -8950.170 / Time: 0h:1m:43s (0h:0m:58s left)
Iteration 160 / LogL: -8944.776 / Time: 0h:1m:48s (0h:0m:50s left)
Estimate model parameters (epsilon = 0.100)
BETTER TREE FOUND at iteration 162: -8942.245
Iteration 170 / LogL: -8945.226 / Time: 0h:1m:54s (0h:1m:2s left)
Iteration 180 / LogL: -8952.787 / Time: 0h:1m:59s (0h:0m:54s left)
Iteration 190 / LogL: -8948.515 / Time: 0h:2m:4s (0h:0m:47s left)
Estimate model parameters (epsilon = 0.100)
BETTER TREE FOUND at iteration 191: -8941.007
Iteration 200 / LogL: -8945.720 / Time: 0h:2m:9s (0h:0m:59s left)
Iteration 210 / LogL: -8954.215 / Time: 0h:2m:14s (0h:0m:52s left)
Iteration 220 / LogL: -8948.676 / Time: 0h:2m:19s (0h:0m:45s left)
Estimate model parameters (epsilon = 0.100)
BETTER TREE FOUND at iteration 226: -8940.588
Estimate model parameters (epsilon = 0.100)
BETTER TREE FOUND at iteration 229: -8939.274
Iteration 230 / LogL: -8942.107 / Time: 0h:2m:24s (0h:1m:2s left)
Iteration 240 / LogL: -8949.728 / Time: 0h:2m:29s (0h:0m:55s left)
Estimate model parameters (epsilon = 0.100)
BETTER TREE FOUND at iteration 250: -8938.443
Iteration 250 / LogL: -8938.443 / Time: 0h:2m:34s (0h:1m:1s left)
Estimate model parameters (epsilon = 0.100)
BETTER TREE FOUND at iteration 259: -8937.670
Iteration 260 / LogL: -8938.867 / Time: 0h:2m:39s (0h:1m:1s left)
Iteration 270 / LogL: -8952.478 / Time: 0h:2m:44s (0h:0m:54s left)
Estimate model parameters (epsilon = 0.100)
BETTER TREE FOUND at iteration 277: -8937.493
Iteration 280 / LogL: -8943.552 / Time: 0h:2m:49s (0h:0m:58s left)
Estimate model parameters (epsilon = 0.100)
BETTER TREE FOUND at iteration 289: -8936.896
Iteration 290 / LogL: -8947.078 / Time: 0h:2m:54s (0h:0m:59s left)
Iteration 300 / LogL: -8940.988 / Time: 0h:2m:59s (0h:0m:53s left)
Iteration 310 / LogL: -8944.619 / Time: 0h:3m:3s (0h:0m:46s left)
Iteration 320 / LogL: -8937.827 / Time: 0h:3m:8s (0h:0m:40s left)
Iteration 330 / LogL: -8939.204 / Time: 0h:3m:13s (0h:0m:34s left)
Iteration 340 / LogL: -8942.928 / Time: 0h:3m:17s (0h:0m:28s left)
BETTER TREE FOUND at iteration 346: -8936.895
Iteration 350 / LogL: -8940.395 / Time: 0h:3m:22s (0h:0m:55s left)
Iteration 360 / LogL: -8944.177 / Time: 0h:3m:27s (0h:0m:49s left)
Estimate model parameters (epsilon = 0.100)
BETTER TREE FOUND at iteration 361: -8935.102
Estimate model parameters (epsilon = 0.100)
BETTER TREE FOUND at iteration 369: -8932.117
Iteration 370 / LogL: -8944.480 / Time: 0h:3m:33s (0h:0m:57s left)
Estimate model parameters (epsilon = 0.100)
BETTER TREE FOUND at iteration 376: -8928.688
Estimate model parameters (epsilon = 0.100)
BETTER TREE FOUND at iteration 377: -8928.192
Iteration 380 / LogL: -8933.891 / Time: 0h:3m:39s (0h:0m:56s left)
Iteration 390 / LogL: -8939.691 / Time: 0h:3m:44s (0h:0m:50s left)
Estimate model parameters (epsilon = 0.100)
BETTER TREE FOUND at iteration 391: -8924.469
Iteration 400 / LogL: -8941.876 / Time: 0h:3m:49s (0h:0m:52s left)
Iteration 410 / LogL: -8933.705 / Time: 0h:3m:55s (0h:0m:46s left)
Iteration 420 / LogL: -8971.684 / Time: 0h:4m:0s (0h:0m:40s left)
Iteration 430 / LogL: -8938.846 / Time: 0h:4m:5s (0h:0m:34s left)
Iteration 440 / LogL: -8937.729 / Time: 0h:4m:10s (0h:0m:29s left)
Estimate model parameters (epsilon = 0.100)
BETTER TREE FOUND at iteration 444: -8922.936
Estimate model parameters (epsilon = 0.100)
BETTER TREE FOUND at iteration 447: -8922.587
Estimate model parameters (epsilon = 0.100)
BETTER TREE FOUND at iteration 450: -8922.412
Iteration 450 / LogL: -8922.412 / Time: 0h:4m:19s (0h:0m:57s left)
Estimate model parameters (epsilon = 0.100)
BETTER TREE FOUND at iteration 456: -8921.959
Iteration 460 / LogL: -8946.984 / Time: 0h:4m:27s (0h:0m:55s left)
Estimate model parameters (epsilon = 0.100)
BETTER TREE FOUND at iteration 465: -8920.003
Iteration 470 / LogL: -8928.634 / Time: 0h:4m:35s (0h:0m:55s left)
Iteration 480 / LogL: -8922.874 / Time: 0h:4m:44s (0h:0m:50s left)
Iteration 490 / LogL: -8924.068 / Time: 0h:4m:52s (0h:0m:44s left)
Iteration 500 / LogL: -8921.640 / Time: 0h:5m:0s (0h:0m:39s left)
Iteration 510 / LogL: -8933.137 / Time: 0h:5m:8s (0h:0m:33s left)
Iteration 520 / LogL: -8921.741 / Time: 0h:5m:16s (0h:0m:27s left)
Iteration 530 / LogL: -8920.288 / Time: 0h:5m:24s (0h:0m:21s left)
Estimate model parameters (epsilon = 0.100)
BETTER TREE FOUND at iteration 533: -8919.849
Estimate model parameters (epsilon = 0.100)
BETTER TREE FOUND at iteration 540: -8917.345
Iteration 540 / LogL: -8917.345 / Time: 0h:5m:34s (0h:1m:1s left)
Iteration 550 / LogL: -8919.361 / Time: 0h:5m:42s (0h:0m:56s left)
Iteration 560 / LogL: -8936.843 / Time: 0h:5m:49s (0h:0m:50s left)
Iteration 570 / LogL: -8922.965 / Time: 0h:5m:57s (0h:0m:44s left)
Estimate model parameters (epsilon = 0.100)
BETTER TREE FOUND at iteration 573: -8917.282
Iteration 580 / LogL: -8923.493 / Time: 0h:6m:6s (0h:0m:58s left)
Estimate model parameters (epsilon = 0.100)
BETTER TREE FOUND at iteration 588: -8916.792
Iteration 590 / LogL: -8922.906 / Time: 0h:6m:14s (0h:1m:2s left)
Iteration 600 / LogL: -8922.027 / Time: 0h:6m:22s (0h:0m:56s left)
Estimate model parameters (epsilon = 0.100)
BETTER TREE FOUND at iteration 605: -8916.587
Iteration 610 / LogL: -8931.275 / Time: 0h:6m:30s (0h:1m:0s left)
Iteration 620 / LogL: -8930.596 / Time: 0h:6m:38s (0h:0m:54s left)
Iteration 630 / LogL: -8920.215 / Time: 0h:6m:46s (0h:0m:48s left)
Iteration 640 / LogL: -8921.818 / Time: 0h:6m:54s (0h:0m:42s left)
Iteration 650 / LogL: -8950.129 / Time: 0h:7m:2s (0h:0m:35s left)
BETTER TREE FOUND at iteration 653: -8916.585
Iteration 660 / LogL: -8925.917 / Time: 0h:7m:10s (0h:1m:0s left)
Iteration 670 / LogL: -8923.091 / Time: 0h:7m:18s (0h:0m:54s left)
Iteration 680 / LogL: -8924.979 / Time: 0h:7m:26s (0h:0m:48s left)
Iteration 690 / LogL: -8919.304 / Time: 0h:7m:34s (0h:0m:41s left)
Iteration 700 / LogL: -8918.371 / Time: 0h:7m:41s (0h:0m:34s left)
Iteration 710 / LogL: -8947.626 / Time: 0h:7m:49s (0h:0m:28s left)
Iteration 720 / LogL: -8925.132 / Time: 0h:7m:57s (0h:0m:21s left)
Estimate model parameters (epsilon = 0.100)
BETTER TREE FOUND at iteration 728: -8916.548
Iteration 730 / LogL: -8931.764 / Time: 0h:8m:5s (0h:1m:5s left)
Iteration 740 / LogL: -8928.379 / Time: 0h:8m:13s (0h:0m:58s left)
Iteration 750 / LogL: -8919.053 / Time: 0h:8m:20s (0h:0m:52s left)
Iteration 760 / LogL: -8916.916 / Time: 0h:8m:28s (0h:0m:45s left)
Estimate model parameters (epsilon = 0.100)
BETTER TREE FOUND at iteration 765: -8915.503
Iteration 770 / LogL: -8921.910 / Time: 0h:8m:36s (0h:1m:3s left)
Iteration 780 / LogL: -8938.829 / Time: 0h:8m:43s (0h:0m:57s left)
Iteration 790 / LogL: -8940.205 / Time: 0h:8m:51s (0h:0m:50s left)
Iteration 800 / LogL: -8926.420 / Time: 0h:8m:59s (0h:0m:43s left)
Iteration 810 / LogL: -8947.116 / Time: 0h:9m:7s (0h:0m:37s left)
Iteration 820 / LogL: -8920.261 / Time: 0h:9m:14s (0h:0m:30s left)
Iteration 830 / LogL: -8921.757 / Time: 0h:9m:22s (0h:0m:23s left)
BETTER TREE FOUND at iteration 834: -8915.497
Iteration 840 / LogL: -8922.021 / Time: 0h:9m:30s (0h:1m:3s left)
Iteration 850 / LogL: -8921.161 / Time: 0h:9m:37s (0h:0m:57s left)
Iteration 860 / LogL: -8917.662 / Time: 0h:9m:45s (0h:0m:50s left)
Iteration 870 / LogL: -8920.281 / Time: 0h:9m:52s (0h:0m:43s left)
Iteration 880 / LogL: -8926.533 / Time: 0h:10m:0s (0h:0m:36s left)
Iteration 890 / LogL: -8933.800 / Time: 0h:10m:8s (0h:0m:30s left)
Iteration 900 / LogL: -8918.191 / Time: 0h:10m:16s (0h:0m:23s left)
Iteration 910 / LogL: -8926.862 / Time: 0h:10m:24s (0h:0m:16s left)
BETTER TREE FOUND at iteration 915: -8915.495
Estimate model parameters (epsilon = 0.100)
BETTER TREE FOUND at iteration 918: -8915.160
Iteration 920 / LogL: -8929.857 / Time: 0h:10m:32s (0h:1m:7s left)
Iteration 930 / LogL: -8917.182 / Time: 0h:10m:40s (0h:1m:0s left)
Iteration 940 / LogL: -8921.721 / Time: 0h:10m:48s (0h:0m:53s left)
Iteration 950 / LogL: -8930.938 / Time: 0h:10m:56s (0h:0m:47s left)
Iteration 960 / LogL: -8922.827 / Time: 0h:11m:3s (0h:0m:40s left)
Iteration 970 / LogL: -8934.908 / Time: 0h:11m:11s (0h:0m:33s left)
BETTER TREE FOUND at iteration 973: -8915.159
Iteration 980 / LogL: -8928.736 / Time: 0h:11m:19s (0h:1m:4s left)
Iteration 990 / LogL: -8918.230 / Time: 0h:11m:28s (0h:0m:57s left)
Iteration 1000 / LogL: -8927.022 / Time: 0h:11m:38s (0h:0m:51s left)
Estimate model parameters (epsilon = 0.100)
BETTER TREE FOUND at iteration 1010: -8914.884
Iteration 1010 / LogL: -8914.884 / Time: 0h:11m:49s (0h:1m:10s left)
Iteration 1020 / LogL: -8935.470 / Time: 0h:11m:59s (0h:1m:3s left)
Iteration 1030 / LogL: -8916.089 / Time: 0h:12m:10s (0h:0m:56s left)
Iteration 1040 / LogL: -8923.186 / Time: 0h:12m:20s (0h:0m:49s left)
Iteration 1050 / LogL: -8920.912 / Time: 0h:12m:31s (0h:0m:42s left)
Iteration 1060 / LogL: -8918.057 / Time: 0h:12m:42s (0h:0m:36s left)
Iteration 1070 / LogL: -8916.124 / Time: 0h:12m:54s (0h:0m:28s left)
Iteration 1080 / LogL: -8917.228 / Time: 0h:13m:7s (0h:0m:21s left)
Iteration 1090 / LogL: -8922.285 / Time: 0h:13m:18s (0h:0m:14s left)
Iteration 1100 / LogL: -8925.141 / Time: 0h:13m:30s (0h:0m:7s left)
Iteration 1110 / LogL: -8916.531 / Time: 0h:13m:41s (0h:0m:0s left)
TREE SEARCH COMPLETED AFTER 1111 ITERATIONS / Time: 0h:13m:43s

--------------------------------------------------------------------
|                    FINALIZING TREE SEARCH                        |
--------------------------------------------------------------------
Performs final model parameters optimization
Estimate model parameters (epsilon = 0.010)
1. Initial log-likelihood: -8914.884
Optimal log-likelihood: -8914.880
Rate parameters:  A-C: 0.87708  A-G: 9.94044  A-T: 0.65228  C-G: 0.09954  C-T: 13.52393  G-T: 1.00000
Base frequencies:  A: 0.372  C: 0.193  G: 0.244  T: 0.191
Proportion of invariable sites: 0.638
Site proportion and rates:  (0.271,0.840) (0.055,3.385) (0.028,11.811) (0.009,28.720)
Parameters optimization took 1 rounds (0.438 sec)
BEST SCORE FOUND : -8914.880
Empirical proportions for each category: 0.933 0.033 0.025 0.008
Site rates printed to iqtree_subset/105693+1+B.rate

Testing tree branches by SH-like aLRT with 1000 replicates...
10.978 sec.
Total tree length: 0.741

Total number of iterations: 1111
CPU time used for tree search: 796.172 sec (0h:13m:16s)
Wall-clock time used for tree search: 813.144 sec (0h:13m:33s)
Total CPU time used: 817.437 sec (0h:13m:37s)
Total wall-clock time used: 834.579 sec (0h:13m:54s)

Analysis results written to: 
  IQ-TREE report:                iqtree_subset/105693+1+B.iqtree
  Maximum-likelihood tree:       iqtree_subset/105693+1+B.treefile
  Likelihood distances:          iqtree_subset/105693+1+B.mldist
  Site-specific rates:           iqtree_subset/105693+1+B.rate
  Screen log file:               iqtree_subset/105693+1+B.log

Date and Time: Tue Feb 11 18:27:57 2025
