IQ-TREE multicore version 2.3.3 COVID-edition for Linux x86 64-bit built Apr 25 2024
Developed by Bui Quang Minh, James Barbetti, Nguyen Lam Tung, Olga Chernomor,
Heiko Schmidt, Dominik Schrempf, Michael Woodhams, Ly Trong Nhan, Thomas Wong

Host:    linusblack.lanl.gov (AVX512, FMA3, 754 GB RAM)
Command: iqtree -s mafft_subset/105693+202+B.fasta -m GTR+I+R -alrt 1000 -T AUTO --prefix iqtree_subset/105693+202+B --rate -redo
Seed:    531441 (Using SPRNG - Scalable Parallel Random Number Generator)
Time:    Tue Feb 11 18:13:00 2025
Kernel:  AVX+FMA - auto-detect threads (1 CPU cores detected)

Reading alignment file mafft_subset/105693+202+B.fasta ... Fasta format detected
Reading fasta file: done in 0.00628886 secs using 99.45% CPU
Alignment most likely contains DNA/RNA sequences
Alignment has 190 sequences with 1791 columns, 683 distinct patterns
385 parsimony-informative, 168 singleton sites, 1238 constant sites
WARNING: Some sequence names are changed as follows:
105693+6229+7786+MF778778+B+NA+NA -> 105693_6229_7786_MF778778_B_NA_NA
105693+6229+7786+MF778777+B+NA+NA -> 105693_6229_7786_MF778777_B_NA_NA
105693+6229+7786+MF778776+B+NA+NA -> 105693_6229_7786_MF778776_B_NA_NA
105693+6229+7791+MF778775+B+NA+NA -> 105693_6229_7791_MF778775_B_NA_NA
105693+6229+7786+MF778774+B+NA+NA -> 105693_6229_7786_MF778774_B_NA_NA
105693+6229+7786+MF778773+B+NA+NA -> 105693_6229_7786_MF778773_B_NA_NA
105693+6229+7786+MF778772+B+NA+NA -> 105693_6229_7786_MF778772_B_NA_NA
105693+6229+7786+MF778771+B+NA+NA -> 105693_6229_7786_MF778771_B_NA_NA
105693+6229+7786+MF778770+B+NA+NA -> 105693_6229_7786_MF778770_B_NA_NA
105693+6229+7786+MF778769+B+NA+NA -> 105693_6229_7786_MF778769_B_NA_NA
105693+6229+7786+MF778768+B+NA+NA -> 105693_6229_7786_MF778768_B_NA_NA
105693+6229+7786+MF778767+B+NA+NA -> 105693_6229_7786_MF778767_B_NA_NA
105693+6229+7786+MF778766+B+NA+NA -> 105693_6229_7786_MF778766_B_NA_NA
105693+6229+7786+MF778765+B+NA+NA -> 105693_6229_7786_MF778765_B_NA_NA
105693+6229+7786+MF778764+B+NA+NA -> 105693_6229_7786_MF778764_B_NA_NA
105693+6229+7786+MF778763+B+NA+NA -> 105693_6229_7786_MF778763_B_NA_NA
105693+6229+7786+MF778762+B+NA+NA -> 105693_6229_7786_MF778762_B_NA_NA
105693+6229+7791+MF778761+B+NA+NA -> 105693_6229_7791_MF778761_B_NA_NA
105693+6229+7786+MF778760+B+NA+NA -> 105693_6229_7786_MF778760_B_NA_NA
105693+6229+7786+MF778759+B+NA+NA -> 105693_6229_7786_MF778759_B_NA_NA
105693+6229+7786+MF778758+B+NA+NA -> 105693_6229_7786_MF778758_B_NA_NA
105693+6229+7786+MF778757+B+NA+NA -> 105693_6229_7786_MF778757_B_NA_NA
105693+6229+7786+MF778756+B+NA+NA -> 105693_6229_7786_MF778756_B_NA_NA
105693+6229+7786+MF778755+B+NA+NA -> 105693_6229_7786_MF778755_B_NA_NA
105693+6229+7786+MF778754+B+NA+NA -> 105693_6229_7786_MF778754_B_NA_NA
105693+6229+7786+MF778753+B+NA+NA -> 105693_6229_7786_MF778753_B_NA_NA
105693+6229+7786+MF778752+B+NA+NA -> 105693_6229_7786_MF778752_B_NA_NA
105693+6229+7786+MF778751+B+NA+NA -> 105693_6229_7786_MF778751_B_NA_NA
105693+6229+7786+MF778750+B+NA+NA -> 105693_6229_7786_MF778750_B_NA_NA
105693+6228+7786+MF778749+B+NA+NA -> 105693_6228_7786_MF778749_B_NA_NA
105693+6228+7786+MF778748+B+NA+NA -> 105693_6228_7786_MF778748_B_NA_NA
105693+6229+7786+MF778747+B+NA+NA -> 105693_6229_7786_MF778747_B_NA_NA
105693+6229+7786+MF778746+B+NA+NA -> 105693_6229_7786_MF778746_B_NA_NA
105693+6228+7786+MF778745+B+NA+NA -> 105693_6228_7786_MF778745_B_NA_NA
105693+6229+7786+MF778744+B+NA+NA -> 105693_6229_7786_MF778744_B_NA_NA
105693+6229+7786+MF778743+B+NA+NA -> 105693_6229_7786_MF778743_B_NA_NA
105693+6229+7786+MF778742+B+NA+NA -> 105693_6229_7786_MF778742_B_NA_NA
105693+6229+7786+MF778741+B+NA+NA -> 105693_6229_7786_MF778741_B_NA_NA
105693+6229+7786+MF778740+B+NA+NA -> 105693_6229_7786_MF778740_B_NA_NA
105693+6229+7786+MF778739+B+NA+NA -> 105693_6229_7786_MF778739_B_NA_NA
105693+6229+7786+MF778738+B+NA+NA -> 105693_6229_7786_MF778738_B_NA_NA
105693+6229+7786+MF778737+B+NA+NA -> 105693_6229_7786_MF778737_B_NA_NA
105693+6229+7786+MF778736+B+NA+NA -> 105693_6229_7786_MF778736_B_NA_NA
105693+6229+7786+MF778735+B+NA+NA -> 105693_6229_7786_MF778735_B_NA_NA
105693+6229+7786+MF778734+B+NA+NA -> 105693_6229_7786_MF778734_B_NA_NA
105693+6229+7786+MF778733+B+NA+NA -> 105693_6229_7786_MF778733_B_NA_NA
105693+6229+7786+MF778732+B+NA+NA -> 105693_6229_7786_MF778732_B_NA_NA
105693+6229+7786+MF778731+B+NA+NA -> 105693_6229_7786_MF778731_B_NA_NA
105693+6229+7786+MF778730+B+NA+NA -> 105693_6229_7786_MF778730_B_NA_NA
105693+6226+7786+MF778729+B+NA+NA -> 105693_6226_7786_MF778729_B_NA_NA
105693+6229+7786+MF778728+B+NA+NA -> 105693_6229_7786_MF778728_B_NA_NA
105693+6229+7786+MF778727+B+NA+NA -> 105693_6229_7786_MF778727_B_NA_NA
105693+6229+7786+MF778726+B+NA+NA -> 105693_6229_7786_MF778726_B_NA_NA
105693+6229+7786+MF778725+B+NA+NA -> 105693_6229_7786_MF778725_B_NA_NA
105693+6229+7786+MF778724+B+NA+NA -> 105693_6229_7786_MF778724_B_NA_NA
105693+6229+7786+MF778723+B+NA+NA -> 105693_6229_7786_MF778723_B_NA_NA
105693+6229+7786+MF778722+B+NA+NA -> 105693_6229_7786_MF778722_B_NA_NA
105693+6229+7786+MF778721+B+NA+NA -> 105693_6229_7786_MF778721_B_NA_NA
105693+6229+7786+MF778720+B+NA+NA -> 105693_6229_7786_MF778720_B_NA_NA
105693+6229+7786+MF778719+B+NA+NA -> 105693_6229_7786_MF778719_B_NA_NA
105693+6229+7786+MF778718+B+NA+NA -> 105693_6229_7786_MF778718_B_NA_NA
105693+6229+7786+MF778717+B+NA+NA -> 105693_6229_7786_MF778717_B_NA_NA
105693+6229+7786+MF778716+B+NA+NA -> 105693_6229_7786_MF778716_B_NA_NA
105693+6229+7786+MF778715+B+NA+NA -> 105693_6229_7786_MF778715_B_NA_NA
105693+6229+7786+MF778714+B+NA+NA -> 105693_6229_7786_MF778714_B_NA_NA
105693+6229+7786+MF778713+B+NA+NA -> 105693_6229_7786_MF778713_B_NA_NA
105693+6229+7786+MF778712+B+NA+NA -> 105693_6229_7786_MF778712_B_NA_NA
105693+6229+7786+MF778711+B+NA+NA -> 105693_6229_7786_MF778711_B_NA_NA
105693+6229+7786+MF778710+B+NA+NA -> 105693_6229_7786_MF778710_B_NA_NA
105693+6229+7786+MF778709+B+NA+NA -> 105693_6229_7786_MF778709_B_NA_NA
105693+6229+7786+MF778708+B+NA+NA -> 105693_6229_7786_MF778708_B_NA_NA
105693+6229+7786+MF778707+B+NA+NA -> 105693_6229_7786_MF778707_B_NA_NA
105693+6229+7786+MF778706+B+NA+NA -> 105693_6229_7786_MF778706_B_NA_NA
105693+6229+7786+MF778705+B+NA+NA -> 105693_6229_7786_MF778705_B_NA_NA
105693+6229+7786+MF778704+B+NA+NA -> 105693_6229_7786_MF778704_B_NA_NA
105693+6229+7786+MF778703+B+NA+NA -> 105693_6229_7786_MF778703_B_NA_NA
105693+6229+7786+MF778702+B+NA+NA -> 105693_6229_7786_MF778702_B_NA_NA
105693+6229+7786+MF778701+B+NA+NA -> 105693_6229_7786_MF778701_B_NA_NA
105693+6229+7786+MF778700+B+NA+NA -> 105693_6229_7786_MF778700_B_NA_NA
105693+6229+7786+MF778699+B+NA+NA -> 105693_6229_7786_MF778699_B_NA_NA
105693+6229+7786+MF778698+B+NA+NA -> 105693_6229_7786_MF778698_B_NA_NA
105693+6229+7786+MF778697+B+NA+NA -> 105693_6229_7786_MF778697_B_NA_NA
105693+6229+7786+MF778696+B+NA+NA -> 105693_6229_7786_MF778696_B_NA_NA
105693+6229+7786+MF778695+B+NA+NA -> 105693_6229_7786_MF778695_B_NA_NA
105693+6229+7786+MF778694+B+NA+NA -> 105693_6229_7786_MF778694_B_NA_NA
105693+6229+7786+MF778693+B+NA+NA -> 105693_6229_7786_MF778693_B_NA_NA
105693+6229+7786+MF778692+B+NA+NA -> 105693_6229_7786_MF778692_B_NA_NA
105693+6229+7786+MF778691+B+NA+NA -> 105693_6229_7786_MF778691_B_NA_NA
105693+6229+7786+MF778690+B+NA+NA -> 105693_6229_7786_MF778690_B_NA_NA
105693+6229+7786+MF778689+B+NA+NA -> 105693_6229_7786_MF778689_B_NA_NA
105693+6229+7786+MF778688+B+NA+NA -> 105693_6229_7786_MF778688_B_NA_NA
105693+6229+7786+MF778687+B+NA+NA -> 105693_6229_7786_MF778687_B_NA_NA
105693+6229+7786+MF778686+B+NA+NA -> 105693_6229_7786_MF778686_B_NA_NA
105693+6229+7786+MF778685+B+NA+NA -> 105693_6229_7786_MF778685_B_NA_NA
105693+6229+7786+MF778684+B+NA+NA -> 105693_6229_7786_MF778684_B_NA_NA
105693+6229+7786+MF778683+B+NA+NA -> 105693_6229_7786_MF778683_B_NA_NA
105693+6229+7786+MF778682+B+NA+NA -> 105693_6229_7786_MF778682_B_NA_NA
105693+6229+7786+MF778681+B+NA+NA -> 105693_6229_7786_MF778681_B_NA_NA
105693+6229+7786+MF778680+B+NA+NA -> 105693_6229_7786_MF778680_B_NA_NA
105693+6229+7786+MF778679+B+NA+NA -> 105693_6229_7786_MF778679_B_NA_NA
105693+6229+7786+MF778678+B+NA+NA -> 105693_6229_7786_MF778678_B_NA_NA
105693+6229+7786+MF778677+B+NA+NA -> 105693_6229_7786_MF778677_B_NA_NA
105693+6229+7786+MF778676+B+NA+NA -> 105693_6229_7786_MF778676_B_NA_NA
105693+6229+7786+MF778675+B+NA+NA -> 105693_6229_7786_MF778675_B_NA_NA
105693+6229+7786+MF778674+B+NA+NA -> 105693_6229_7786_MF778674_B_NA_NA
105693+6229+7785+MF778673+B+NA+NA -> 105693_6229_7785_MF778673_B_NA_NA
105693+6229+7785+MF778672+B+NA+NA -> 105693_6229_7785_MF778672_B_NA_NA
105693+6229+7785+MF778671+B+NA+NA -> 105693_6229_7785_MF778671_B_NA_NA
105693+6229+7785+MF778670+B+NA+NA -> 105693_6229_7785_MF778670_B_NA_NA
105693+6229+7785+MF778669+B+NA+NA -> 105693_6229_7785_MF778669_B_NA_NA
105693+6229+7785+MF778668+B+NA+NA -> 105693_6229_7785_MF778668_B_NA_NA
105693+6229+7785+MF778667+B+NA+NA -> 105693_6229_7785_MF778667_B_NA_NA
105693+6229+7785+MF778666+B+NA+NA -> 105693_6229_7785_MF778666_B_NA_NA
105693+6229+7785+MF778665+B+NA+NA -> 105693_6229_7785_MF778665_B_NA_NA
105693+6229+7785+MF778664+B+NA+NA -> 105693_6229_7785_MF778664_B_NA_NA
105693+6229+7785+MF778663+B+NA+NA -> 105693_6229_7785_MF778663_B_NA_NA
105693+6229+7785+MF778662+B+NA+NA -> 105693_6229_7785_MF778662_B_NA_NA
105693+6229+7785+MF778661+B+NA+NA -> 105693_6229_7785_MF778661_B_NA_NA
105693+6229+7785+MF778660+B+NA+NA -> 105693_6229_7785_MF778660_B_NA_NA
105693+6229+7785+MF778659+B+NA+NA -> 105693_6229_7785_MF778659_B_NA_NA
105693+6229+7785+MF778658+B+NA+NA -> 105693_6229_7785_MF778658_B_NA_NA
105693+6229+7785+MF778657+B+NA+NA -> 105693_6229_7785_MF778657_B_NA_NA
105693+6229+7785+MF778656+B+NA+NA -> 105693_6229_7785_MF778656_B_NA_NA
105693+6229+7793+MF778655+B+NA+NA -> 105693_6229_7793_MF778655_B_NA_NA
105693+6229+7785+MF778654+B+NA+NA -> 105693_6229_7785_MF778654_B_NA_NA
105693+6229+7785+MF778653+B+NA+NA -> 105693_6229_7785_MF778653_B_NA_NA
105693+6229+7786+MF778652+B+NA+NA -> 105693_6229_7786_MF778652_B_NA_NA
105693+6229+7786+MF778651+B+NA+NA -> 105693_6229_7786_MF778651_B_NA_NA
105693+6229+7786+MF778650+B+NA+NA -> 105693_6229_7786_MF778650_B_NA_NA
105693+6229+7786+MF778649+B+NA+NA -> 105693_6229_7786_MF778649_B_NA_NA
105693+6229+7786+MF778648+B+NA+NA -> 105693_6229_7786_MF778648_B_NA_NA
105693+6229+7786+MF778647+B+NA+NA -> 105693_6229_7786_MF778647_B_NA_NA
105693+6229+7786+MF778646+B+NA+NA -> 105693_6229_7786_MF778646_B_NA_NA
105693+6229+7786+MF778645+B+NA+NA -> 105693_6229_7786_MF778645_B_NA_NA
105693+6229+7786+MF778644+B+NA+NA -> 105693_6229_7786_MF778644_B_NA_NA
105693+6229+7786+MF778643+B+NA+NA -> 105693_6229_7786_MF778643_B_NA_NA
105693+6229+7786+MF778642+B+NA+NA -> 105693_6229_7786_MF778642_B_NA_NA
105693+6229+7786+MF778641+B+NA+NA -> 105693_6229_7786_MF778641_B_NA_NA
105693+6229+7786+MF778640+B+NA+NA -> 105693_6229_7786_MF778640_B_NA_NA
105693+6229+7786+MF778639+B+NA+NA -> 105693_6229_7786_MF778639_B_NA_NA
105693+6229+7786+MF778638+B+NA+NA -> 105693_6229_7786_MF778638_B_NA_NA
105693+6229+7786+MF778637+B+NA+NA -> 105693_6229_7786_MF778637_B_NA_NA
105693+6229+7786+MF778636+B+NA+NA -> 105693_6229_7786_MF778636_B_NA_NA
105693+6229+7786+MF778635+B+NA+NA -> 105693_6229_7786_MF778635_B_NA_NA
105693+6229+7786+MF778634+B+NA+NA -> 105693_6229_7786_MF778634_B_NA_NA
105693+6229+7786+MF778633+B+NA+NA -> 105693_6229_7786_MF778633_B_NA_NA
105693+6229+7786+MF778632+B+NA+NA -> 105693_6229_7786_MF778632_B_NA_NA
105693+6229+7786+MF778631+B+NA+NA -> 105693_6229_7786_MF778631_B_NA_NA
105693+6229+7786+MF778630+B+NA+NA -> 105693_6229_7786_MF778630_B_NA_NA
105693+6229+7786+MF778629+B+NA+NA -> 105693_6229_7786_MF778629_B_NA_NA
105693+6229+7786+MF778628+B+NA+NA -> 105693_6229_7786_MF778628_B_NA_NA
105693+6229+7786+MF778627+B+NA+NA -> 105693_6229_7786_MF778627_B_NA_NA
105693+6229+7786+MF778626+B+NA+NA -> 105693_6229_7786_MF778626_B_NA_NA
105693+6229+7786+MF778625+B+NA+NA -> 105693_6229_7786_MF778625_B_NA_NA
105693+6229+7786+MF778624+B+NA+NA -> 105693_6229_7786_MF778624_B_NA_NA
105693+6229+7786+MF778623+B+NA+NA -> 105693_6229_7786_MF778623_B_NA_NA
105693+6229+7786+MF778622+B+NA+NA -> 105693_6229_7786_MF778622_B_NA_NA
105693+6229+7786+MF778621+B+NA+NA -> 105693_6229_7786_MF778621_B_NA_NA
105693+6229+7786+MF778620+B+NA+NA -> 105693_6229_7786_MF778620_B_NA_NA
105693+6229+7786+MF778619+B+NA+NA -> 105693_6229_7786_MF778619_B_NA_NA
105693+6229+7786+MF778618+B+NA+NA -> 105693_6229_7786_MF778618_B_NA_NA
105693+6229+7786+MF778617+B+NA+NA -> 105693_6229_7786_MF778617_B_NA_NA
105693+6229+7786+MF778616+B+NA+NA -> 105693_6229_7786_MF778616_B_NA_NA
105693+6229+7786+MF778615+B+NA+NA -> 105693_6229_7786_MF778615_B_NA_NA
105693+6229+7786+MF778614+B+NA+NA -> 105693_6229_7786_MF778614_B_NA_NA
105693+6229+7786+MF778613+B+NA+NA -> 105693_6229_7786_MF778613_B_NA_NA
105693+6229+7786+MF778612+B+NA+NA -> 105693_6229_7786_MF778612_B_NA_NA
105693+6229+7786+MF778611+B+NA+NA -> 105693_6229_7786_MF778611_B_NA_NA
105693+6229+7786+MF778610+B+NA+NA -> 105693_6229_7786_MF778610_B_NA_NA
105693+6229+7786+MF778609+B+NA+NA -> 105693_6229_7786_MF778609_B_NA_NA
105693+6229+7786+MF778608+B+NA+NA -> 105693_6229_7786_MF778608_B_NA_NA
105693+6229+7786+MF778607+B+NA+NA -> 105693_6229_7786_MF778607_B_NA_NA
105693+6229+7786+MF778606+B+NA+NA -> 105693_6229_7786_MF778606_B_NA_NA
105693+6229+7786+MF778605+B+NA+NA -> 105693_6229_7786_MF778605_B_NA_NA
105693+6229+7786+MF778604+B+NA+NA -> 105693_6229_7786_MF778604_B_NA_NA
105693+6229+7785+MF778603+B+NA+NA -> 105693_6229_7785_MF778603_B_NA_NA
105693+6229+7785+MF778602+B+NA+NA -> 105693_6229_7785_MF778602_B_NA_NA
105693+6229+7785+MF778601+B+NA+NA -> 105693_6229_7785_MF778601_B_NA_NA
105693+6229+7785+MF778600+B+NA+NA -> 105693_6229_7785_MF778600_B_NA_NA
105693+6229+7785+MF778599+B+NA+NA -> 105693_6229_7785_MF778599_B_NA_NA
105693+6229+7785+MF778598+B+NA+NA -> 105693_6229_7785_MF778598_B_NA_NA
105693+6229+7757+MF778597+B+NA+NA -> 105693_6229_7757_MF778597_B_NA_NA
105693+6229+7785+MF778596+B+NA+NA -> 105693_6229_7785_MF778596_B_NA_NA
105693+6229+7785+MF778595+B+NA+NA -> 105693_6229_7785_MF778595_B_NA_NA
105693+6229+7785+MF778594+B+NA+NA -> 105693_6229_7785_MF778594_B_NA_NA
105693+6229+7785+MF778593+B+NA+NA -> 105693_6229_7785_MF778593_B_NA_NA
105693+6229+7785+MF778592+B+NA+NA -> 105693_6229_7785_MF778592_B_NA_NA
105693+6229+7785+MF778591+B+NA+NA -> 105693_6229_7785_MF778591_B_NA_NA
105693+6229+7785+MF778590+B+NA+NA -> 105693_6229_7785_MF778590_B_NA_NA
105693+6229+7785+MF778589+B+NA+NA -> 105693_6229_7785_MF778589_B_NA_NA

                                   Gap/Ambiguity  Composition  p-value
Analyzing sequences: done in 0.000267149 secs using 98.82% CPU
   1  105693_6229_7786_MF778778_B_NA_NA   10.72%    passed     91.13%
   2  105693_6229_7786_MF778777_B_NA_NA   11.50%    passed     95.73%
   3  105693_6229_7786_MF778776_B_NA_NA   11.50%    passed     92.27%
   4  105693_6229_7791_MF778775_B_NA_NA   11.22%    passed     93.63%
   5  105693_6229_7786_MF778774_B_NA_NA   10.72%    passed     93.86%
   6  105693_6229_7786_MF778773_B_NA_NA   12.17%    passed     96.40%
   7  105693_6229_7786_MF778772_B_NA_NA   10.66%    passed     88.68%
   8  105693_6229_7786_MF778771_B_NA_NA   12.17%    passed     96.13%
   9  105693_6229_7786_MF778770_B_NA_NA   11.33%    passed     97.29%
  10  105693_6229_7786_MF778769_B_NA_NA   11.50%    passed     84.75%
  11  105693_6229_7786_MF778768_B_NA_NA   10.66%    passed     98.35%
  12  105693_6229_7786_MF778767_B_NA_NA   11.84%    passed     83.18%
  13  105693_6229_7786_MF778766_B_NA_NA   11.50%    passed     95.73%
  14  105693_6229_7786_MF778765_B_NA_NA   11.84%    passed     91.97%
  15  105693_6229_7786_MF778764_B_NA_NA   10.72%    passed     91.63%
  16  105693_6229_7786_MF778763_B_NA_NA   12.23%    passed     89.75%
  17  105693_6229_7786_MF778762_B_NA_NA   11.50%    passed     88.12%
  18  105693_6229_7791_MF778761_B_NA_NA   10.39%    passed     96.27%
  19  105693_6229_7786_MF778760_B_NA_NA   10.72%    passed     94.11%
  20  105693_6229_7786_MF778759_B_NA_NA   10.66%    passed     91.65%
  21  105693_6229_7786_MF778758_B_NA_NA   13.01%    passed     99.82%
  22  105693_6229_7786_MF778757_B_NA_NA   13.01%    passed     99.82%
  23  105693_6229_7786_MF778756_B_NA_NA   11.67%    passed     86.57%
  24  105693_6229_7786_MF778755_B_NA_NA   12.06%    passed     99.22%
  25  105693_6229_7786_MF778754_B_NA_NA   11.17%    passed     95.72%
  26  105693_6229_7786_MF778753_B_NA_NA   12.00%    passed     85.47%
  27  105693_6229_7786_MF778752_B_NA_NA   11.56%    passed     98.00%
  28  105693_6229_7786_MF778751_B_NA_NA   10.83%    passed     91.30%
  29  105693_6229_7786_MF778750_B_NA_NA   10.66%    passed     92.45%
  30  105693_6228_7786_MF778749_B_NA_NA   12.12%    passed     92.45%
  31  105693_6228_7786_MF778748_B_NA_NA   10.27%    passed     96.14%
  32  105693_6229_7786_MF778747_B_NA_NA   11.67%    passed     96.48%
  33  105693_6229_7786_MF778746_B_NA_NA   10.33%    passed     96.63%
  34  105693_6228_7786_MF778745_B_NA_NA   12.17%    passed     94.64%
  35  105693_6229_7786_MF778744_B_NA_NA   11.50%    passed     89.05%
  36  105693_6229_7786_MF778743_B_NA_NA   11.78%    passed     98.92%
  37  105693_6229_7786_MF778742_B_NA_NA   14.29%    passed     87.02%
  38  105693_6229_7786_MF778741_B_NA_NA   11.50%    passed     90.70%
  39  105693_6229_7786_MF778740_B_NA_NA   11.33%    passed     88.76%
  40  105693_6229_7786_MF778739_B_NA_NA   13.01%    passed     99.52%
  41  105693_6229_7786_MF778738_B_NA_NA   11.67%    passed     93.90%
  42  105693_6229_7786_MF778737_B_NA_NA   10.66%    passed     99.26%
  43  105693_6229_7786_MF778736_B_NA_NA   11.00%    passed     99.85%
  44  105693_6229_7786_MF778735_B_NA_NA   10.11%    passed     91.83%
  45  105693_6229_7786_MF778734_B_NA_NA   11.56%    passed     97.57%
  46  105693_6229_7786_MF778733_B_NA_NA   11.50%    passed     95.26%
  47  105693_6229_7786_MF778732_B_NA_NA   10.16%    passed     95.53%
  48  105693_6229_7786_MF778731_B_NA_NA   10.66%    passed     99.08%
  49  105693_6229_7786_MF778730_B_NA_NA   10.50%    passed     97.79%
  50  105693_6226_7786_MF778729_B_NA_NA   10.33%    passed     90.43%
  51  105693_6229_7786_MF778728_B_NA_NA   12.34%    passed     91.83%
  52  105693_6229_7786_MF778727_B_NA_NA   10.33%    passed     97.01%
  53  105693_6229_7786_MF778726_B_NA_NA   10.33%    passed     96.53%
  54  105693_6229_7786_MF778725_B_NA_NA   11.84%    passed     99.31%
  55  105693_6229_7786_MF778724_B_NA_NA   11.50%    passed     91.87%
  56  105693_6229_7786_MF778723_B_NA_NA   11.00%    passed     99.70%
  57  105693_6229_7786_MF778722_B_NA_NA   11.50%    passed     91.93%
  58  105693_6229_7786_MF778721_B_NA_NA   11.00%    passed     99.44%
  59  105693_6229_7786_MF778720_B_NA_NA   12.23%    passed     99.84%
  60  105693_6229_7786_MF778719_B_NA_NA   11.17%    passed     99.85%
  61  105693_6229_7786_MF778718_B_NA_NA   16.69%    passed     98.35%
  62  105693_6229_7786_MF778717_B_NA_NA   10.44%    passed     91.66%
  63  105693_6229_7786_MF778716_B_NA_NA   11.33%    passed     95.30%
  64  105693_6229_7786_MF778715_B_NA_NA   11.50%    passed     84.10%
  65  105693_6229_7786_MF778714_B_NA_NA   10.50%    passed     97.56%
  66  105693_6229_7786_MF778713_B_NA_NA   12.84%    passed     99.43%
  67  105693_6229_7786_MF778712_B_NA_NA   15.91%    passed     99.92%
  68  105693_6229_7786_MF778711_B_NA_NA   12.90%    passed     98.46%
  69  105693_6229_7786_MF778710_B_NA_NA   13.18%    passed     97.74%
  70  105693_6229_7786_MF778709_B_NA_NA   12.84%    passed     98.48%
  71  105693_6229_7786_MF778708_B_NA_NA   13.23%    passed     97.15%
  72  105693_6229_7786_MF778707_B_NA_NA   12.84%    passed     99.08%
  73  105693_6229_7786_MF778706_B_NA_NA   12.84%    passed     98.54%
  74  105693_6229_7786_MF778705_B_NA_NA   12.90%    passed     98.46%
  75  105693_6229_7786_MF778704_B_NA_NA   13.18%    passed     96.31%
  76  105693_6229_7786_MF778703_B_NA_NA   12.84%    passed     98.74%
  77  105693_6229_7786_MF778702_B_NA_NA   12.90%    passed     98.92%
  78  105693_6229_7786_MF778701_B_NA_NA   12.84%    passed     97.14%
  79  105693_6229_7786_MF778700_B_NA_NA   12.84%    passed     99.86%
  80  105693_6229_7786_MF778699_B_NA_NA   12.90%    passed     98.46%
  81  105693_6229_7786_MF778698_B_NA_NA   13.01%    passed     90.97%
  82  105693_6229_7786_MF778697_B_NA_NA   12.84%    passed     98.86%
  83  105693_6229_7786_MF778696_B_NA_NA   12.90%    passed     99.05%
  84  105693_6229_7786_MF778695_B_NA_NA   11.50%    passed     98.36%
  85  105693_6229_7786_MF778694_B_NA_NA   15.97%    passed     99.90%
  86  105693_6229_7786_MF778693_B_NA_NA   13.01%    passed     98.35%
  87  105693_6229_7786_MF778692_B_NA_NA   12.34%    passed     98.08%
  88  105693_6229_7786_MF778691_B_NA_NA   13.18%    passed     99.39%
  89  105693_6229_7786_MF778690_B_NA_NA   12.34%    passed     98.29%
  90  105693_6229_7786_MF778689_B_NA_NA   14.52%    passed     98.97%
  91  105693_6229_7786_MF778688_B_NA_NA   12.73%    passed     99.82%
  92  105693_6229_7786_MF778687_B_NA_NA   13.07%    passed     99.94%
  93  105693_6229_7786_MF778686_B_NA_NA   12.84%    passed     98.59%
  94  105693_6229_7786_MF778685_B_NA_NA   13.01%    passed     99.62%
  95  105693_6229_7786_MF778684_B_NA_NA   12.84%    passed     97.80%
  96  105693_6229_7786_MF778683_B_NA_NA   12.40%    passed     96.81%
  97  105693_6229_7786_MF778682_B_NA_NA   13.01%    passed     99.64%
  98  105693_6229_7786_MF778681_B_NA_NA   13.18%    passed     98.16%
  99  105693_6229_7786_MF778680_B_NA_NA   13.07%    passed     99.90%
 100  105693_6229_7786_MF778679_B_NA_NA   12.79%    passed     98.42%
 101  105693_6229_7786_MF778678_B_NA_NA   13.01%    passed     98.05%
 102  105693_6229_7786_MF778677_B_NA_NA   13.01%    passed     99.78%
 103  105693_6229_7786_MF778676_B_NA_NA   13.18%    passed     99.88%
 104  105693_6229_7786_MF778675_B_NA_NA   13.18%    passed     98.16%
 105  105693_6229_7786_MF778674_B_NA_NA   13.18%    passed     98.16%
 106  105693_6229_7785_MF778673_B_NA_NA   13.57%    passed     99.68%
 107  105693_6229_7785_MF778672_B_NA_NA   12.73%    passed     99.69%
 108  105693_6229_7785_MF778671_B_NA_NA   12.90%    passed     99.45%
 109  105693_6229_7785_MF778670_B_NA_NA   13.07%    passed     97.91%
 110  105693_6229_7785_MF778669_B_NA_NA   13.23%    passed     98.93%
 111  105693_6229_7785_MF778668_B_NA_NA    9.88%    passed     92.43%
 112  105693_6229_7785_MF778667_B_NA_NA   13.07%    passed     97.91%
 113  105693_6229_7785_MF778666_B_NA_NA   12.56%    passed     96.84%
 114  105693_6229_7785_MF778665_B_NA_NA   12.90%    passed     96.19%
 115  105693_6229_7785_MF778664_B_NA_NA   12.73%    passed     98.29%
 116  105693_6229_7785_MF778663_B_NA_NA   12.67%    passed     95.32%
 117  105693_6229_7785_MF778662_B_NA_NA   12.90%    passed     99.76%
 118  105693_6229_7785_MF778661_B_NA_NA   12.73%    passed     98.19%
 119  105693_6229_7785_MF778660_B_NA_NA   13.18%    passed     99.53%
 120  105693_6229_7785_MF778659_B_NA_NA   12.79%    passed     96.96%
 121  105693_6229_7785_MF778658_B_NA_NA   12.73%    passed     97.03%
 122  105693_6229_7785_MF778657_B_NA_NA   11.22%    passed     93.43%
 123  105693_6229_7785_MF778656_B_NA_NA   13.74%    passed     99.92%
 124  105693_6229_7793_MF778655_B_NA_NA   12.28%    passed     94.68%
 125  105693_6229_7785_MF778654_B_NA_NA   12.73%    passed     99.34%
 126  105693_6229_7785_MF778653_B_NA_NA   13.23%    passed     98.36%
 127  105693_6229_7786_MF778652_B_NA_NA   12.67%    passed     96.92%
 128  105693_6229_7786_MF778651_B_NA_NA   13.51%    passed     97.96%
 129  105693_6229_7786_MF778650_B_NA_NA   13.51%    passed     98.70%
 130  105693_6229_7786_MF778649_B_NA_NA   14.52%    passed     99.80%
 131  105693_6229_7786_MF778648_B_NA_NA   14.35%    passed     99.20%
 132  105693_6229_7786_MF778647_B_NA_NA   14.01%    passed     98.41%
 133  105693_6229_7786_MF778646_B_NA_NA   14.18%    passed     99.77%
 134  105693_6229_7786_MF778645_B_NA_NA   13.01%    passed     97.74%
 135  105693_6229_7786_MF778644_B_NA_NA   14.35%    passed     98.80%
 136  105693_6229_7786_MF778643_B_NA_NA   14.18%    passed     98.64%
 137  105693_6229_7786_MF778642_B_NA_NA   14.18%    passed     99.49%
 138  105693_6229_7786_MF778641_B_NA_NA   14.13%    passed     99.34%
 139  105693_6229_7786_MF778640_B_NA_NA   14.18%    passed     99.44%
 140  105693_6229_7786_MF778639_B_NA_NA   14.01%    passed     99.65%
 141  105693_6229_7786_MF778638_B_NA_NA   14.18%    passed     98.40%
 142  105693_6229_7786_MF778637_B_NA_NA   14.18%    passed     99.98%
 143  105693_6229_7786_MF778636_B_NA_NA   13.68%    passed     96.61%
 144  105693_6229_7786_MF778635_B_NA_NA   14.18%    passed     96.13%
 145  105693_6229_7786_MF778634_B_NA_NA   14.18%    passed     99.58%
 146  105693_6229_7786_MF778633_B_NA_NA   14.18%    passed     98.96%
 147  105693_6229_7786_MF778632_B_NA_NA   14.18%    passed     96.35%
 148  105693_6229_7786_MF778631_B_NA_NA   14.18%    passed     93.33%
 149  105693_6229_7786_MF778630_B_NA_NA   14.18%    passed     99.61%
 150  105693_6229_7786_MF778629_B_NA_NA   13.68%    passed     99.90%
 151  105693_6229_7786_MF778628_B_NA_NA   13.68%    passed     99.57%
 152  105693_6229_7786_MF778627_B_NA_NA   14.01%    passed     99.67%
 153  105693_6229_7786_MF778626_B_NA_NA   13.68%    passed     99.38%
 154  105693_6229_7786_MF778625_B_NA_NA   13.79%    passed     99.96%
 155  105693_6229_7786_MF778624_B_NA_NA   13.68%    passed     99.38%
 156  105693_6229_7786_MF778623_B_NA_NA   13.74%    passed     99.63%
 157  105693_6229_7786_MF778622_B_NA_NA   13.68%    passed     98.37%
 158  105693_6229_7786_MF778621_B_NA_NA   13.68%    passed     99.94%
 159  105693_6229_7786_MF778620_B_NA_NA   13.68%    passed     99.97%
 160  105693_6229_7786_MF778619_B_NA_NA   13.68%    passed     99.90%
 161  105693_6229_7786_MF778618_B_NA_NA   13.68%    passed     99.84%
 162  105693_6229_7786_MF778617_B_NA_NA   13.68%    passed    100.00%
 163  105693_6229_7786_MF778616_B_NA_NA   13.74%    passed     99.65%
 164  105693_6229_7786_MF778615_B_NA_NA   13.68%    passed     99.83%
 165  105693_6229_7786_MF778614_B_NA_NA   13.68%    passed     99.97%
 166  105693_6229_7786_MF778613_B_NA_NA   13.68%    passed     99.85%
 167  105693_6229_7786_MF778612_B_NA_NA   13.68%    passed     99.85%
 168  105693_6229_7786_MF778611_B_NA_NA   13.68%    passed     99.45%
 169  105693_6229_7786_MF778610_B_NA_NA   13.68%    passed     99.52%
 170  105693_6229_7786_MF778609_B_NA_NA   13.62%    passed     99.73%
 171  105693_6229_7786_MF778608_B_NA_NA   13.68%    passed     99.63%
 172  105693_6229_7786_MF778607_B_NA_NA   13.68%    passed     99.97%
 173  105693_6229_7786_MF778606_B_NA_NA   13.68%    passed     99.78%
 174  105693_6229_7786_MF778605_B_NA_NA   13.68%    passed     99.98%
 175  105693_6229_7786_MF778604_B_NA_NA   13.68%    passed    100.00%
 176  105693_6229_7785_MF778603_B_NA_NA   13.85%    passed     99.83%
 177  105693_6229_7785_MF778602_B_NA_NA   13.74%    passed     99.93%
 178  105693_6229_7785_MF778601_B_NA_NA   13.85%    passed     99.68%
 179  105693_6229_7785_MF778600_B_NA_NA   13.85%    passed     99.80%
 180  105693_6229_7785_MF778599_B_NA_NA   13.74%    passed     99.98%
 181  105693_6229_7785_MF778598_B_NA_NA   13.85%    passed    100.00%
 182  105693_6229_7757_MF778597_B_NA_NA   15.35%    passed     96.59%
 183  105693_6229_7785_MF778596_B_NA_NA   13.74%    passed     99.90%
 184  105693_6229_7785_MF778595_B_NA_NA   13.90%    passed    100.00%
 185  105693_6229_7785_MF778594_B_NA_NA   13.74%    passed     99.93%
 186  105693_6229_7785_MF778593_B_NA_NA   13.85%    passed     99.88%
 187  105693_6229_7785_MF778592_B_NA_NA   13.79%    passed     99.88%
 188  105693_6229_7785_MF778591_B_NA_NA   13.74%    passed     99.65%
 189  105693_6229_7785_MF778590_B_NA_NA   13.74%    passed     99.72%
 190  105693_6229_7785_MF778589_B_NA_NA   13.74%    passed     99.91%
****  TOTAL                               12.74%  0 sequences failed composition chi2 test (p-value<5%; df=3)
NOTE: 105693_6229_7786_MF778757_B_NA_NA is identical to 105693_6229_7786_MF778758_B_NA_NA but kept for subsequent analysis
NOTE: 105693_6229_7786_MF778675_B_NA_NA is identical to 105693_6229_7786_MF778681_B_NA_NA but kept for subsequent analysis
NOTE: 105693_6229_7785_MF778667_B_NA_NA is identical to 105693_6229_7785_MF778670_B_NA_NA but kept for subsequent analysis
NOTE: 105693_6229_7785_MF778594_B_NA_NA is identical to 105693_6229_7785_MF778602_B_NA_NA but kept for subsequent analysis
NOTE: 1 identical sequences (see below) will be ignored for subsequent analysis
NOTE: 105693_6229_7786_MF778674_B_NA_NA (identical to 105693_6229_7786_MF778681_B_NA_NA) is ignored but added at the end
Alignment was printed to iqtree_subset/105693+202+B.uniqueseq.phy

For your convenience alignment with unique sequences printed to iqtree_subset/105693+202+B.uniqueseq.phy

Create initial parsimony tree by phylogenetic likelihood library (PLL)... 0.028 seconds

NOTE: 16 MB RAM (0 GB) is required!
Measuring multi-threading efficiency up to 1 CPU cores
Increase to 10 rounds for branch lengths
4 trees examined
Threads: 1 / Time: 1.007 sec / Speedup: 1.000 / Efficiency: 100% / LogL: -34675
BEST NUMBER OF THREADS: 1

Estimate model parameters (epsilon = 0.100)
1. Initial log-likelihood: -15408.547
2. Current log-likelihood: -14618.617
3. Current log-likelihood: -14597.712
4. Current log-likelihood: -14595.343
5. Current log-likelihood: -14595.145
Optimal log-likelihood: -14595.112
Rate parameters:  A-C: 0.89440  A-G: 2.71665  A-T: 0.43542  C-G: 0.21699  C-T: 2.16799  G-T: 1.00000
Base frequencies:  A: 0.376  C: 0.154  G: 0.220  T: 0.250
Proportion of invariable sites: 0.486
Site proportion and rates:  (0.198,0.325) (0.128,0.617) (0.140,3.035) (0.048,8.994)
Parameters optimization took 5 rounds (2.740 sec)
Wrote distance file to... 
Computing ML distances based on estimated model parameters...
Calculating distance matrix: done in 0.189092 secs using 99.83% CPU
Computing ML distances took 0.189633 sec (of wall-clock time) 0.189310 sec (of CPU time)
Setting up auxiliary I and S matrices: done in 0.000770189 secs using 46.35% CPU
Computing RapidNJ tree took 0.002625 sec (of wall-clock time) 0.000624 sec (of CPU time)
Log-likelihood of RapidNJ tree: -14833.493
--------------------------------------------------------------------
|             INITIALIZING CANDIDATE TREE SET                      |
--------------------------------------------------------------------
Generating 98 parsimony trees... 2.628 second
Computing log-likelihood of 98 initial trees ... 3.161 seconds
Current best score: -14498.120

Do NNI search on 20 best initial trees
Estimate model parameters (epsilon = 0.100)
BETTER TREE FOUND at iteration 1: -14475.910
Iteration 10 / LogL: -14485.184 / Time: 0h:0m:16s
Iteration 20 / LogL: -14507.587 / Time: 0h:0m:22s
Finish initializing candidate tree set (20)
Current best tree score: -14475.910 / CPU time: 18.380
Number of iterations: 20
--------------------------------------------------------------------
|               OPTIMIZING CANDIDATE TREE SET                      |
--------------------------------------------------------------------
Estimate model parameters (epsilon = 0.100)
BETTER TREE FOUND at iteration 27: -14471.979
Estimate model parameters (epsilon = 0.100)
BETTER TREE FOUND at iteration 30: -14466.126
Iteration 30 / LogL: -14466.126 / Time: 0h:0m:31s (0h:1m:47s left)
Estimate model parameters (epsilon = 0.100)
BETTER TREE FOUND at iteration 36: -14465.143
Estimate model parameters (epsilon = 0.100)
BETTER TREE FOUND at iteration 37: -14463.180
Iteration 40 / LogL: -14464.026 / Time: 0h:0m:38s (0h:1m:36s left)
Iteration 50 / LogL: -14463.592 / Time: 0h:0m:45s (0h:1m:21s left)
Iteration 60 / LogL: -14532.680 / Time: 0h:0m:53s (0h:1m:9s left)
Estimate model parameters (epsilon = 0.100)
BETTER TREE FOUND at iteration 66: -14460.042
Iteration 70 / LogL: -14475.317 / Time: 0h:1m:1s (0h:1m:25s left)
Estimate model parameters (epsilon = 0.100)
BETTER TREE FOUND at iteration 75: -14458.463
Estimate model parameters (epsilon = 0.100)
BETTER TREE FOUND at iteration 79: -14456.239
Iteration 80 / LogL: -14501.560 / Time: 0h:1m:9s (0h:1m:27s left)
Estimate model parameters (epsilon = 0.100)
BETTER TREE FOUND at iteration 83: -14455.291
Iteration 90 / LogL: -14457.156 / Time: 0h:1m:17s (0h:1m:20s left)
Estimate model parameters (epsilon = 0.100)
BETTER TREE FOUND at iteration 95: -14454.697
Iteration 100 / LogL: -14490.530 / Time: 0h:1m:24s (0h:1m:20s left)
Iteration 110 / LogL: -14459.067 / Time: 0h:1m:31s (0h:1m:11s left)
Estimate model parameters (epsilon = 0.100)
BETTER TREE FOUND at iteration 116: -14453.606
Iteration 120 / LogL: -14468.112 / Time: 0h:1m:39s (0h:1m:20s left)
Iteration 130 / LogL: -14467.537 / Time: 0h:1m:47s (0h:1m:11s left)
Estimate model parameters (epsilon = 0.100)
BETTER TREE FOUND at iteration 137: -14453.198
Estimate model parameters (epsilon = 0.100)
BETTER TREE FOUND at iteration 138: -14452.153
Iteration 140 / LogL: -14502.302 / Time: 0h:1m:55s (0h:1m:21s left)
Estimate model parameters (epsilon = 0.100)
BETTER TREE FOUND at iteration 146: -14451.080
Iteration 150 / LogL: -14506.554 / Time: 0h:2m:2s (0h:1m:18s left)
Iteration 160 / LogL: -14456.257 / Time: 0h:2m:9s (0h:1m:9s left)
Iteration 170 / LogL: -14459.186 / Time: 0h:2m:16s (0h:1m:1s left)
Iteration 180 / LogL: -14483.806 / Time: 0h:2m:23s (0h:0m:53s left)
Iteration 190 / LogL: -14458.376 / Time: 0h:2m:31s (0h:0m:44s left)
Estimate model parameters (epsilon = 0.100)
BETTER TREE FOUND at iteration 194: -14450.439
Iteration 200 / LogL: -14456.906 / Time: 0h:2m:38s (0h:1m:15s left)
Iteration 210 / LogL: -14507.047 / Time: 0h:2m:46s (0h:1m:7s left)
Iteration 220 / LogL: -14462.368 / Time: 0h:2m:54s (0h:0m:58s left)
Iteration 230 / LogL: -14453.343 / Time: 0h:3m:1s (0h:0m:50s left)
Iteration 240 / LogL: -14450.764 / Time: 0h:3m:9s (0h:0m:42s left)
Iteration 250 / LogL: -14462.757 / Time: 0h:3m:16s (0h:0m:34s left)
Iteration 260 / LogL: -14463.871 / Time: 0h:3m:24s (0h:0m:26s left)
Iteration 270 / LogL: -14482.622 / Time: 0h:3m:31s (0h:0m:18s left)
Iteration 280 / LogL: -14509.124 / Time: 0h:3m:38s (0h:0m:10s left)
Iteration 290 / LogL: -14455.323 / Time: 0h:3m:46s (0h:0m:3s left)
TREE SEARCH COMPLETED AFTER 295 ITERATIONS / Time: 0h:3m:50s

--------------------------------------------------------------------
|                    FINALIZING TREE SEARCH                        |
--------------------------------------------------------------------
Performs final model parameters optimization
Estimate model parameters (epsilon = 0.010)
1. Initial log-likelihood: -14450.439
Optimal log-likelihood: -14450.435
Rate parameters:  A-C: 0.87398  A-G: 2.83979  A-T: 0.42422  C-G: 0.22339  C-T: 2.26002  G-T: 1.00000
Base frequencies:  A: 0.376  C: 0.154  G: 0.220  T: 0.250
Proportion of invariable sites: 0.481
Site proportion and rates:  (0.214,0.314) (0.133,0.785) (0.131,3.414) (0.040,9.477)
Parameters optimization took 1 rounds (0.245 sec)
BEST SCORE FOUND : -14450.435
Empirical proportions for each category: 0.794 0.049 0.122 0.035
Site rates printed to iqtree_subset/105693+202+B.rate

Testing tree branches by SH-like aLRT with 1000 replicates...
5.179 sec.
Total tree length: 1.468

Total number of iterations: 295
CPU time used for tree search: 222.776 sec (0h:3m:42s)
Wall-clock time used for tree search: 226.213 sec (0h:3m:46s)
Total CPU time used: 232.380 sec (0h:3m:52s)
Total wall-clock time used: 235.856 sec (0h:3m:55s)

Analysis results written to: 
  IQ-TREE report:                iqtree_subset/105693+202+B.iqtree
  Maximum-likelihood tree:       iqtree_subset/105693+202+B.treefile
  Likelihood distances:          iqtree_subset/105693+202+B.mldist
  Site-specific rates:           iqtree_subset/105693+202+B.rate
  Screen log file:               iqtree_subset/105693+202+B.log

Date and Time: Tue Feb 11 18:16:56 2025
