IQ-TREE multicore version 2.3.3 COVID-edition for Linux x86 64-bit built Apr 25 2024
Developed by Bui Quang Minh, James Barbetti, Nguyen Lam Tung, Olga Chernomor,
Heiko Schmidt, Dominik Schrempf, Michael Woodhams, Ly Trong Nhan, Thomas Wong

Host:    linusblack.lanl.gov (AVX512, FMA3, 754 GB RAM)
Command: iqtree -s mafft_subset/105696+1+B.fasta -m GTR+I+R -alrt 1000 -T AUTO --prefix iqtree_subset/105696+1+B --rate -redo
Seed:    517482 (Using SPRNG - Scalable Parallel Random Number Generator)
Time:    Tue Feb 11 18:13:33 2025
Kernel:  AVX+FMA - auto-detect threads (1 CPU cores detected)

Reading alignment file mafft_subset/105696+1+B.fasta ... Fasta format detected
Reading fasta file: done in 0.00536781 secs using 99.39% CPU
Alignment most likely contains DNA/RNA sequences
Alignment has 206 sequences with 1591 columns, 306 distinct patterns
105 parsimony-informative, 169 singleton sites, 1317 constant sites
WARNING: Some sequence names are changed as follows:
105696+787+2376+MF779263+B+NA+NA -> 105696_787_2376_MF779263_B_NA_NA
105696+787+2376+MF779262+B+NA+NA -> 105696_787_2376_MF779262_B_NA_NA
105696+787+2376+MF779261+B+NA+NA -> 105696_787_2376_MF779261_B_NA_NA
105696+787+2344+MF779260+B+NA+NA -> 105696_787_2344_MF779260_B_NA_NA
105696+787+2376+MF779259+B+NA+NA -> 105696_787_2376_MF779259_B_NA_NA
105696+787+2376+MF779258+B+NA+NA -> 105696_787_2376_MF779258_B_NA_NA
105696+787+2376+MF779257+B+NA+NA -> 105696_787_2376_MF779257_B_NA_NA
105696+787+2376+MF779256+B+NA+NA -> 105696_787_2376_MF779256_B_NA_NA
105696+787+2376+MF779255+B+NA+NA -> 105696_787_2376_MF779255_B_NA_NA
105696+787+2376+MF779254+B+NA+NA -> 105696_787_2376_MF779254_B_NA_NA
105696+787+2376+MF779253+B+NA+NA -> 105696_787_2376_MF779253_B_NA_NA
105696+787+2376+MF779252+B+NA+NA -> 105696_787_2376_MF779252_B_NA_NA
105696+787+2376+MF779251+B+NA+NA -> 105696_787_2376_MF779251_B_NA_NA
105696+787+2376+MF779250+B+NA+NA -> 105696_787_2376_MF779250_B_NA_NA
105696+787+2376+MF779249+B+NA+NA -> 105696_787_2376_MF779249_B_NA_NA
105696+787+2376+MF779248+B+NA+NA -> 105696_787_2376_MF779248_B_NA_NA
105696+787+2376+MF779247+B+NA+NA -> 105696_787_2376_MF779247_B_NA_NA
105696+787+2376+MF779246+B+NA+NA -> 105696_787_2376_MF779246_B_NA_NA
105696+787+2376+MF779245+B+NA+NA -> 105696_787_2376_MF779245_B_NA_NA
105696+787+2376+MF779244+B+NA+NA -> 105696_787_2376_MF779244_B_NA_NA
105696+787+2376+MF779243+B+NA+NA -> 105696_787_2376_MF779243_B_NA_NA
105696+787+2376+MF779242+B+NA+NA -> 105696_787_2376_MF779242_B_NA_NA
105696+787+2376+MF779241+B+NA+NA -> 105696_787_2376_MF779241_B_NA_NA
105696+787+2376+MF779240+B+NA+NA -> 105696_787_2376_MF779240_B_NA_NA
105696+787+2376+MF779239+B+NA+NA -> 105696_787_2376_MF779239_B_NA_NA
105696+787+2376+MF779238+B+NA+NA -> 105696_787_2376_MF779238_B_NA_NA
105696+787+2376+MF779237+B+NA+NA -> 105696_787_2376_MF779237_B_NA_NA
105696+787+2376+MF779236+B+NA+NA -> 105696_787_2376_MF779236_B_NA_NA
105696+787+2376+MF779235+B+NA+NA -> 105696_787_2376_MF779235_B_NA_NA
105696+787+2376+MF779234+B+NA+NA -> 105696_787_2376_MF779234_B_NA_NA
105696+787+2376+MF779233+B+NA+NA -> 105696_787_2376_MF779233_B_NA_NA
105696+787+2376+MF779232+B+NA+NA -> 105696_787_2376_MF779232_B_NA_NA
105696+787+2376+MF779231+B+NA+NA -> 105696_787_2376_MF779231_B_NA_NA
105696+787+2376+MF779230+B+NA+NA -> 105696_787_2376_MF779230_B_NA_NA
105696+787+2376+MF779229+B+NA+NA -> 105696_787_2376_MF779229_B_NA_NA
105696+787+2376+MF779228+B+NA+NA -> 105696_787_2376_MF779228_B_NA_NA
105696+787+2376+MF779227+B+NA+NA -> 105696_787_2376_MF779227_B_NA_NA
105696+787+2376+MF779226+B+NA+NA -> 105696_787_2376_MF779226_B_NA_NA
105696+787+2376+MF779225+B+NA+NA -> 105696_787_2376_MF779225_B_NA_NA
105696+787+2376+MF779224+B+NA+NA -> 105696_787_2376_MF779224_B_NA_NA
105696+787+2376+MF779223+B+NA+NA -> 105696_787_2376_MF779223_B_NA_NA
105696+787+2376+MF779222+B+NA+NA -> 105696_787_2376_MF779222_B_NA_NA
105696+787+2376+MF779221+B+NA+NA -> 105696_787_2376_MF779221_B_NA_NA
105696+787+2376+MF779220+B+NA+NA -> 105696_787_2376_MF779220_B_NA_NA
105696+787+2376+MF779219+B+NA+NA -> 105696_787_2376_MF779219_B_NA_NA
105696+787+2376+MF779218+B+NA+NA -> 105696_787_2376_MF779218_B_NA_NA
105696+787+2376+MF779217+B+NA+NA -> 105696_787_2376_MF779217_B_NA_NA
105696+787+2376+MF779216+B+NA+NA -> 105696_787_2376_MF779216_B_NA_NA
105696+787+2376+MF779215+B+NA+NA -> 105696_787_2376_MF779215_B_NA_NA
105696+787+2376+MF779214+B+NA+NA -> 105696_787_2376_MF779214_B_NA_NA
105696+787+2376+MF779213+B+NA+NA -> 105696_787_2376_MF779213_B_NA_NA
105696+787+2376+MF779212+B+NA+NA -> 105696_787_2376_MF779212_B_NA_NA
105696+787+2376+MF779211+B+NA+NA -> 105696_787_2376_MF779211_B_NA_NA
105696+787+2376+MF779210+B+NA+NA -> 105696_787_2376_MF779210_B_NA_NA
105696+787+2376+MF779209+B+NA+NA -> 105696_787_2376_MF779209_B_NA_NA
105696+787+2376+MF779208+B+NA+NA -> 105696_787_2376_MF779208_B_NA_NA
105696+787+2376+MF779207+B+NA+NA -> 105696_787_2376_MF779207_B_NA_NA
105696+787+2376+MF779206+B+NA+NA -> 105696_787_2376_MF779206_B_NA_NA
105696+787+2376+MF779205+B+NA+NA -> 105696_787_2376_MF779205_B_NA_NA
105696+787+2376+MF779204+B+NA+NA -> 105696_787_2376_MF779204_B_NA_NA
105696+787+2376+MF779203+B+NA+NA -> 105696_787_2376_MF779203_B_NA_NA
105696+787+2376+MF779202+B+NA+NA -> 105696_787_2376_MF779202_B_NA_NA
105696+787+2376+MF779201+B+NA+NA -> 105696_787_2376_MF779201_B_NA_NA
105696+787+2376+MF779200+B+NA+NA -> 105696_787_2376_MF779200_B_NA_NA
105696+787+2376+MF779199+B+NA+NA -> 105696_787_2376_MF779199_B_NA_NA
105696+787+2376+MF779198+B+NA+NA -> 105696_787_2376_MF779198_B_NA_NA
105696+787+2376+MF779197+B+NA+NA -> 105696_787_2376_MF779197_B_NA_NA
105696+787+2376+MF779196+B+NA+NA -> 105696_787_2376_MF779196_B_NA_NA
105696+787+2376+MF779195+B+NA+NA -> 105696_787_2376_MF779195_B_NA_NA
105696+787+2376+MF779194+B+NA+NA -> 105696_787_2376_MF779194_B_NA_NA
105696+787+2376+MF779193+B+NA+NA -> 105696_787_2376_MF779193_B_NA_NA
105696+787+2376+MF779192+B+NA+NA -> 105696_787_2376_MF779192_B_NA_NA
105696+787+2376+MF779191+B+NA+NA -> 105696_787_2376_MF779191_B_NA_NA
105696+787+2376+MF779190+B+NA+NA -> 105696_787_2376_MF779190_B_NA_NA
105696+787+2376+MF779189+B+NA+NA -> 105696_787_2376_MF779189_B_NA_NA
105696+787+2376+MF779188+B+NA+NA -> 105696_787_2376_MF779188_B_NA_NA
105696+787+2376+MF779187+B+NA+NA -> 105696_787_2376_MF779187_B_NA_NA
105696+787+2376+MF779186+B+NA+NA -> 105696_787_2376_MF779186_B_NA_NA
105696+787+2376+MF779185+B+NA+NA -> 105696_787_2376_MF779185_B_NA_NA
105696+787+2376+MF779184+B+NA+NA -> 105696_787_2376_MF779184_B_NA_NA
105696+787+2376+MF779183+B+NA+NA -> 105696_787_2376_MF779183_B_NA_NA
105696+787+2376+MF779182+B+NA+NA -> 105696_787_2376_MF779182_B_NA_NA
105696+787+2376+MF779181+B+NA+NA -> 105696_787_2376_MF779181_B_NA_NA
105696+787+2376+MF779180+B+NA+NA -> 105696_787_2376_MF779180_B_NA_NA
105696+787+2376+MF779179+B+NA+NA -> 105696_787_2376_MF779179_B_NA_NA
105696+787+2376+MF779178+B+NA+NA -> 105696_787_2376_MF779178_B_NA_NA
105696+787+2376+MF779177+B+NA+NA -> 105696_787_2376_MF779177_B_NA_NA
105696+787+2376+MF779176+B+NA+NA -> 105696_787_2376_MF779176_B_NA_NA
105696+787+2376+MF779175+B+NA+NA -> 105696_787_2376_MF779175_B_NA_NA
105696+787+2376+MF779174+B+NA+NA -> 105696_787_2376_MF779174_B_NA_NA
105696+787+2376+MF779173+B+NA+NA -> 105696_787_2376_MF779173_B_NA_NA
105696+787+2376+MF779172+B+NA+NA -> 105696_787_2376_MF779172_B_NA_NA
105696+787+2376+MF779171+B+NA+NA -> 105696_787_2376_MF779171_B_NA_NA
105696+787+2376+MF779170+B+NA+NA -> 105696_787_2376_MF779170_B_NA_NA
105696+787+2376+MF779169+B+NA+NA -> 105696_787_2376_MF779169_B_NA_NA
105696+787+2376+MF779168+B+NA+NA -> 105696_787_2376_MF779168_B_NA_NA
105696+787+2376+MF779167+B+NA+NA -> 105696_787_2376_MF779167_B_NA_NA
105696+787+2376+MF779166+B+NA+NA -> 105696_787_2376_MF779166_B_NA_NA
105696+787+2376+MF779165+B+NA+NA -> 105696_787_2376_MF779165_B_NA_NA
105696+787+2376+MF779164+B+NA+NA -> 105696_787_2376_MF779164_B_NA_NA
105696+787+2376+MF779163+B+NA+NA -> 105696_787_2376_MF779163_B_NA_NA
105696+787+2376+MF779162+B+NA+NA -> 105696_787_2376_MF779162_B_NA_NA
105696+787+2376+MF779161+B+NA+NA -> 105696_787_2376_MF779161_B_NA_NA
105696+787+2376+MF779160+B+NA+NA -> 105696_787_2376_MF779160_B_NA_NA
105696+787+2376+MF779159+B+NA+NA -> 105696_787_2376_MF779159_B_NA_NA
105696+787+2376+MF779158+B+NA+NA -> 105696_787_2376_MF779158_B_NA_NA
105696+787+2376+MF779157+B+NA+NA -> 105696_787_2376_MF779157_B_NA_NA
105696+787+2376+MF779156+B+NA+NA -> 105696_787_2376_MF779156_B_NA_NA
105696+787+2376+MF779155+B+NA+NA -> 105696_787_2376_MF779155_B_NA_NA
105696+787+2376+MF779154+B+NA+NA -> 105696_787_2376_MF779154_B_NA_NA
105696+787+2376+MF779153+B+NA+NA -> 105696_787_2376_MF779153_B_NA_NA
105696+787+2376+MF779152+B+NA+NA -> 105696_787_2376_MF779152_B_NA_NA
105696+787+2376+MF779151+B+NA+NA -> 105696_787_2376_MF779151_B_NA_NA
105696+787+2375+MF779150+B+NA+NA -> 105696_787_2375_MF779150_B_NA_NA
105696+787+2375+MF779149+B+NA+NA -> 105696_787_2375_MF779149_B_NA_NA
105696+787+2375+MF779148+B+NA+NA -> 105696_787_2375_MF779148_B_NA_NA
105696+787+2375+MF779147+B+NA+NA -> 105696_787_2375_MF779147_B_NA_NA
105696+787+2375+MF779146+B+NA+NA -> 105696_787_2375_MF779146_B_NA_NA
105696+787+2375+MF779145+B+NA+NA -> 105696_787_2375_MF779145_B_NA_NA
105696+787+2375+MF779144+B+NA+NA -> 105696_787_2375_MF779144_B_NA_NA
105696+787+2375+MF779143+B+NA+NA -> 105696_787_2375_MF779143_B_NA_NA
105696+787+2375+MF779142+B+NA+NA -> 105696_787_2375_MF779142_B_NA_NA
105696+787+2375+MF779141+B+NA+NA -> 105696_787_2375_MF779141_B_NA_NA
105696+787+2375+MF779140+B+NA+NA -> 105696_787_2375_MF779140_B_NA_NA
105696+787+2375+MF779139+B+NA+NA -> 105696_787_2375_MF779139_B_NA_NA
105696+787+2375+MF779138+B+NA+NA -> 105696_787_2375_MF779138_B_NA_NA
105696+787+2375+MF779137+B+NA+NA -> 105696_787_2375_MF779137_B_NA_NA
105696+787+2375+MF779136+B+NA+NA -> 105696_787_2375_MF779136_B_NA_NA
105696+787+2375+MF779135+B+NA+NA -> 105696_787_2375_MF779135_B_NA_NA
105696+787+2375+MF779134+B+NA+NA -> 105696_787_2375_MF779134_B_NA_NA
105696+787+2375+MF779133+B+NA+NA -> 105696_787_2375_MF779133_B_NA_NA
105696+787+2375+MF779132+B+NA+NA -> 105696_787_2375_MF779132_B_NA_NA
105696+787+2375+MF779131+B+NA+NA -> 105696_787_2375_MF779131_B_NA_NA
105696+787+2375+MF779130+B+NA+NA -> 105696_787_2375_MF779130_B_NA_NA
105696+787+2376+MF779129+B+NA+NA -> 105696_787_2376_MF779129_B_NA_NA
105696+787+2376+MF779128+B+NA+NA -> 105696_787_2376_MF779128_B_NA_NA
105696+787+2376+MF779127+B+NA+NA -> 105696_787_2376_MF779127_B_NA_NA
105696+787+2376+MF779126+B+NA+NA -> 105696_787_2376_MF779126_B_NA_NA
105696+787+2376+MF779125+B+NA+NA -> 105696_787_2376_MF779125_B_NA_NA
105696+787+2376+MF779124+B+NA+NA -> 105696_787_2376_MF779124_B_NA_NA
105696+787+2376+MF779123+B+NA+NA -> 105696_787_2376_MF779123_B_NA_NA
105696+787+2376+MF779122+B+NA+NA -> 105696_787_2376_MF779122_B_NA_NA
105696+787+2376+MF779121+B+NA+NA -> 105696_787_2376_MF779121_B_NA_NA
105696+787+2376+MF779120+B+NA+NA -> 105696_787_2376_MF779120_B_NA_NA
105696+787+2376+MF779119+B+NA+NA -> 105696_787_2376_MF779119_B_NA_NA
105696+787+2376+MF779118+B+NA+NA -> 105696_787_2376_MF779118_B_NA_NA
105696+787+2376+MF779117+B+NA+NA -> 105696_787_2376_MF779117_B_NA_NA
105696+787+2376+MF779116+B+NA+NA -> 105696_787_2376_MF779116_B_NA_NA
105696+787+2376+MF779115+B+NA+NA -> 105696_787_2376_MF779115_B_NA_NA
105696+787+2376+MF779114+B+NA+NA -> 105696_787_2376_MF779114_B_NA_NA
105696+787+2376+MF779113+B+NA+NA -> 105696_787_2376_MF779113_B_NA_NA
105696+787+2376+MF779112+B+NA+NA -> 105696_787_2376_MF779112_B_NA_NA
105696+787+2376+MF779111+B+NA+NA -> 105696_787_2376_MF779111_B_NA_NA
105696+787+2376+MF779110+B+NA+NA -> 105696_787_2376_MF779110_B_NA_NA
105696+787+2376+MF779109+B+NA+NA -> 105696_787_2376_MF779109_B_NA_NA
105696+787+2376+MF779108+B+NA+NA -> 105696_787_2376_MF779108_B_NA_NA
105696+787+2376+MF779107+B+NA+NA -> 105696_787_2376_MF779107_B_NA_NA
105696+787+2376+MF779106+B+NA+NA -> 105696_787_2376_MF779106_B_NA_NA
105696+787+2376+MF779105+B+NA+NA -> 105696_787_2376_MF779105_B_NA_NA
105696+787+2376+MF779104+B+NA+NA -> 105696_787_2376_MF779104_B_NA_NA
105696+787+2376+MF779103+B+NA+NA -> 105696_787_2376_MF779103_B_NA_NA
105696+787+2376+MF779102+B+NA+NA -> 105696_787_2376_MF779102_B_NA_NA
105696+787+2376+MF779101+B+NA+NA -> 105696_787_2376_MF779101_B_NA_NA
105696+787+2376+MF779100+B+NA+NA -> 105696_787_2376_MF779100_B_NA_NA
105696+787+2376+MF779099+B+NA+NA -> 105696_787_2376_MF779099_B_NA_NA
105696+787+2376+MF779098+B+NA+NA -> 105696_787_2376_MF779098_B_NA_NA
105696+787+2376+MF779097+B+NA+NA -> 105696_787_2376_MF779097_B_NA_NA
105696+787+2376+MF779096+B+NA+NA -> 105696_787_2376_MF779096_B_NA_NA
105696+787+2376+MF779095+B+NA+NA -> 105696_787_2376_MF779095_B_NA_NA
105696+787+2376+MF779094+B+NA+NA -> 105696_787_2376_MF779094_B_NA_NA
105696+787+2376+MF779093+B+NA+NA -> 105696_787_2376_MF779093_B_NA_NA
105696+787+2376+MF779092+B+NA+NA -> 105696_787_2376_MF779092_B_NA_NA
105696+787+2376+MF779091+B+NA+NA -> 105696_787_2376_MF779091_B_NA_NA
105696+787+2376+MF779090+B+NA+NA -> 105696_787_2376_MF779090_B_NA_NA
105696+787+2376+MF779089+B+NA+NA -> 105696_787_2376_MF779089_B_NA_NA
105696+787+2376+MF779088+B+NA+NA -> 105696_787_2376_MF779088_B_NA_NA
105696+787+2376+MF779087+B+NA+NA -> 105696_787_2376_MF779087_B_NA_NA
105696+787+2376+MF779086+B+NA+NA -> 105696_787_2376_MF779086_B_NA_NA
105696+787+2376+MF779085+B+NA+NA -> 105696_787_2376_MF779085_B_NA_NA
105696+787+2376+MF779084+B+NA+NA -> 105696_787_2376_MF779084_B_NA_NA
105696+787+2376+MF779083+B+NA+NA -> 105696_787_2376_MF779083_B_NA_NA
105696+787+2376+MF779082+B+NA+NA -> 105696_787_2376_MF779082_B_NA_NA
105696+787+2376+MF779081+B+NA+NA -> 105696_787_2376_MF779081_B_NA_NA
105696+787+2376+MF779080+B+NA+NA -> 105696_787_2376_MF779080_B_NA_NA
105696+787+2376+MF779079+B+NA+NA -> 105696_787_2376_MF779079_B_NA_NA
105696+787+2376+MF779078+B+NA+NA -> 105696_787_2376_MF779078_B_NA_NA
105696+787+2376+MF779077+B+NA+NA -> 105696_787_2376_MF779077_B_NA_NA
105696+787+2376+MF779076+B+NA+NA -> 105696_787_2376_MF779076_B_NA_NA
105696+787+2376+MF779075+B+NA+NA -> 105696_787_2376_MF779075_B_NA_NA
105696+787+2376+MF779074+B+NA+NA -> 105696_787_2376_MF779074_B_NA_NA
105696+787+2376+MF779073+B+NA+NA -> 105696_787_2376_MF779073_B_NA_NA
105696+787+2376+MF779072+B+NA+NA -> 105696_787_2376_MF779072_B_NA_NA
105696+787+2376+MF779071+B+NA+NA -> 105696_787_2376_MF779071_B_NA_NA
105696+787+2376+MF779070+B+NA+NA -> 105696_787_2376_MF779070_B_NA_NA
105696+787+2376+MF779069+B+NA+NA -> 105696_787_2376_MF779069_B_NA_NA
105696+787+2376+MF779068+B+NA+NA -> 105696_787_2376_MF779068_B_NA_NA
105696+787+2376+MF779067+B+NA+NA -> 105696_787_2376_MF779067_B_NA_NA
105696+787+2376+MF779066+B+NA+NA -> 105696_787_2376_MF779066_B_NA_NA
105696+787+2376+MF779065+B+NA+NA -> 105696_787_2376_MF779065_B_NA_NA
105696+787+2376+MF779064+B+NA+NA -> 105696_787_2376_MF779064_B_NA_NA
105696+787+2376+MF779063+B+NA+NA -> 105696_787_2376_MF779063_B_NA_NA
105696+787+2376+MF779062+B+NA+NA -> 105696_787_2376_MF779062_B_NA_NA
105696+787+2376+MF779061+B+NA+NA -> 105696_787_2376_MF779061_B_NA_NA
105696+787+2376+MF779060+B+NA+NA -> 105696_787_2376_MF779060_B_NA_NA
105696+787+2376+MF779059+B+NA+NA -> 105696_787_2376_MF779059_B_NA_NA
105696+787+2376+MF779058+B+NA+NA -> 105696_787_2376_MF779058_B_NA_NA

                                  Gap/Ambiguity  Composition  p-value
Analyzing sequences: done in 0.000114068 secs using 76.27% CPU
   1  105696_787_2376_MF779263_B_NA_NA    0.06%    passed     99.69%
   2  105696_787_2376_MF779262_B_NA_NA    0.06%    passed     99.66%
   3  105696_787_2376_MF779261_B_NA_NA    0.13%    passed     99.91%
   4  105696_787_2344_MF779260_B_NA_NA    2.07%    passed     96.59%
   5  105696_787_2376_MF779259_B_NA_NA    0.06%    passed     99.10%
   6  105696_787_2376_MF779258_B_NA_NA    0.06%    passed     99.23%
   7  105696_787_2376_MF779257_B_NA_NA    0.06%    passed     99.97%
   8  105696_787_2376_MF779256_B_NA_NA    0.06%    passed     99.62%
   9  105696_787_2376_MF779255_B_NA_NA    0.13%    passed     99.69%
  10  105696_787_2376_MF779254_B_NA_NA    0.06%    passed     99.60%
  11  105696_787_2376_MF779253_B_NA_NA    0.06%    passed     96.62%
  12  105696_787_2376_MF779252_B_NA_NA    0.06%    passed     99.58%
  13  105696_787_2376_MF779251_B_NA_NA    0.25%    passed     98.73%
  14  105696_787_2376_MF779250_B_NA_NA    0.06%    passed     98.85%
  15  105696_787_2376_MF779249_B_NA_NA    0.06%    passed     99.08%
  16  105696_787_2376_MF779248_B_NA_NA    0.06%    passed     98.27%
  17  105696_787_2376_MF779247_B_NA_NA    0.06%    passed     99.91%
  18  105696_787_2376_MF779246_B_NA_NA    0.06%    passed     98.95%
  19  105696_787_2376_MF779245_B_NA_NA    0.13%    passed     99.94%
  20  105696_787_2376_MF779244_B_NA_NA    0.06%    passed     99.82%
  21  105696_787_2376_MF779243_B_NA_NA    0.06%    passed     97.79%
  22  105696_787_2376_MF779242_B_NA_NA    0.06%    passed     99.43%
  23  105696_787_2376_MF779241_B_NA_NA    0.06%    passed     96.31%
  24  105696_787_2376_MF779240_B_NA_NA    0.06%    passed     99.14%
  25  105696_787_2376_MF779239_B_NA_NA    0.06%    passed     99.90%
  26  105696_787_2376_MF779238_B_NA_NA    0.06%    passed     98.76%
  27  105696_787_2376_MF779237_B_NA_NA    0.06%    passed     99.82%
  28  105696_787_2376_MF779236_B_NA_NA    0.06%    passed     98.98%
  29  105696_787_2376_MF779235_B_NA_NA    0.06%    passed     99.73%
  30  105696_787_2376_MF779234_B_NA_NA    0.06%    passed     98.98%
  31  105696_787_2376_MF779233_B_NA_NA    0.06%    passed    100.00%
  32  105696_787_2376_MF779232_B_NA_NA    0.06%    passed     96.91%
  33  105696_787_2376_MF779231_B_NA_NA    0.06%    passed     95.88%
  34  105696_787_2376_MF779230_B_NA_NA    0.06%    passed     97.69%
  35  105696_787_2376_MF779229_B_NA_NA    0.06%    passed     99.79%
  36  105696_787_2376_MF779228_B_NA_NA    0.25%    passed     99.79%
  37  105696_787_2376_MF779227_B_NA_NA    0.25%    passed     99.93%
  38  105696_787_2376_MF779226_B_NA_NA    0.06%    passed     99.66%
  39  105696_787_2376_MF779225_B_NA_NA    0.06%    passed     99.49%
  40  105696_787_2376_MF779224_B_NA_NA    0.06%    passed     99.88%
  41  105696_787_2376_MF779223_B_NA_NA    0.06%    passed     98.90%
  42  105696_787_2376_MF779222_B_NA_NA    0.06%    passed     99.72%
  43  105696_787_2376_MF779221_B_NA_NA    0.06%    passed     99.92%
  44  105696_787_2376_MF779220_B_NA_NA    0.13%    passed     99.97%
  45  105696_787_2376_MF779219_B_NA_NA    0.06%    passed     99.50%
  46  105696_787_2376_MF779218_B_NA_NA    0.06%    passed     99.96%
  47  105696_787_2376_MF779217_B_NA_NA    0.06%    passed     99.96%
  48  105696_787_2376_MF779216_B_NA_NA    0.06%    passed     99.50%
  49  105696_787_2376_MF779215_B_NA_NA    0.06%    passed     99.85%
  50  105696_787_2376_MF779214_B_NA_NA    0.06%    passed     99.93%
  51  105696_787_2376_MF779213_B_NA_NA    0.06%    passed     99.66%
  52  105696_787_2376_MF779212_B_NA_NA    0.06%    passed     98.64%
  53  105696_787_2376_MF779211_B_NA_NA    0.06%    passed     99.85%
  54  105696_787_2376_MF779210_B_NA_NA    0.06%    passed     99.93%
  55  105696_787_2376_MF779209_B_NA_NA    0.06%    passed     99.92%
  56  105696_787_2376_MF779208_B_NA_NA    0.06%    passed     99.98%
  57  105696_787_2376_MF779207_B_NA_NA    0.06%    passed     99.83%
  58  105696_787_2376_MF779206_B_NA_NA    0.13%    passed     99.83%
  59  105696_787_2376_MF779205_B_NA_NA    0.06%    passed     99.99%
  60  105696_787_2376_MF779204_B_NA_NA    0.06%    passed     99.62%
  61  105696_787_2376_MF779203_B_NA_NA    0.06%    passed     99.56%
  62  105696_787_2376_MF779202_B_NA_NA    0.06%    passed     99.99%
  63  105696_787_2376_MF779201_B_NA_NA    0.06%    passed     99.90%
  64  105696_787_2376_MF779200_B_NA_NA    0.06%    passed     99.99%
  65  105696_787_2376_MF779199_B_NA_NA    0.06%    passed     99.85%
  66  105696_787_2376_MF779198_B_NA_NA    0.13%    passed     99.97%
  67  105696_787_2376_MF779197_B_NA_NA    0.13%    passed     99.91%
  68  105696_787_2376_MF779196_B_NA_NA    0.06%    passed     99.73%
  69  105696_787_2376_MF779195_B_NA_NA    0.06%    passed     99.34%
  70  105696_787_2376_MF779194_B_NA_NA    0.06%    passed     99.96%
  71  105696_787_2376_MF779193_B_NA_NA    0.06%    passed     99.96%
  72  105696_787_2376_MF779192_B_NA_NA    0.06%    passed     99.54%
  73  105696_787_2376_MF779191_B_NA_NA    0.13%    passed     99.89%
  74  105696_787_2376_MF779190_B_NA_NA    0.06%    passed     99.90%
  75  105696_787_2376_MF779189_B_NA_NA    0.13%    passed     99.92%
  76  105696_787_2376_MF779188_B_NA_NA    0.06%    passed     99.97%
  77  105696_787_2376_MF779187_B_NA_NA    0.13%    passed     99.90%
  78  105696_787_2376_MF779186_B_NA_NA    0.06%    passed     99.98%
  79  105696_787_2376_MF779185_B_NA_NA    0.06%    passed     99.96%
  80  105696_787_2376_MF779184_B_NA_NA    0.06%    passed     99.98%
  81  105696_787_2376_MF779183_B_NA_NA    0.06%    passed     99.66%
  82  105696_787_2376_MF779182_B_NA_NA    0.06%    passed     99.90%
  83  105696_787_2376_MF779181_B_NA_NA    0.06%    passed     99.78%
  84  105696_787_2376_MF779180_B_NA_NA    0.13%    passed     99.80%
  85  105696_787_2376_MF779179_B_NA_NA    0.06%    passed     99.97%
  86  105696_787_2376_MF779178_B_NA_NA    0.13%    passed     99.97%
  87  105696_787_2376_MF779177_B_NA_NA    0.06%    passed     99.99%
  88  105696_787_2376_MF779176_B_NA_NA    0.06%    passed    100.00%
  89  105696_787_2376_MF779175_B_NA_NA    0.06%    passed     99.98%
  90  105696_787_2376_MF779174_B_NA_NA    0.13%    passed     99.77%
  91  105696_787_2376_MF779173_B_NA_NA    0.25%    passed     99.71%
  92  105696_787_2376_MF779172_B_NA_NA    0.06%    passed     99.96%
  93  105696_787_2376_MF779171_B_NA_NA    0.06%    passed     99.99%
  94  105696_787_2376_MF779170_B_NA_NA    0.06%    passed    100.00%
  95  105696_787_2376_MF779169_B_NA_NA    0.13%    passed     99.82%
  96  105696_787_2376_MF779168_B_NA_NA    0.06%    passed     99.97%
  97  105696_787_2376_MF779167_B_NA_NA    0.06%    passed     99.96%
  98  105696_787_2376_MF779166_B_NA_NA    0.06%    passed     99.82%
  99  105696_787_2376_MF779165_B_NA_NA    0.06%    passed     99.99%
 100  105696_787_2376_MF779164_B_NA_NA    0.13%    passed     99.94%
 101  105696_787_2376_MF779163_B_NA_NA    0.06%    passed     99.96%
 102  105696_787_2376_MF779162_B_NA_NA    0.06%    passed     99.82%
 103  105696_787_2376_MF779161_B_NA_NA    0.06%    passed     99.90%
 104  105696_787_2376_MF779160_B_NA_NA    0.25%    passed     99.98%
 105  105696_787_2376_MF779159_B_NA_NA    0.06%    passed     98.85%
 106  105696_787_2376_MF779158_B_NA_NA    0.13%    passed     99.65%
 107  105696_787_2376_MF779157_B_NA_NA    0.06%    passed     99.51%
 108  105696_787_2376_MF779156_B_NA_NA    0.06%    passed     99.99%
 109  105696_787_2376_MF779155_B_NA_NA    0.06%    passed     99.89%
 110  105696_787_2376_MF779154_B_NA_NA    0.06%    passed     99.82%
 111  105696_787_2376_MF779153_B_NA_NA    0.06%    passed     99.93%
 112  105696_787_2376_MF779152_B_NA_NA    0.06%    passed     99.82%
 113  105696_787_2376_MF779151_B_NA_NA    0.06%    passed     99.94%
 114  105696_787_2375_MF779150_B_NA_NA    0.13%    passed     99.97%
 115  105696_787_2375_MF779149_B_NA_NA    0.13%    passed     99.96%
 116  105696_787_2375_MF779148_B_NA_NA    0.13%    passed     99.96%
 117  105696_787_2375_MF779147_B_NA_NA    0.13%    passed     99.83%
 118  105696_787_2375_MF779146_B_NA_NA    0.19%    passed     99.73%
 119  105696_787_2375_MF779145_B_NA_NA    0.13%    passed     99.87%
 120  105696_787_2375_MF779144_B_NA_NA    0.13%    passed     99.99%
 121  105696_787_2375_MF779143_B_NA_NA    0.19%    passed     99.69%
 122  105696_787_2375_MF779142_B_NA_NA    0.13%    passed     99.65%
 123  105696_787_2375_MF779141_B_NA_NA    0.13%    passed     99.84%
 124  105696_787_2375_MF779140_B_NA_NA    0.13%    passed     99.31%
 125  105696_787_2375_MF779139_B_NA_NA    0.19%    passed     99.83%
 126  105696_787_2375_MF779138_B_NA_NA    0.13%    passed     99.84%
 127  105696_787_2375_MF779137_B_NA_NA    0.13%    passed     99.94%
 128  105696_787_2375_MF779136_B_NA_NA    0.13%    passed     99.94%
 129  105696_787_2375_MF779135_B_NA_NA    0.19%    passed     99.99%
 130  105696_787_2375_MF779134_B_NA_NA    0.13%    passed     99.99%
 131  105696_787_2375_MF779133_B_NA_NA    0.13%    passed     99.92%
 132  105696_787_2375_MF779132_B_NA_NA    0.13%    passed     99.94%
 133  105696_787_2375_MF779131_B_NA_NA    0.13%    passed     99.89%
 134  105696_787_2375_MF779130_B_NA_NA    0.13%    passed     99.91%
 135  105696_787_2376_MF779129_B_NA_NA    0.06%    passed     99.96%
 136  105696_787_2376_MF779128_B_NA_NA    0.06%    passed     99.89%
 137  105696_787_2376_MF779127_B_NA_NA    0.06%    passed     99.97%
 138  105696_787_2376_MF779126_B_NA_NA    0.06%    passed     99.96%
 139  105696_787_2376_MF779125_B_NA_NA    0.06%    passed     99.97%
 140  105696_787_2376_MF779124_B_NA_NA    0.06%    passed     99.96%
 141  105696_787_2376_MF779123_B_NA_NA    0.13%    passed     99.77%
 142  105696_787_2376_MF779122_B_NA_NA    0.06%    passed     99.96%
 143  105696_787_2376_MF779121_B_NA_NA    0.19%    passed     99.97%
 144  105696_787_2376_MF779120_B_NA_NA    0.06%    passed    100.00%
 145  105696_787_2376_MF779119_B_NA_NA    0.06%    passed     99.93%
 146  105696_787_2376_MF779118_B_NA_NA    0.19%    passed     99.93%
 147  105696_787_2376_MF779117_B_NA_NA    0.06%    passed     99.99%
 148  105696_787_2376_MF779116_B_NA_NA    0.06%    passed     99.84%
 149  105696_787_2376_MF779115_B_NA_NA    0.06%    passed     99.93%
 150  105696_787_2376_MF779114_B_NA_NA    0.13%    passed     99.77%
 151  105696_787_2376_MF779113_B_NA_NA    0.06%    passed     99.99%
 152  105696_787_2376_MF779112_B_NA_NA    0.13%    passed     99.96%
 153  105696_787_2376_MF779111_B_NA_NA    0.06%    passed     99.84%
 154  105696_787_2376_MF779110_B_NA_NA    0.06%    passed     99.96%
 155  105696_787_2376_MF779109_B_NA_NA    0.06%    passed     99.99%
 156  105696_787_2376_MF779108_B_NA_NA    0.13%    passed     99.68%
 157  105696_787_2376_MF779107_B_NA_NA    0.06%    passed     99.99%
 158  105696_787_2376_MF779106_B_NA_NA    0.00%    passed     99.94%
 159  105696_787_2376_MF779105_B_NA_NA    0.06%    passed     99.77%
 160  105696_787_2376_MF779104_B_NA_NA    0.13%    passed     99.96%
 161  105696_787_2376_MF779103_B_NA_NA    0.13%    passed     99.56%
 162  105696_787_2376_MF779102_B_NA_NA    0.19%    passed     99.99%
 163  105696_787_2376_MF779101_B_NA_NA    0.19%    passed     99.95%
 164  105696_787_2376_MF779100_B_NA_NA    0.06%    passed     99.84%
 165  105696_787_2376_MF779099_B_NA_NA    0.06%    passed     99.96%
 166  105696_787_2376_MF779098_B_NA_NA    0.25%    passed     99.97%
 167  105696_787_2376_MF779097_B_NA_NA    0.13%    passed     99.84%
 168  105696_787_2376_MF779096_B_NA_NA    0.06%    passed     99.93%
 169  105696_787_2376_MF779095_B_NA_NA    0.19%    passed     99.90%
 170  105696_787_2376_MF779094_B_NA_NA    0.25%    passed     99.99%
 171  105696_787_2376_MF779093_B_NA_NA    0.06%    passed    100.00%
 172  105696_787_2376_MF779092_B_NA_NA    0.06%    passed     99.91%
 173  105696_787_2376_MF779091_B_NA_NA    0.19%    passed     99.95%
 174  105696_787_2376_MF779090_B_NA_NA    0.06%    passed     99.96%
 175  105696_787_2376_MF779089_B_NA_NA    0.25%    passed     99.99%
 176  105696_787_2376_MF779088_B_NA_NA    0.06%    passed     99.91%
 177  105696_787_2376_MF779087_B_NA_NA    0.13%    passed     99.92%
 178  105696_787_2376_MF779086_B_NA_NA    0.13%    passed     99.90%
 179  105696_787_2376_MF779085_B_NA_NA    0.06%    passed     99.99%
 180  105696_787_2376_MF779084_B_NA_NA    0.57%    passed     99.70%
 181  105696_787_2376_MF779083_B_NA_NA    0.06%    passed     99.94%
 182  105696_787_2376_MF779082_B_NA_NA    0.13%    passed     99.96%
 183  105696_787_2376_MF779081_B_NA_NA    0.06%    passed     99.93%
 184  105696_787_2376_MF779080_B_NA_NA    0.06%    passed     99.91%
 185  105696_787_2376_MF779079_B_NA_NA    0.06%    passed     99.84%
 186  105696_787_2376_MF779078_B_NA_NA    0.06%    passed     99.91%
 187  105696_787_2376_MF779077_B_NA_NA    0.06%    passed     99.91%
 188  105696_787_2376_MF779076_B_NA_NA    0.06%    passed     99.91%
 189  105696_787_2376_MF779075_B_NA_NA    0.19%    passed     99.68%
 190  105696_787_2376_MF779074_B_NA_NA    0.06%    passed     99.91%
 191  105696_787_2376_MF779073_B_NA_NA    0.06%    passed     99.91%
 192  105696_787_2376_MF779072_B_NA_NA    0.13%    passed     99.92%
 193  105696_787_2376_MF779071_B_NA_NA    0.06%    passed     99.99%
 194  105696_787_2376_MF779070_B_NA_NA    0.06%    passed     99.91%
 195  105696_787_2376_MF779069_B_NA_NA    0.06%    passed     99.91%
 196  105696_787_2376_MF779068_B_NA_NA    0.25%    passed     99.90%
 197  105696_787_2376_MF779067_B_NA_NA    0.13%    passed     99.89%
 198  105696_787_2376_MF779066_B_NA_NA    0.06%    passed     99.91%
 199  105696_787_2376_MF779065_B_NA_NA    0.13%    passed     99.96%
 200  105696_787_2376_MF779064_B_NA_NA    0.06%    passed     99.91%
 201  105696_787_2376_MF779063_B_NA_NA    0.06%    passed     99.91%
 202  105696_787_2376_MF779062_B_NA_NA    0.06%    passed     99.91%
 203  105696_787_2376_MF779061_B_NA_NA    0.06%    passed     99.91%
 204  105696_787_2376_MF779060_B_NA_NA    0.06%    passed     99.91%
 205  105696_787_2376_MF779059_B_NA_NA    0.06%    passed     99.91%
 206  105696_787_2376_MF779058_B_NA_NA    0.06%    passed     99.92%
****  TOTAL                               0.10%  0 sequences failed composition chi2 test (p-value<5%; df=3)
NOTE: 105696_787_2376_MF779211_B_NA_NA is identical to 105696_787_2376_MF779215_B_NA_NA but kept for subsequent analysis
NOTE: 105696_787_2375_MF779138_B_NA_NA is identical to 105696_787_2375_MF779141_B_NA_NA but kept for subsequent analysis
NOTE: 105696_787_2376_MF779122_B_NA_NA is identical to 105696_787_2376_MF779129_B_NA_NA but kept for subsequent analysis
NOTE: 105696_787_2376_MF779081_B_NA_NA is identical to 105696_787_2376_MF779096_B_NA_NA but kept for subsequent analysis
NOTE: 105696_787_2376_MF779078_B_NA_NA is identical to 105696_787_2376_MF779080_B_NA_NA but kept for subsequent analysis
NOTE: 14 identical sequences (see below) will be ignored for subsequent analysis
NOTE: 105696_787_2376_MF779110_B_NA_NA (identical to 105696_787_2376_MF779129_B_NA_NA) is ignored but added at the end
NOTE: 105696_787_2376_MF779077_B_NA_NA (identical to 105696_787_2376_MF779080_B_NA_NA) is ignored but added at the end
NOTE: 105696_787_2376_MF779076_B_NA_NA (identical to 105696_787_2376_MF779080_B_NA_NA) is ignored but added at the end
NOTE: 105696_787_2376_MF779074_B_NA_NA (identical to 105696_787_2376_MF779080_B_NA_NA) is ignored but added at the end
NOTE: 105696_787_2376_MF779073_B_NA_NA (identical to 105696_787_2376_MF779080_B_NA_NA) is ignored but added at the end
NOTE: 105696_787_2376_MF779070_B_NA_NA (identical to 105696_787_2376_MF779080_B_NA_NA) is ignored but added at the end
NOTE: 105696_787_2376_MF779069_B_NA_NA (identical to 105696_787_2376_MF779080_B_NA_NA) is ignored but added at the end
NOTE: 105696_787_2376_MF779066_B_NA_NA (identical to 105696_787_2376_MF779080_B_NA_NA) is ignored but added at the end
NOTE: 105696_787_2376_MF779064_B_NA_NA (identical to 105696_787_2376_MF779080_B_NA_NA) is ignored but added at the end
NOTE: 105696_787_2376_MF779063_B_NA_NA (identical to 105696_787_2376_MF779080_B_NA_NA) is ignored but added at the end
NOTE: 105696_787_2376_MF779062_B_NA_NA (identical to 105696_787_2376_MF779080_B_NA_NA) is ignored but added at the end
NOTE: 105696_787_2376_MF779061_B_NA_NA (identical to 105696_787_2376_MF779080_B_NA_NA) is ignored but added at the end
NOTE: 105696_787_2376_MF779060_B_NA_NA (identical to 105696_787_2376_MF779080_B_NA_NA) is ignored but added at the end
NOTE: 105696_787_2376_MF779059_B_NA_NA (identical to 105696_787_2376_MF779080_B_NA_NA) is ignored but added at the end
Alignment was printed to iqtree_subset/105696+1+B.uniqueseq.phy

For your convenience alignment with unique sequences printed to iqtree_subset/105696+1+B.uniqueseq.phy

Create initial parsimony tree by phylogenetic likelihood library (PLL)... 0.015 seconds

NOTE: 7 MB RAM (0 GB) is required!
Measuring multi-threading efficiency up to 1 CPU cores
Increase to 10 rounds for branch lengths
9 trees examined
Threads: 1 / Time: 1.112 sec / Speedup: 1.000 / Efficiency: 100% / LogL: -10775
BEST NUMBER OF THREADS: 1

Estimate model parameters (epsilon = 0.100)
1. Initial log-likelihood: -7462.013
2. Current log-likelihood: -6841.820
3. Current log-likelihood: -6836.104
4. Current log-likelihood: -6834.837
5. Current log-likelihood: -6834.217
6. Current log-likelihood: -6833.871
7. Current log-likelihood: -6833.581
8. Current log-likelihood: -6833.271
9. Current log-likelihood: -6832.925
10. Current log-likelihood: -6832.535
11. Current log-likelihood: -6832.098
12. Current log-likelihood: -6831.619
13. Current log-likelihood: -6831.113
14. Current log-likelihood: -6830.606
15. Current log-likelihood: -6830.132
16. Current log-likelihood: -6829.725
17. Current log-likelihood: -6829.406
18. Current log-likelihood: -6829.177
19. Current log-likelihood: -6829.026
Optimal log-likelihood: -6828.928
Rate parameters:  A-C: 0.65957  A-G: 4.07814  A-T: 0.27772  C-G: 0.13106  C-T: 5.53930  G-T: 1.00000
Base frequencies:  A: 0.368  C: 0.188  G: 0.250  T: 0.193
Proportion of invariable sites: 0.487
Site proportion and rates:  (0.244,0.569) (0.201,0.580) (0.042,5.453) (0.026,19.608)
Parameters optimization took 19 rounds (2.837 sec)
Wrote distance file to... 
Computing ML distances based on estimated model parameters...
Calculating distance matrix: done in 0.171953 secs using 99.83% CPU
Computing ML distances took 0.172233 sec (of wall-clock time) 0.171938 sec (of CPU time)
Setting up auxiliary I and S matrices: done in 0.000697889 secs using 99.01% CPU
Computing RapidNJ tree took 0.003232 sec (of wall-clock time) 0.002218 sec (of CPU time)
Log-likelihood of RapidNJ tree: -6817.567
--------------------------------------------------------------------
|             INITIALIZING CANDIDATE TREE SET                      |
--------------------------------------------------------------------
Generating 98 parsimony trees... 1.563 second
Computing log-likelihood of 98 initial trees ... 1.407 seconds
Current best score: -6766.966

Do NNI search on 20 best initial trees
Estimate model parameters (epsilon = 0.100)
BETTER TREE FOUND at iteration 1: -6742.170
Iteration 10 / LogL: -6780.617 / Time: 0h:0m:10s
Iteration 20 / LogL: -6777.739 / Time: 0h:0m:13s
Finish initializing candidate tree set (20)
Current best tree score: -6742.170 / CPU time: 9.372
Number of iterations: 20
--------------------------------------------------------------------
|               OPTIMIZING CANDIDATE TREE SET                      |
--------------------------------------------------------------------
Iteration 30 / LogL: -6760.227 / Time: 0h:0m:17s (0h:0m:42s left)
Estimate model parameters (epsilon = 0.100)
BETTER TREE FOUND at iteration 33: -6731.705
Iteration 40 / LogL: -6734.908 / Time: 0h:0m:21s (0h:0m:51s left)
BETTER TREE FOUND at iteration 46: -6731.703
Iteration 50 / LogL: -6733.187 / Time: 0h:0m:25s (0h:0m:49s left)
Estimate model parameters (epsilon = 0.100)
BETTER TREE FOUND at iteration 60: -6730.867
Iteration 60 / LogL: -6730.867 / Time: 0h:0m:29s (0h:0m:49s left)
Iteration 70 / LogL: -6730.938 / Time: 0h:0m:32s (0h:0m:42s left)
Estimate model parameters (epsilon = 0.100)
BETTER TREE FOUND at iteration 72: -6726.544
Iteration 80 / LogL: -6728.026 / Time: 0h:0m:36s (0h:0m:42s left)
Iteration 90 / LogL: -6733.116 / Time: 0h:0m:40s (0h:0m:37s left)
Estimate model parameters (epsilon = 0.100)
BETTER TREE FOUND at iteration 94: -6726.353
Estimate model parameters (epsilon = 0.100)
BETTER TREE FOUND at iteration 96: -6723.602
Iteration 100 / LogL: -6724.731 / Time: 0h:0m:44s (0h:0m:43s left)
Iteration 110 / LogL: -6723.711 / Time: 0h:0m:48s (0h:0m:37s left)
Iteration 120 / LogL: -6724.910 / Time: 0h:0m:51s (0h:0m:32s left)
Estimate model parameters (epsilon = 0.100)
BETTER TREE FOUND at iteration 121: -6721.804
Iteration 130 / LogL: -6724.336 / Time: 0h:0m:55s (0h:0m:39s left)
Estimate model parameters (epsilon = 0.100)
BETTER TREE FOUND at iteration 131: -6714.789
Estimate model parameters (epsilon = 0.100)
BETTER TREE FOUND at iteration 135: -6714.367
Iteration 140 / LogL: -6717.352 / Time: 0h:0m:59s (0h:0m:40s left)
Estimate model parameters (epsilon = 0.100)
BETTER TREE FOUND at iteration 148: -6714.081
Iteration 150 / LogL: -6716.518 / Time: 0h:1m:3s (0h:0m:41s left)
Estimate model parameters (epsilon = 0.100)
BETTER TREE FOUND at iteration 151: -6712.308
Estimate model parameters (epsilon = 0.100)
BETTER TREE FOUND at iteration 155: -6711.416
Estimate model parameters (epsilon = 0.100)
BETTER TREE FOUND at iteration 156: -6709.427
Iteration 160 / LogL: -6711.535 / Time: 0h:1m:7s (0h:0m:40s left)
Iteration 170 / LogL: -6722.766 / Time: 0h:1m:11s (0h:0m:36s left)
Estimate model parameters (epsilon = 0.100)
BETTER TREE FOUND at iteration 172: -6709.372
BETTER TREE FOUND at iteration 177: -6709.370
Iteration 180 / LogL: -6720.253 / Time: 0h:1m:15s (0h:0m:40s left)
Iteration 190 / LogL: -6725.797 / Time: 0h:1m:18s (0h:0m:36s left)
Iteration 200 / LogL: -6715.454 / Time: 0h:1m:22s (0h:0m:31s left)
Iteration 210 / LogL: -6720.917 / Time: 0h:1m:26s (0h:0m:27s left)
Iteration 220 / LogL: -6709.377 / Time: 0h:1m:29s (0h:0m:23s left)
Iteration 230 / LogL: -6713.146 / Time: 0h:1m:33s (0h:0m:19s left)
Iteration 240 / LogL: -6726.732 / Time: 0h:1m:37s (0h:0m:15s left)
BETTER TREE FOUND at iteration 250: -6709.365
Iteration 250 / LogL: -6709.365 / Time: 0h:1m:40s (0h:0m:40s left)
Iteration 260 / LogL: -6709.378 / Time: 0h:1m:44s (0h:0m:36s left)
Iteration 270 / LogL: -6710.074 / Time: 0h:1m:48s (0h:0m:32s left)
Iteration 280 / LogL: -6713.362 / Time: 0h:1m:51s (0h:0m:28s left)
Iteration 290 / LogL: -6749.464 / Time: 0h:1m:55s (0h:0m:23s left)
Iteration 300 / LogL: -6725.783 / Time: 0h:1m:58s (0h:0m:19s left)
Iteration 310 / LogL: -6709.379 / Time: 0h:2m:2s (0h:0m:15s left)
Iteration 320 / LogL: -6714.079 / Time: 0h:2m:6s (0h:0m:11s left)
Iteration 330 / LogL: -6712.785 / Time: 0h:2m:9s (0h:0m:7s left)
Iteration 340 / LogL: -6715.794 / Time: 0h:2m:13s (0h:0m:3s left)
Iteration 350 / LogL: -6715.590 / Time: 0h:2m:17s (0h:0m:0s left)
TREE SEARCH COMPLETED AFTER 351 ITERATIONS / Time: 0h:2m:17s

--------------------------------------------------------------------
|                    FINALIZING TREE SEARCH                        |
--------------------------------------------------------------------
Performs final model parameters optimization
Estimate model parameters (epsilon = 0.010)
1. Initial log-likelihood: -6709.365
Optimal log-likelihood: -6709.362
Rate parameters:  A-C: 0.80162  A-G: 5.28101  A-T: 0.36790  C-G: 0.14536  C-T: 7.75197  G-T: 1.00000
Base frequencies:  A: 0.368  C: 0.188  G: 0.250  T: 0.193
Proportion of invariable sites: 0.458
Site proportion and rates:  (0.263,0.559) (0.216,0.564) (0.042,6.321) (0.021,22.516)
Parameters optimization took 1 rounds (0.128 sec)
BEST SCORE FOUND : -6709.362
Empirical proportions for each category: 0.937 0.000 0.043 0.019
Site rates printed to iqtree_subset/105696+1+B.rate

Testing tree branches by SH-like aLRT with 1000 replicates...
4.604 sec.
Total tree length: 0.473

Total number of iterations: 351
CPU time used for tree search: 130.427 sec (0h:2m:10s)
Wall-clock time used for tree search: 133.558 sec (0h:2m:13s)
Total CPU time used: 139.389 sec (0h:2m:19s)
Total wall-clock time used: 142.586 sec (0h:2m:22s)

Analysis results written to: 
  IQ-TREE report:                iqtree_subset/105696+1+B.iqtree
  Maximum-likelihood tree:       iqtree_subset/105696+1+B.treefile
  Likelihood distances:          iqtree_subset/105696+1+B.mldist
  Site-specific rates:           iqtree_subset/105696+1+B.rate
  Screen log file:               iqtree_subset/105696+1+B.log

Date and Time: Tue Feb 11 18:15:56 2025
