IQ-TREE multicore version 2.3.3 COVID-edition for Linux x86 64-bit built Apr 25 2024
Developed by Bui Quang Minh, James Barbetti, Nguyen Lam Tung, Olga Chernomor,
Heiko Schmidt, Dominik Schrempf, Michael Woodhams, Ly Trong Nhan, Thomas Wong

Host:    linusblack.lanl.gov (AVX512, FMA3, 754 GB RAM)
Command: iqtree -s mafft_subset/105698+280+B.fasta -m GTR+I+R -alrt 1000 -T AUTO --prefix iqtree_subset/105698+280+B --rate -redo
Seed:    847642 (Using SPRNG - Scalable Parallel Random Number Generator)
Time:    Tue Feb 11 18:17:42 2025
Kernel:  AVX+FMA - auto-detect threads (1 CPU cores detected)

Reading alignment file mafft_subset/105698+280+B.fasta ... Fasta format detected
Reading fasta file: done in 0.00763174 secs using 91.66% CPU
Alignment most likely contains DNA/RNA sequences
Alignment has 275 sequences with 1665 columns, 690 distinct patterns
378 parsimony-informative, 206 singleton sites, 1081 constant sites
WARNING: Some sequence names are changed as follows:
105698+6229+7786+MF777323+B+NA+NA -> 105698_6229_7786_MF777323_B_NA_NA
105698+6229+7786+MF777322+B+NA+NA -> 105698_6229_7786_MF777322_B_NA_NA
105698+6229+7786+MF777321+B+NA+NA -> 105698_6229_7786_MF777321_B_NA_NA
105698+6229+7786+MF777320+B+NA+NA -> 105698_6229_7786_MF777320_B_NA_NA
105698+6229+7786+MF777319+B+NA+NA -> 105698_6229_7786_MF777319_B_NA_NA
105698+6229+7786+MF777318+B+NA+NA -> 105698_6229_7786_MF777318_B_NA_NA
105698+6229+7786+MF777317+B+NA+NA -> 105698_6229_7786_MF777317_B_NA_NA
105698+6229+7785+MF777316+B+NA+NA -> 105698_6229_7785_MF777316_B_NA_NA
105698+6229+7786+MF777315+B+NA+NA -> 105698_6229_7786_MF777315_B_NA_NA
105698+6229+7786+MF777314+B+NA+NA -> 105698_6229_7786_MF777314_B_NA_NA
105698+6229+7786+MF777313+B+NA+NA -> 105698_6229_7786_MF777313_B_NA_NA
105698+6229+7786+MF777312+B+NA+NA -> 105698_6229_7786_MF777312_B_NA_NA
105698+6229+7786+MF777311+B+NA+NA -> 105698_6229_7786_MF777311_B_NA_NA
105698+6229+7786+MF777310+B+NA+NA -> 105698_6229_7786_MF777310_B_NA_NA
105698+6229+7786+MF777309+B+NA+NA -> 105698_6229_7786_MF777309_B_NA_NA
105698+6229+7786+MF777308+B+NA+NA -> 105698_6229_7786_MF777308_B_NA_NA
105698+6229+7786+MF777307+B+NA+NA -> 105698_6229_7786_MF777307_B_NA_NA
105698+6229+7786+MF777306+B+NA+NA -> 105698_6229_7786_MF777306_B_NA_NA
105698+6229+7786+MF777305+B+NA+NA -> 105698_6229_7786_MF777305_B_NA_NA
105698+6229+7786+MF777304+B+NA+NA -> 105698_6229_7786_MF777304_B_NA_NA
105698+6229+7786+MF777303+B+NA+NA -> 105698_6229_7786_MF777303_B_NA_NA
105698+6229+7785+MF777302+B+NA+NA -> 105698_6229_7785_MF777302_B_NA_NA
105698+6229+7785+MF777301+B+NA+NA -> 105698_6229_7785_MF777301_B_NA_NA
105698+6229+7785+MF777300+B+NA+NA -> 105698_6229_7785_MF777300_B_NA_NA
105698+6229+7785+MF777299+B+NA+NA -> 105698_6229_7785_MF777299_B_NA_NA
105698+6229+7785+MF777298+B+NA+NA -> 105698_6229_7785_MF777298_B_NA_NA
105698+6229+7785+MF777297+B+NA+NA -> 105698_6229_7785_MF777297_B_NA_NA
105698+6229+7785+MF777296+B+NA+NA -> 105698_6229_7785_MF777296_B_NA_NA
105698+6229+7785+MF777295+B+NA+NA -> 105698_6229_7785_MF777295_B_NA_NA
105698+6229+7785+MF777294+B+NA+NA -> 105698_6229_7785_MF777294_B_NA_NA
105698+6229+7785+MF777293+B+NA+NA -> 105698_6229_7785_MF777293_B_NA_NA
105698+6229+7785+MF777292+B+NA+NA -> 105698_6229_7785_MF777292_B_NA_NA
105698+6229+7785+MF777291+B+NA+NA -> 105698_6229_7785_MF777291_B_NA_NA
105698+6229+7785+MF777290+B+NA+NA -> 105698_6229_7785_MF777290_B_NA_NA
105698+6229+7785+MF777289+B+NA+NA -> 105698_6229_7785_MF777289_B_NA_NA
105698+6229+7785+MF777288+B+NA+NA -> 105698_6229_7785_MF777288_B_NA_NA
105698+6229+7785+MF777287+B+NA+NA -> 105698_6229_7785_MF777287_B_NA_NA
105698+6229+7785+MF777286+B+NA+NA -> 105698_6229_7785_MF777286_B_NA_NA
105698+6229+7785+MF777285+B+NA+NA -> 105698_6229_7785_MF777285_B_NA_NA
105698+6229+7793+MF777284+B+NA+NA -> 105698_6229_7793_MF777284_B_NA_NA
105698+6229+7793+MF777283+B+NA+NA -> 105698_6229_7793_MF777283_B_NA_NA
105698+6229+7786+MF777282+B+NA+NA -> 105698_6229_7786_MF777282_B_NA_NA
105698+6229+7786+MF777281+B+NA+NA -> 105698_6229_7786_MF777281_B_NA_NA
105698+6229+7786+MF777280+B+NA+NA -> 105698_6229_7786_MF777280_B_NA_NA
105698+6229+7786+MF777279+B+NA+NA -> 105698_6229_7786_MF777279_B_NA_NA
105698+6229+7786+MF777278+B+NA+NA -> 105698_6229_7786_MF777278_B_NA_NA
105698+6229+7786+MF777277+B+NA+NA -> 105698_6229_7786_MF777277_B_NA_NA
105698+6229+7786+MF777276+B+NA+NA -> 105698_6229_7786_MF777276_B_NA_NA
105698+6229+7786+MF777275+B+NA+NA -> 105698_6229_7786_MF777275_B_NA_NA
105698+6229+7786+MF777274+B+NA+NA -> 105698_6229_7786_MF777274_B_NA_NA
105698+6229+7786+MF777273+B+NA+NA -> 105698_6229_7786_MF777273_B_NA_NA
105698+6229+7786+MF777272+B+NA+NA -> 105698_6229_7786_MF777272_B_NA_NA
105698+6229+7786+MF777271+B+NA+NA -> 105698_6229_7786_MF777271_B_NA_NA
105698+6229+7786+MF777270+B+NA+NA -> 105698_6229_7786_MF777270_B_NA_NA
105698+6229+7786+MF777269+B+NA+NA -> 105698_6229_7786_MF777269_B_NA_NA
105698+6229+7786+MF777268+B+NA+NA -> 105698_6229_7786_MF777268_B_NA_NA
105698+6229+7786+MF777267+B+NA+NA -> 105698_6229_7786_MF777267_B_NA_NA
105698+6229+7786+MF777266+B+NA+NA -> 105698_6229_7786_MF777266_B_NA_NA
105698+6229+7786+MF777265+B+NA+NA -> 105698_6229_7786_MF777265_B_NA_NA
105698+6229+7786+MF777264+B+NA+NA -> 105698_6229_7786_MF777264_B_NA_NA
105698+6229+7786+MF777263+B+NA+NA -> 105698_6229_7786_MF777263_B_NA_NA
105698+6229+7786+MF777262+B+NA+NA -> 105698_6229_7786_MF777262_B_NA_NA
105698+6229+7786+MF777261+B+NA+NA -> 105698_6229_7786_MF777261_B_NA_NA
105698+6229+7786+MF777260+B+NA+NA -> 105698_6229_7786_MF777260_B_NA_NA
105698+6229+7786+MF777259+B+NA+NA -> 105698_6229_7786_MF777259_B_NA_NA
105698+6229+7786+MF777258+B+NA+NA -> 105698_6229_7786_MF777258_B_NA_NA
105698+6229+7786+MF777257+B+NA+NA -> 105698_6229_7786_MF777257_B_NA_NA
105698+6229+7786+MF777256+B+NA+NA -> 105698_6229_7786_MF777256_B_NA_NA
105698+6229+7786+MF777255+B+NA+NA -> 105698_6229_7786_MF777255_B_NA_NA
105698+6229+7786+MF777254+B+NA+NA -> 105698_6229_7786_MF777254_B_NA_NA
105698+6229+7786+MF777253+B+NA+NA -> 105698_6229_7786_MF777253_B_NA_NA
105698+6229+7786+MF777252+B+NA+NA -> 105698_6229_7786_MF777252_B_NA_NA
105698+6229+7786+MF777251+B+NA+NA -> 105698_6229_7786_MF777251_B_NA_NA
105698+6229+7786+MF777250+B+NA+NA -> 105698_6229_7786_MF777250_B_NA_NA
105698+6229+7786+MF777249+B+NA+NA -> 105698_6229_7786_MF777249_B_NA_NA
105698+6229+7786+MF777248+B+NA+NA -> 105698_6229_7786_MF777248_B_NA_NA
105698+6229+7786+MF777247+B+NA+NA -> 105698_6229_7786_MF777247_B_NA_NA
105698+6229+7786+MF777246+B+NA+NA -> 105698_6229_7786_MF777246_B_NA_NA
105698+6229+7786+MF777245+B+NA+NA -> 105698_6229_7786_MF777245_B_NA_NA
105698+6229+7786+MF777244+B+NA+NA -> 105698_6229_7786_MF777244_B_NA_NA
105698+6229+7786+MF777243+B+NA+NA -> 105698_6229_7786_MF777243_B_NA_NA
105698+6229+7786+MF777242+B+NA+NA -> 105698_6229_7786_MF777242_B_NA_NA
105698+6229+7786+MF777241+B+NA+NA -> 105698_6229_7786_MF777241_B_NA_NA
105698+6229+7786+MF777240+B+NA+NA -> 105698_6229_7786_MF777240_B_NA_NA
105698+6229+7786+MF777239+B+NA+NA -> 105698_6229_7786_MF777239_B_NA_NA
105698+6229+7786+MF777238+B+NA+NA -> 105698_6229_7786_MF777238_B_NA_NA
105698+6229+7786+MF777237+B+NA+NA -> 105698_6229_7786_MF777237_B_NA_NA
105698+6229+7786+MF777236+B+NA+NA -> 105698_6229_7786_MF777236_B_NA_NA
105698+6229+7786+MF777235+B+NA+NA -> 105698_6229_7786_MF777235_B_NA_NA
105698+6229+7786+MF777234+B+NA+NA -> 105698_6229_7786_MF777234_B_NA_NA
105698+6229+7786+MF777233+B+NA+NA -> 105698_6229_7786_MF777233_B_NA_NA
105698+6229+7786+MF777232+B+NA+NA -> 105698_6229_7786_MF777232_B_NA_NA
105698+6229+7786+MF777231+B+NA+NA -> 105698_6229_7786_MF777231_B_NA_NA
105698+6229+7786+MF777230+B+NA+NA -> 105698_6229_7786_MF777230_B_NA_NA
105698+6229+7786+MF777229+B+NA+NA -> 105698_6229_7786_MF777229_B_NA_NA
105698+6229+7786+MF777228+B+NA+NA -> 105698_6229_7786_MF777228_B_NA_NA
105698+6229+7786+MF777227+B+NA+NA -> 105698_6229_7786_MF777227_B_NA_NA
105698+6229+7786+MF777226+B+NA+NA -> 105698_6229_7786_MF777226_B_NA_NA
105698+6229+7786+MF777225+B+NA+NA -> 105698_6229_7786_MF777225_B_NA_NA
105698+6229+7786+MF777224+B+NA+NA -> 105698_6229_7786_MF777224_B_NA_NA
105698+6229+7786+MF777223+B+NA+NA -> 105698_6229_7786_MF777223_B_NA_NA
105698+6229+7786+MF777222+B+NA+NA -> 105698_6229_7786_MF777222_B_NA_NA
105698+6229+7786+MF777221+B+NA+NA -> 105698_6229_7786_MF777221_B_NA_NA
105698+6229+7786+MF777220+B+NA+NA -> 105698_6229_7786_MF777220_B_NA_NA
105698+6229+7786+MF777219+B+NA+NA -> 105698_6229_7786_MF777219_B_NA_NA
105698+6229+7786+MF777218+B+NA+NA -> 105698_6229_7786_MF777218_B_NA_NA
105698+6229+7786+MF777217+B+NA+NA -> 105698_6229_7786_MF777217_B_NA_NA
105698+6229+7786+MF777216+B+NA+NA -> 105698_6229_7786_MF777216_B_NA_NA
105698+6229+7786+MF777215+B+NA+NA -> 105698_6229_7786_MF777215_B_NA_NA
105698+6229+7786+MF777214+B+NA+NA -> 105698_6229_7786_MF777214_B_NA_NA
105698+6229+7786+MF777213+B+NA+NA -> 105698_6229_7786_MF777213_B_NA_NA
105698+6229+7786+MF777212+B+NA+NA -> 105698_6229_7786_MF777212_B_NA_NA
105698+6229+7786+MF777211+B+NA+NA -> 105698_6229_7786_MF777211_B_NA_NA
105698+6229+7786+MF777210+B+NA+NA -> 105698_6229_7786_MF777210_B_NA_NA
105698+6229+7786+MF777209+B+NA+NA -> 105698_6229_7786_MF777209_B_NA_NA
105698+6229+7786+MF777208+B+NA+NA -> 105698_6229_7786_MF777208_B_NA_NA
105698+6229+7786+MF777207+B+NA+NA -> 105698_6229_7786_MF777207_B_NA_NA
105698+6229+7786+MF777206+B+NA+NA -> 105698_6229_7786_MF777206_B_NA_NA
105698+6229+7786+MF777205+B+NA+NA -> 105698_6229_7786_MF777205_B_NA_NA
105698+6229+7786+MF777204+B+NA+NA -> 105698_6229_7786_MF777204_B_NA_NA
105698+6229+7786+MF777203+B+NA+NA -> 105698_6229_7786_MF777203_B_NA_NA
105698+6229+7786+MF777202+B+NA+NA -> 105698_6229_7786_MF777202_B_NA_NA
105698+6229+7786+MF777201+B+NA+NA -> 105698_6229_7786_MF777201_B_NA_NA
105698+6229+7786+MF777200+B+NA+NA -> 105698_6229_7786_MF777200_B_NA_NA
105698+6229+7786+MF777199+B+NA+NA -> 105698_6229_7786_MF777199_B_NA_NA
105698+6229+7786+MF777198+B+NA+NA -> 105698_6229_7786_MF777198_B_NA_NA
105698+6229+7786+MF777197+B+NA+NA -> 105698_6229_7786_MF777197_B_NA_NA
105698+6229+7786+MF777196+B+NA+NA -> 105698_6229_7786_MF777196_B_NA_NA
105698+6229+7786+MF777195+B+NA+NA -> 105698_6229_7786_MF777195_B_NA_NA
105698+6229+7786+MF777194+B+NA+NA -> 105698_6229_7786_MF777194_B_NA_NA
105698+6229+7786+MF777193+B+NA+NA -> 105698_6229_7786_MF777193_B_NA_NA
105698+6229+7786+MF777192+B+NA+NA -> 105698_6229_7786_MF777192_B_NA_NA
105698+6229+7786+MF777191+B+NA+NA -> 105698_6229_7786_MF777191_B_NA_NA
105698+6229+7786+MF777190+B+NA+NA -> 105698_6229_7786_MF777190_B_NA_NA
105698+6229+7786+MF777189+B+NA+NA -> 105698_6229_7786_MF777189_B_NA_NA
105698+6229+7786+MF777188+B+NA+NA -> 105698_6229_7786_MF777188_B_NA_NA
105698+6229+7786+MF777187+B+NA+NA -> 105698_6229_7786_MF777187_B_NA_NA
105698+6229+7786+MF777186+B+NA+NA -> 105698_6229_7786_MF777186_B_NA_NA
105698+6229+7786+MF777185+B+NA+NA -> 105698_6229_7786_MF777185_B_NA_NA
105698+6229+7786+MF777184+B+NA+NA -> 105698_6229_7786_MF777184_B_NA_NA
105698+6229+7786+MF777183+B+NA+NA -> 105698_6229_7786_MF777183_B_NA_NA
105698+6229+7786+MF777182+B+NA+NA -> 105698_6229_7786_MF777182_B_NA_NA
105698+6229+7786+MF777181+B+NA+NA -> 105698_6229_7786_MF777181_B_NA_NA
105698+6229+7786+MF777180+B+NA+NA -> 105698_6229_7786_MF777180_B_NA_NA
105698+6229+7786+MF777179+B+NA+NA -> 105698_6229_7786_MF777179_B_NA_NA
105698+6229+7786+MF777178+B+NA+NA -> 105698_6229_7786_MF777178_B_NA_NA
105698+6229+7786+MF777177+B+NA+NA -> 105698_6229_7786_MF777177_B_NA_NA
105698+6229+7786+MF777176+B+NA+NA -> 105698_6229_7786_MF777176_B_NA_NA
105698+6229+7786+MF777175+B+NA+NA -> 105698_6229_7786_MF777175_B_NA_NA
105698+6229+7785+MF777174+B+NA+NA -> 105698_6229_7785_MF777174_B_NA_NA
105698+6229+7786+MF777173+B+NA+NA -> 105698_6229_7786_MF777173_B_NA_NA
105698+6229+7786+MF777172+B+NA+NA -> 105698_6229_7786_MF777172_B_NA_NA
105698+6229+7786+MF777171+B+NA+NA -> 105698_6229_7786_MF777171_B_NA_NA
105698+6229+7824+MF777170+B+NA+NA -> 105698_6229_7824_MF777170_B_NA_NA
105698+6229+7786+MF777169+B+NA+NA -> 105698_6229_7786_MF777169_B_NA_NA
105698+6229+7786+MF777168+B+NA+NA -> 105698_6229_7786_MF777168_B_NA_NA
105698+6229+7786+MF777167+B+NA+NA -> 105698_6229_7786_MF777167_B_NA_NA
105698+6229+7786+MF777166+B+NA+NA -> 105698_6229_7786_MF777166_B_NA_NA
105698+6229+7786+MF777165+B+NA+NA -> 105698_6229_7786_MF777165_B_NA_NA
105698+6229+7786+MF777164+B+NA+NA -> 105698_6229_7786_MF777164_B_NA_NA
105698+6229+7786+MF777163+B+NA+NA -> 105698_6229_7786_MF777163_B_NA_NA
105698+6229+7786+MF777162+B+NA+NA -> 105698_6229_7786_MF777162_B_NA_NA
105698+6229+7786+MF777161+B+NA+NA -> 105698_6229_7786_MF777161_B_NA_NA
105698+6229+7786+MF777160+B+NA+NA -> 105698_6229_7786_MF777160_B_NA_NA
105698+6229+7786+MF777159+B+NA+NA -> 105698_6229_7786_MF777159_B_NA_NA
105698+6229+7786+MF777158+B+NA+NA -> 105698_6229_7786_MF777158_B_NA_NA
105698+6229+7786+MF777157+B+NA+NA -> 105698_6229_7786_MF777157_B_NA_NA
105698+6229+7786+MF777156+B+NA+NA -> 105698_6229_7786_MF777156_B_NA_NA
105698+6229+7786+MF777155+B+NA+NA -> 105698_6229_7786_MF777155_B_NA_NA
105698+6229+7786+MF777154+B+NA+NA -> 105698_6229_7786_MF777154_B_NA_NA
105698+6229+7786+MF777153+B+NA+NA -> 105698_6229_7786_MF777153_B_NA_NA
105698+6229+7786+MF777152+B+NA+NA -> 105698_6229_7786_MF777152_B_NA_NA
105698+6229+7786+MF777151+B+NA+NA -> 105698_6229_7786_MF777151_B_NA_NA
105698+6229+7786+MF777150+B+NA+NA -> 105698_6229_7786_MF777150_B_NA_NA
105698+6229+7786+MF777149+B+NA+NA -> 105698_6229_7786_MF777149_B_NA_NA
105698+6229+7786+MF777148+B+NA+NA -> 105698_6229_7786_MF777148_B_NA_NA
105698+6229+7786+MF777147+B+NA+NA -> 105698_6229_7786_MF777147_B_NA_NA
105698+6229+7786+MF777146+B+NA+NA -> 105698_6229_7786_MF777146_B_NA_NA
105698+6229+7786+MF777145+B+NA+NA -> 105698_6229_7786_MF777145_B_NA_NA
105698+6229+7786+MF777144+B+NA+NA -> 105698_6229_7786_MF777144_B_NA_NA
105698+6229+7786+MF777143+B+NA+NA -> 105698_6229_7786_MF777143_B_NA_NA
105698+6229+7786+MF777142+B+NA+NA -> 105698_6229_7786_MF777142_B_NA_NA
105698+6229+7786+MF777141+B+NA+NA -> 105698_6229_7786_MF777141_B_NA_NA
105698+6229+7786+MF777140+B+NA+NA -> 105698_6229_7786_MF777140_B_NA_NA
105698+6229+7786+MF777139+B+NA+NA -> 105698_6229_7786_MF777139_B_NA_NA
105698+6229+7786+MF777138+B+NA+NA -> 105698_6229_7786_MF777138_B_NA_NA
105698+6229+7786+MF777137+B+NA+NA -> 105698_6229_7786_MF777137_B_NA_NA
105698+6229+7786+MF777136+B+NA+NA -> 105698_6229_7786_MF777136_B_NA_NA
105698+6229+7786+MF777135+B+NA+NA -> 105698_6229_7786_MF777135_B_NA_NA
105698+6229+7785+MF777134+B+NA+NA -> 105698_6229_7785_MF777134_B_NA_NA
105698+6229+7785+MF777133+B+NA+NA -> 105698_6229_7785_MF777133_B_NA_NA
105698+6229+7785+MF777132+B+NA+NA -> 105698_6229_7785_MF777132_B_NA_NA
105698+6229+7785+MF777131+B+NA+NA -> 105698_6229_7785_MF777131_B_NA_NA
105698+6229+7757+MF777130+B+NA+NA -> 105698_6229_7757_MF777130_B_NA_NA
105698+6229+7757+MF777129+B+NA+NA -> 105698_6229_7757_MF777129_B_NA_NA
105698+6229+7757+MF777128+B+NA+NA -> 105698_6229_7757_MF777128_B_NA_NA
105698+6229+7757+MF777127+B+NA+NA -> 105698_6229_7757_MF777127_B_NA_NA
105698+6229+7757+MF777126+B+NA+NA -> 105698_6229_7757_MF777126_B_NA_NA
105698+6229+7757+MF777125+B+NA+NA -> 105698_6229_7757_MF777125_B_NA_NA
105698+6229+7757+MF777124+B+NA+NA -> 105698_6229_7757_MF777124_B_NA_NA
105698+6229+7757+MF777123+B+NA+NA -> 105698_6229_7757_MF777123_B_NA_NA
105698+6229+7757+MF777122+B+NA+NA -> 105698_6229_7757_MF777122_B_NA_NA
105698+6229+7757+MF777121+B+NA+NA -> 105698_6229_7757_MF777121_B_NA_NA
105698+6229+7757+MF777120+B+NA+NA -> 105698_6229_7757_MF777120_B_NA_NA
105698+6229+7757+MF777119+B+NA+NA -> 105698_6229_7757_MF777119_B_NA_NA
105698+6229+7757+MF777118+B+NA+NA -> 105698_6229_7757_MF777118_B_NA_NA
105698+6229+7757+MF777117+B+NA+NA -> 105698_6229_7757_MF777117_B_NA_NA
105698+6229+7757+MF777116+B+NA+NA -> 105698_6229_7757_MF777116_B_NA_NA
105698+6229+7757+MF777115+B+NA+NA -> 105698_6229_7757_MF777115_B_NA_NA
105698+6229+7757+MF777114+B+NA+NA -> 105698_6229_7757_MF777114_B_NA_NA
105698+6229+7757+MF777113+B+NA+NA -> 105698_6229_7757_MF777113_B_NA_NA
105698+6229+7757+MF777112+B+NA+NA -> 105698_6229_7757_MF777112_B_NA_NA
105698+6229+7757+MF777111+B+NA+NA -> 105698_6229_7757_MF777111_B_NA_NA
105698+6229+7757+MF777110+B+NA+NA -> 105698_6229_7757_MF777110_B_NA_NA
105698+6229+7757+MF777109+B+NA+NA -> 105698_6229_7757_MF777109_B_NA_NA
105698+6229+7757+MF777108+B+NA+NA -> 105698_6229_7757_MF777108_B_NA_NA
105698+6229+7757+MF777107+B+NA+NA -> 105698_6229_7757_MF777107_B_NA_NA
105698+6229+7757+MF777106+B+NA+NA -> 105698_6229_7757_MF777106_B_NA_NA
105698+6229+7757+MF777105+B+NA+NA -> 105698_6229_7757_MF777105_B_NA_NA
105698+6229+7757+MF777104+B+NA+NA -> 105698_6229_7757_MF777104_B_NA_NA
105698+6229+7757+MF777103+B+NA+NA -> 105698_6229_7757_MF777103_B_NA_NA
105698+6229+7757+MF777102+B+NA+NA -> 105698_6229_7757_MF777102_B_NA_NA
105698+6229+7757+MF777101+B+NA+NA -> 105698_6229_7757_MF777101_B_NA_NA
105698+6229+7757+MF777100+B+NA+NA -> 105698_6229_7757_MF777100_B_NA_NA
105698+6229+7757+MF777099+B+NA+NA -> 105698_6229_7757_MF777099_B_NA_NA
105698+6229+7757+MF777098+B+NA+NA -> 105698_6229_7757_MF777098_B_NA_NA
105698+6229+7757+MF777097+B+NA+NA -> 105698_6229_7757_MF777097_B_NA_NA
105698+6229+7757+MF777096+B+NA+NA -> 105698_6229_7757_MF777096_B_NA_NA
105698+6229+7757+MF777095+B+NA+NA -> 105698_6229_7757_MF777095_B_NA_NA
105698+6229+7757+MF777094+B+NA+NA -> 105698_6229_7757_MF777094_B_NA_NA
105698+6229+7786+MF777093+B+NA+NA -> 105698_6229_7786_MF777093_B_NA_NA
105698+6229+7786+MF777092+B+NA+NA -> 105698_6229_7786_MF777092_B_NA_NA
105698+6229+7786+MF777091+B+NA+NA -> 105698_6229_7786_MF777091_B_NA_NA
105698+6229+7786+MF777090+B+NA+NA -> 105698_6229_7786_MF777090_B_NA_NA
105698+6229+7786+MF777088+B+NA+NA -> 105698_6229_7786_MF777088_B_NA_NA
105698+6229+7786+MF777087+B+NA+NA -> 105698_6229_7786_MF777087_B_NA_NA
105698+6229+7786+MF777086+B+NA+NA -> 105698_6229_7786_MF777086_B_NA_NA
105698+6229+7786+MF777085+B+NA+NA -> 105698_6229_7786_MF777085_B_NA_NA
105698+6229+7786+MF777084+B+NA+NA -> 105698_6229_7786_MF777084_B_NA_NA
105698+6229+7786+MF777083+B+NA+NA -> 105698_6229_7786_MF777083_B_NA_NA
105698+6229+7786+MF777082+B+NA+NA -> 105698_6229_7786_MF777082_B_NA_NA
105698+6229+7786+MF777081+B+NA+NA -> 105698_6229_7786_MF777081_B_NA_NA
105698+6229+7786+MF777080+B+NA+NA -> 105698_6229_7786_MF777080_B_NA_NA
105698+6229+7786+MF777079+B+NA+NA -> 105698_6229_7786_MF777079_B_NA_NA
105698+6229+7786+MF777078+B+NA+NA -> 105698_6229_7786_MF777078_B_NA_NA
105698+6229+7786+MF777077+B+NA+NA -> 105698_6229_7786_MF777077_B_NA_NA
105698+6229+7786+MF777076+B+NA+NA -> 105698_6229_7786_MF777076_B_NA_NA
105698+6229+7786+MF777075+B+NA+NA -> 105698_6229_7786_MF777075_B_NA_NA
105698+6229+7786+MF777074+B+NA+NA -> 105698_6229_7786_MF777074_B_NA_NA
105698+6229+7786+MF777073+B+NA+NA -> 105698_6229_7786_MF777073_B_NA_NA
105698+6229+7786+MF777072+B+NA+NA -> 105698_6229_7786_MF777072_B_NA_NA
105698+6229+7786+MF777071+B+NA+NA -> 105698_6229_7786_MF777071_B_NA_NA
105698+6229+7785+MF777070+B+NA+NA -> 105698_6229_7785_MF777070_B_NA_NA
105698+6229+7785+MF777069+B+NA+NA -> 105698_6229_7785_MF777069_B_NA_NA
105698+6229+7785+MF777068+B+NA+NA -> 105698_6229_7785_MF777068_B_NA_NA
105698+6229+7785+MF777067+B+NA+NA -> 105698_6229_7785_MF777067_B_NA_NA
105698+6229+7785+MF777066+B+NA+NA -> 105698_6229_7785_MF777066_B_NA_NA
105698+6229+7785+MF777065+B+NA+NA -> 105698_6229_7785_MF777065_B_NA_NA
105698+6229+7785+MF777064+B+NA+NA -> 105698_6229_7785_MF777064_B_NA_NA
105698+6229+7785+MF777063+B+NA+NA -> 105698_6229_7785_MF777063_B_NA_NA
105698+6229+7785+MF777062+B+NA+NA -> 105698_6229_7785_MF777062_B_NA_NA
105698+6229+7785+MF777061+B+NA+NA -> 105698_6229_7785_MF777061_B_NA_NA
105698+6229+7785+MF777060+B+NA+NA -> 105698_6229_7785_MF777060_B_NA_NA
105698+6229+7785+MF777059+B+NA+NA -> 105698_6229_7785_MF777059_B_NA_NA
105698+6229+7785+MF777058+B+NA+NA -> 105698_6229_7785_MF777058_B_NA_NA
105698+6229+7785+MF777057+B+NA+NA -> 105698_6229_7785_MF777057_B_NA_NA
105698+6229+7785+MF777056+B+NA+NA -> 105698_6229_7785_MF777056_B_NA_NA
105698+6229+7785+MF777055+B+NA+NA -> 105698_6229_7785_MF777055_B_NA_NA
105698+6229+7785+MF777054+B+NA+NA -> 105698_6229_7785_MF777054_B_NA_NA
105698+6229+7785+MF777053+B+NA+NA -> 105698_6229_7785_MF777053_B_NA_NA
105698+6229+7785+MF777052+B+NA+NA -> 105698_6229_7785_MF777052_B_NA_NA
105698+6229+7785+MF777050+B+NA+NA -> 105698_6229_7785_MF777050_B_NA_NA
105698+6229+7785+MF777049+B+NA+NA -> 105698_6229_7785_MF777049_B_NA_NA
105698+6229+7785+MF777048+B+NA+NA -> 105698_6229_7785_MF777048_B_NA_NA
105698+6229+7785+MF777047+B+NA+NA -> 105698_6229_7785_MF777047_B_NA_NA

                                   Gap/Ambiguity  Composition  p-value
Analyzing sequences: done in 0.000378257 secs using 97.82% CPU
   1  105698_6229_7786_MF777323_B_NA_NA    5.17%    passed     98.97%
   2  105698_6229_7786_MF777322_B_NA_NA    5.35%    passed     97.03%
   3  105698_6229_7786_MF777321_B_NA_NA    5.71%    passed     98.97%
   4  105698_6229_7786_MF777320_B_NA_NA    5.17%    passed     95.79%
   5  105698_6229_7786_MF777319_B_NA_NA    8.11%    passed     95.00%
   6  105698_6229_7786_MF777318_B_NA_NA    5.17%    passed     95.90%
   7  105698_6229_7786_MF777317_B_NA_NA    5.17%    passed     95.79%
   8  105698_6229_7785_MF777316_B_NA_NA    5.41%    passed     98.07%
   9  105698_6229_7786_MF777315_B_NA_NA    6.07%    passed     97.96%
  10  105698_6229_7786_MF777314_B_NA_NA    6.07%    passed     91.65%
  11  105698_6229_7786_MF777313_B_NA_NA    5.17%    passed     97.27%
  12  105698_6229_7786_MF777312_B_NA_NA    5.17%    passed     99.14%
  13  105698_6229_7786_MF777311_B_NA_NA    5.17%    passed     99.59%
  14  105698_6229_7786_MF777310_B_NA_NA    4.80%    passed     95.80%
  15  105698_6229_7786_MF777309_B_NA_NA    5.17%    passed     99.14%
  16  105698_6229_7786_MF777308_B_NA_NA    5.17%    passed     95.02%
  17  105698_6229_7786_MF777307_B_NA_NA    5.17%    passed     97.54%
  18  105698_6229_7786_MF777306_B_NA_NA    4.74%    passed     97.08%
  19  105698_6229_7786_MF777305_B_NA_NA    4.62%    passed     98.70%
  20  105698_6229_7786_MF777304_B_NA_NA    9.37%    passed     99.43%
  21  105698_6229_7786_MF777303_B_NA_NA    5.17%    passed     97.68%
  22  105698_6229_7785_MF777302_B_NA_NA    6.49%    passed     99.29%
  23  105698_6229_7785_MF777301_B_NA_NA    7.09%    passed     97.81%
  24  105698_6229_7785_MF777300_B_NA_NA    6.67%    passed     90.86%
  25  105698_6229_7785_MF777299_B_NA_NA    6.55%    passed     98.60%
  26  105698_6229_7785_MF777298_B_NA_NA    6.85%    passed     99.63%
  27  105698_6229_7785_MF777297_B_NA_NA    6.43%    passed     98.98%
  28  105698_6229_7785_MF777296_B_NA_NA    6.55%    passed     99.29%
  29  105698_6229_7785_MF777295_B_NA_NA    6.55%    passed     98.38%
  30  105698_6229_7785_MF777294_B_NA_NA    5.95%    passed     92.61%
  31  105698_6229_7785_MF777293_B_NA_NA    6.13%    passed     97.11%
  32  105698_6229_7785_MF777292_B_NA_NA    6.73%    passed     90.61%
  33  105698_6229_7785_MF777291_B_NA_NA    6.43%    passed     99.67%
  34  105698_6229_7785_MF777290_B_NA_NA    6.61%    passed     90.88%
  35  105698_6229_7785_MF777289_B_NA_NA    6.67%    passed     90.86%
  36  105698_6229_7785_MF777288_B_NA_NA    6.55%    passed     99.31%
  37  105698_6229_7785_MF777287_B_NA_NA    6.49%    passed     99.58%
  38  105698_6229_7785_MF777286_B_NA_NA    7.21%    passed     99.34%
  39  105698_6229_7785_MF777285_B_NA_NA    6.49%    passed     99.48%
  40  105698_6229_7793_MF777284_B_NA_NA    4.74%    passed     99.76%
  41  105698_6229_7793_MF777283_B_NA_NA    6.13%    passed     89.01%
  42  105698_6229_7786_MF777282_B_NA_NA    6.97%    passed     98.24%
  43  105698_6229_7786_MF777281_B_NA_NA    6.79%    passed    100.00%
  44  105698_6229_7786_MF777280_B_NA_NA    6.79%    passed     99.58%
  45  105698_6229_7786_MF777279_B_NA_NA    5.89%    passed     94.34%
  46  105698_6229_7786_MF777278_B_NA_NA    5.71%    passed     89.98%
  47  105698_6229_7786_MF777277_B_NA_NA    6.97%    passed     99.19%
  48  105698_6229_7786_MF777276_B_NA_NA    6.97%    passed     99.40%
  49  105698_6229_7786_MF777275_B_NA_NA    6.07%    passed     99.37%
  50  105698_6229_7786_MF777274_B_NA_NA    5.95%    passed     98.38%
  51  105698_6229_7786_MF777273_B_NA_NA    6.79%    passed     99.26%
  52  105698_6229_7786_MF777272_B_NA_NA    6.43%    passed     99.99%
  53  105698_6229_7786_MF777271_B_NA_NA    5.89%    passed     99.57%
  54  105698_6229_7786_MF777270_B_NA_NA    5.89%    passed     97.08%
  55  105698_6229_7786_MF777269_B_NA_NA    6.07%    passed     97.17%
  56  105698_6229_7786_MF777268_B_NA_NA    5.89%    passed     94.41%
  57  105698_6229_7786_MF777267_B_NA_NA    6.97%    passed     98.88%
  58  105698_6229_7786_MF777266_B_NA_NA    6.79%    passed     99.79%
  59  105698_6229_7786_MF777265_B_NA_NA    6.01%    passed     98.65%
  60  105698_6229_7786_MF777264_B_NA_NA    6.25%    passed     95.51%
  61  105698_6229_7786_MF777263_B_NA_NA    6.79%    passed     99.61%
  62  105698_6229_7786_MF777262_B_NA_NA    6.13%    passed     98.41%
  63  105698_6229_7786_MF777261_B_NA_NA    6.13%    passed     98.03%
  64  105698_6229_7786_MF777260_B_NA_NA    5.89%    passed     96.30%
  65  105698_6229_7786_MF777259_B_NA_NA    6.07%    passed     98.94%
  66  105698_6229_7786_MF777258_B_NA_NA    5.89%    passed     99.44%
  67  105698_6229_7786_MF777257_B_NA_NA    6.07%    passed     98.66%
  68  105698_6229_7786_MF777256_B_NA_NA    7.03%    passed     99.44%
  69  105698_6229_7786_MF777255_B_NA_NA    6.13%    passed     98.71%
  70  105698_6229_7786_MF777254_B_NA_NA    6.31%    passed     98.22%
  71  105698_6229_7786_MF777253_B_NA_NA    6.49%    passed     99.22%
  72  105698_6229_7786_MF777252_B_NA_NA    9.25%    passed     95.87%
  73  105698_6229_7786_MF777251_B_NA_NA    6.43%    passed     99.75%
  74  105698_6229_7786_MF777250_B_NA_NA    5.95%    passed     99.40%
  75  105698_6229_7786_MF777249_B_NA_NA    6.07%    passed     98.92%
  76  105698_6229_7786_MF777248_B_NA_NA    5.59%    passed     98.73%
  77  105698_6229_7786_MF777247_B_NA_NA    6.43%    passed     95.84%
  78  105698_6229_7786_MF777246_B_NA_NA    6.85%    passed     97.12%
  79  105698_6229_7786_MF777245_B_NA_NA    6.79%    passed     99.63%
  80  105698_6229_7786_MF777244_B_NA_NA    6.13%    passed     98.09%
  81  105698_6229_7786_MF777243_B_NA_NA    6.07%    passed     92.78%
  82  105698_6229_7786_MF777242_B_NA_NA    5.71%    passed     98.79%
  83  105698_6229_7786_MF777241_B_NA_NA    5.89%    passed     98.62%
  84  105698_6229_7786_MF777240_B_NA_NA    5.95%    passed     99.09%
  85  105698_6229_7786_MF777239_B_NA_NA    5.23%    passed     99.17%
  86  105698_6229_7786_MF777238_B_NA_NA    5.71%    passed     99.85%
  87  105698_6229_7786_MF777237_B_NA_NA    5.17%    passed     97.14%
  88  105698_6229_7786_MF777236_B_NA_NA    5.71%    passed     98.79%
  89  105698_6229_7786_MF777235_B_NA_NA    5.71%    passed     99.87%
  90  105698_6229_7786_MF777234_B_NA_NA    5.71%    passed     99.75%
  91  105698_6229_7786_MF777233_B_NA_NA    6.61%    passed     99.82%
  92  105698_6229_7786_MF777232_B_NA_NA    5.89%    passed     96.24%
  93  105698_6229_7786_MF777231_B_NA_NA    5.17%    passed     97.95%
  94  105698_6229_7786_MF777230_B_NA_NA    5.71%    passed     98.75%
  95  105698_6229_7786_MF777229_B_NA_NA    6.07%    passed     98.71%
  96  105698_6229_7786_MF777228_B_NA_NA    5.89%    passed     94.46%
  97  105698_6229_7786_MF777227_B_NA_NA    5.89%    passed     97.52%
  98  105698_6229_7786_MF777226_B_NA_NA    5.53%    passed     99.63%
  99  105698_6229_7786_MF777225_B_NA_NA    5.17%    passed     98.70%
 100  105698_6229_7786_MF777224_B_NA_NA    5.41%    passed     99.16%
 101  105698_6229_7786_MF777223_B_NA_NA    6.43%    passed     99.44%
 102  105698_6229_7786_MF777222_B_NA_NA    5.59%    passed     97.16%
 103  105698_6229_7786_MF777221_B_NA_NA    5.53%    passed     99.99%
 104  105698_6229_7786_MF777220_B_NA_NA    5.35%    passed     97.92%
 105  105698_6229_7786_MF777219_B_NA_NA    5.71%    passed     99.84%
 106  105698_6229_7786_MF777218_B_NA_NA    5.17%    passed     99.37%
 107  105698_6229_7786_MF777217_B_NA_NA    5.17%    passed     99.84%
 108  105698_6229_7786_MF777216_B_NA_NA    5.53%    passed     99.98%
 109  105698_6229_7786_MF777215_B_NA_NA    5.53%    passed     99.91%
 110  105698_6229_7786_MF777214_B_NA_NA    5.53%    passed     99.97%
 111  105698_6229_7786_MF777213_B_NA_NA    5.17%    passed     97.79%
 112  105698_6229_7786_MF777212_B_NA_NA    5.53%    passed     99.88%
 113  105698_6229_7786_MF777211_B_NA_NA    5.83%    passed     99.44%
 114  105698_6229_7786_MF777210_B_NA_NA    5.53%    passed     99.83%
 115  105698_6229_7786_MF777209_B_NA_NA    5.77%    passed     99.99%
 116  105698_6229_7786_MF777208_B_NA_NA    5.53%    passed     99.91%
 117  105698_6229_7786_MF777207_B_NA_NA    5.59%    passed     98.63%
 118  105698_6229_7786_MF777206_B_NA_NA    5.53%    passed     98.07%
 119  105698_6229_7786_MF777205_B_NA_NA    5.71%    passed     98.95%
 120  105698_6229_7786_MF777204_B_NA_NA    6.07%    passed     99.98%
 121  105698_6229_7786_MF777203_B_NA_NA    5.53%    passed     98.07%
 122  105698_6229_7786_MF777202_B_NA_NA    5.59%    passed     99.92%
 123  105698_6229_7786_MF777201_B_NA_NA    5.59%    passed     97.94%
 124  105698_6229_7786_MF777200_B_NA_NA    5.59%    passed     99.46%
 125  105698_6229_7786_MF777199_B_NA_NA    5.89%    passed     99.56%
 126  105698_6229_7786_MF777198_B_NA_NA    6.79%    passed     99.71%
 127  105698_6229_7786_MF777197_B_NA_NA    5.89%    passed     98.54%
 128  105698_6229_7786_MF777196_B_NA_NA    6.07%    passed     99.64%
 129  105698_6229_7786_MF777195_B_NA_NA    6.07%    passed     99.51%
 130  105698_6229_7786_MF777194_B_NA_NA   10.57%    passed     95.23%
 131  105698_6229_7786_MF777193_B_NA_NA    5.89%    passed    100.00%
 132  105698_6229_7786_MF777192_B_NA_NA    5.35%    passed     99.90%
 133  105698_6229_7786_MF777191_B_NA_NA    7.33%    passed     97.77%
 134  105698_6229_7786_MF777190_B_NA_NA    5.89%    passed     99.32%
 135  105698_6229_7786_MF777189_B_NA_NA    5.95%    passed     99.15%
 136  105698_6229_7786_MF777188_B_NA_NA    5.89%    passed     98.54%
 137  105698_6229_7786_MF777187_B_NA_NA    5.89%    passed     98.71%
 138  105698_6229_7786_MF777186_B_NA_NA    5.71%    passed     99.57%
 139  105698_6229_7786_MF777185_B_NA_NA    6.43%    passed     98.83%
 140  105698_6229_7786_MF777184_B_NA_NA    5.89%    passed     99.49%
 141  105698_6229_7786_MF777183_B_NA_NA    5.89%    passed     99.49%
 142  105698_6229_7786_MF777182_B_NA_NA    5.89%    passed     98.72%
 143  105698_6229_7786_MF777181_B_NA_NA    5.53%    passed     99.12%
 144  105698_6229_7786_MF777180_B_NA_NA    5.71%    passed     99.87%
 145  105698_6229_7786_MF777179_B_NA_NA    5.89%    passed     98.21%
 146  105698_6229_7786_MF777178_B_NA_NA    5.89%    passed     99.99%
 147  105698_6229_7786_MF777177_B_NA_NA    5.89%    passed     99.93%
 148  105698_6229_7786_MF777176_B_NA_NA    5.89%    passed     99.90%
 149  105698_6229_7786_MF777175_B_NA_NA    5.89%    passed     99.72%
 150  105698_6229_7785_MF777174_B_NA_NA    5.95%    passed     99.97%
 151  105698_6229_7786_MF777173_B_NA_NA    5.95%    passed     99.36%
 152  105698_6229_7786_MF777172_B_NA_NA    5.83%    passed     99.96%
 153  105698_6229_7786_MF777171_B_NA_NA    5.89%    passed     99.94%
 154  105698_6229_7824_MF777170_B_NA_NA    3.36%    passed     98.81%
 155  105698_6229_7786_MF777169_B_NA_NA    5.89%    passed     99.31%
 156  105698_6229_7786_MF777168_B_NA_NA    5.95%    passed     99.51%
 157  105698_6229_7786_MF777167_B_NA_NA    6.07%    passed     99.82%
 158  105698_6229_7786_MF777166_B_NA_NA    5.89%    passed     99.87%
 159  105698_6229_7786_MF777165_B_NA_NA    5.89%    passed     98.88%
 160  105698_6229_7786_MF777164_B_NA_NA    5.89%    passed     99.74%
 161  105698_6229_7786_MF777163_B_NA_NA    5.89%    passed     99.88%
 162  105698_6229_7786_MF777162_B_NA_NA    5.89%    passed     99.93%
 163  105698_6229_7786_MF777161_B_NA_NA    6.07%    passed     99.79%
 164  105698_6229_7786_MF777160_B_NA_NA    6.25%    passed     99.25%
 165  105698_6229_7786_MF777159_B_NA_NA    6.31%    passed     99.14%
 166  105698_6229_7786_MF777158_B_NA_NA    5.89%    passed     99.16%
 167  105698_6229_7786_MF777157_B_NA_NA    8.59%    passed     98.88%
 168  105698_6229_7786_MF777156_B_NA_NA    5.89%    passed     99.94%
 169  105698_6229_7786_MF777155_B_NA_NA    5.89%    passed     99.98%
 170  105698_6229_7786_MF777154_B_NA_NA    5.89%    passed     99.88%
 171  105698_6229_7786_MF777153_B_NA_NA    5.89%    passed     99.74%
 172  105698_6229_7786_MF777152_B_NA_NA    5.89%    passed     99.54%
 173  105698_6229_7786_MF777151_B_NA_NA    6.19%    passed     99.81%
 174  105698_6229_7786_MF777150_B_NA_NA    6.25%    passed     99.39%
 175  105698_6229_7786_MF777149_B_NA_NA    6.07%    passed     99.91%
 176  105698_6229_7786_MF777148_B_NA_NA    6.25%    passed     99.90%
 177  105698_6229_7786_MF777147_B_NA_NA    5.89%    passed     99.39%
 178  105698_6229_7786_MF777146_B_NA_NA    5.89%    passed     99.64%
 179  105698_6229_7786_MF777145_B_NA_NA    5.89%    passed     99.97%
 180  105698_6229_7786_MF777144_B_NA_NA    5.83%    passed     99.93%
 181  105698_6229_7786_MF777143_B_NA_NA    5.89%    passed     99.81%
 182  105698_6229_7786_MF777142_B_NA_NA    5.95%    passed     99.94%
 183  105698_6229_7786_MF777141_B_NA_NA    5.89%    passed     99.96%
 184  105698_6229_7786_MF777140_B_NA_NA    5.83%    passed    100.00%
 185  105698_6229_7786_MF777139_B_NA_NA    5.89%    passed     99.86%
 186  105698_6229_7786_MF777138_B_NA_NA    5.89%    passed     99.30%
 187  105698_6229_7786_MF777137_B_NA_NA    5.89%    passed     99.94%
 188  105698_6229_7786_MF777136_B_NA_NA    5.89%    passed     99.25%
 189  105698_6229_7786_MF777135_B_NA_NA    5.83%    passed     99.98%
 190  105698_6229_7785_MF777134_B_NA_NA    5.95%    passed     99.95%
 191  105698_6229_7785_MF777133_B_NA_NA    5.95%    passed     99.58%
 192  105698_6229_7785_MF777132_B_NA_NA    6.01%    passed     99.21%
 193  105698_6229_7785_MF777131_B_NA_NA    5.95%    passed     99.81%
 194  105698_6229_7757_MF777130_B_NA_NA    7.63%    passed     99.93%
 195  105698_6229_7757_MF777129_B_NA_NA    7.63%    passed     99.86%
 196  105698_6229_7757_MF777128_B_NA_NA    7.63%    passed     99.99%
 197  105698_6229_7757_MF777127_B_NA_NA    7.63%    passed     99.13%
 198  105698_6229_7757_MF777126_B_NA_NA    7.69%    passed     95.08%
 199  105698_6229_7757_MF777125_B_NA_NA    7.63%    passed     95.88%
 200  105698_6229_7757_MF777124_B_NA_NA    7.63%    passed     99.78%
 201  105698_6229_7757_MF777123_B_NA_NA    7.63%    passed     98.74%
 202  105698_6229_7757_MF777122_B_NA_NA    7.63%    passed     99.86%
 203  105698_6229_7757_MF777121_B_NA_NA    7.63%    passed     99.54%
 204  105698_6229_7757_MF777120_B_NA_NA    7.63%    passed     97.49%
 205  105698_6229_7757_MF777119_B_NA_NA    7.63%    passed     99.25%
 206  105698_6229_7757_MF777118_B_NA_NA    7.63%    passed     99.94%
 207  105698_6229_7757_MF777117_B_NA_NA    7.57%    passed     98.65%
 208  105698_6229_7757_MF777116_B_NA_NA    7.63%    passed     97.88%
 209  105698_6229_7757_MF777115_B_NA_NA    9.55%    passed     97.91%
 210  105698_6229_7757_MF777114_B_NA_NA    7.69%    passed     93.82%
 211  105698_6229_7757_MF777113_B_NA_NA    7.63%    passed     99.50%
 212  105698_6229_7757_MF777112_B_NA_NA    7.63%    passed     99.50%
 213  105698_6229_7757_MF777111_B_NA_NA    7.63%    passed     98.63%
 214  105698_6229_7757_MF777110_B_NA_NA    7.63%    passed     97.89%
 215  105698_6229_7757_MF777109_B_NA_NA    7.69%    passed     95.88%
 216  105698_6229_7757_MF777108_B_NA_NA    7.57%    passed     97.89%
 217  105698_6229_7757_MF777107_B_NA_NA    7.63%    passed     99.16%
 218  105698_6229_7757_MF777106_B_NA_NA    7.63%    passed     98.63%
 219  105698_6229_7757_MF777105_B_NA_NA    7.63%    passed     99.16%
 220  105698_6229_7757_MF777104_B_NA_NA    7.63%    passed     96.91%
 221  105698_6229_7757_MF777103_B_NA_NA    8.05%    passed     99.37%
 222  105698_6229_7757_MF777102_B_NA_NA    7.63%    passed     96.61%
 223  105698_6229_7757_MF777101_B_NA_NA    7.63%    passed     99.80%
 224  105698_6229_7757_MF777100_B_NA_NA    7.63%    passed     98.63%
 225  105698_6229_7757_MF777099_B_NA_NA    7.63%    passed     96.91%
 226  105698_6229_7757_MF777098_B_NA_NA    7.69%    passed     99.58%
 227  105698_6229_7757_MF777097_B_NA_NA    7.63%    passed     99.16%
 228  105698_6229_7757_MF777096_B_NA_NA    7.99%    passed     97.91%
 229  105698_6229_7757_MF777095_B_NA_NA    7.81%    passed     96.52%
 230  105698_6229_7757_MF777094_B_NA_NA    7.63%    passed     99.50%
 231  105698_6229_7786_MF777093_B_NA_NA    6.01%    passed     99.13%
 232  105698_6229_7786_MF777092_B_NA_NA    5.89%    passed     99.58%
 233  105698_6229_7786_MF777091_B_NA_NA    5.89%    passed     99.86%
 234  105698_6229_7786_MF777090_B_NA_NA    5.89%    passed     98.26%
 235  105698_6229_7786_MF777088_B_NA_NA    5.89%    passed     99.72%
 236  105698_6229_7786_MF777087_B_NA_NA    5.95%    passed     99.84%
 237  105698_6229_7786_MF777086_B_NA_NA    5.89%    passed     99.97%
 238  105698_6229_7786_MF777085_B_NA_NA    5.95%    passed     99.92%
 239  105698_6229_7786_MF777084_B_NA_NA    5.89%    passed     99.98%
 240  105698_6229_7786_MF777083_B_NA_NA    5.89%    passed     99.86%
 241  105698_6229_7786_MF777082_B_NA_NA    5.89%    passed     99.81%
 242  105698_6229_7786_MF777081_B_NA_NA    5.89%    passed     99.97%
 243  105698_6229_7786_MF777080_B_NA_NA    5.89%    passed     99.15%
 244  105698_6229_7786_MF777079_B_NA_NA    5.89%    passed     99.57%
 245  105698_6229_7786_MF777078_B_NA_NA    5.83%    passed     99.86%
 246  105698_6229_7786_MF777077_B_NA_NA    5.89%    passed     99.81%
 247  105698_6229_7786_MF777076_B_NA_NA    5.89%    passed     99.27%
 248  105698_6229_7786_MF777075_B_NA_NA    5.89%    passed     99.63%
 249  105698_6229_7786_MF777074_B_NA_NA    5.89%    passed     99.92%
 250  105698_6229_7786_MF777073_B_NA_NA    5.89%    passed     99.93%
 251  105698_6229_7786_MF777072_B_NA_NA    5.89%    passed     98.70%
 252  105698_6229_7786_MF777071_B_NA_NA    5.89%    passed     99.71%
 253  105698_6229_7785_MF777070_B_NA_NA    5.95%    passed     99.42%
 254  105698_6229_7785_MF777069_B_NA_NA    5.95%    passed     99.87%
 255  105698_6229_7785_MF777068_B_NA_NA    5.95%    passed     99.84%
 256  105698_6229_7785_MF777067_B_NA_NA    5.95%    passed     99.98%
 257  105698_6229_7785_MF777066_B_NA_NA    5.95%    passed     99.87%
 258  105698_6229_7785_MF777065_B_NA_NA    5.95%    passed     99.96%
 259  105698_6229_7785_MF777064_B_NA_NA    5.95%    passed     99.87%
 260  105698_6229_7785_MF777063_B_NA_NA    5.95%    passed     99.87%
 261  105698_6229_7785_MF777062_B_NA_NA    5.95%    passed     99.87%
 262  105698_6229_7785_MF777061_B_NA_NA    5.95%    passed     99.69%
 263  105698_6229_7785_MF777060_B_NA_NA    6.13%    passed     99.94%
 264  105698_6229_7785_MF777059_B_NA_NA    5.95%    passed     99.96%
 265  105698_6229_7785_MF777058_B_NA_NA    6.01%    passed     99.99%
 266  105698_6229_7785_MF777057_B_NA_NA    5.95%    passed     99.90%
 267  105698_6229_7785_MF777056_B_NA_NA    5.95%    passed     99.94%
 268  105698_6229_7785_MF777055_B_NA_NA    5.95%    passed     99.96%
 269  105698_6229_7785_MF777054_B_NA_NA    5.95%    passed     99.87%
 270  105698_6229_7785_MF777053_B_NA_NA    5.95%    passed     99.96%
 271  105698_6229_7785_MF777052_B_NA_NA    5.95%    passed     99.87%
 272  105698_6229_7785_MF777050_B_NA_NA    5.95%    passed     99.99%
 273  105698_6229_7785_MF777049_B_NA_NA    6.07%    passed     99.95%
 274  105698_6229_7785_MF777048_B_NA_NA    5.95%    passed     99.99%
 275  105698_6229_7785_MF777047_B_NA_NA    5.95%    passed     99.98%
****  TOTAL                                6.22%  0 sequences failed composition chi2 test (p-value<5%; df=3)
NOTE: 105698_6229_7786_MF777317_B_NA_NA is identical to 105698_6229_7786_MF777320_B_NA_NA but kept for subsequent analysis
NOTE: 105698_6229_7786_MF777236_B_NA_NA is identical to 105698_6229_7786_MF777242_B_NA_NA but kept for subsequent analysis
NOTE: 105698_6229_7786_MF777208_B_NA_NA is identical to 105698_6229_7786_MF777215_B_NA_NA but kept for subsequent analysis
NOTE: 105698_6229_7786_MF777203_B_NA_NA is identical to 105698_6229_7786_MF777206_B_NA_NA but kept for subsequent analysis
NOTE: 105698_6229_7786_MF777183_B_NA_NA is identical to 105698_6229_7786_MF777184_B_NA_NA but kept for subsequent analysis
NOTE: 105698_6229_7757_MF777112_B_NA_NA is identical to 105698_6229_7757_MF777113_B_NA_NA but kept for subsequent analysis
NOTE: 105698_6229_7757_MF777106_B_NA_NA is identical to 105698_6229_7757_MF777111_B_NA_NA but kept for subsequent analysis
NOTE: 105698_6229_7757_MF777099_B_NA_NA is identical to 105698_6229_7757_MF777104_B_NA_NA but kept for subsequent analysis
NOTE: 105698_6229_7785_MF777066_B_NA_NA is identical to 105698_6229_7785_MF777069_B_NA_NA but kept for subsequent analysis
NOTE: 105698_6229_7785_MF777059_B_NA_NA is identical to 105698_6229_7785_MF777065_B_NA_NA but kept for subsequent analysis
NOTE: 105698_6229_7785_MF777048_B_NA_NA is identical to 105698_6229_7785_MF777050_B_NA_NA but kept for subsequent analysis
NOTE: 7 identical sequences (see below) will be ignored for subsequent analysis
NOTE: 105698_6229_7757_MF777094_B_NA_NA (identical to 105698_6229_7757_MF777113_B_NA_NA) is ignored but added at the end
NOTE: 105698_6229_7785_MF777063_B_NA_NA (identical to 105698_6229_7785_MF777069_B_NA_NA) is ignored but added at the end
NOTE: 105698_6229_7785_MF777062_B_NA_NA (identical to 105698_6229_7785_MF777069_B_NA_NA) is ignored but added at the end
NOTE: 105698_6229_7785_MF777054_B_NA_NA (identical to 105698_6229_7785_MF777069_B_NA_NA) is ignored but added at the end
NOTE: 105698_6229_7785_MF777052_B_NA_NA (identical to 105698_6229_7785_MF777069_B_NA_NA) is ignored but added at the end
NOTE: 105698_6229_7785_MF777055_B_NA_NA (identical to 105698_6229_7785_MF777065_B_NA_NA) is ignored but added at the end
NOTE: 105698_6229_7785_MF777053_B_NA_NA (identical to 105698_6229_7785_MF777065_B_NA_NA) is ignored but added at the end
Alignment was printed to iqtree_subset/105698+280+B.uniqueseq.phy

For your convenience alignment with unique sequences printed to iqtree_subset/105698+280+B.uniqueseq.phy

Create initial parsimony tree by phylogenetic likelihood library (PLL)... 0.035 seconds

NOTE: 24 MB RAM (0 GB) is required!
Measuring multi-threading efficiency up to 1 CPU cores
Increase to 10 rounds for branch lengths
3 trees examined
Threads: 1 / Time: 1.157 sec / Speedup: 1.000 / Efficiency: 100% / LogL: -37076
BEST NUMBER OF THREADS: 1

Estimate model parameters (epsilon = 0.100)
1. Initial log-likelihood: -20597.998
2. Current log-likelihood: -19553.557
3. Current log-likelihood: -19209.118
4. Current log-likelihood: -19041.858
5. Current log-likelihood: -19038.087
6. Current log-likelihood: -19035.830
7. Current log-likelihood: -19033.487
8. Current log-likelihood: -19031.235
9. Current log-likelihood: -19029.200
10. Current log-likelihood: -19027.413
11. Current log-likelihood: -19025.851
12. Current log-likelihood: -19024.413
13. Current log-likelihood: -19023.307
14. Current log-likelihood: -19022.513
15. Current log-likelihood: -19022.165
16. Current log-likelihood: -19022.018
Optimal log-likelihood: -19021.940
Rate parameters:  A-C: 1.75379  A-G: 4.70891  A-T: 0.48778  C-G: 0.61339  C-T: 4.03420  G-T: 1.00000
Base frequencies:  A: 0.364  C: 0.167  G: 0.224  T: 0.245
Proportion of invariable sites: 0.489
Site proportion and rates:  (0.337,0.416) (0.104,2.406) (0.053,6.936) (0.017,14.251)
Parameters optimization took 16 rounds (8.452 sec)
Wrote distance file to... 
Computing ML distances based on estimated model parameters...
Calculating distance matrix: done in 0.313922 secs using 99.83% CPU
Computing ML distances took 0.314689 sec (of wall-clock time) 0.314171 sec (of CPU time)
Setting up auxiliary I and S matrices: done in 0.0013227 secs using 99.49% CPU
Computing RapidNJ tree took 0.005003 sec (of wall-clock time) 0.004987 sec (of CPU time)
Log-likelihood of RapidNJ tree: -19207.354
--------------------------------------------------------------------
|             INITIALIZING CANDIDATE TREE SET                      |
--------------------------------------------------------------------
Generating 98 parsimony trees... 4.222 second
Computing log-likelihood of 98 initial trees ... 4.704 seconds
Current best score: -18915.268

Do NNI search on 20 best initial trees
Estimate model parameters (epsilon = 0.100)
BETTER TREE FOUND at iteration 1: -18847.084
Iteration 10 / LogL: -18913.360 / Time: 0h:0m:33s
Iteration 20 / LogL: -18918.102 / Time: 0h:0m:44s
Finish initializing candidate tree set (20)
Current best tree score: -18847.084 / CPU time: 33.539
Number of iterations: 20
--------------------------------------------------------------------
|               OPTIMIZING CANDIDATE TREE SET                      |
--------------------------------------------------------------------
Estimate model parameters (epsilon = 0.100)
BETTER TREE FOUND at iteration 23: -18833.474
Estimate model parameters (epsilon = 0.100)
BETTER TREE FOUND at iteration 24: -18831.879
Iteration 30 / LogL: -18848.077 / Time: 0h:0m:58s (0h:3m:8s left)
Estimate model parameters (epsilon = 0.100)
BETTER TREE FOUND at iteration 33: -18830.130
Estimate model parameters (epsilon = 0.100)
BETTER TREE FOUND at iteration 40: -18829.141
Iteration 40 / LogL: -18829.141 / Time: 0h:1m:11s (0h:3m:3s left)
Estimate model parameters (epsilon = 0.100)
BETTER TREE FOUND at iteration 49: -18825.975
Iteration 50 / LogL: -18844.051 / Time: 0h:1m:24s (0h:2m:50s left)
Iteration 60 / LogL: -18836.191 / Time: 0h:1m:36s (0h:2m:24s left)
Estimate model parameters (epsilon = 0.100)
BETTER TREE FOUND at iteration 61: -18825.652
Iteration 70 / LogL: -18841.145 / Time: 0h:1m:48s (0h:2m:23s left)
Estimate model parameters (epsilon = 0.100)
BETTER TREE FOUND at iteration 75: -18825.118
Iteration 80 / LogL: -18854.924 / Time: 0h:1m:59s (0h:2m:23s left)
Estimate model parameters (epsilon = 0.100)
BETTER TREE FOUND at iteration 82: -18820.936
Iteration 90 / LogL: -18826.641 / Time: 0h:2m:12s (0h:2m:16s left)
Estimate model parameters (epsilon = 0.100)
BETTER TREE FOUND at iteration 92: -18812.224
Iteration 100 / LogL: -18847.656 / Time: 0h:2m:24s (0h:2m:13s left)
Estimate model parameters (epsilon = 0.100)
BETTER TREE FOUND at iteration 106: -18804.835
Iteration 110 / LogL: -18817.454 / Time: 0h:2m:36s (0h:2m:18s left)
Iteration 120 / LogL: -18824.651 / Time: 0h:2m:48s (0h:2m:1s left)
Iteration 130 / LogL: -18878.694 / Time: 0h:3m:0s (0h:1m:46s left)
Iteration 140 / LogL: -18813.689 / Time: 0h:3m:12s (0h:1m:31s left)
Iteration 150 / LogL: -18811.098 / Time: 0h:3m:23s (0h:1m:16s left)
Estimate model parameters (epsilon = 0.100)
BETTER TREE FOUND at iteration 157: -18800.346
Estimate model parameters (epsilon = 0.100)
BETTER TREE FOUND at iteration 159: -18799.576
Iteration 160 / LogL: -18820.632 / Time: 0h:3m:35s (0h:2m:14s left)
Estimate model parameters (epsilon = 0.100)
BETTER TREE FOUND at iteration 161: -18796.479
Iteration 170 / LogL: -18811.436 / Time: 0h:3m:47s (0h:2m:2s left)
Iteration 180 / LogL: -18811.151 / Time: 0h:3m:58s (0h:1m:48s left)
Iteration 190 / LogL: -18864.275 / Time: 0h:4m:10s (0h:1m:33s left)
Estimate model parameters (epsilon = 0.100)
BETTER TREE FOUND at iteration 197: -18796.090
Iteration 200 / LogL: -18826.538 / Time: 0h:4m:22s (0h:2m:7s left)
Iteration 210 / LogL: -18811.456 / Time: 0h:4m:34s (0h:1m:54s left)
Iteration 220 / LogL: -18797.788 / Time: 0h:4m:45s (0h:1m:40s left)
Iteration 230 / LogL: -18822.064 / Time: 0h:4m:56s (0h:1m:26s left)
Iteration 240 / LogL: -18810.788 / Time: 0h:5m:7s (0h:1m:13s left)
Estimate model parameters (epsilon = 0.100)
BETTER TREE FOUND at iteration 245: -18794.308
Estimate model parameters (epsilon = 0.100)
BETTER TREE FOUND at iteration 246: -18793.705
Iteration 250 / LogL: -18836.138 / Time: 0h:5m:19s (0h:2m:3s left)
Iteration 260 / LogL: -18804.698 / Time: 0h:5m:30s (0h:1m:49s left)
Estimate model parameters (epsilon = 0.100)
BETTER TREE FOUND at iteration 267: -18791.455
Iteration 270 / LogL: -18913.073 / Time: 0h:5m:42s (0h:2m:3s left)
Estimate model parameters (epsilon = 0.100)
BETTER TREE FOUND at iteration 276: -18789.954
Estimate model parameters (epsilon = 0.100)
BETTER TREE FOUND at iteration 280: -18788.488
Iteration 280 / LogL: -18788.488 / Time: 0h:5m:54s (0h:2m:7s left)
Iteration 290 / LogL: -18822.717 / Time: 0h:6m:5s (0h:1m:53s left)
Iteration 300 / LogL: -18801.378 / Time: 0h:6m:15s (0h:1m:40s left)
Iteration 310 / LogL: -18800.662 / Time: 0h:6m:26s (0h:1m:27s left)
Iteration 320 / LogL: -18797.646 / Time: 0h:6m:37s (0h:1m:14s left)
Iteration 330 / LogL: -18827.372 / Time: 0h:6m:48s (0h:1m:2s left)
Estimate model parameters (epsilon = 0.100)
BETTER TREE FOUND at iteration 339: -18786.140
Iteration 340 / LogL: -18831.781 / Time: 0h:7m:0s (0h:2m:2s left)
Estimate model parameters (epsilon = 0.100)
BETTER TREE FOUND at iteration 343: -18782.064
Iteration 350 / LogL: -18787.682 / Time: 0h:7m:11s (0h:1m:55s left)
Estimate model parameters (epsilon = 0.100)
BETTER TREE FOUND at iteration 360: -18778.634
Iteration 360 / LogL: -18778.634 / Time: 0h:7m:23s (0h:2m:3s left)
Estimate model parameters (epsilon = 0.100)
BETTER TREE FOUND at iteration 368: -18777.937
Iteration 370 / LogL: -18807.095 / Time: 0h:7m:34s (0h:2m:0s left)
Iteration 380 / LogL: -18779.139 / Time: 0h:7m:47s (0h:1m:48s left)
Iteration 390 / LogL: -18818.582 / Time: 0h:8m:1s (0h:1m:36s left)
Estimate model parameters (epsilon = 0.100)
BETTER TREE FOUND at iteration 400: -18776.981
Iteration 400 / LogL: -18776.981 / Time: 0h:8m:15s (0h:2m:4s left)
Estimate model parameters (epsilon = 0.100)
BETTER TREE FOUND at iteration 404: -18774.218
Iteration 410 / LogL: -18800.138 / Time: 0h:8m:29s (0h:1m:57s left)
Iteration 420 / LogL: -18795.201 / Time: 0h:8m:43s (0h:1m:45s left)
Iteration 430 / LogL: -18815.485 / Time: 0h:9m:0s (0h:1m:33s left)
Iteration 440 / LogL: -18802.659 / Time: 0h:9m:17s (0h:1m:21s left)
Iteration 450 / LogL: -18782.006 / Time: 0h:9m:33s (0h:1m:9s left)
Estimate model parameters (epsilon = 0.100)
BETTER TREE FOUND at iteration 460: -18773.030
Iteration 460 / LogL: -18773.030 / Time: 0h:9m:52s (0h:2m:9s left)
Iteration 470 / LogL: -18777.296 / Time: 0h:10m:10s (0h:1m:57s left)
Iteration 480 / LogL: -18779.387 / Time: 0h:10m:27s (0h:1m:44s left)
Estimate model parameters (epsilon = 0.100)
BETTER TREE FOUND at iteration 482: -18772.481
Iteration 490 / LogL: -18781.903 / Time: 0h:10m:45s (0h:2m:1s left)
Iteration 500 / LogL: -18785.438 / Time: 0h:11m:3s (0h:1m:48s left)
Iteration 510 / LogL: -18793.650 / Time: 0h:11m:20s (0h:1m:36s left)
Iteration 520 / LogL: -18784.344 / Time: 0h:11m:38s (0h:1m:23s left)
Iteration 530 / LogL: -18782.576 / Time: 0h:11m:56s (0h:1m:10s left)
Iteration 540 / LogL: -18817.901 / Time: 0h:12m:12s (0h:0m:57s left)
Iteration 550 / LogL: -18772.585 / Time: 0h:12m:29s (0h:0m:43s left)
Iteration 560 / LogL: -18792.756 / Time: 0h:12m:46s (0h:0m:30s left)
Estimate model parameters (epsilon = 0.100)
BETTER TREE FOUND at iteration 567: -18770.404
Iteration 570 / LogL: -18781.407 / Time: 0h:13m:4s (0h:2m:13s left)
Iteration 580 / LogL: -18784.490 / Time: 0h:13m:21s (0h:2m:0s left)
Iteration 590 / LogL: -18782.941 / Time: 0h:13m:38s (0h:1m:47s left)
Iteration 600 / LogL: -18780.507 / Time: 0h:13m:56s (0h:1m:33s left)
Estimate model parameters (epsilon = 0.100)
BETTER TREE FOUND at iteration 605: -18770.335
Iteration 610 / LogL: -18790.218 / Time: 0h:14m:14s (0h:2m:13s left)
Iteration 620 / LogL: -18803.159 / Time: 0h:14m:31s (0h:1m:59s left)
Iteration 630 / LogL: -18777.253 / Time: 0h:14m:48s (0h:1m:45s left)
Iteration 640 / LogL: -18825.999 / Time: 0h:15m:5s (0h:1m:32s left)
Iteration 650 / LogL: -18786.138 / Time: 0h:15m:22s (0h:1m:18s left)
Iteration 660 / LogL: -18834.708 / Time: 0h:15m:40s (0h:1m:4s left)
Iteration 670 / LogL: -18864.088 / Time: 0h:15m:56s (0h:0m:50s left)
Iteration 680 / LogL: -18775.487 / Time: 0h:16m:14s (0h:0m:35s left)
Iteration 690 / LogL: -18773.141 / Time: 0h:16m:31s (0h:0m:21s left)
Iteration 700 / LogL: -18774.875 / Time: 0h:16m:49s (0h:0m:7s left)
Estimate model parameters (epsilon = 0.100)
BETTER TREE FOUND at iteration 703: -18769.498
Iteration 710 / LogL: -18780.269 / Time: 0h:17m:7s (0h:2m:14s left)
Iteration 720 / LogL: -18776.506 / Time: 0h:17m:24s (0h:2m:0s left)
Estimate model parameters (epsilon = 0.100)
BETTER TREE FOUND at iteration 723: -18769.462
Iteration 730 / LogL: -18783.436 / Time: 0h:17m:42s (0h:2m:15s left)
Iteration 740 / LogL: -18771.618 / Time: 0h:17m:58s (0h:2m:1s left)
Iteration 750 / LogL: -18805.590 / Time: 0h:18m:14s (0h:1m:46s left)
Iteration 760 / LogL: -18770.100 / Time: 0h:18m:32s (0h:1m:32s left)
Iteration 770 / LogL: -18806.300 / Time: 0h:18m:48s (0h:1m:17s left)
Iteration 780 / LogL: -18783.460 / Time: 0h:19m:5s (0h:1m:3s left)
Iteration 790 / LogL: -18782.233 / Time: 0h:19m:22s (0h:0m:48s left)
Iteration 800 / LogL: -18798.779 / Time: 0h:19m:39s (0h:0m:33s left)
Iteration 810 / LogL: -18784.889 / Time: 0h:19m:55s (0h:0m:19s left)
Iteration 820 / LogL: -18778.539 / Time: 0h:20m:13s (0h:0m:4s left)
TREE SEARCH COMPLETED AFTER 824 ITERATIONS / Time: 0h:20m:19s

--------------------------------------------------------------------
|                    FINALIZING TREE SEARCH                        |
--------------------------------------------------------------------
Performs final model parameters optimization
Estimate model parameters (epsilon = 0.010)
1. Initial log-likelihood: -18769.462
Optimal log-likelihood: -18769.461
Rate parameters:  A-C: 1.79146  A-G: 5.27479  A-T: 0.44287  C-G: 0.56901  C-T: 3.87689  G-T: 1.00000
Base frequencies:  A: 0.364  C: 0.167  G: 0.224  T: 0.245
Proportion of invariable sites: 0.473
Site proportion and rates:  (0.357,0.392) (0.106,2.506) (0.052,7.608) (0.012,16.512)
Parameters optimization took 1 rounds (0.354 sec)
BEST SCORE FOUND : -18769.461
Empirical proportions for each category: 0.847 0.091 0.051 0.010
Site rates printed to iqtree_subset/105698+280+B.rate

Testing tree branches by SH-like aLRT with 1000 replicates...
10.225 sec.
Total tree length: 2.132

Total number of iterations: 824
CPU time used for tree search: 1189.199 sec (0h:19m:49s)
Wall-clock time used for tree search: 1208.892 sec (0h:20m:8s)
Total CPU time used: 1210.331 sec (0h:20m:10s)
Total wall-clock time used: 1230.139 sec (0h:20m:30s)

Analysis results written to: 
  IQ-TREE report:                iqtree_subset/105698+280+B.iqtree
  Maximum-likelihood tree:       iqtree_subset/105698+280+B.treefile
  Likelihood distances:          iqtree_subset/105698+280+B.mldist
  Site-specific rates:           iqtree_subset/105698+280+B.rate
  Screen log file:               iqtree_subset/105698+280+B.log

Date and Time: Tue Feb 11 18:38:13 2025
