IQ-TREE multicore version 2.3.3 COVID-edition for Linux x86 64-bit built Apr 25 2024
Developed by Bui Quang Minh, James Barbetti, Nguyen Lam Tung, Olga Chernomor,
Heiko Schmidt, Dominik Schrempf, Michael Woodhams, Ly Trong Nhan, Thomas Wong

Host:    linusblack.lanl.gov (AVX512, FMA3, 754 GB RAM)
Command: iqtree -s mafft_subset/13654+571+B.fasta -m GTR+I+R -alrt 1000 -T AUTO --prefix iqtree_subset/13654+571+B --rate -redo
Seed:    260808 (Using SPRNG - Scalable Parallel Random Number Generator)
Time:    Tue Feb 11 18:01:43 2025
Kernel:  AVX+FMA - auto-detect threads (1 CPU cores detected)

Reading alignment file mafft_subset/13654+571+B.fasta ... Fasta format detected
Reading fasta file: done in 0.00432392 secs using 99.4% CPU
Alignment most likely contains DNA/RNA sequences
Alignment has 162 sequences with 761 columns, 331 distinct patterns
119 parsimony-informative, 169 singleton sites, 473 constant sites
WARNING: Some sequence names are changed as follows:
13654+8748+9453+DQ853649+B+NA+NA -> 13654_8748_9453_DQ853649_B_NA_NA
13654+8748+9453+DQ853648+B+NA+NA -> 13654_8748_9453_DQ853648_B_NA_NA
13654+8748+9453+DQ853647+B+NA+NA -> 13654_8748_9453_DQ853647_B_NA_NA
13654+8748+9453+DQ853646+B+NA+NA -> 13654_8748_9453_DQ853646_B_NA_NA
13654+8748+9453+DQ853645+B+NA+NA -> 13654_8748_9453_DQ853645_B_NA_NA
13654+8748+9453+DQ853644+B+NA+NA -> 13654_8748_9453_DQ853644_B_NA_NA
13654+8748+9453+DQ853643+B+NA+NA -> 13654_8748_9453_DQ853643_B_NA_NA
13654+8748+9453+DQ853642+B+NA+NA -> 13654_8748_9453_DQ853642_B_NA_NA
13654+8748+9453+DQ853641+B+NA+NA -> 13654_8748_9453_DQ853641_B_NA_NA
13654+8748+9453+DQ853640+B+NA+NA -> 13654_8748_9453_DQ853640_B_NA_NA
13654+8748+9453+DQ853639+B+NA+NA -> 13654_8748_9453_DQ853639_B_NA_NA
13654+8748+9453+DQ853638+B+NA+NA -> 13654_8748_9453_DQ853638_B_NA_NA
13654+8755+9447+DQ853637+B+NA+NA -> 13654_8755_9447_DQ853637_B_NA_NA
13654+8779+9385+DQ853636+B+NA+NA -> 13654_8779_9385_DQ853636_B_NA_NA
13654+8748+9453+DQ853635+B+NA+NA -> 13654_8748_9453_DQ853635_B_NA_NA
13654+8748+9453+DQ853634+B+NA+NA -> 13654_8748_9453_DQ853634_B_NA_NA
13654+8748+9453+DQ853633+B+NA+NA -> 13654_8748_9453_DQ853633_B_NA_NA
13654+8748+9453+DQ853632+B+NA+NA -> 13654_8748_9453_DQ853632_B_NA_NA
13654+8748+9453+DQ853631+B+NA+NA -> 13654_8748_9453_DQ853631_B_NA_NA
13654+8748+9453+DQ853630+B+NA+NA -> 13654_8748_9453_DQ853630_B_NA_NA
13654+8748+9453+DQ853629+B+NA+NA -> 13654_8748_9453_DQ853629_B_NA_NA
13654+8748+9453+DQ853628+B+NA+NA -> 13654_8748_9453_DQ853628_B_NA_NA
13654+8748+9453+DQ853627+B+NA+NA -> 13654_8748_9453_DQ853627_B_NA_NA
13654+8748+9453+DQ853626+B+NA+NA -> 13654_8748_9453_DQ853626_B_NA_NA
13654+8748+9453+DQ853625+B+NA+NA -> 13654_8748_9453_DQ853625_B_NA_NA
13654+8748+9453+DQ853624+B+NA+NA -> 13654_8748_9453_DQ853624_B_NA_NA
13654+8748+9453+DQ853623+B+NA+NA -> 13654_8748_9453_DQ853623_B_NA_NA
13654+8748+9453+DQ853622+B+NA+NA -> 13654_8748_9453_DQ853622_B_NA_NA
13654+8748+9453+DQ853621+B+NA+NA -> 13654_8748_9453_DQ853621_B_NA_NA
13654+8748+9453+DQ853620+B+NA+NA -> 13654_8748_9453_DQ853620_B_NA_NA
13654+8748+9453+DQ853619+B+NA+NA -> 13654_8748_9453_DQ853619_B_NA_NA
13654+8748+9453+DQ853618+B+NA+NA -> 13654_8748_9453_DQ853618_B_NA_NA
13654+8748+9453+DQ853617+B+NA+NA -> 13654_8748_9453_DQ853617_B_NA_NA
13654+8748+9453+DQ853616+B+NA+NA -> 13654_8748_9453_DQ853616_B_NA_NA
13654+8748+9453+DQ853615+B+NA+NA -> 13654_8748_9453_DQ853615_B_NA_NA
13654+8748+9453+DQ853614+B+NA+NA -> 13654_8748_9453_DQ853614_B_NA_NA
13654+8746+9453+DQ853613+B+NA+NA -> 13654_8746_9453_DQ853613_B_NA_NA
13654+8748+9453+DQ853612+B+NA+NA -> 13654_8748_9453_DQ853612_B_NA_NA
13654+8746+9453+DQ853610+B+NA+NA -> 13654_8746_9453_DQ853610_B_NA_NA
13654+8748+9463+DQ853609+B+NA+NA -> 13654_8748_9463_DQ853609_B_NA_NA
13654+8748+9463+DQ853608+B+NA+NA -> 13654_8748_9463_DQ853608_B_NA_NA
13654+8746+9435+DQ853607+B+NA+NA -> 13654_8746_9435_DQ853607_B_NA_NA
13654+8748+9463+DQ853606+B+NA+NA -> 13654_8748_9463_DQ853606_B_NA_NA
13654+8748+9453+DQ853605+B+NA+NA -> 13654_8748_9453_DQ853605_B_NA_NA
13654+8748+9453+DQ853604+B+NA+NA -> 13654_8748_9453_DQ853604_B_NA_NA
13654+8748+9463+DQ853603+B+NA+NA -> 13654_8748_9463_DQ853603_B_NA_NA
13654+8748+9453+DQ853602+B+NA+NA -> 13654_8748_9453_DQ853602_B_NA_NA
13654+8750+9453+DQ853601+B+NA+NA -> 13654_8750_9453_DQ853601_B_NA_NA
13654+8748+9453+DQ853600+B+NA+NA -> 13654_8748_9453_DQ853600_B_NA_NA
13654+8749+9454+DQ853598+B+NA+NA -> 13654_8749_9454_DQ853598_B_NA_NA
13654+8748+9453+DQ853597+B+NA+NA -> 13654_8748_9453_DQ853597_B_NA_NA
13654+8748+9453+DQ853596+B+NA+NA -> 13654_8748_9453_DQ853596_B_NA_NA
13654+8748+9453+DQ853595+B+NA+NA -> 13654_8748_9453_DQ853595_B_NA_NA
13654+8748+9453+DQ853594+B+NA+NA -> 13654_8748_9453_DQ853594_B_NA_NA
13654+8748+9453+DQ853593+B+NA+NA -> 13654_8748_9453_DQ853593_B_NA_NA
13654+8748+9453+DQ853592+B+NA+NA -> 13654_8748_9453_DQ853592_B_NA_NA
13654+8748+9453+DQ853591+B+NA+NA -> 13654_8748_9453_DQ853591_B_NA_NA
13654+8748+9453+DQ853590+B+NA+NA -> 13654_8748_9453_DQ853590_B_NA_NA
13654+8748+9453+DQ853589+B+NA+NA -> 13654_8748_9453_DQ853589_B_NA_NA
13654+8747+9453+DQ853588+B+NA+NA -> 13654_8747_9453_DQ853588_B_NA_NA
13654+8748+9453+DQ853587+B+NA+NA -> 13654_8748_9453_DQ853587_B_NA_NA
13654+8748+9453+DQ853586+B+NA+NA -> 13654_8748_9453_DQ853586_B_NA_NA
13654+8748+9453+DQ853585+B+NA+NA -> 13654_8748_9453_DQ853585_B_NA_NA
13654+8748+9453+DQ853584+B+NA+NA -> 13654_8748_9453_DQ853584_B_NA_NA
13654+8748+9453+DQ853583+B+NA+NA -> 13654_8748_9453_DQ853583_B_NA_NA
13654+8748+9453+DQ853582+B+NA+NA -> 13654_8748_9453_DQ853582_B_NA_NA
13654+8748+9453+DQ853581+B+NA+NA -> 13654_8748_9453_DQ853581_B_NA_NA
13654+8748+9453+DQ853580+B+NA+NA -> 13654_8748_9453_DQ853580_B_NA_NA
13654+8748+9453+DQ853579+B+NA+NA -> 13654_8748_9453_DQ853579_B_NA_NA
13654+8748+9453+DQ853578+B+NA+NA -> 13654_8748_9453_DQ853578_B_NA_NA
13654+8748+9453+DQ853577+B+NA+NA -> 13654_8748_9453_DQ853577_B_NA_NA
13654+8748+9453+DQ853576+B+NA+NA -> 13654_8748_9453_DQ853576_B_NA_NA
13654+8748+9453+DQ853575+B+NA+NA -> 13654_8748_9453_DQ853575_B_NA_NA
13654+8748+9453+DQ853574+B+NA+NA -> 13654_8748_9453_DQ853574_B_NA_NA
13654+8748+9478+DQ853573+B+NA+NA -> 13654_8748_9478_DQ853573_B_NA_NA
13654+8748+9463+DQ853572+B+NA+NA -> 13654_8748_9463_DQ853572_B_NA_NA
13654+8748+9453+DQ853571+B+NA+NA -> 13654_8748_9453_DQ853571_B_NA_NA
13654+8746+9453+DQ853570+B+NA+NA -> 13654_8746_9453_DQ853570_B_NA_NA
13654+8748+9453+DQ853569+B+NA+NA -> 13654_8748_9453_DQ853569_B_NA_NA
13654+8752+9453+DQ853568+B+NA+NA -> 13654_8752_9453_DQ853568_B_NA_NA
13654+8748+9453+DQ853567+B+NA+NA -> 13654_8748_9453_DQ853567_B_NA_NA
13654+8748+9453+DQ853566+B+NA+NA -> 13654_8748_9453_DQ853566_B_NA_NA
13654+8748+9453+DQ853565+B+NA+NA -> 13654_8748_9453_DQ853565_B_NA_NA
13654+8748+9453+DQ853564+B+NA+NA -> 13654_8748_9453_DQ853564_B_NA_NA
13654+8748+9453+DQ853563+B+NA+NA -> 13654_8748_9453_DQ853563_B_NA_NA
13654+8748+9453+DQ853562+B+NA+NA -> 13654_8748_9453_DQ853562_B_NA_NA
13654+8748+9453+DQ853561+B+NA+NA -> 13654_8748_9453_DQ853561_B_NA_NA
13654+8748+9453+DQ853560+B+NA+NA -> 13654_8748_9453_DQ853560_B_NA_NA
13654+8748+9453+DQ853559+B+NA+NA -> 13654_8748_9453_DQ853559_B_NA_NA
13654+8748+9453+DQ853558+B+NA+NA -> 13654_8748_9453_DQ853558_B_NA_NA
13654+8748+9453+DQ853557+B+NA+NA -> 13654_8748_9453_DQ853557_B_NA_NA
13654+8748+9453+DQ853556+B+NA+NA -> 13654_8748_9453_DQ853556_B_NA_NA
13654+8748+9453+DQ853555+B+NA+NA -> 13654_8748_9453_DQ853555_B_NA_NA
13654+8748+9453+DQ853554+B+NA+NA -> 13654_8748_9453_DQ853554_B_NA_NA
13654+8748+9453+DQ853553+B+NA+NA -> 13654_8748_9453_DQ853553_B_NA_NA
13654+8748+9453+DQ853552+B+NA+NA -> 13654_8748_9453_DQ853552_B_NA_NA
13654+8748+9453+DQ853551+B+NA+NA -> 13654_8748_9453_DQ853551_B_NA_NA
13654+8748+9453+DQ853550+B+NA+NA -> 13654_8748_9453_DQ853550_B_NA_NA
13654+8748+9453+DQ853549+B+NA+NA -> 13654_8748_9453_DQ853549_B_NA_NA
13654+8755+9453+DQ853548+B+NA+NA -> 13654_8755_9453_DQ853548_B_NA_NA
13654+8748+9453+DQ853547+B+NA+NA -> 13654_8748_9453_DQ853547_B_NA_NA
13654+8748+9453+DQ853546+B+NA+NA -> 13654_8748_9453_DQ853546_B_NA_NA
13654+8748+9453+DQ853545+B+NA+NA -> 13654_8748_9453_DQ853545_B_NA_NA
13654+8748+9453+DQ853544+B+NA+NA -> 13654_8748_9453_DQ853544_B_NA_NA
13654+8748+9453+DQ853543+B+NA+NA -> 13654_8748_9453_DQ853543_B_NA_NA
13654+8748+9453+DQ853542+B+NA+NA -> 13654_8748_9453_DQ853542_B_NA_NA
13654+8764+9453+DQ853541+B+NA+NA -> 13654_8764_9453_DQ853541_B_NA_NA
13654+8748+9453+DQ853540+B+NA+NA -> 13654_8748_9453_DQ853540_B_NA_NA
13654+8748+9453+DQ853539+B+NA+NA -> 13654_8748_9453_DQ853539_B_NA_NA
13654+8748+9453+DQ853538+B+NA+NA -> 13654_8748_9453_DQ853538_B_NA_NA
13654+8748+9453+DQ853537+B+NA+NA -> 13654_8748_9453_DQ853537_B_NA_NA
13654+8748+9453+DQ853536+B+NA+NA -> 13654_8748_9453_DQ853536_B_NA_NA
13654+8748+9453+DQ853535+B+NA+NA -> 13654_8748_9453_DQ853535_B_NA_NA
13654+8748+9453+DQ853534+B+NA+NA -> 13654_8748_9453_DQ853534_B_NA_NA
13654+8748+9453+DQ853533+B+NA+NA -> 13654_8748_9453_DQ853533_B_NA_NA
13654+8748+9453+DQ853532+B+NA+NA -> 13654_8748_9453_DQ853532_B_NA_NA
13654+8748+9453+DQ853531+B+NA+NA -> 13654_8748_9453_DQ853531_B_NA_NA
13654+8748+9453+DQ853530+B+NA+NA -> 13654_8748_9453_DQ853530_B_NA_NA
13654+8748+9453+DQ853529+B+NA+NA -> 13654_8748_9453_DQ853529_B_NA_NA
13654+8748+9453+DQ853528+B+NA+NA -> 13654_8748_9453_DQ853528_B_NA_NA
13654+8748+9453+DQ853527+B+NA+NA -> 13654_8748_9453_DQ853527_B_NA_NA
13654+8748+9453+DQ853526+B+NA+NA -> 13654_8748_9453_DQ853526_B_NA_NA
13654+8748+9408+DQ853525+B+NA+NA -> 13654_8748_9408_DQ853525_B_NA_NA
13654+8748+9453+DQ853524+B+NA+NA -> 13654_8748_9453_DQ853524_B_NA_NA
13654+8748+9453+DQ853523+B+NA+NA -> 13654_8748_9453_DQ853523_B_NA_NA
13654+8757+9453+DQ853522+B+NA+NA -> 13654_8757_9453_DQ853522_B_NA_NA
13654+8748+9453+DQ853521+B+NA+NA -> 13654_8748_9453_DQ853521_B_NA_NA
13654+8748+9453+DQ853520+B+NA+NA -> 13654_8748_9453_DQ853520_B_NA_NA
13654+8748+9453+DQ853519+B+NA+NA -> 13654_8748_9453_DQ853519_B_NA_NA
13654+8748+9453+DQ853518+B+NA+NA -> 13654_8748_9453_DQ853518_B_NA_NA
13654+8748+9453+DQ853517+B+NA+NA -> 13654_8748_9453_DQ853517_B_NA_NA
13654+8748+9453+DQ853516+B+NA+NA -> 13654_8748_9453_DQ853516_B_NA_NA
13654+8748+9453+DQ853515+B+NA+NA -> 13654_8748_9453_DQ853515_B_NA_NA
13654+8748+9453+DQ853514+B+NA+NA -> 13654_8748_9453_DQ853514_B_NA_NA
13654+8748+9453+DQ853513+B+NA+NA -> 13654_8748_9453_DQ853513_B_NA_NA
13654+8749+9453+DQ853512+B+NA+NA -> 13654_8749_9453_DQ853512_B_NA_NA
13654+8748+9453+DQ853511+B+NA+NA -> 13654_8748_9453_DQ853511_B_NA_NA
13654+8748+9453+DQ853510+B+NA+NA -> 13654_8748_9453_DQ853510_B_NA_NA
13654+8748+9453+DQ853509+B+NA+NA -> 13654_8748_9453_DQ853509_B_NA_NA
13654+8748+9453+DQ853508+B+NA+NA -> 13654_8748_9453_DQ853508_B_NA_NA
13654+8748+9453+DQ853507+B+NA+NA -> 13654_8748_9453_DQ853507_B_NA_NA
13654+8748+9453+DQ853506+B+NA+NA -> 13654_8748_9453_DQ853506_B_NA_NA
13654+8748+9453+DQ853505+B+NA+NA -> 13654_8748_9453_DQ853505_B_NA_NA
13654+8748+9453+DQ853504+B+NA+NA -> 13654_8748_9453_DQ853504_B_NA_NA
13654+8748+9453+DQ853503+B+NA+NA -> 13654_8748_9453_DQ853503_B_NA_NA
13654+8748+9453+DQ853502+B+NA+NA -> 13654_8748_9453_DQ853502_B_NA_NA
13654+8780+9428+DQ853501+B+NA+NA -> 13654_8780_9428_DQ853501_B_NA_NA
13654+8780+9428+DQ853500+B+NA+NA -> 13654_8780_9428_DQ853500_B_NA_NA
13654+8780+9428+DQ853499+B+NA+NA -> 13654_8780_9428_DQ853499_B_NA_NA
13654+8780+9428+DQ853498+B+NA+NA -> 13654_8780_9428_DQ853498_B_NA_NA
13654+8780+9428+DQ853497+B+NA+NA -> 13654_8780_9428_DQ853497_B_NA_NA
13654+8780+9428+DQ853496+B+NA+NA -> 13654_8780_9428_DQ853496_B_NA_NA
13654+8780+9428+DQ853495+B+NA+NA -> 13654_8780_9428_DQ853495_B_NA_NA
13654+8780+9428+DQ853494+B+NA+NA -> 13654_8780_9428_DQ853494_B_NA_NA
13654+8780+9428+DQ853493+B+NA+NA -> 13654_8780_9428_DQ853493_B_NA_NA
13654+8780+9428+DQ853492+B+NA+NA -> 13654_8780_9428_DQ853492_B_NA_NA
13654+8780+9428+DQ853491+B+NA+NA -> 13654_8780_9428_DQ853491_B_NA_NA
13654+8780+9428+DQ853490+B+NA+NA -> 13654_8780_9428_DQ853490_B_NA_NA
13654+8780+9428+DQ853489+B+NA+NA -> 13654_8780_9428_DQ853489_B_NA_NA
13654+8780+9428+DQ853488+B+NA+NA -> 13654_8780_9428_DQ853488_B_NA_NA
13654+8780+9428+DQ853487+B+NA+NA -> 13654_8780_9428_DQ853487_B_NA_NA
13654+8780+9428+DQ853486+B+NA+NA -> 13654_8780_9428_DQ853486_B_NA_NA

                                  Gap/Ambiguity  Composition  p-value
Analyzing sequences: done in 0.000245074 secs using 76.71% CPU
   1  13654_8748_9453_DQ853649_B_NA_NA    6.83%    passed     99.96%
   2  13654_8748_9453_DQ853648_B_NA_NA    6.83%    passed     99.26%
   3  13654_8748_9453_DQ853647_B_NA_NA    6.83%    passed     99.50%
   4  13654_8748_9453_DQ853646_B_NA_NA    6.83%    passed     99.96%
   5  13654_8748_9453_DQ853645_B_NA_NA    6.83%    passed     99.97%
   6  13654_8748_9453_DQ853644_B_NA_NA    6.83%    passed     99.96%
   7  13654_8748_9453_DQ853643_B_NA_NA    6.83%    passed     99.96%
   8  13654_8748_9453_DQ853642_B_NA_NA    6.96%    passed     99.42%
   9  13654_8748_9453_DQ853641_B_NA_NA    6.83%    passed     99.96%
  10  13654_8748_9453_DQ853640_B_NA_NA    6.83%    passed     99.20%
  11  13654_8748_9453_DQ853639_B_NA_NA    6.83%    passed     99.20%
  12  13654_8748_9453_DQ853638_B_NA_NA    6.83%    passed     99.20%
  13  13654_8755_9447_DQ853637_B_NA_NA    8.54%    passed     99.30%
  14  13654_8779_9385_DQ853636_B_NA_NA   19.71%    passed     98.88%
  15  13654_8748_9453_DQ853635_B_NA_NA    6.83%    passed     99.20%
  16  13654_8748_9453_DQ853634_B_NA_NA    6.83%    passed     99.89%
  17  13654_8748_9453_DQ853633_B_NA_NA    6.70%    passed     99.73%
  18  13654_8748_9453_DQ853632_B_NA_NA    6.83%    passed     99.89%
  19  13654_8748_9453_DQ853631_B_NA_NA    6.83%    passed     99.96%
  20  13654_8748_9453_DQ853630_B_NA_NA    6.83%    passed     99.89%
  21  13654_8748_9453_DQ853629_B_NA_NA    6.83%    passed     99.64%
  22  13654_8748_9453_DQ853628_B_NA_NA    6.83%    passed     98.12%
  23  13654_8748_9453_DQ853627_B_NA_NA    6.83%    passed     99.55%
  24  13654_8748_9453_DQ853626_B_NA_NA    6.83%    passed     99.76%
  25  13654_8748_9453_DQ853625_B_NA_NA    6.83%    passed     99.80%
  26  13654_8748_9453_DQ853624_B_NA_NA    6.83%    passed     99.76%
  27  13654_8748_9453_DQ853623_B_NA_NA    6.83%    passed     99.63%
  28  13654_8748_9453_DQ853622_B_NA_NA    6.83%    passed     99.26%
  29  13654_8748_9453_DQ853621_B_NA_NA    6.83%    passed     98.78%
  30  13654_8748_9453_DQ853620_B_NA_NA    6.83%    passed     98.78%
  31  13654_8748_9453_DQ853619_B_NA_NA    6.83%    passed     99.96%
  32  13654_8748_9453_DQ853618_B_NA_NA    6.83%    passed     99.26%
  33  13654_8748_9453_DQ853617_B_NA_NA    6.83%    passed     99.96%
  34  13654_8748_9453_DQ853616_B_NA_NA    6.83%    passed     97.40%
  35  13654_8748_9453_DQ853615_B_NA_NA    6.83%    passed     99.85%
  36  13654_8748_9453_DQ853614_B_NA_NA    6.96%    passed     99.90%
  37  13654_8746_9453_DQ853613_B_NA_NA    6.18%    passed     99.66%
  38  13654_8748_9453_DQ853612_B_NA_NA    6.83%    passed     99.85%
  39  13654_8746_9453_DQ853610_B_NA_NA    6.18%    passed     99.24%
  40  13654_8748_9463_DQ853609_B_NA_NA    6.31%    passed     99.55%
  41  13654_8748_9463_DQ853608_B_NA_NA    6.04%    passed     99.29%
  42  13654_8746_9435_DQ853607_B_NA_NA    8.41%    passed    100.00%
  43  13654_8748_9463_DQ853606_B_NA_NA    6.04%    passed     98.60%
  44  13654_8748_9453_DQ853605_B_NA_NA    6.83%    passed     99.95%
  45  13654_8748_9453_DQ853604_B_NA_NA    6.83%    passed     94.24%
  46  13654_8748_9463_DQ853603_B_NA_NA    5.91%    passed     99.12%
  47  13654_8748_9453_DQ853602_B_NA_NA    6.57%    passed     99.76%
  48  13654_8750_9453_DQ853601_B_NA_NA    7.10%    passed     99.25%
  49  13654_8748_9453_DQ853600_B_NA_NA    6.83%    passed     97.75%
  50  13654_8749_9454_DQ853598_B_NA_NA    6.57%    passed     91.31%
  51  13654_8748_9453_DQ853597_B_NA_NA    6.83%    passed     99.59%
  52  13654_8748_9453_DQ853596_B_NA_NA    6.83%    passed     99.59%
  53  13654_8748_9453_DQ853595_B_NA_NA    6.83%    passed     96.88%
  54  13654_8748_9453_DQ853594_B_NA_NA    6.83%    passed     99.10%
  55  13654_8748_9453_DQ853593_B_NA_NA    6.83%    passed     99.85%
  56  13654_8748_9453_DQ853592_B_NA_NA    6.96%    passed     99.93%
  57  13654_8748_9453_DQ853591_B_NA_NA    6.83%    passed     99.55%
  58  13654_8748_9453_DQ853590_B_NA_NA    6.83%    passed     99.76%
  59  13654_8748_9453_DQ853589_B_NA_NA    6.83%    passed     99.92%
  60  13654_8747_9453_DQ853588_B_NA_NA    6.70%    passed     99.78%
  61  13654_8748_9453_DQ853587_B_NA_NA    6.83%    passed    100.00%
  62  13654_8748_9453_DQ853586_B_NA_NA    6.83%    passed     99.98%
  63  13654_8748_9453_DQ853585_B_NA_NA    6.83%    passed     99.00%
  64  13654_8748_9453_DQ853584_B_NA_NA    6.83%    passed     99.83%
  65  13654_8748_9453_DQ853583_B_NA_NA    6.83%    passed     99.21%
  66  13654_8748_9453_DQ853582_B_NA_NA    6.96%    passed     98.20%
  67  13654_8748_9453_DQ853581_B_NA_NA    6.83%    passed     99.68%
  68  13654_8748_9453_DQ853580_B_NA_NA    6.83%    passed     98.58%
  69  13654_8748_9453_DQ853579_B_NA_NA    6.83%    passed     95.70%
  70  13654_8748_9453_DQ853578_B_NA_NA    6.96%    passed     99.25%
  71  13654_8748_9453_DQ853577_B_NA_NA    6.83%    passed     97.01%
  72  13654_8748_9453_DQ853576_B_NA_NA    6.83%    passed     98.91%
  73  13654_8748_9453_DQ853575_B_NA_NA    6.83%    passed     98.73%
  74  13654_8748_9453_DQ853574_B_NA_NA    6.83%    passed     94.58%
  75  13654_8748_9478_DQ853573_B_NA_NA    2.63%    passed     91.49%
  76  13654_8748_9463_DQ853572_B_NA_NA    6.04%    passed     96.65%
  77  13654_8748_9453_DQ853571_B_NA_NA    6.83%    passed     97.12%
  78  13654_8746_9453_DQ853570_B_NA_NA    6.04%    passed     93.70%
  79  13654_8748_9453_DQ853569_B_NA_NA    6.83%    passed     99.68%
  80  13654_8752_9453_DQ853568_B_NA_NA    7.49%    passed     99.18%
  81  13654_8748_9453_DQ853567_B_NA_NA    6.83%    passed     99.12%
  82  13654_8748_9453_DQ853566_B_NA_NA    6.83%    passed     97.40%
  83  13654_8748_9453_DQ853565_B_NA_NA    6.83%    passed     93.01%
  84  13654_8748_9453_DQ853564_B_NA_NA    6.83%    passed     99.83%
  85  13654_8748_9453_DQ853563_B_NA_NA    6.83%    passed     98.95%
  86  13654_8748_9453_DQ853562_B_NA_NA    6.83%    passed     99.64%
  87  13654_8748_9453_DQ853561_B_NA_NA    6.83%    passed     99.83%
  88  13654_8748_9453_DQ853560_B_NA_NA    6.83%    passed     99.30%
  89  13654_8748_9453_DQ853559_B_NA_NA    6.96%    passed     99.83%
  90  13654_8748_9453_DQ853558_B_NA_NA    6.83%    passed     99.95%
  91  13654_8748_9453_DQ853557_B_NA_NA    6.83%    passed     99.31%
  92  13654_8748_9453_DQ853556_B_NA_NA    6.83%    passed     99.40%
  93  13654_8748_9453_DQ853555_B_NA_NA    6.83%    passed     99.95%
  94  13654_8748_9453_DQ853554_B_NA_NA    6.83%    passed     99.40%
  95  13654_8748_9453_DQ853553_B_NA_NA    6.83%    passed     99.89%
  96  13654_8748_9453_DQ853552_B_NA_NA    6.83%    passed     99.96%
  97  13654_8748_9453_DQ853551_B_NA_NA    6.83%    passed     99.89%
  98  13654_8748_9453_DQ853550_B_NA_NA    6.83%    passed     99.26%
  99  13654_8748_9453_DQ853549_B_NA_NA    6.83%    passed     99.79%
 100  13654_8755_9453_DQ853548_B_NA_NA    7.88%    passed     99.94%
 101  13654_8748_9453_DQ853547_B_NA_NA    6.83%    passed     99.79%
 102  13654_8748_9453_DQ853546_B_NA_NA    6.83%    passed     99.81%
 103  13654_8748_9453_DQ853545_B_NA_NA    6.83%    passed     99.96%
 104  13654_8748_9453_DQ853544_B_NA_NA    7.10%    passed     99.80%
 105  13654_8748_9453_DQ853543_B_NA_NA    6.83%    passed     99.31%
 106  13654_8748_9453_DQ853542_B_NA_NA    6.70%    passed     99.95%
 107  13654_8764_9453_DQ853541_B_NA_NA    8.94%    passed     99.23%
 108  13654_8748_9453_DQ853540_B_NA_NA    6.18%    passed     99.50%
 109  13654_8748_9453_DQ853539_B_NA_NA    6.83%    passed     99.86%
 110  13654_8748_9453_DQ853538_B_NA_NA    6.83%    passed     99.64%
 111  13654_8748_9453_DQ853537_B_NA_NA    6.83%    passed     99.09%
 112  13654_8748_9453_DQ853536_B_NA_NA    6.70%    passed     99.38%
 113  13654_8748_9453_DQ853535_B_NA_NA    6.83%    passed    100.00%
 114  13654_8748_9453_DQ853534_B_NA_NA    6.83%    passed     99.85%
 115  13654_8748_9453_DQ853533_B_NA_NA    6.83%    passed     98.15%
 116  13654_8748_9453_DQ853532_B_NA_NA    6.83%    passed     99.92%
 117  13654_8748_9453_DQ853531_B_NA_NA    6.83%    passed     98.74%
 118  13654_8748_9453_DQ853530_B_NA_NA    6.83%    passed     99.03%
 119  13654_8748_9453_DQ853529_B_NA_NA    6.83%    passed     98.31%
 120  13654_8748_9453_DQ853528_B_NA_NA    6.83%    passed     99.98%
 121  13654_8748_9453_DQ853527_B_NA_NA    6.83%    passed     99.03%
 122  13654_8748_9453_DQ853526_B_NA_NA    6.83%    passed     98.40%
 123  13654_8748_9408_DQ853525_B_NA_NA   12.61%    passed     97.01%
 124  13654_8748_9453_DQ853524_B_NA_NA    6.83%    passed     98.78%
 125  13654_8748_9453_DQ853523_B_NA_NA    6.83%    passed     99.96%
 126  13654_8757_9453_DQ853522_B_NA_NA    8.02%    passed     99.28%
 127  13654_8748_9453_DQ853521_B_NA_NA    6.96%    passed     99.80%
 128  13654_8748_9453_DQ853520_B_NA_NA    6.96%    passed     99.17%
 129  13654_8748_9453_DQ853519_B_NA_NA    6.83%    passed     99.42%
 130  13654_8748_9453_DQ853518_B_NA_NA    6.83%    passed     99.92%
 131  13654_8748_9453_DQ853517_B_NA_NA    6.96%    passed     98.68%
 132  13654_8748_9453_DQ853516_B_NA_NA    6.83%    passed     99.65%
 133  13654_8748_9453_DQ853515_B_NA_NA    7.10%    passed     99.04%
 134  13654_8748_9453_DQ853514_B_NA_NA    6.83%    passed     96.86%
 135  13654_8748_9453_DQ853513_B_NA_NA    6.83%    passed     99.42%
 136  13654_8749_9453_DQ853512_B_NA_NA    6.96%    passed     98.22%
 137  13654_8748_9453_DQ853511_B_NA_NA    6.83%    passed     99.64%
 138  13654_8748_9453_DQ853510_B_NA_NA    6.83%    passed     99.76%
 139  13654_8748_9453_DQ853509_B_NA_NA    6.83%    passed     99.26%
 140  13654_8748_9453_DQ853508_B_NA_NA    6.96%    passed     99.56%
 141  13654_8748_9453_DQ853507_B_NA_NA    6.83%    passed     99.64%
 142  13654_8748_9453_DQ853506_B_NA_NA    6.83%    passed     99.76%
 143  13654_8748_9453_DQ853505_B_NA_NA    6.83%    passed     99.80%
 144  13654_8748_9453_DQ853504_B_NA_NA    6.83%    passed     94.81%
 145  13654_8748_9453_DQ853503_B_NA_NA    6.83%    passed     99.10%
 146  13654_8748_9453_DQ853502_B_NA_NA    6.83%    passed     98.32%
 147  13654_8780_9428_DQ853501_B_NA_NA   14.32%    passed     98.34%
 148  13654_8780_9428_DQ853500_B_NA_NA   14.32%    passed     98.34%
 149  13654_8780_9428_DQ853499_B_NA_NA   14.32%    passed     95.94%
 150  13654_8780_9428_DQ853498_B_NA_NA   14.32%    passed     99.83%
 151  13654_8780_9428_DQ853497_B_NA_NA   14.45%    passed     99.45%
 152  13654_8780_9428_DQ853496_B_NA_NA   14.32%    passed     99.36%
 153  13654_8780_9428_DQ853495_B_NA_NA   14.32%    passed     92.98%
 154  13654_8780_9428_DQ853494_B_NA_NA   14.32%    passed     96.08%
 155  13654_8780_9428_DQ853493_B_NA_NA   14.32%    passed     94.44%
 156  13654_8780_9428_DQ853492_B_NA_NA   14.32%    passed     99.10%
 157  13654_8780_9428_DQ853491_B_NA_NA   14.32%    passed     99.99%
 158  13654_8780_9428_DQ853490_B_NA_NA   14.32%    passed     97.65%
 159  13654_8780_9428_DQ853489_B_NA_NA   14.32%    passed     99.55%
 160  13654_8780_9428_DQ853488_B_NA_NA   14.32%    passed     93.62%
 161  13654_8780_9428_DQ853487_B_NA_NA   14.32%    passed     99.96%
 162  13654_8780_9428_DQ853486_B_NA_NA   14.32%    passed     95.47%
****  TOTAL                               7.68%  0 sequences failed composition chi2 test (p-value<5%; df=3)
NOTE: 13654_8748_9453_DQ853644_B_NA_NA is identical to 13654_8748_9453_DQ853649_B_NA_NA but kept for subsequent analysis
NOTE: 13654_8748_9453_DQ853639_B_NA_NA is identical to 13654_8748_9453_DQ853640_B_NA_NA but kept for subsequent analysis
NOTE: 13654_8748_9453_DQ853505_B_NA_NA is identical to 13654_8748_9453_DQ853625_B_NA_NA but kept for subsequent analysis
NOTE: 13654_8748_9453_DQ853620_B_NA_NA is identical to 13654_8748_9453_DQ853621_B_NA_NA but kept for subsequent analysis
NOTE: 13654_8748_9453_DQ853551_B_NA_NA is identical to 13654_8748_9453_DQ853553_B_NA_NA but kept for subsequent analysis
NOTE: 13654_8748_9453_DQ853547_B_NA_NA is identical to 13654_8748_9453_DQ853549_B_NA_NA but kept for subsequent analysis
NOTE: 13654_8780_9428_DQ853500_B_NA_NA is identical to 13654_8780_9428_DQ853501_B_NA_NA but kept for subsequent analysis
NOTE: 7 identical sequences (see below) will be ignored for subsequent analysis
NOTE: 13654_8748_9453_DQ853643_B_NA_NA (identical to 13654_8748_9453_DQ853649_B_NA_NA) is ignored but added at the end
NOTE: 13654_8748_9453_DQ853641_B_NA_NA (identical to 13654_8748_9453_DQ853649_B_NA_NA) is ignored but added at the end
NOTE: 13654_8748_9453_DQ853631_B_NA_NA (identical to 13654_8748_9453_DQ853649_B_NA_NA) is ignored but added at the end
NOTE: 13654_8748_9453_DQ853619_B_NA_NA (identical to 13654_8748_9453_DQ853649_B_NA_NA) is ignored but added at the end
NOTE: 13654_8748_9453_DQ853617_B_NA_NA (identical to 13654_8748_9453_DQ853649_B_NA_NA) is ignored but added at the end
NOTE: 13654_8748_9453_DQ853638_B_NA_NA (identical to 13654_8748_9453_DQ853640_B_NA_NA) is ignored but added at the end
NOTE: 13654_8748_9453_DQ853635_B_NA_NA (identical to 13654_8748_9453_DQ853640_B_NA_NA) is ignored but added at the end
Alignment was printed to iqtree_subset/13654+571+B.uniqueseq.phy

For your convenience alignment with unique sequences printed to iqtree_subset/13654+571+B.uniqueseq.phy

Create initial parsimony tree by phylogenetic likelihood library (PLL)... 0.019 seconds

NOTE: 6 MB RAM (0 GB) is required!
Measuring multi-threading efficiency up to 1 CPU cores
Increase to 10 rounds for branch lengths
6 trees examined
Threads: 1 / Time: 1.017 sec / Speedup: 1.000 / Efficiency: 100% / LogL: -7383
BEST NUMBER OF THREADS: 1

Estimate model parameters (epsilon = 0.100)
1. Initial log-likelihood: -5053.657
2. Current log-likelihood: -4790.824
3. Current log-likelihood: -4771.458
4. Current log-likelihood: -4770.108
Optimal log-likelihood: -4770.039
Rate parameters:  A-C: 0.53657  A-G: 3.91376  A-T: 0.53340  C-G: 0.54753  C-T: 5.26342  G-T: 1.00000
Base frequencies:  A: 0.303  C: 0.210  G: 0.282  T: 0.205
Proportion of invariable sites: 0.282
Site proportion and rates:  (0.203,0.556) (0.246,1.048) (0.236,1.350) (0.033,9.539)
Parameters optimization took 4 rounds (1.785 sec)
Wrote distance file to... 
Computing ML distances based on estimated model parameters...
Calculating distance matrix: done in 0.175132 secs using 99.75% CPU
Computing ML distances took 0.175521 sec (of wall-clock time) 0.175087 sec (of CPU time)
Setting up auxiliary I and S matrices: done in 0.000734421 secs using 28.87% CPU
Computing RapidNJ tree took 0.003436 sec (of wall-clock time) 0.001428 sec (of CPU time)
Log-likelihood of RapidNJ tree: -4809.918
--------------------------------------------------------------------
|             INITIALIZING CANDIDATE TREE SET                      |
--------------------------------------------------------------------
Generating 98 parsimony trees... 2.218 second
Computing log-likelihood of 98 initial trees ... 2.143 seconds
Current best score: -4751.209

Do NNI search on 20 best initial trees
Estimate model parameters (epsilon = 0.100)
BETTER TREE FOUND at iteration 1: -4743.927
Estimate model parameters (epsilon = 0.100)
BETTER TREE FOUND at iteration 2: -4742.404
Iteration 10 / LogL: -4749.713 / Time: 0h:0m:12s
Iteration 20 / LogL: -4765.859 / Time: 0h:0m:16s
Finish initializing candidate tree set (20)
Current best tree score: -4742.404 / CPU time: 13.260
Number of iterations: 20
--------------------------------------------------------------------
|               OPTIMIZING CANDIDATE TREE SET                      |
--------------------------------------------------------------------
Estimate model parameters (epsilon = 0.100)
BETTER TREE FOUND at iteration 21: -4737.836
Estimate model parameters (epsilon = 0.100)
BETTER TREE FOUND at iteration 22: -4733.865
Estimate model parameters (epsilon = 0.100)
BETTER TREE FOUND at iteration 26: -4731.858
Iteration 30 / LogL: -4732.174 / Time: 0h:0m:23s (0h:1m:16s left)
Estimate model parameters (epsilon = 0.100)
BETTER TREE FOUND at iteration 33: -4730.117
Iteration 40 / LogL: -4734.350 / Time: 0h:0m:28s (0h:1m:8s left)
Estimate model parameters (epsilon = 0.100)
BETTER TREE FOUND at iteration 44: -4729.483
Estimate model parameters (epsilon = 0.100)
BETTER TREE FOUND at iteration 45: -4718.804
Iteration 50 / LogL: -4720.975 / Time: 0h:0m:34s (0h:1m:6s left)
Iteration 60 / LogL: -4728.735 / Time: 0h:0m:39s (0h:0m:57s left)
Estimate model parameters (epsilon = 0.100)
BETTER TREE FOUND at iteration 67: -4714.665
Iteration 70 / LogL: -4724.369 / Time: 0h:0m:45s (0h:1m:4s left)
Estimate model parameters (epsilon = 0.100)
BETTER TREE FOUND at iteration 73: -4713.914
Estimate model parameters (epsilon = 0.100)
BETTER TREE FOUND at iteration 76: -4712.777
Iteration 80 / LogL: -4713.660 / Time: 0h:0m:51s (0h:1m:2s left)
Iteration 90 / LogL: -4719.722 / Time: 0h:0m:56s (0h:0m:54s left)
Iteration 100 / LogL: -4720.750 / Time: 0h:1m:1s (0h:0m:47s left)
Iteration 110 / LogL: -4713.138 / Time: 0h:1m:6s (0h:0m:40s left)
Iteration 120 / LogL: -4713.037 / Time: 0h:1m:12s (0h:0m:34s left)
Iteration 130 / LogL: -4720.207 / Time: 0h:1m:17s (0h:0m:27s left)
Iteration 140 / LogL: -4719.588 / Time: 0h:1m:22s (0h:0m:21s left)
Iteration 150 / LogL: -4713.064 / Time: 0h:1m:28s (0h:0m:15s left)
Iteration 160 / LogL: -4716.123 / Time: 0h:1m:33s (0h:0m:9s left)
Estimate model parameters (epsilon = 0.100)
BETTER TREE FOUND at iteration 165: -4712.688
Iteration 170 / LogL: -4713.054 / Time: 0h:1m:39s (0h:0m:55s left)
Iteration 180 / LogL: -4720.451 / Time: 0h:1m:45s (0h:0m:49s left)
Iteration 190 / LogL: -4714.659 / Time: 0h:1m:50s (0h:0m:43s left)
Iteration 200 / LogL: -4716.202 / Time: 0h:1m:56s (0h:0m:37s left)
Estimate model parameters (epsilon = 0.100)
BETTER TREE FOUND at iteration 202: -4712.029
Iteration 210 / LogL: -4728.662 / Time: 0h:2m:1s (0h:0m:53s left)
BETTER TREE FOUND at iteration 211: -4712.027
Iteration 220 / LogL: -4726.043 / Time: 0h:2m:6s (0h:0m:52s left)
Iteration 230 / LogL: -4713.327 / Time: 0h:2m:12s (0h:0m:46s left)
Iteration 240 / LogL: -4719.686 / Time: 0h:2m:17s (0h:0m:40s left)
Iteration 250 / LogL: -4712.359 / Time: 0h:2m:22s (0h:0m:34s left)
Iteration 260 / LogL: -4712.667 / Time: 0h:2m:27s (0h:0m:29s left)
Estimate model parameters (epsilon = 0.100)
BETTER TREE FOUND at iteration 265: -4711.941
Iteration 270 / LogL: -4722.915 / Time: 0h:2m:31s (0h:0m:53s left)
Iteration 280 / LogL: -4729.511 / Time: 0h:2m:34s (0h:0m:46s left)
Iteration 290 / LogL: -4722.411 / Time: 0h:2m:37s (0h:0m:40s left)
Iteration 300 / LogL: -4726.950 / Time: 0h:2m:40s (0h:0m:34s left)
Iteration 310 / LogL: -4712.021 / Time: 0h:2m:44s (0h:0m:29s left)
Iteration 320 / LogL: -4745.516 / Time: 0h:2m:47s (0h:0m:23s left)
Iteration 330 / LogL: -4711.952 / Time: 0h:2m:50s (0h:0m:18s left)
Iteration 340 / LogL: -4711.942 / Time: 0h:2m:53s (0h:0m:12s left)
Iteration 350 / LogL: -4716.318 / Time: 0h:2m:56s (0h:0m:7s left)
Iteration 360 / LogL: -4711.945 / Time: 0h:2m:59s (0h:0m:2s left)
TREE SEARCH COMPLETED AFTER 366 ITERATIONS / Time: 0h:3m:1s

--------------------------------------------------------------------
|                    FINALIZING TREE SEARCH                        |
--------------------------------------------------------------------
Performs final model parameters optimization
Estimate model parameters (epsilon = 0.010)
1. Initial log-likelihood: -4711.941
Optimal log-likelihood: -4711.934
Rate parameters:  A-C: 0.60391  A-G: 4.66568  A-T: 0.56186  C-G: 0.63010  C-T: 5.89820  G-T: 1.00000
Base frequencies:  A: 0.303  C: 0.210  G: 0.282  T: 0.205
Proportion of invariable sites: 0.254
Site proportion and rates:  (0.237,0.519) (0.259,0.820) (0.231,1.824) (0.020,12.216)
Parameters optimization took 1 rounds (0.121 sec)
BEST SCORE FOUND : -4711.934
Empirical proportions for each category: 0.557 0.279 0.146 0.018
Site rates printed to iqtree_subset/13654+571+B.rate

Testing tree branches by SH-like aLRT with 1000 replicates...
2.147 sec.
Total tree length: 0.813

Total number of iterations: 366
CPU time used for tree search: 174.798 sec (0h:2m:54s)
Wall-clock time used for tree search: 178.719 sec (0h:2m:58s)
Total CPU time used: 180.157 sec (0h:3m:0s)
Total wall-clock time used: 184.127 sec (0h:3m:4s)

Analysis results written to: 
  IQ-TREE report:                iqtree_subset/13654+571+B.iqtree
  Maximum-likelihood tree:       iqtree_subset/13654+571+B.treefile
  Likelihood distances:          iqtree_subset/13654+571+B.mldist
  Site-specific rates:           iqtree_subset/13654+571+B.rate
  Screen log file:               iqtree_subset/13654+571+B.log

Date and Time: Tue Feb 11 18:04:47 2025
