IQ-TREE multicore version 2.3.3 COVID-edition for Linux x86 64-bit built Apr 25 2024
Developed by Bui Quang Minh, James Barbetti, Nguyen Lam Tung, Olga Chernomor,
Heiko Schmidt, Dominik Schrempf, Michael Woodhams, Ly Trong Nhan, Thomas Wong

Host:    linusblack.lanl.gov (AVX512, FMA3, 754 GB RAM)
Command: iqtree -s mafft_subset/13654+123+B.fasta -m GTR+I+R -alrt 1000 -T AUTO --prefix iqtree_subset/13654+123+B --rate -redo
Seed:    161630 (Using SPRNG - Scalable Parallel Random Number Generator)
Time:    Tue Feb 11 18:01:20 2025
Kernel:  AVX+FMA - auto-detect threads (1 CPU cores detected)

Reading alignment file mafft_subset/13654+123+B.fasta ... Fasta format detected
Reading fasta file: done in 0.00387528 secs using 94.7% CPU
Alignment most likely contains DNA/RNA sequences
Alignment has 170 sequences with 636 columns, 219 distinct patterns
68 parsimony-informative, 157 singleton sites, 411 constant sites
WARNING: Some sequence names are changed as follows:
13654+1193+1825+DQ853819+B+NA+NA -> 13654_1193_1825_DQ853819_B_NA_NA
13654+1193+1825+DQ853818+B+NA+NA -> 13654_1193_1825_DQ853818_B_NA_NA
13654+1193+1828+DQ853817+B+NA+NA -> 13654_1193_1828_DQ853817_B_NA_NA
13654+1193+1825+DQ853816+B+NA+NA -> 13654_1193_1825_DQ853816_B_NA_NA
13654+1193+1825+DQ853815+B+NA+NA -> 13654_1193_1825_DQ853815_B_NA_NA
13654+1193+1825+DQ853814+B+NA+NA -> 13654_1193_1825_DQ853814_B_NA_NA
13654+1193+1825+DQ853813+B+NA+NA -> 13654_1193_1825_DQ853813_B_NA_NA
13654+1193+1825+DQ853812+B+NA+NA -> 13654_1193_1825_DQ853812_B_NA_NA
13654+1193+1825+DQ853811+B+NA+NA -> 13654_1193_1825_DQ853811_B_NA_NA
13654+1193+1825+DQ853810+B+NA+NA -> 13654_1193_1825_DQ853810_B_NA_NA
13654+1193+1825+DQ853809+B+NA+NA -> 13654_1193_1825_DQ853809_B_NA_NA
13654+1193+1825+DQ853808+B+NA+NA -> 13654_1193_1825_DQ853808_B_NA_NA
13654+1193+1825+DQ853807+B+NA+NA -> 13654_1193_1825_DQ853807_B_NA_NA
13654+1193+1825+DQ853806+B+NA+NA -> 13654_1193_1825_DQ853806_B_NA_NA
13654+1193+1825+DQ853805+B+NA+NA -> 13654_1193_1825_DQ853805_B_NA_NA
13654+1193+1825+DQ853804+B+NA+NA -> 13654_1193_1825_DQ853804_B_NA_NA
13654+1193+1825+DQ853803+B+NA+NA -> 13654_1193_1825_DQ853803_B_NA_NA
13654+1193+1825+DQ853802+B+NA+NA -> 13654_1193_1825_DQ853802_B_NA_NA
13654+1193+1825+DQ853801+B+NA+NA -> 13654_1193_1825_DQ853801_B_NA_NA
13654+1193+1825+DQ853800+B+NA+NA -> 13654_1193_1825_DQ853800_B_NA_NA
13654+1193+1825+DQ853799+B+NA+NA -> 13654_1193_1825_DQ853799_B_NA_NA
13654+1193+1825+DQ853798+B+NA+NA -> 13654_1193_1825_DQ853798_B_NA_NA
13654+1193+1825+DQ853797+B+NA+NA -> 13654_1193_1825_DQ853797_B_NA_NA
13654+1193+1825+DQ853796+B+NA+NA -> 13654_1193_1825_DQ853796_B_NA_NA
13654+1193+1825+DQ853795+B+NA+NA -> 13654_1193_1825_DQ853795_B_NA_NA
13654+1193+1825+DQ853794+B+NA+NA -> 13654_1193_1825_DQ853794_B_NA_NA
13654+1193+1825+DQ853793+B+NA+NA -> 13654_1193_1825_DQ853793_B_NA_NA
13654+1193+1825+DQ853792+B+NA+NA -> 13654_1193_1825_DQ853792_B_NA_NA
13654+1193+1825+DQ853791+B+NA+NA -> 13654_1193_1825_DQ853791_B_NA_NA
13654+1193+1825+DQ853790+B+NA+NA -> 13654_1193_1825_DQ853790_B_NA_NA
13654+1193+1825+DQ853789+B+NA+NA -> 13654_1193_1825_DQ853789_B_NA_NA
13654+1193+1825+DQ853788+B+NA+NA -> 13654_1193_1825_DQ853788_B_NA_NA
13654+1193+1825+DQ853787+B+NA+NA -> 13654_1193_1825_DQ853787_B_NA_NA
13654+1193+1825+DQ853786+B+NA+NA -> 13654_1193_1825_DQ853786_B_NA_NA
13654+1193+1825+DQ853785+B+NA+NA -> 13654_1193_1825_DQ853785_B_NA_NA
13654+1193+1825+DQ853784+B+NA+NA -> 13654_1193_1825_DQ853784_B_NA_NA
13654+1193+1825+DQ853783+B+NA+NA -> 13654_1193_1825_DQ853783_B_NA_NA
13654+1193+1825+DQ853782+B+NA+NA -> 13654_1193_1825_DQ853782_B_NA_NA
13654+1193+1825+DQ853781+B+NA+NA -> 13654_1193_1825_DQ853781_B_NA_NA
13654+1193+1825+DQ853780+B+NA+NA -> 13654_1193_1825_DQ853780_B_NA_NA
13654+1193+1825+DQ853779+B+NA+NA -> 13654_1193_1825_DQ853779_B_NA_NA
13654+1193+1825+DQ853778+B+NA+NA -> 13654_1193_1825_DQ853778_B_NA_NA
13654+1193+1825+DQ853777+B+NA+NA -> 13654_1193_1825_DQ853777_B_NA_NA
13654+1193+1825+DQ853776+B+NA+NA -> 13654_1193_1825_DQ853776_B_NA_NA
13654+1193+1825+DQ853775+B+NA+NA -> 13654_1193_1825_DQ853775_B_NA_NA
13654+1193+1825+DQ853774+B+NA+NA -> 13654_1193_1825_DQ853774_B_NA_NA
13654+1193+1825+DQ853773+B+NA+NA -> 13654_1193_1825_DQ853773_B_NA_NA
13654+1193+1825+DQ853772+B+NA+NA -> 13654_1193_1825_DQ853772_B_NA_NA
13654+1193+1825+DQ853771+B+NA+NA -> 13654_1193_1825_DQ853771_B_NA_NA
13654+1193+1825+DQ853770+B+NA+NA -> 13654_1193_1825_DQ853770_B_NA_NA
13654+1193+1825+DQ853769+B+NA+NA -> 13654_1193_1825_DQ853769_B_NA_NA
13654+1193+1828+DQ853768+B+NA+NA -> 13654_1193_1828_DQ853768_B_NA_NA
13654+1193+1828+DQ853767+B+NA+NA -> 13654_1193_1828_DQ853767_B_NA_NA
13654+1193+1828+DQ853766+B+NA+NA -> 13654_1193_1828_DQ853766_B_NA_NA
13654+1193+1828+DQ853765+B+NA+NA -> 13654_1193_1828_DQ853765_B_NA_NA
13654+1193+1828+DQ853764+B+NA+NA -> 13654_1193_1828_DQ853764_B_NA_NA
13654+1193+1828+DQ853763+B+NA+NA -> 13654_1193_1828_DQ853763_B_NA_NA
13654+1193+1828+DQ853762+B+NA+NA -> 13654_1193_1828_DQ853762_B_NA_NA
13654+1193+1828+DQ853761+B+NA+NA -> 13654_1193_1828_DQ853761_B_NA_NA
13654+1193+1828+DQ853760+B+NA+NA -> 13654_1193_1828_DQ853760_B_NA_NA
13654+1193+1828+DQ853759+B+NA+NA -> 13654_1193_1828_DQ853759_B_NA_NA
13654+1193+1828+DQ853758+B+NA+NA -> 13654_1193_1828_DQ853758_B_NA_NA
13654+1193+1828+DQ853757+B+NA+NA -> 13654_1193_1828_DQ853757_B_NA_NA
13654+1193+1825+DQ853756+B+NA+NA -> 13654_1193_1825_DQ853756_B_NA_NA
13654+1193+1825+DQ853755+B+NA+NA -> 13654_1193_1825_DQ853755_B_NA_NA
13654+1193+1825+DQ853754+B+NA+NA -> 13654_1193_1825_DQ853754_B_NA_NA
13654+1193+1825+DQ853753+B+NA+NA -> 13654_1193_1825_DQ853753_B_NA_NA
13654+1193+1825+DQ853752+B+NA+NA -> 13654_1193_1825_DQ853752_B_NA_NA
13654+1193+1825+DQ853751+B+NA+NA -> 13654_1193_1825_DQ853751_B_NA_NA
13654+1193+1825+DQ853750+B+NA+NA -> 13654_1193_1825_DQ853750_B_NA_NA
13654+1193+1825+DQ853749+B+NA+NA -> 13654_1193_1825_DQ853749_B_NA_NA
13654+1193+1825+DQ853748+B+NA+NA -> 13654_1193_1825_DQ853748_B_NA_NA
13654+1193+1825+DQ853747+B+NA+NA -> 13654_1193_1825_DQ853747_B_NA_NA
13654+1193+1825+DQ853746+B+NA+NA -> 13654_1193_1825_DQ853746_B_NA_NA
13654+1193+1828+DQ853745+B+NA+NA -> 13654_1193_1828_DQ853745_B_NA_NA
13654+1193+1828+DQ853744+B+NA+NA -> 13654_1193_1828_DQ853744_B_NA_NA
13654+1193+1828+DQ853743+B+NA+NA -> 13654_1193_1828_DQ853743_B_NA_NA
13654+1193+1828+DQ853742+B+NA+NA -> 13654_1193_1828_DQ853742_B_NA_NA
13654+1193+1828+DQ853741+B+NA+NA -> 13654_1193_1828_DQ853741_B_NA_NA
13654+1193+1828+DQ853740+B+NA+NA -> 13654_1193_1828_DQ853740_B_NA_NA
13654+1193+1828+DQ853739+B+NA+NA -> 13654_1193_1828_DQ853739_B_NA_NA
13654+1193+1828+DQ853738+B+NA+NA -> 13654_1193_1828_DQ853738_B_NA_NA
13654+1193+1828+DQ853737+B+NA+NA -> 13654_1193_1828_DQ853737_B_NA_NA
13654+1193+1828+DQ853736+B+NA+NA -> 13654_1193_1828_DQ853736_B_NA_NA
13654+1193+1828+DQ853735+B+NA+NA -> 13654_1193_1828_DQ853735_B_NA_NA
13654+1193+1828+DQ853734+B+NA+NA -> 13654_1193_1828_DQ853734_B_NA_NA
13654+1193+1828+DQ853733+B+NA+NA -> 13654_1193_1828_DQ853733_B_NA_NA
13654+1193+1828+DQ853732+B+NA+NA -> 13654_1193_1828_DQ853732_B_NA_NA
13654+1193+1828+DQ853731+B+NA+NA -> 13654_1193_1828_DQ853731_B_NA_NA
13654+1193+1828+DQ853730+B+NA+NA -> 13654_1193_1828_DQ853730_B_NA_NA
13654+1193+1828+DQ853729+B+NA+NA -> 13654_1193_1828_DQ853729_B_NA_NA
13654+1193+1828+DQ853728+B+NA+NA -> 13654_1193_1828_DQ853728_B_NA_NA
13654+1193+1828+DQ853727+B+NA+NA -> 13654_1193_1828_DQ853727_B_NA_NA
13654+1193+1828+DQ853726+B+NA+NA -> 13654_1193_1828_DQ853726_B_NA_NA
13654+1193+1828+DQ853725+B+NA+NA -> 13654_1193_1828_DQ853725_B_NA_NA
13654+1193+1828+DQ853724+B+NA+NA -> 13654_1193_1828_DQ853724_B_NA_NA
13654+1193+1828+DQ853723+B+NA+NA -> 13654_1193_1828_DQ853723_B_NA_NA
13654+1193+1828+DQ853722+B+NA+NA -> 13654_1193_1828_DQ853722_B_NA_NA
13654+1193+1825+DQ853721+B+NA+NA -> 13654_1193_1825_DQ853721_B_NA_NA
13654+1193+1825+DQ853720+B+NA+NA -> 13654_1193_1825_DQ853720_B_NA_NA
13654+1193+1825+DQ853719+B+NA+NA -> 13654_1193_1825_DQ853719_B_NA_NA
13654+1193+1825+DQ853718+B+NA+NA -> 13654_1193_1825_DQ853718_B_NA_NA
13654+1193+1825+DQ853717+B+NA+NA -> 13654_1193_1825_DQ853717_B_NA_NA
13654+1193+1825+DQ853716+B+NA+NA -> 13654_1193_1825_DQ853716_B_NA_NA
13654+1193+1825+DQ853715+B+NA+NA -> 13654_1193_1825_DQ853715_B_NA_NA
13654+1193+1825+DQ853714+B+NA+NA -> 13654_1193_1825_DQ853714_B_NA_NA
13654+1193+1825+DQ853713+B+NA+NA -> 13654_1193_1825_DQ853713_B_NA_NA
13654+1193+1825+DQ853712+B+NA+NA -> 13654_1193_1825_DQ853712_B_NA_NA
13654+1193+1825+DQ853711+B+NA+NA -> 13654_1193_1825_DQ853711_B_NA_NA
13654+1193+1825+DQ853710+B+NA+NA -> 13654_1193_1825_DQ853710_B_NA_NA
13654+1193+1825+DQ853709+B+NA+NA -> 13654_1193_1825_DQ853709_B_NA_NA
13654+1193+1825+DQ853708+B+NA+NA -> 13654_1193_1825_DQ853708_B_NA_NA
13654+1193+1825+DQ853707+B+NA+NA -> 13654_1193_1825_DQ853707_B_NA_NA
13654+1193+1825+DQ853706+B+NA+NA -> 13654_1193_1825_DQ853706_B_NA_NA
13654+1193+1825+DQ853705+B+NA+NA -> 13654_1193_1825_DQ853705_B_NA_NA
13654+1193+1825+DQ853704+B+NA+NA -> 13654_1193_1825_DQ853704_B_NA_NA
13654+1193+1825+DQ853703+B+NA+NA -> 13654_1193_1825_DQ853703_B_NA_NA
13654+1193+1825+DQ853702+B+NA+NA -> 13654_1193_1825_DQ853702_B_NA_NA
13654+1193+1825+DQ853701+B+NA+NA -> 13654_1193_1825_DQ853701_B_NA_NA
13654+1193+1825+DQ853700+B+NA+NA -> 13654_1193_1825_DQ853700_B_NA_NA
13654+1193+1825+DQ853699+B+NA+NA -> 13654_1193_1825_DQ853699_B_NA_NA
13654+1193+1825+DQ853698+B+NA+NA -> 13654_1193_1825_DQ853698_B_NA_NA
13654+1193+1825+DQ853697+B+NA+NA -> 13654_1193_1825_DQ853697_B_NA_NA
13654+1193+1825+DQ853696+B+NA+NA -> 13654_1193_1825_DQ853696_B_NA_NA
13654+1193+1825+DQ853695+B+NA+NA -> 13654_1193_1825_DQ853695_B_NA_NA
13654+1193+1825+DQ853694+B+NA+NA -> 13654_1193_1825_DQ853694_B_NA_NA
13654+1193+1825+DQ853693+B+NA+NA -> 13654_1193_1825_DQ853693_B_NA_NA
13654+1193+1825+DQ853692+B+NA+NA -> 13654_1193_1825_DQ853692_B_NA_NA
13654+1193+1825+DQ853691+B+NA+NA -> 13654_1193_1825_DQ853691_B_NA_NA
13654+1193+1825+DQ853690+B+NA+NA -> 13654_1193_1825_DQ853690_B_NA_NA
13654+1193+1825+DQ853689+B+NA+NA -> 13654_1193_1825_DQ853689_B_NA_NA
13654+1193+1825+DQ853688+B+NA+NA -> 13654_1193_1825_DQ853688_B_NA_NA
13654+1193+1825+DQ853687+B+NA+NA -> 13654_1193_1825_DQ853687_B_NA_NA
13654+1193+1825+DQ853686+B+NA+NA -> 13654_1193_1825_DQ853686_B_NA_NA
13654+1193+1825+DQ853685+B+NA+NA -> 13654_1193_1825_DQ853685_B_NA_NA
13654+1193+1825+DQ853684+B+NA+NA -> 13654_1193_1825_DQ853684_B_NA_NA
13654+1193+1825+DQ853683+B+NA+NA -> 13654_1193_1825_DQ853683_B_NA_NA
13654+1193+1825+DQ853682+B+NA+NA -> 13654_1193_1825_DQ853682_B_NA_NA
13654+1193+1825+DQ853681+B+NA+NA -> 13654_1193_1825_DQ853681_B_NA_NA
13654+1193+1825+DQ853680+B+NA+NA -> 13654_1193_1825_DQ853680_B_NA_NA
13654+1193+1825+DQ853679+B+NA+NA -> 13654_1193_1825_DQ853679_B_NA_NA
13654+1193+1825+DQ853678+B+NA+NA -> 13654_1193_1825_DQ853678_B_NA_NA
13654+1193+1825+DQ853677+B+NA+NA -> 13654_1193_1825_DQ853677_B_NA_NA
13654+1193+1825+DQ853676+B+NA+NA -> 13654_1193_1825_DQ853676_B_NA_NA
13654+1193+1825+DQ853675+B+NA+NA -> 13654_1193_1825_DQ853675_B_NA_NA
13654+1193+1825+DQ853674+B+NA+NA -> 13654_1193_1825_DQ853674_B_NA_NA
13654+1193+1825+DQ853673+B+NA+NA -> 13654_1193_1825_DQ853673_B_NA_NA
13654+1193+1825+DQ853672+B+NA+NA -> 13654_1193_1825_DQ853672_B_NA_NA
13654+1193+1825+DQ853671+B+NA+NA -> 13654_1193_1825_DQ853671_B_NA_NA
13654+1193+1825+DQ853670+B+NA+NA -> 13654_1193_1825_DQ853670_B_NA_NA
13654+1193+1825+DQ853669+B+NA+NA -> 13654_1193_1825_DQ853669_B_NA_NA
13654+1193+1825+DQ853668+B+NA+NA -> 13654_1193_1825_DQ853668_B_NA_NA
13654+1193+1825+DQ853667+B+NA+NA -> 13654_1193_1825_DQ853667_B_NA_NA
13654+1193+1825+DQ853666+B+NA+NA -> 13654_1193_1825_DQ853666_B_NA_NA
13654+1193+1825+DQ853665+B+NA+NA -> 13654_1193_1825_DQ853665_B_NA_NA
13654+1193+1825+DQ853664+B+NA+NA -> 13654_1193_1825_DQ853664_B_NA_NA
13654+1193+1825+DQ853663+B+NA+NA -> 13654_1193_1825_DQ853663_B_NA_NA
13654+1193+1825+DQ853662+B+NA+NA -> 13654_1193_1825_DQ853662_B_NA_NA
13654+1193+1825+DQ853661+B+NA+NA -> 13654_1193_1825_DQ853661_B_NA_NA
13654+1193+1825+DQ853660+B+NA+NA -> 13654_1193_1825_DQ853660_B_NA_NA
13654+1193+1825+DQ853659+B+NA+NA -> 13654_1193_1825_DQ853659_B_NA_NA
13654+1193+1825+DQ853658+B+NA+NA -> 13654_1193_1825_DQ853658_B_NA_NA
13654+1193+1825+DQ853657+B+NA+NA -> 13654_1193_1825_DQ853657_B_NA_NA
13654+1193+1825+DQ853656+B+NA+NA -> 13654_1193_1825_DQ853656_B_NA_NA
13654+1193+1825+DQ853655+B+NA+NA -> 13654_1193_1825_DQ853655_B_NA_NA
13654+1193+1825+DQ853654+B+NA+NA -> 13654_1193_1825_DQ853654_B_NA_NA
13654+1193+1825+DQ853653+B+NA+NA -> 13654_1193_1825_DQ853653_B_NA_NA
13654+1193+1825+DQ853652+B+NA+NA -> 13654_1193_1825_DQ853652_B_NA_NA
13654+1193+1825+DQ853651+B+NA+NA -> 13654_1193_1825_DQ853651_B_NA_NA
13654+1193+1825+DQ853650+B+NA+NA -> 13654_1193_1825_DQ853650_B_NA_NA

                                  Gap/Ambiguity  Composition  p-value
Analyzing sequences: done in 0.000135022 secs using 72.58% CPU
   1  13654_1193_1825_DQ853819_B_NA_NA    0.47%    passed    100.00%
   2  13654_1193_1825_DQ853818_B_NA_NA    0.47%    passed     99.97%
   3  13654_1193_1828_DQ853817_B_NA_NA    0.00%    passed     99.98%
   4  13654_1193_1825_DQ853816_B_NA_NA    0.47%    passed     99.97%
   5  13654_1193_1825_DQ853815_B_NA_NA    0.47%    passed     99.78%
   6  13654_1193_1825_DQ853814_B_NA_NA    0.47%    passed     99.97%
   7  13654_1193_1825_DQ853813_B_NA_NA    0.47%    passed    100.00%
   8  13654_1193_1825_DQ853812_B_NA_NA    0.47%    passed     99.97%
   9  13654_1193_1825_DQ853811_B_NA_NA    0.47%    passed     99.85%
  10  13654_1193_1825_DQ853810_B_NA_NA    0.47%    passed     99.89%
  11  13654_1193_1825_DQ853809_B_NA_NA    0.47%    passed    100.00%
  12  13654_1193_1825_DQ853808_B_NA_NA    0.47%    passed    100.00%
  13  13654_1193_1825_DQ853807_B_NA_NA    0.47%    passed     99.97%
  14  13654_1193_1825_DQ853806_B_NA_NA    0.47%    passed     99.59%
  15  13654_1193_1825_DQ853805_B_NA_NA    0.47%    passed     99.54%
  16  13654_1193_1825_DQ853804_B_NA_NA    0.47%    passed     99.89%
  17  13654_1193_1825_DQ853803_B_NA_NA    0.47%    passed     98.99%
  18  13654_1193_1825_DQ853802_B_NA_NA    0.47%    passed     99.14%
  19  13654_1193_1825_DQ853801_B_NA_NA    0.47%    passed    100.00%
  20  13654_1193_1825_DQ853800_B_NA_NA    0.47%    passed     97.01%
  21  13654_1193_1825_DQ853799_B_NA_NA    0.47%    passed     99.94%
  22  13654_1193_1825_DQ853798_B_NA_NA    0.47%    passed     99.48%
  23  13654_1193_1825_DQ853797_B_NA_NA    0.47%    passed     98.16%
  24  13654_1193_1825_DQ853796_B_NA_NA    0.47%    passed     99.14%
  25  13654_1193_1825_DQ853795_B_NA_NA    0.47%    passed     99.89%
  26  13654_1193_1825_DQ853794_B_NA_NA    0.47%    passed     99.54%
  27  13654_1193_1825_DQ853793_B_NA_NA    0.47%    passed     99.09%
  28  13654_1193_1825_DQ853792_B_NA_NA    0.47%    passed     99.85%
  29  13654_1193_1825_DQ853791_B_NA_NA    0.47%    passed     98.99%
  30  13654_1193_1825_DQ853790_B_NA_NA    0.47%    passed    100.00%
  31  13654_1193_1825_DQ853789_B_NA_NA    0.47%    passed     99.86%
  32  13654_1193_1825_DQ853788_B_NA_NA    0.47%    passed     99.94%
  33  13654_1193_1825_DQ853787_B_NA_NA    0.47%    passed     99.86%
  34  13654_1193_1825_DQ853786_B_NA_NA    0.47%    passed     99.98%
  35  13654_1193_1825_DQ853785_B_NA_NA    0.47%    passed     99.95%
  36  13654_1193_1825_DQ853784_B_NA_NA    0.47%    passed     99.85%
  37  13654_1193_1825_DQ853783_B_NA_NA    0.47%    passed     99.47%
  38  13654_1193_1825_DQ853782_B_NA_NA    0.47%    passed     99.94%
  39  13654_1193_1825_DQ853781_B_NA_NA    0.47%    passed     96.85%
  40  13654_1193_1825_DQ853780_B_NA_NA    0.47%    passed     99.86%
  41  13654_1193_1825_DQ853779_B_NA_NA    0.47%    passed     99.86%
  42  13654_1193_1825_DQ853778_B_NA_NA    0.47%    passed     97.50%
  43  13654_1193_1825_DQ853777_B_NA_NA    0.47%    passed     99.85%
  44  13654_1193_1825_DQ853776_B_NA_NA    0.47%    passed     99.42%
  45  13654_1193_1825_DQ853775_B_NA_NA    0.47%    passed     99.32%
  46  13654_1193_1825_DQ853774_B_NA_NA    0.47%    passed     99.98%
  47  13654_1193_1825_DQ853773_B_NA_NA    0.47%    passed     99.74%
  48  13654_1193_1825_DQ853772_B_NA_NA    0.47%    passed     99.85%
  49  13654_1193_1825_DQ853771_B_NA_NA    0.47%    passed     98.52%
  50  13654_1193_1825_DQ853770_B_NA_NA    0.47%    passed     99.98%
  51  13654_1193_1825_DQ853769_B_NA_NA    0.47%    passed     99.97%
  52  13654_1193_1828_DQ853768_B_NA_NA    0.16%    passed     99.33%
  53  13654_1193_1828_DQ853767_B_NA_NA    0.00%    passed     99.67%
  54  13654_1193_1828_DQ853766_B_NA_NA    0.00%    passed     99.04%
  55  13654_1193_1828_DQ853765_B_NA_NA    0.00%    passed     99.94%
  56  13654_1193_1828_DQ853764_B_NA_NA    0.00%    passed     99.98%
  57  13654_1193_1828_DQ853763_B_NA_NA    0.00%    passed     99.98%
  58  13654_1193_1828_DQ853762_B_NA_NA    0.00%    passed     99.36%
  59  13654_1193_1828_DQ853761_B_NA_NA    0.00%    passed     99.46%
  60  13654_1193_1828_DQ853760_B_NA_NA    0.00%    passed     99.67%
  61  13654_1193_1828_DQ853759_B_NA_NA    0.00%    passed     99.88%
  62  13654_1193_1828_DQ853758_B_NA_NA    0.00%    passed     99.94%
  63  13654_1193_1828_DQ853757_B_NA_NA    0.00%    passed     99.36%
  64  13654_1193_1825_DQ853756_B_NA_NA    0.47%    passed     99.74%
  65  13654_1193_1825_DQ853755_B_NA_NA    0.47%    passed     99.78%
  66  13654_1193_1825_DQ853754_B_NA_NA    0.47%    passed     99.57%
  67  13654_1193_1825_DQ853753_B_NA_NA    0.47%    passed     99.95%
  68  13654_1193_1825_DQ853752_B_NA_NA    0.47%    passed     99.69%
  69  13654_1193_1825_DQ853751_B_NA_NA    0.47%    passed     99.57%
  70  13654_1193_1825_DQ853750_B_NA_NA    0.47%    passed     99.80%
  71  13654_1193_1825_DQ853749_B_NA_NA    0.47%    passed     99.94%
  72  13654_1193_1825_DQ853748_B_NA_NA    0.47%    passed     99.85%
  73  13654_1193_1825_DQ853747_B_NA_NA    0.47%    passed     99.74%
  74  13654_1193_1825_DQ853746_B_NA_NA    0.47%    passed     99.70%
  75  13654_1193_1828_DQ853745_B_NA_NA    0.00%    passed     99.88%
  76  13654_1193_1828_DQ853744_B_NA_NA    0.00%    passed     99.88%
  77  13654_1193_1828_DQ853743_B_NA_NA    0.00%    passed     99.98%
  78  13654_1193_1828_DQ853742_B_NA_NA    0.00%    passed     99.88%
  79  13654_1193_1828_DQ853741_B_NA_NA    0.16%    passed     99.27%
  80  13654_1193_1828_DQ853740_B_NA_NA    0.00%    passed     98.89%
  81  13654_1193_1828_DQ853739_B_NA_NA    0.00%    passed     99.82%
  82  13654_1193_1828_DQ853738_B_NA_NA    0.00%    passed     99.87%
  83  13654_1193_1828_DQ853737_B_NA_NA    0.00%    passed     96.90%
  84  13654_1193_1828_DQ853736_B_NA_NA    0.00%    passed    100.00%
  85  13654_1193_1828_DQ853735_B_NA_NA    0.00%    passed     99.36%
  86  13654_1193_1828_DQ853734_B_NA_NA    0.00%    passed     99.83%
  87  13654_1193_1828_DQ853733_B_NA_NA    0.00%    passed    100.00%
  88  13654_1193_1828_DQ853732_B_NA_NA    0.16%    passed     99.85%
  89  13654_1193_1828_DQ853731_B_NA_NA    0.00%    passed     99.98%
  90  13654_1193_1828_DQ853730_B_NA_NA    0.00%    passed     99.77%
  91  13654_1193_1828_DQ853729_B_NA_NA    0.16%    passed     99.63%
  92  13654_1193_1828_DQ853728_B_NA_NA    0.16%    passed     99.85%
  93  13654_1193_1828_DQ853727_B_NA_NA    0.00%    passed     99.88%
  94  13654_1193_1828_DQ853726_B_NA_NA    0.00%    passed     99.91%
  95  13654_1193_1828_DQ853725_B_NA_NA    0.00%    passed     99.41%
  96  13654_1193_1828_DQ853724_B_NA_NA    0.00%    passed     99.88%
  97  13654_1193_1828_DQ853723_B_NA_NA    0.00%    passed     99.91%
  98  13654_1193_1828_DQ853722_B_NA_NA    0.00%    passed     99.78%
  99  13654_1193_1825_DQ853721_B_NA_NA    0.47%    passed     99.59%
 100  13654_1193_1825_DQ853720_B_NA_NA    0.47%    passed    100.00%
 101  13654_1193_1825_DQ853719_B_NA_NA    0.47%    passed     99.97%
 102  13654_1193_1825_DQ853718_B_NA_NA    0.47%    passed    100.00%
 103  13654_1193_1825_DQ853717_B_NA_NA    0.47%    passed     99.95%
 104  13654_1193_1825_DQ853716_B_NA_NA    0.47%    passed    100.00%
 105  13654_1193_1825_DQ853715_B_NA_NA    0.47%    passed     99.82%
 106  13654_1193_1825_DQ853714_B_NA_NA    0.47%    passed     99.94%
 107  13654_1193_1825_DQ853713_B_NA_NA    0.47%    passed     99.85%
 108  13654_1193_1825_DQ853712_B_NA_NA    0.47%    passed     99.78%
 109  13654_1193_1825_DQ853711_B_NA_NA    0.47%    passed     99.97%
 110  13654_1193_1825_DQ853710_B_NA_NA    0.47%    passed     99.13%
 111  13654_1193_1825_DQ853709_B_NA_NA    0.47%    passed     99.98%
 112  13654_1193_1825_DQ853708_B_NA_NA    0.47%    passed     99.89%
 113  13654_1193_1825_DQ853707_B_NA_NA    0.47%    passed     99.97%
 114  13654_1193_1825_DQ853706_B_NA_NA    0.47%    passed     99.97%
 115  13654_1193_1825_DQ853705_B_NA_NA    0.47%    passed     99.97%
 116  13654_1193_1825_DQ853704_B_NA_NA    0.47%    passed     99.89%
 117  13654_1193_1825_DQ853703_B_NA_NA    0.47%    passed     99.82%
 118  13654_1193_1825_DQ853702_B_NA_NA    0.47%    passed     99.97%
 119  13654_1193_1825_DQ853701_B_NA_NA    0.47%    passed     99.97%
 120  13654_1193_1825_DQ853700_B_NA_NA    0.47%    passed     99.97%
 121  13654_1193_1825_DQ853699_B_NA_NA    0.47%    passed     99.48%
 122  13654_1193_1825_DQ853698_B_NA_NA    0.47%    passed     99.97%
 123  13654_1193_1825_DQ853697_B_NA_NA    0.47%    passed    100.00%
 124  13654_1193_1825_DQ853696_B_NA_NA    0.47%    passed     99.89%
 125  13654_1193_1825_DQ853695_B_NA_NA    0.47%    passed     99.97%
 126  13654_1193_1825_DQ853694_B_NA_NA    0.47%    passed     99.56%
 127  13654_1193_1825_DQ853693_B_NA_NA    0.47%    passed    100.00%
 128  13654_1193_1825_DQ853692_B_NA_NA    0.47%    passed     99.97%
 129  13654_1193_1825_DQ853691_B_NA_NA    0.47%    passed     99.89%
 130  13654_1193_1825_DQ853690_B_NA_NA    0.47%    passed     99.94%
 131  13654_1193_1825_DQ853689_B_NA_NA    0.47%    passed     99.89%
 132  13654_1193_1825_DQ853688_B_NA_NA    0.47%    passed     99.89%
 133  13654_1193_1825_DQ853687_B_NA_NA    0.47%    passed     99.89%
 134  13654_1193_1825_DQ853686_B_NA_NA    0.47%    passed    100.00%
 135  13654_1193_1825_DQ853685_B_NA_NA    0.47%    passed     99.60%
 136  13654_1193_1825_DQ853684_B_NA_NA    0.47%    passed     99.89%
 137  13654_1193_1825_DQ853683_B_NA_NA    0.47%    passed     98.24%
 138  13654_1193_1825_DQ853682_B_NA_NA    0.47%    passed     98.93%
 139  13654_1193_1825_DQ853681_B_NA_NA    0.47%    passed     99.95%
 140  13654_1193_1825_DQ853680_B_NA_NA    0.47%    passed     99.94%
 141  13654_1193_1825_DQ853679_B_NA_NA    0.47%    passed     99.94%
 142  13654_1193_1825_DQ853678_B_NA_NA    0.47%    passed     99.95%
 143  13654_1193_1825_DQ853677_B_NA_NA    0.47%    passed     99.95%
 144  13654_1193_1825_DQ853676_B_NA_NA    0.47%    passed     99.79%
 145  13654_1193_1825_DQ853675_B_NA_NA    0.47%    passed     99.97%
 146  13654_1193_1825_DQ853674_B_NA_NA    0.47%    passed     99.97%
 147  13654_1193_1825_DQ853673_B_NA_NA    0.47%    passed     99.97%
 148  13654_1193_1825_DQ853672_B_NA_NA    0.47%    passed     99.85%
 149  13654_1193_1825_DQ853671_B_NA_NA    0.47%    passed     99.97%
 150  13654_1193_1825_DQ853670_B_NA_NA    0.47%    passed     99.97%
 151  13654_1193_1825_DQ853669_B_NA_NA    0.47%    passed     99.97%
 152  13654_1193_1825_DQ853668_B_NA_NA    0.47%    passed    100.00%
 153  13654_1193_1825_DQ853667_B_NA_NA    0.47%    passed     99.94%
 154  13654_1193_1825_DQ853666_B_NA_NA    0.47%    passed     99.95%
 155  13654_1193_1825_DQ853665_B_NA_NA    0.47%    passed     99.48%
 156  13654_1193_1825_DQ853664_B_NA_NA    0.47%    passed    100.00%
 157  13654_1193_1825_DQ853663_B_NA_NA    0.63%    passed    100.00%
 158  13654_1193_1825_DQ853662_B_NA_NA    0.47%    passed     99.82%
 159  13654_1193_1825_DQ853661_B_NA_NA    0.47%    passed     99.89%
 160  13654_1193_1825_DQ853660_B_NA_NA    0.47%    passed    100.00%
 161  13654_1193_1825_DQ853659_B_NA_NA    0.47%    passed     99.89%
 162  13654_1193_1825_DQ853658_B_NA_NA    0.47%    passed     99.97%
 163  13654_1193_1825_DQ853657_B_NA_NA    0.47%    passed    100.00%
 164  13654_1193_1825_DQ853656_B_NA_NA    0.47%    passed     99.89%
 165  13654_1193_1825_DQ853655_B_NA_NA    0.47%    passed    100.00%
 166  13654_1193_1825_DQ853654_B_NA_NA    0.47%    passed     99.48%
 167  13654_1193_1825_DQ853653_B_NA_NA    0.47%    passed    100.00%
 168  13654_1193_1825_DQ853652_B_NA_NA    0.47%    passed     99.97%
 169  13654_1193_1825_DQ853651_B_NA_NA    0.47%    passed     99.97%
 170  13654_1193_1825_DQ853650_B_NA_NA    0.47%    passed    100.00%
****  TOTAL                               0.37%  0 sequences failed composition chi2 test (p-value<5%; df=3)
NOTE: 13654_1193_1825_DQ853816_B_NA_NA is identical to 13654_1193_1825_DQ853818_B_NA_NA but kept for subsequent analysis
NOTE: 13654_1193_1828_DQ853763_B_NA_NA is identical to 13654_1193_1828_DQ853764_B_NA_NA but kept for subsequent analysis
NOTE: 13654_1193_1825_DQ853751_B_NA_NA is identical to 13654_1193_1825_DQ853754_B_NA_NA but kept for subsequent analysis
NOTE: 13654_1193_1825_DQ853693_B_NA_NA is identical to 13654_1193_1825_DQ853718_B_NA_NA but kept for subsequent analysis
NOTE: 13654_1193_1825_DQ853703_B_NA_NA is identical to 13654_1193_1825_DQ853715_B_NA_NA but kept for subsequent analysis
NOTE: 23 identical sequences (see below) will be ignored for subsequent analysis
NOTE: 13654_1193_1825_DQ853814_B_NA_NA (identical to 13654_1193_1825_DQ853818_B_NA_NA) is ignored but added at the end
NOTE: 13654_1193_1825_DQ853812_B_NA_NA (identical to 13654_1193_1825_DQ853818_B_NA_NA) is ignored but added at the end
NOTE: 13654_1193_1825_DQ853807_B_NA_NA (identical to 13654_1193_1825_DQ853818_B_NA_NA) is ignored but added at the end
NOTE: 13654_1193_1825_DQ853719_B_NA_NA (identical to 13654_1193_1825_DQ853818_B_NA_NA) is ignored but added at the end
NOTE: 13654_1193_1825_DQ853707_B_NA_NA (identical to 13654_1193_1825_DQ853818_B_NA_NA) is ignored but added at the end
NOTE: 13654_1193_1825_DQ853706_B_NA_NA (identical to 13654_1193_1825_DQ853818_B_NA_NA) is ignored but added at the end
NOTE: 13654_1193_1825_DQ853705_B_NA_NA (identical to 13654_1193_1825_DQ853818_B_NA_NA) is ignored but added at the end
NOTE: 13654_1193_1825_DQ853702_B_NA_NA (identical to 13654_1193_1825_DQ853818_B_NA_NA) is ignored but added at the end
NOTE: 13654_1193_1825_DQ853701_B_NA_NA (identical to 13654_1193_1825_DQ853818_B_NA_NA) is ignored but added at the end
NOTE: 13654_1193_1825_DQ853700_B_NA_NA (identical to 13654_1193_1825_DQ853818_B_NA_NA) is ignored but added at the end
NOTE: 13654_1193_1825_DQ853698_B_NA_NA (identical to 13654_1193_1825_DQ853818_B_NA_NA) is ignored but added at the end
NOTE: 13654_1193_1825_DQ853695_B_NA_NA (identical to 13654_1193_1825_DQ853818_B_NA_NA) is ignored but added at the end
NOTE: 13654_1193_1825_DQ853692_B_NA_NA (identical to 13654_1193_1825_DQ853818_B_NA_NA) is ignored but added at the end
NOTE: 13654_1193_1825_DQ853675_B_NA_NA (identical to 13654_1193_1825_DQ853818_B_NA_NA) is ignored but added at the end
NOTE: 13654_1193_1825_DQ853674_B_NA_NA (identical to 13654_1193_1825_DQ853818_B_NA_NA) is ignored but added at the end
NOTE: 13654_1193_1825_DQ853673_B_NA_NA (identical to 13654_1193_1825_DQ853818_B_NA_NA) is ignored but added at the end
NOTE: 13654_1193_1825_DQ853671_B_NA_NA (identical to 13654_1193_1825_DQ853818_B_NA_NA) is ignored but added at the end
NOTE: 13654_1193_1825_DQ853670_B_NA_NA (identical to 13654_1193_1825_DQ853818_B_NA_NA) is ignored but added at the end
NOTE: 13654_1193_1825_DQ853669_B_NA_NA (identical to 13654_1193_1825_DQ853818_B_NA_NA) is ignored but added at the end
NOTE: 13654_1193_1825_DQ853658_B_NA_NA (identical to 13654_1193_1825_DQ853818_B_NA_NA) is ignored but added at the end
NOTE: 13654_1193_1825_DQ853652_B_NA_NA (identical to 13654_1193_1825_DQ853818_B_NA_NA) is ignored but added at the end
NOTE: 13654_1193_1825_DQ853651_B_NA_NA (identical to 13654_1193_1825_DQ853818_B_NA_NA) is ignored but added at the end
NOTE: 13654_1193_1825_DQ853668_B_NA_NA (identical to 13654_1193_1825_DQ853718_B_NA_NA) is ignored but added at the end
Alignment was printed to iqtree_subset/13654+123+B.uniqueseq.phy

For your convenience alignment with unique sequences printed to iqtree_subset/13654+123+B.uniqueseq.phy

Create initial parsimony tree by phylogenetic likelihood library (PLL)... 0.014 seconds

NOTE: 4 MB RAM (0 GB) is required!
Measuring multi-threading efficiency up to 1 CPU cores
Increase to 10 rounds for branch lengths
10 trees examined
Threads: 1 / Time: 1.069 sec / Speedup: 1.000 / Efficiency: 100% / LogL: -4475
BEST NUMBER OF THREADS: 1

Estimate model parameters (epsilon = 0.100)
1. Initial log-likelihood: -3473.939
2. Current log-likelihood: -3309.025
3. Current log-likelihood: -3279.391
4. Current log-likelihood: -3275.355
5. Current log-likelihood: -3272.860
6. Current log-likelihood: -3271.848
7. Current log-likelihood: -3271.513
8. Current log-likelihood: -3271.390
Optimal log-likelihood: -3271.310
Rate parameters:  A-C: 1.18929  A-G: 11.30124  A-T: 1.45513  C-G: 1.87927  C-T: 16.23900  G-T: 1.00000
Base frequencies:  A: 0.375  C: 0.196  G: 0.227  T: 0.201
Proportion of invariable sites: 0.222
Site proportion and rates:  (0.221,0.777) (0.266,1.021) (0.263,1.183) (0.028,8.758)
Parameters optimization took 8 rounds (2.095 sec)
Wrote distance file to... 
Computing ML distances based on estimated model parameters...
Calculating distance matrix: done in 0.169799 secs using 99.75% CPU
Computing ML distances took 0.170076 sec (of wall-clock time) 0.169662 sec (of CPU time)
Setting up auxiliary I and S matrices: done in 0.000677372 secs using 98.47% CPU
Computing RapidNJ tree took 0.003759 sec (of wall-clock time) 0.003738 sec (of CPU time)
Log-likelihood of RapidNJ tree: -3283.706
--------------------------------------------------------------------
|             INITIALIZING CANDIDATE TREE SET                      |
--------------------------------------------------------------------
Generating 98 parsimony trees... 1.455 second
Computing log-likelihood of 98 initial trees ... 1.306 seconds
Current best score: -3271.310

Do NNI search on 20 best initial trees
Estimate model parameters (epsilon = 0.100)
BETTER TREE FOUND at iteration 1: -3261.791
Iteration 10 / LogL: -3271.109 / Time: 0h:0m:12s
Iteration 20 / LogL: -3271.883 / Time: 0h:0m:15s
Finish initializing candidate tree set (20)
Current best tree score: -3261.791 / CPU time: 11.688
Number of iterations: 20
--------------------------------------------------------------------
|               OPTIMIZING CANDIDATE TREE SET                      |
--------------------------------------------------------------------
Estimate model parameters (epsilon = 0.100)
BETTER TREE FOUND at iteration 25: -3259.468
Iteration 30 / LogL: -3268.225 / Time: 0h:0m:18s (0h:1m:0s left)
BETTER TREE FOUND at iteration 40: -3259.466
Iteration 40 / LogL: -3259.466 / Time: 0h:0m:20s (0h:0m:51s left)
Estimate model parameters (epsilon = 0.100)
BETTER TREE FOUND at iteration 42: -3256.585
Estimate model parameters (epsilon = 0.100)
BETTER TREE FOUND at iteration 43: -3252.821
Iteration 50 / LogL: -3256.009 / Time: 0h:0m:22s (0h:0m:43s left)
Estimate model parameters (epsilon = 0.100)
BETTER TREE FOUND at iteration 54: -3251.396
Iteration 60 / LogL: -3266.239 / Time: 0h:0m:26s (0h:0m:41s left)
Estimate model parameters (epsilon = 0.100)
BETTER TREE FOUND at iteration 64: -3250.340
Iteration 70 / LogL: -3251.409 / Time: 0h:0m:29s (0h:0m:40s left)
Estimate model parameters (epsilon = 0.100)
BETTER TREE FOUND at iteration 72: -3247.432
Estimate model parameters (epsilon = 0.100)
BETTER TREE FOUND at iteration 79: -3246.037
Iteration 80 / LogL: -3247.527 / Time: 0h:0m:33s (0h:0m:41s left)
BETTER TREE FOUND at iteration 81: -3246.032
Estimate model parameters (epsilon = 0.100)
BETTER TREE FOUND at iteration 84: -3244.998
Estimate model parameters (epsilon = 0.100)
BETTER TREE FOUND at iteration 90: -3243.636
Iteration 90 / LogL: -3243.636 / Time: 0h:0m:36s (0h:0m:41s left)
Iteration 100 / LogL: -3245.001 / Time: 0h:0m:39s (0h:0m:35s left)
Iteration 110 / LogL: -3244.999 / Time: 0h:0m:42s (0h:0m:30s left)
Iteration 120 / LogL: -3244.997 / Time: 0h:0m:45s (0h:0m:26s left)
Iteration 130 / LogL: -3245.001 / Time: 0h:0m:47s (0h:0m:22s left)
Iteration 140 / LogL: -3263.935 / Time: 0h:0m:50s (0h:0m:18s left)
Iteration 150 / LogL: -3249.560 / Time: 0h:0m:53s (0h:0m:14s left)
Iteration 160 / LogL: -3244.798 / Time: 0h:0m:56s (0h:0m:10s left)
Estimate model parameters (epsilon = 0.100)
BETTER TREE FOUND at iteration 166: -3243.135
Iteration 170 / LogL: -3243.641 / Time: 0h:0m:59s (0h:0m:33s left)
BETTER TREE FOUND at iteration 178: -3243.133
Iteration 180 / LogL: -3252.968 / Time: 0h:1m:2s (0h:0m:34s left)
Iteration 190 / LogL: -3243.134 / Time: 0h:1m:4s (0h:0m:30s left)
Iteration 200 / LogL: -3246.296 / Time: 0h:1m:7s (0h:0m:26s left)
Estimate model parameters (epsilon = 0.100)
BETTER TREE FOUND at iteration 204: -3242.102
Estimate model parameters (epsilon = 0.100)
BETTER TREE FOUND at iteration 209: -3241.600
Iteration 210 / LogL: -3243.708 / Time: 0h:1m:10s (0h:0m:33s left)
Iteration 220 / LogL: -3250.208 / Time: 0h:1m:13s (0h:0m:29s left)
Iteration 230 / LogL: -3247.679 / Time: 0h:1m:16s (0h:0m:26s left)
Estimate model parameters (epsilon = 0.100)
BETTER TREE FOUND at iteration 235: -3240.792
Iteration 240 / LogL: -3243.281 / Time: 0h:1m:19s (0h:0m:31s left)
Iteration 250 / LogL: -3241.612 / Time: 0h:1m:22s (0h:0m:27s left)
Iteration 260 / LogL: -3257.506 / Time: 0h:1m:24s (0h:0m:24s left)
Estimate model parameters (epsilon = 0.100)
BETTER TREE FOUND at iteration 265: -3240.279
Iteration 270 / LogL: -3241.918 / Time: 0h:1m:27s (0h:0m:30s left)
Iteration 280 / LogL: -3244.654 / Time: 0h:1m:30s (0h:0m:27s left)
Iteration 290 / LogL: -3250.235 / Time: 0h:1m:33s (0h:0m:24s left)
Iteration 300 / LogL: -3243.856 / Time: 0h:1m:36s (0h:0m:20s left)
Iteration 310 / LogL: -3242.628 / Time: 0h:1m:38s (0h:0m:17s left)
Iteration 320 / LogL: -3240.417 / Time: 0h:1m:41s (0h:0m:14s left)
Iteration 330 / LogL: -3244.571 / Time: 0h:1m:44s (0h:0m:11s left)
Iteration 340 / LogL: -3256.935 / Time: 0h:1m:46s (0h:0m:7s left)
Iteration 350 / LogL: -3263.597 / Time: 0h:1m:49s (0h:0m:4s left)
Iteration 360 / LogL: -3246.737 / Time: 0h:1m:52s (0h:0m:1s left)
BETTER TREE FOUND at iteration 365: -3240.278
Iteration 370 / LogL: -3245.851 / Time: 0h:1m:55s (0h:0m:29s left)
Iteration 380 / LogL: -3243.043 / Time: 0h:1m:57s (0h:0m:26s left)
Iteration 390 / LogL: -3240.279 / Time: 0h:2m:0s (0h:0m:23s left)
Iteration 400 / LogL: -3255.015 / Time: 0h:2m:3s (0h:0m:20s left)
Iteration 410 / LogL: -3265.845 / Time: 0h:2m:5s (0h:0m:16s left)
Iteration 420 / LogL: -3240.281 / Time: 0h:2m:8s (0h:0m:13s left)
Iteration 430 / LogL: -3240.281 / Time: 0h:2m:11s (0h:0m:10s left)
BETTER TREE FOUND at iteration 439: -3240.278
Iteration 440 / LogL: -3246.770 / Time: 0h:2m:14s (0h:0m:30s left)
Iteration 450 / LogL: -3241.630 / Time: 0h:2m:16s (0h:0m:27s left)
BETTER TREE FOUND at iteration 460: -3240.277
Iteration 460 / LogL: -3240.277 / Time: 0h:2m:19s (0h:0m:30s left)
Iteration 470 / LogL: -3246.946 / Time: 0h:2m:22s (0h:0m:27s left)
Iteration 480 / LogL: -3242.596 / Time: 0h:2m:25s (0h:0m:24s left)
Iteration 490 / LogL: -3243.797 / Time: 0h:2m:28s (0h:0m:21s left)
Iteration 500 / LogL: -3250.408 / Time: 0h:2m:30s (0h:0m:18s left)
Iteration 510 / LogL: -3240.280 / Time: 0h:2m:33s (0h:0m:15s left)
Iteration 520 / LogL: -3242.803 / Time: 0h:2m:36s (0h:0m:12s left)
Iteration 530 / LogL: -3262.759 / Time: 0h:2m:39s (0h:0m:9s left)
Iteration 540 / LogL: -3242.549 / Time: 0h:2m:42s (0h:0m:6s left)
Iteration 550 / LogL: -3240.282 / Time: 0h:2m:44s (0h:0m:3s left)
Iteration 560 / LogL: -3240.282 / Time: 0h:2m:47s (0h:0m:0s left)
TREE SEARCH COMPLETED AFTER 561 ITERATIONS / Time: 0h:2m:47s

--------------------------------------------------------------------
|                    FINALIZING TREE SEARCH                        |
--------------------------------------------------------------------
Performs final model parameters optimization
Estimate model parameters (epsilon = 0.010)
1. Initial log-likelihood: -3240.277
Optimal log-likelihood: -3240.273
Rate parameters:  A-C: 0.97364  A-G: 10.66083  A-T: 1.40949  C-G: 1.35010  C-T: 15.48778  G-T: 1.00000
Base frequencies:  A: 0.375  C: 0.196  G: 0.227  T: 0.201
Proportion of invariable sites: 0.071
Site proportion and rates:  (0.416,0.739) (0.463,0.740) (0.048,6.012) (0.002,35.827)
Parameters optimization took 1 rounds (0.145 sec)
BEST SCORE FOUND : -3240.273
Empirical proportions for each category: 0.000 0.962 0.036 0.002
Site rates printed to iqtree_subset/13654+123+B.rate

Testing tree branches by SH-like aLRT with 1000 replicates...
2.540 sec.
Total tree length: 0.570

Total number of iterations: 561
CPU time used for tree search: 159.597 sec (0h:2m:39s)
Wall-clock time used for tree search: 164.282 sec (0h:2m:44s)
Total CPU time used: 165.713 sec (0h:2m:45s)
Total wall-clock time used: 170.452 sec (0h:2m:50s)

Analysis results written to: 
  IQ-TREE report:                iqtree_subset/13654+123+B.iqtree
  Maximum-likelihood tree:       iqtree_subset/13654+123+B.treefile
  Likelihood distances:          iqtree_subset/13654+123+B.mldist
  Site-specific rates:           iqtree_subset/13654+123+B.rate
  Screen log file:               iqtree_subset/13654+123+B.log

Date and Time: Tue Feb 11 18:04:10 2025
