IQ-TREE multicore version 2.3.3 COVID-edition for Linux x86 64-bit built Apr 25 2024
Developed by Bui Quang Minh, James Barbetti, Nguyen Lam Tung, Olga Chernomor,
Heiko Schmidt, Dominik Schrempf, Michael Woodhams, Ly Trong Nhan, Thomas Wong

Host:    linusblack.lanl.gov (AVX512, FMA3, 754 GB RAM)
Command: iqtree -s mafft_subset/13654+868+B.fasta -m GTR+I+R -alrt 1000 -T AUTO --prefix iqtree_subset/13654+868+B --rate -redo
Seed:    30224 (Using SPRNG - Scalable Parallel Random Number Generator)
Time:    Tue Feb 11 18:00:20 2025
Kernel:  AVX+FMA - auto-detect threads (1 CPU cores detected)

Reading alignment file mafft_subset/13654+868+B.fasta ... Fasta format detected
Reading fasta file: done in 0.00244318 secs using 87.3% CPU
Alignment most likely contains DNA/RNA sequences
Alignment has 138 sequences with 490 columns, 163 distinct patterns
49 parsimony-informative, 114 singleton sites, 327 constant sites
WARNING: Some sequence names are changed as follows:
13654+5472+5962+DQ854206+B+NA+NA -> 13654_5472_5962_DQ854206_B_NA_NA
13654+5472+5962+DQ854205+B+NA+NA -> 13654_5472_5962_DQ854205_B_NA_NA
13654+5472+5962+DQ854204+B+NA+NA -> 13654_5472_5962_DQ854204_B_NA_NA
13654+5472+5962+DQ854203+B+NA+NA -> 13654_5472_5962_DQ854203_B_NA_NA
13654+5472+5962+DQ854202+B+NA+NA -> 13654_5472_5962_DQ854202_B_NA_NA
13654+5472+5962+DQ854201+B+NA+NA -> 13654_5472_5962_DQ854201_B_NA_NA
13654+5472+5962+DQ854200+B+NA+NA -> 13654_5472_5962_DQ854200_B_NA_NA
13654+5472+5962+DQ854199+B+NA+NA -> 13654_5472_5962_DQ854199_B_NA_NA
13654+5472+5962+DQ854198+B+NA+NA -> 13654_5472_5962_DQ854198_B_NA_NA
13654+5472+5962+DQ854197+B+NA+NA -> 13654_5472_5962_DQ854197_B_NA_NA
13654+5472+5962+DQ854196+B+NA+NA -> 13654_5472_5962_DQ854196_B_NA_NA
13654+5472+5962+DQ854195+B+NA+NA -> 13654_5472_5962_DQ854195_B_NA_NA
13654+5472+5962+DQ854194+B+NA+NA -> 13654_5472_5962_DQ854194_B_NA_NA
13654+5472+5962+DQ854193+B+NA+NA -> 13654_5472_5962_DQ854193_B_NA_NA
13654+5472+5962+DQ854192+B+NA+NA -> 13654_5472_5962_DQ854192_B_NA_NA
13654+5472+5962+DQ854191+B+NA+NA -> 13654_5472_5962_DQ854191_B_NA_NA
13654+5472+5962+DQ854190+B+NA+NA -> 13654_5472_5962_DQ854190_B_NA_NA
13654+5472+5962+DQ854189+B+NA+NA -> 13654_5472_5962_DQ854189_B_NA_NA
13654+5472+5962+DQ854188+B+NA+NA -> 13654_5472_5962_DQ854188_B_NA_NA
13654+5472+5962+DQ854187+B+NA+NA -> 13654_5472_5962_DQ854187_B_NA_NA
13654+5472+5962+DQ854186+B+NA+NA -> 13654_5472_5962_DQ854186_B_NA_NA
13654+5472+5962+DQ854185+B+NA+NA -> 13654_5472_5962_DQ854185_B_NA_NA
13654+5472+5962+DQ854184+B+NA+NA -> 13654_5472_5962_DQ854184_B_NA_NA
13654+5472+5962+DQ854183+B+NA+NA -> 13654_5472_5962_DQ854183_B_NA_NA
13654+5472+5962+DQ854182+B+NA+NA -> 13654_5472_5962_DQ854182_B_NA_NA
13654+5472+5962+DQ854181+B+NA+NA -> 13654_5472_5962_DQ854181_B_NA_NA
13654+5472+5962+DQ854180+B+NA+NA -> 13654_5472_5962_DQ854180_B_NA_NA
13654+5472+5962+DQ854179+B+NA+NA -> 13654_5472_5962_DQ854179_B_NA_NA
13654+5472+5962+DQ854178+B+NA+NA -> 13654_5472_5962_DQ854178_B_NA_NA
13654+5472+5962+DQ854177+B+NA+NA -> 13654_5472_5962_DQ854177_B_NA_NA
13654+5472+5962+DQ854176+B+NA+NA -> 13654_5472_5962_DQ854176_B_NA_NA
13654+5472+5962+DQ854175+B+NA+NA -> 13654_5472_5962_DQ854175_B_NA_NA
13654+5472+5962+DQ854174+B+NA+NA -> 13654_5472_5962_DQ854174_B_NA_NA
13654+5472+5962+DQ854173+B+NA+NA -> 13654_5472_5962_DQ854173_B_NA_NA
13654+5472+5962+DQ854172+B+NA+NA -> 13654_5472_5962_DQ854172_B_NA_NA
13654+5472+5962+DQ854171+B+NA+NA -> 13654_5472_5962_DQ854171_B_NA_NA
13654+5472+5962+DQ854170+B+NA+NA -> 13654_5472_5962_DQ854170_B_NA_NA
13654+5472+5962+DQ854169+B+NA+NA -> 13654_5472_5962_DQ854169_B_NA_NA
13654+5472+5962+DQ854168+B+NA+NA -> 13654_5472_5962_DQ854168_B_NA_NA
13654+5472+5962+DQ854167+B+NA+NA -> 13654_5472_5962_DQ854167_B_NA_NA
13654+5472+5962+DQ854166+B+NA+NA -> 13654_5472_5962_DQ854166_B_NA_NA
13654+5472+5962+DQ854165+B+NA+NA -> 13654_5472_5962_DQ854165_B_NA_NA
13654+5472+5962+DQ854164+B+NA+NA -> 13654_5472_5962_DQ854164_B_NA_NA
13654+5472+5962+DQ854163+B+NA+NA -> 13654_5472_5962_DQ854163_B_NA_NA
13654+5472+5962+DQ854162+B+NA+NA -> 13654_5472_5962_DQ854162_B_NA_NA
13654+5472+5962+DQ854161+B+NA+NA -> 13654_5472_5962_DQ854161_B_NA_NA
13654+5472+5962+DQ854160+B+NA+NA -> 13654_5472_5962_DQ854160_B_NA_NA
13654+5472+5962+DQ854159+B+NA+NA -> 13654_5472_5962_DQ854159_B_NA_NA
13654+5472+5962+DQ854158+B+NA+NA -> 13654_5472_5962_DQ854158_B_NA_NA
13654+5472+5962+DQ854157+B+NA+NA -> 13654_5472_5962_DQ854157_B_NA_NA
13654+5472+5962+DQ854156+B+NA+NA -> 13654_5472_5962_DQ854156_B_NA_NA
13654+5472+5962+DQ854155+B+NA+NA -> 13654_5472_5962_DQ854155_B_NA_NA
13654+5472+5962+DQ854154+B+NA+NA -> 13654_5472_5962_DQ854154_B_NA_NA
13654+5472+5962+DQ854153+B+NA+NA -> 13654_5472_5962_DQ854153_B_NA_NA
13654+5472+5962+DQ854152+B+NA+NA -> 13654_5472_5962_DQ854152_B_NA_NA
13654+5472+5962+DQ854151+B+NA+NA -> 13654_5472_5962_DQ854151_B_NA_NA
13654+5472+5962+DQ854150+B+NA+NA -> 13654_5472_5962_DQ854150_B_NA_NA
13654+5472+5962+DQ854149+B+NA+NA -> 13654_5472_5962_DQ854149_B_NA_NA
13654+5472+5962+DQ854148+B+NA+NA -> 13654_5472_5962_DQ854148_B_NA_NA
13654+5472+5962+DQ854147+B+NA+NA -> 13654_5472_5962_DQ854147_B_NA_NA
13654+5472+5962+DQ854146+B+NA+NA -> 13654_5472_5962_DQ854146_B_NA_NA
13654+5472+5962+DQ854145+B+NA+NA -> 13654_5472_5962_DQ854145_B_NA_NA
13654+5472+5962+DQ854144+B+NA+NA -> 13654_5472_5962_DQ854144_B_NA_NA
13654+5472+5962+DQ854143+B+NA+NA -> 13654_5472_5962_DQ854143_B_NA_NA
13654+5472+5962+DQ854142+B+NA+NA -> 13654_5472_5962_DQ854142_B_NA_NA
13654+5472+5962+DQ854141+B+NA+NA -> 13654_5472_5962_DQ854141_B_NA_NA
13654+5472+5962+DQ854140+B+NA+NA -> 13654_5472_5962_DQ854140_B_NA_NA
13654+5472+5962+DQ854139+B+NA+NA -> 13654_5472_5962_DQ854139_B_NA_NA
13654+5472+5962+DQ854138+B+NA+NA -> 13654_5472_5962_DQ854138_B_NA_NA
13654+5472+5962+DQ854137+B+NA+NA -> 13654_5472_5962_DQ854137_B_NA_NA
13654+5472+5962+DQ854136+B+NA+NA -> 13654_5472_5962_DQ854136_B_NA_NA
13654+5472+5962+DQ854135+B+NA+NA -> 13654_5472_5962_DQ854135_B_NA_NA
13654+5472+5962+DQ854134+B+NA+NA -> 13654_5472_5962_DQ854134_B_NA_NA
13654+5472+5962+DQ854133+B+NA+NA -> 13654_5472_5962_DQ854133_B_NA_NA
13654+5472+5962+DQ854132+B+NA+NA -> 13654_5472_5962_DQ854132_B_NA_NA
13654+5472+5962+DQ854131+B+NA+NA -> 13654_5472_5962_DQ854131_B_NA_NA
13654+5472+5962+DQ854130+B+NA+NA -> 13654_5472_5962_DQ854130_B_NA_NA
13654+5472+5962+DQ854129+B+NA+NA -> 13654_5472_5962_DQ854129_B_NA_NA
13654+5472+5962+DQ854128+B+NA+NA -> 13654_5472_5962_DQ854128_B_NA_NA
13654+5472+5962+DQ854127+B+NA+NA -> 13654_5472_5962_DQ854127_B_NA_NA
13654+5472+5962+DQ854126+B+NA+NA -> 13654_5472_5962_DQ854126_B_NA_NA
13654+5472+5962+DQ854125+B+NA+NA -> 13654_5472_5962_DQ854125_B_NA_NA
13654+5472+5962+DQ854124+B+NA+NA -> 13654_5472_5962_DQ854124_B_NA_NA
13654+5472+5962+DQ854123+B+NA+NA -> 13654_5472_5962_DQ854123_B_NA_NA
13654+5472+5962+DQ854122+B+NA+NA -> 13654_5472_5962_DQ854122_B_NA_NA
13654+5472+5962+DQ854121+B+NA+NA -> 13654_5472_5962_DQ854121_B_NA_NA
13654+5472+5962+DQ854120+B+NA+NA -> 13654_5472_5962_DQ854120_B_NA_NA
13654+5472+5962+DQ854119+B+NA+NA -> 13654_5472_5962_DQ854119_B_NA_NA
13654+5472+5962+DQ854118+B+NA+NA -> 13654_5472_5962_DQ854118_B_NA_NA
13654+5472+5962+DQ854117+B+NA+NA -> 13654_5472_5962_DQ854117_B_NA_NA
13654+5472+5962+DQ854116+B+NA+NA -> 13654_5472_5962_DQ854116_B_NA_NA
13654+5472+5962+DQ854115+B+NA+NA -> 13654_5472_5962_DQ854115_B_NA_NA
13654+5472+5962+DQ854114+B+NA+NA -> 13654_5472_5962_DQ854114_B_NA_NA
13654+5472+5962+DQ854113+B+NA+NA -> 13654_5472_5962_DQ854113_B_NA_NA
13654+5472+5962+DQ854112+B+NA+NA -> 13654_5472_5962_DQ854112_B_NA_NA
13654+5472+5962+DQ854111+B+NA+NA -> 13654_5472_5962_DQ854111_B_NA_NA
13654+5472+5962+DQ854110+B+NA+NA -> 13654_5472_5962_DQ854110_B_NA_NA
13654+5472+5962+DQ854109+B+NA+NA -> 13654_5472_5962_DQ854109_B_NA_NA
13654+5472+5962+DQ854108+B+NA+NA -> 13654_5472_5962_DQ854108_B_NA_NA
13654+5472+5962+DQ854107+B+NA+NA -> 13654_5472_5962_DQ854107_B_NA_NA
13654+5472+5962+DQ854106+B+NA+NA -> 13654_5472_5962_DQ854106_B_NA_NA
13654+5472+5962+DQ854105+B+NA+NA -> 13654_5472_5962_DQ854105_B_NA_NA
13654+5472+5962+DQ854104+B+NA+NA -> 13654_5472_5962_DQ854104_B_NA_NA
13654+5472+5962+DQ854103+B+NA+NA -> 13654_5472_5962_DQ854103_B_NA_NA
13654+5472+5962+DQ854102+B+NA+NA -> 13654_5472_5962_DQ854102_B_NA_NA
13654+5472+5962+DQ854101+B+NA+NA -> 13654_5472_5962_DQ854101_B_NA_NA
13654+5472+5962+DQ854100+B+NA+NA -> 13654_5472_5962_DQ854100_B_NA_NA
13654+5472+5962+DQ854099+B+NA+NA -> 13654_5472_5962_DQ854099_B_NA_NA
13654+5472+5962+DQ854098+B+NA+NA -> 13654_5472_5962_DQ854098_B_NA_NA
13654+5472+5962+DQ854097+B+NA+NA -> 13654_5472_5962_DQ854097_B_NA_NA
13654+5472+5962+DQ854096+B+NA+NA -> 13654_5472_5962_DQ854096_B_NA_NA
13654+5472+5962+DQ854095+B+NA+NA -> 13654_5472_5962_DQ854095_B_NA_NA
13654+5472+5962+DQ854094+B+NA+NA -> 13654_5472_5962_DQ854094_B_NA_NA
13654+5472+5962+DQ854093+B+NA+NA -> 13654_5472_5962_DQ854093_B_NA_NA
13654+5472+5962+DQ854092+B+NA+NA -> 13654_5472_5962_DQ854092_B_NA_NA
13654+5472+5962+DQ854091+B+NA+NA -> 13654_5472_5962_DQ854091_B_NA_NA
13654+5472+5962+DQ854090+B+NA+NA -> 13654_5472_5962_DQ854090_B_NA_NA
13654+5472+5962+DQ854089+B+NA+NA -> 13654_5472_5962_DQ854089_B_NA_NA
13654+5472+5962+DQ854088+B+NA+NA -> 13654_5472_5962_DQ854088_B_NA_NA
13654+5472+5962+DQ854087+B+NA+NA -> 13654_5472_5962_DQ854087_B_NA_NA
13654+5472+5962+DQ854086+B+NA+NA -> 13654_5472_5962_DQ854086_B_NA_NA
13654+5472+5962+DQ854085+B+NA+NA -> 13654_5472_5962_DQ854085_B_NA_NA
13654+5472+5962+DQ854084+B+NA+NA -> 13654_5472_5962_DQ854084_B_NA_NA
13654+5472+5962+DQ854083+B+NA+NA -> 13654_5472_5962_DQ854083_B_NA_NA
13654+5472+5962+DQ854082+B+NA+NA -> 13654_5472_5962_DQ854082_B_NA_NA
13654+5472+5962+DQ854081+B+NA+NA -> 13654_5472_5962_DQ854081_B_NA_NA
13654+5472+5962+DQ854080+B+NA+NA -> 13654_5472_5962_DQ854080_B_NA_NA
13654+5472+5962+DQ854079+B+NA+NA -> 13654_5472_5962_DQ854079_B_NA_NA
13654+5472+5962+DQ854078+B+NA+NA -> 13654_5472_5962_DQ854078_B_NA_NA
13654+5472+5962+DQ854077+B+NA+NA -> 13654_5472_5962_DQ854077_B_NA_NA
13654+5472+5962+DQ854076+B+NA+NA -> 13654_5472_5962_DQ854076_B_NA_NA
13654+5472+5962+DQ854075+B+NA+NA -> 13654_5472_5962_DQ854075_B_NA_NA
13654+5472+5962+DQ854074+B+NA+NA -> 13654_5472_5962_DQ854074_B_NA_NA
13654+5472+5962+DQ854073+B+NA+NA -> 13654_5472_5962_DQ854073_B_NA_NA
13654+5472+5962+DQ854072+B+NA+NA -> 13654_5472_5962_DQ854072_B_NA_NA
13654+5472+5962+DQ854071+B+NA+NA -> 13654_5472_5962_DQ854071_B_NA_NA
13654+5472+5962+DQ854070+B+NA+NA -> 13654_5472_5962_DQ854070_B_NA_NA
13654+5472+5962+DQ854069+B+NA+NA -> 13654_5472_5962_DQ854069_B_NA_NA

                                  Gap/Ambiguity  Composition  p-value
Analyzing sequences: done in 8.33282e-05 secs using 98.41% CPU
   1  13654_5472_5962_DQ854206_B_NA_NA    0.00%    passed     99.68%
   2  13654_5472_5962_DQ854205_B_NA_NA    0.00%    passed     99.71%
   3  13654_5472_5962_DQ854204_B_NA_NA    0.00%    passed     99.71%
   4  13654_5472_5962_DQ854203_B_NA_NA    0.00%    passed     99.71%
   5  13654_5472_5962_DQ854202_B_NA_NA    0.00%    passed     99.68%
   6  13654_5472_5962_DQ854201_B_NA_NA    0.00%    passed     99.68%
   7  13654_5472_5962_DQ854200_B_NA_NA    0.00%    passed     99.71%
   8  13654_5472_5962_DQ854199_B_NA_NA    0.00%    passed     99.82%
   9  13654_5472_5962_DQ854198_B_NA_NA    0.00%    passed     99.71%
  10  13654_5472_5962_DQ854197_B_NA_NA    0.41%    passed     99.90%
  11  13654_5472_5962_DQ854196_B_NA_NA    0.00%    passed     99.71%
  12  13654_5472_5962_DQ854195_B_NA_NA    0.00%    passed     99.71%
  13  13654_5472_5962_DQ854194_B_NA_NA    0.00%    passed     99.98%
  14  13654_5472_5962_DQ854193_B_NA_NA    0.00%    passed     99.98%
  15  13654_5472_5962_DQ854192_B_NA_NA    0.00%    passed     99.68%
  16  13654_5472_5962_DQ854191_B_NA_NA    0.00%    passed     99.89%
  17  13654_5472_5962_DQ854190_B_NA_NA    0.00%    passed     99.71%
  18  13654_5472_5962_DQ854189_B_NA_NA    0.00%    passed     99.71%
  19  13654_5472_5962_DQ854188_B_NA_NA    0.00%    passed     99.99%
  20  13654_5472_5962_DQ854187_B_NA_NA    0.00%    passed     99.91%
  21  13654_5472_5962_DQ854186_B_NA_NA    0.00%    passed     99.91%
  22  13654_5472_5962_DQ854185_B_NA_NA    0.00%    passed     98.40%
  23  13654_5472_5962_DQ854184_B_NA_NA    0.00%    passed     99.75%
  24  13654_5472_5962_DQ854183_B_NA_NA    0.00%    passed     99.68%
  25  13654_5472_5962_DQ854182_B_NA_NA    0.00%    passed     99.11%
  26  13654_5472_5962_DQ854181_B_NA_NA    0.00%    passed     99.96%
  27  13654_5472_5962_DQ854180_B_NA_NA    0.00%    passed     99.77%
  28  13654_5472_5962_DQ854179_B_NA_NA    0.00%    passed     99.91%
  29  13654_5472_5962_DQ854178_B_NA_NA    0.20%    passed     99.83%
  30  13654_5472_5962_DQ854177_B_NA_NA    0.00%    passed     99.91%
  31  13654_5472_5962_DQ854176_B_NA_NA    0.00%    passed     99.01%
  32  13654_5472_5962_DQ854175_B_NA_NA    0.00%    passed     99.75%
  33  13654_5472_5962_DQ854174_B_NA_NA    0.00%    passed     99.62%
  34  13654_5472_5962_DQ854173_B_NA_NA    0.00%    passed     99.82%
  35  13654_5472_5962_DQ854172_B_NA_NA    0.00%    passed     99.91%
  36  13654_5472_5962_DQ854171_B_NA_NA    0.00%    passed     99.99%
  37  13654_5472_5962_DQ854170_B_NA_NA    0.00%    passed     99.75%
  38  13654_5472_5962_DQ854169_B_NA_NA    0.00%    passed     99.96%
  39  13654_5472_5962_DQ854168_B_NA_NA    0.00%    passed     99.82%
  40  13654_5472_5962_DQ854167_B_NA_NA    0.00%    passed     99.92%
  41  13654_5472_5962_DQ854166_B_NA_NA    0.00%    passed     99.81%
  42  13654_5472_5962_DQ854165_B_NA_NA    0.00%    passed     99.93%
  43  13654_5472_5962_DQ854164_B_NA_NA    0.00%    passed     99.96%
  44  13654_5472_5962_DQ854163_B_NA_NA    0.00%    passed     98.00%
  45  13654_5472_5962_DQ854162_B_NA_NA    0.00%    passed     99.90%
  46  13654_5472_5962_DQ854161_B_NA_NA    0.00%    passed     99.53%
  47  13654_5472_5962_DQ854160_B_NA_NA    0.00%    passed     99.78%
  48  13654_5472_5962_DQ854159_B_NA_NA    0.00%    passed     99.99%
  49  13654_5472_5962_DQ854158_B_NA_NA    0.20%    passed     98.66%
  50  13654_5472_5962_DQ854157_B_NA_NA    0.20%    passed     98.66%
  51  13654_5472_5962_DQ854156_B_NA_NA    0.00%    passed     99.99%
  52  13654_5472_5962_DQ854155_B_NA_NA    0.00%    passed     99.97%
  53  13654_5472_5962_DQ854154_B_NA_NA    0.00%    passed     99.75%
  54  13654_5472_5962_DQ854153_B_NA_NA    0.00%    passed     99.99%
  55  13654_5472_5962_DQ854152_B_NA_NA    0.00%    passed     99.40%
  56  13654_5472_5962_DQ854151_B_NA_NA    0.00%    passed     99.96%
  57  13654_5472_5962_DQ854150_B_NA_NA    0.00%    passed     99.99%
  58  13654_5472_5962_DQ854149_B_NA_NA    0.00%    passed     99.57%
  59  13654_5472_5962_DQ854148_B_NA_NA    0.00%    passed     99.53%
  60  13654_5472_5962_DQ854147_B_NA_NA    0.00%    passed     99.97%
  61  13654_5472_5962_DQ854146_B_NA_NA    0.00%    passed     99.98%
  62  13654_5472_5962_DQ854145_B_NA_NA    0.00%    passed     99.77%
  63  13654_5472_5962_DQ854144_B_NA_NA    0.00%    passed     98.11%
  64  13654_5472_5962_DQ854143_B_NA_NA    0.00%    passed     99.41%
  65  13654_5472_5962_DQ854142_B_NA_NA    0.00%    passed     99.81%
  66  13654_5472_5962_DQ854141_B_NA_NA    0.00%    passed     99.60%
  67  13654_5472_5962_DQ854140_B_NA_NA    0.00%    passed     96.56%
  68  13654_5472_5962_DQ854139_B_NA_NA    0.00%    passed     99.17%
  69  13654_5472_5962_DQ854138_B_NA_NA    0.00%    passed     99.83%
  70  13654_5472_5962_DQ854137_B_NA_NA    0.00%    passed     99.12%
  71  13654_5472_5962_DQ854136_B_NA_NA    0.00%    passed     99.23%
  72  13654_5472_5962_DQ854135_B_NA_NA    0.00%    passed     99.92%
  73  13654_5472_5962_DQ854134_B_NA_NA    0.00%    passed     99.57%
  74  13654_5472_5962_DQ854133_B_NA_NA    0.00%    passed     99.01%
  75  13654_5472_5962_DQ854132_B_NA_NA    0.00%    passed     99.41%
  76  13654_5472_5962_DQ854131_B_NA_NA    0.20%    passed     99.90%
  77  13654_5472_5962_DQ854130_B_NA_NA    0.00%    passed     98.49%
  78  13654_5472_5962_DQ854129_B_NA_NA    0.00%    passed     99.81%
  79  13654_5472_5962_DQ854128_B_NA_NA    0.00%    passed     99.10%
  80  13654_5472_5962_DQ854127_B_NA_NA    0.00%    passed     99.83%
  81  13654_5472_5962_DQ854126_B_NA_NA    0.00%    passed     98.96%
  82  13654_5472_5962_DQ854125_B_NA_NA    0.00%    passed     99.77%
  83  13654_5472_5962_DQ854124_B_NA_NA    0.00%    passed     99.81%
  84  13654_5472_5962_DQ854123_B_NA_NA    0.00%    passed     99.41%
  85  13654_5472_5962_DQ854122_B_NA_NA    0.00%    passed     99.99%
  86  13654_5472_5962_DQ854121_B_NA_NA    0.00%    passed     99.41%
  87  13654_5472_5962_DQ854120_B_NA_NA    0.00%    passed     99.97%
  88  13654_5472_5962_DQ854119_B_NA_NA    0.00%    passed     98.57%
  89  13654_5472_5962_DQ854118_B_NA_NA    0.00%    passed     99.82%
  90  13654_5472_5962_DQ854117_B_NA_NA    0.00%    passed     99.64%
  91  13654_5472_5962_DQ854116_B_NA_NA    0.00%    passed     99.75%
  92  13654_5472_5962_DQ854115_B_NA_NA    0.00%    passed     99.36%
  93  13654_5472_5962_DQ854114_B_NA_NA    0.00%    passed     98.90%
  94  13654_5472_5962_DQ854113_B_NA_NA    0.00%    passed     99.64%
  95  13654_5472_5962_DQ854112_B_NA_NA    0.00%    passed     99.99%
  96  13654_5472_5962_DQ854111_B_NA_NA    0.00%    passed     99.87%
  97  13654_5472_5962_DQ854110_B_NA_NA    0.00%    passed     99.75%
  98  13654_5472_5962_DQ854109_B_NA_NA    0.00%    passed     99.92%
  99  13654_5472_5962_DQ854108_B_NA_NA    0.00%    passed     99.96%
 100  13654_5472_5962_DQ854107_B_NA_NA    0.00%    passed     99.77%
 101  13654_5472_5962_DQ854106_B_NA_NA    0.00%    passed     99.91%
 102  13654_5472_5962_DQ854105_B_NA_NA    0.00%    passed     99.97%
 103  13654_5472_5962_DQ854104_B_NA_NA    0.00%    passed     99.82%
 104  13654_5472_5962_DQ854103_B_NA_NA    0.00%    passed     99.96%
 105  13654_5472_5962_DQ854102_B_NA_NA    0.00%    passed     99.98%
 106  13654_5472_5962_DQ854101_B_NA_NA    0.00%    passed     99.82%
 107  13654_5472_5962_DQ854100_B_NA_NA    0.00%    passed     99.98%
 108  13654_5472_5962_DQ854099_B_NA_NA    0.00%    passed     99.99%
 109  13654_5472_5962_DQ854098_B_NA_NA    0.00%    passed     99.83%
 110  13654_5472_5962_DQ854097_B_NA_NA    0.00%    passed     99.46%
 111  13654_5472_5962_DQ854096_B_NA_NA    0.20%    passed     99.91%
 112  13654_5472_5962_DQ854095_B_NA_NA    0.00%    passed     99.99%
 113  13654_5472_5962_DQ854094_B_NA_NA    0.00%    passed     97.88%
 114  13654_5472_5962_DQ854093_B_NA_NA    0.00%    passed     99.82%
 115  13654_5472_5962_DQ854092_B_NA_NA    0.00%    passed     98.89%
 116  13654_5472_5962_DQ854091_B_NA_NA    0.20%    passed     99.84%
 117  13654_5472_5962_DQ854090_B_NA_NA    0.00%    passed     99.96%
 118  13654_5472_5962_DQ854089_B_NA_NA    0.00%    passed     98.80%
 119  13654_5472_5962_DQ854088_B_NA_NA    0.00%    passed     99.51%
 120  13654_5472_5962_DQ854087_B_NA_NA    0.00%    passed     99.19%
 121  13654_5472_5962_DQ854086_B_NA_NA    0.00%    passed     99.97%
 122  13654_5472_5962_DQ854085_B_NA_NA    0.00%    passed     99.96%
 123  13654_5472_5962_DQ854084_B_NA_NA    0.00%    passed     99.55%
 124  13654_5472_5962_DQ854083_B_NA_NA    0.00%    passed     99.78%
 125  13654_5472_5962_DQ854082_B_NA_NA    0.00%    passed     99.23%
 126  13654_5472_5962_DQ854081_B_NA_NA    0.00%    passed     99.80%
 127  13654_5472_5962_DQ854080_B_NA_NA    0.00%    passed     98.80%
 128  13654_5472_5962_DQ854079_B_NA_NA    0.00%    passed     99.99%
 129  13654_5472_5962_DQ854078_B_NA_NA    0.00%    passed     99.99%
 130  13654_5472_5962_DQ854077_B_NA_NA    0.00%    passed     99.35%
 131  13654_5472_5962_DQ854076_B_NA_NA    0.00%    passed     99.89%
 132  13654_5472_5962_DQ854075_B_NA_NA    0.00%    passed     99.39%
 133  13654_5472_5962_DQ854074_B_NA_NA    0.00%    passed     99.57%
 134  13654_5472_5962_DQ854073_B_NA_NA    0.00%    passed     99.82%
 135  13654_5472_5962_DQ854072_B_NA_NA    0.00%    passed     99.60%
 136  13654_5472_5962_DQ854071_B_NA_NA    0.00%    passed     99.93%
 137  13654_5472_5962_DQ854070_B_NA_NA    0.00%    passed     98.08%
 138  13654_5472_5962_DQ854069_B_NA_NA    0.00%    passed     99.82%
****  TOTAL                               0.01%  0 sequences failed composition chi2 test (p-value<5%; df=3)
NOTE: 13654_5472_5962_DQ854204_B_NA_NA is identical to 13654_5472_5962_DQ854205_B_NA_NA but kept for subsequent analysis
NOTE: 13654_5472_5962_DQ854179_B_NA_NA is identical to 13654_5472_5962_DQ854186_B_NA_NA but kept for subsequent analysis
NOTE: 13654_5472_5962_DQ854170_B_NA_NA is identical to 13654_5472_5962_DQ854175_B_NA_NA but kept for subsequent analysis
NOTE: 13654_5472_5962_DQ854150_B_NA_NA is identical to 13654_5472_5962_DQ854156_B_NA_NA but kept for subsequent analysis
NOTE: 13654_5472_5962_DQ854100_B_NA_NA is identical to 13654_5472_5962_DQ854146_B_NA_NA but kept for subsequent analysis
NOTE: 13654_5472_5962_DQ854121_B_NA_NA is identical to 13654_5472_5962_DQ854123_B_NA_NA but kept for subsequent analysis
NOTE: 13654_5472_5962_DQ854101_B_NA_NA is identical to 13654_5472_5962_DQ854104_B_NA_NA but kept for subsequent analysis
NOTE: 9 identical sequences (see below) will be ignored for subsequent analysis
NOTE: 13654_5472_5962_DQ854203_B_NA_NA (identical to 13654_5472_5962_DQ854205_B_NA_NA) is ignored but added at the end
NOTE: 13654_5472_5962_DQ854200_B_NA_NA (identical to 13654_5472_5962_DQ854205_B_NA_NA) is ignored but added at the end
NOTE: 13654_5472_5962_DQ854198_B_NA_NA (identical to 13654_5472_5962_DQ854205_B_NA_NA) is ignored but added at the end
NOTE: 13654_5472_5962_DQ854195_B_NA_NA (identical to 13654_5472_5962_DQ854205_B_NA_NA) is ignored but added at the end
NOTE: 13654_5472_5962_DQ854190_B_NA_NA (identical to 13654_5472_5962_DQ854205_B_NA_NA) is ignored but added at the end
NOTE: 13654_5472_5962_DQ854189_B_NA_NA (identical to 13654_5472_5962_DQ854205_B_NA_NA) is ignored but added at the end
NOTE: 13654_5472_5962_DQ854177_B_NA_NA (identical to 13654_5472_5962_DQ854186_B_NA_NA) is ignored but added at the end
NOTE: 13654_5472_5962_DQ854172_B_NA_NA (identical to 13654_5472_5962_DQ854186_B_NA_NA) is ignored but added at the end
NOTE: 13654_5472_5962_DQ854093_B_NA_NA (identical to 13654_5472_5962_DQ854104_B_NA_NA) is ignored but added at the end
Alignment was printed to iqtree_subset/13654+868+B.uniqueseq.phy

For your convenience alignment with unique sequences printed to iqtree_subset/13654+868+B.uniqueseq.phy

Create initial parsimony tree by phylogenetic likelihood library (PLL)... 0.011 seconds

NOTE: 2 MB RAM (0 GB) is required!
Measuring multi-threading efficiency up to 1 CPU cores
Increase to 10 rounds for branch lengths
14 trees examined
Threads: 1 / Time: 1.065 sec / Speedup: 1.000 / Efficiency: 100% / LogL: -3662
BEST NUMBER OF THREADS: 1

Estimate model parameters (epsilon = 0.100)
1. Initial log-likelihood: -2604.291
2. Current log-likelihood: -2497.817
3. Current log-likelihood: -2492.981
4. Current log-likelihood: -2489.691
5. Current log-likelihood: -2488.200
6. Current log-likelihood: -2487.756
7. Current log-likelihood: -2487.632
Optimal log-likelihood: -2487.583
Rate parameters:  A-C: 1.20943  A-G: 4.66857  A-T: 0.53655  C-G: 0.74636  C-T: 5.99528  G-T: 1.00000
Base frequencies:  A: 0.342  C: 0.195  G: 0.237  T: 0.226
Proportion of invariable sites: 0.267
Site proportion and rates:  (0.212,0.726) (0.249,1.060) (0.244,1.276) (0.028,9.737)
Parameters optimization took 7 rounds (1.121 sec)
Wrote distance file to... 
Computing ML distances based on estimated model parameters...
Calculating distance matrix: done in 0.137254 secs using 99.8% CPU
Computing ML distances took 0.137430 sec (of wall-clock time) 0.137152 sec (of CPU time)
Setting up auxiliary I and S matrices: done in 0.000545484 secs using 98.99% CPU
Computing RapidNJ tree took 0.002478 sec (of wall-clock time) 0.002466 sec (of CPU time)
Log-likelihood of RapidNJ tree: -2486.989
--------------------------------------------------------------------
|             INITIALIZING CANDIDATE TREE SET                      |
--------------------------------------------------------------------
Generating 98 parsimony trees... 1.103 second
Computing log-likelihood of 98 initial trees ... 0.956 seconds
Current best score: -2476.685

Do NNI search on 20 best initial trees
Estimate model parameters (epsilon = 0.100)
BETTER TREE FOUND at iteration 1: -2468.896
Estimate model parameters (epsilon = 0.100)
BETTER TREE FOUND at iteration 9: -2463.106
Iteration 10 / LogL: -2485.895 / Time: 0h:0m:6s
Iteration 20 / LogL: -2485.607 / Time: 0h:0m:8s
Finish initializing candidate tree set (20)
Current best tree score: -2463.106 / CPU time: 5.753
Number of iterations: 20
--------------------------------------------------------------------
|               OPTIMIZING CANDIDATE TREE SET                      |
--------------------------------------------------------------------
Estimate model parameters (epsilon = 0.100)
BETTER TREE FOUND at iteration 23: -2462.368
Estimate model parameters (epsilon = 0.100)
BETTER TREE FOUND at iteration 24: -2462.319
BETTER TREE FOUND at iteration 29: -2462.318
Estimate model parameters (epsilon = 0.100)
BETTER TREE FOUND at iteration 30: -2461.963
Iteration 30 / LogL: -2461.963 / Time: 0h:0m:10s (0h:0m:36s left)
Estimate model parameters (epsilon = 0.100)
BETTER TREE FOUND at iteration 35: -2461.458
Estimate model parameters (epsilon = 0.100)
BETTER TREE FOUND at iteration 36: -2460.924
Iteration 40 / LogL: -2462.403 / Time: 0h:0m:13s (0h:0m:32s left)
BETTER TREE FOUND at iteration 44: -2460.920
Estimate model parameters (epsilon = 0.100)
BETTER TREE FOUND at iteration 45: -2459.591
Iteration 50 / LogL: -2463.028 / Time: 0h:0m:16s (0h:0m:31s left)
Iteration 60 / LogL: -2461.481 / Time: 0h:0m:18s (0h:0m:26s left)
Estimate model parameters (epsilon = 0.100)
BETTER TREE FOUND at iteration 68: -2457.897
Iteration 70 / LogL: -2462.792 / Time: 0h:0m:20s (0h:0m:29s left)
Iteration 80 / LogL: -2461.054 / Time: 0h:0m:22s (0h:0m:25s left)
Iteration 90 / LogL: -2459.844 / Time: 0h:0m:25s (0h:0m:21s left)
BETTER TREE FOUND at iteration 97: -2457.896
Iteration 100 / LogL: -2460.953 / Time: 0h:0m:27s (0h:0m:26s left)
Iteration 110 / LogL: -2457.898 / Time: 0h:0m:29s (0h:0m:23s left)
BETTER TREE FOUND at iteration 111: -2457.894
Iteration 120 / LogL: -2457.897 / Time: 0h:0m:31s (0h:0m:24s left)
Iteration 130 / LogL: -2457.896 / Time: 0h:0m:33s (0h:0m:21s left)
Iteration 140 / LogL: -2458.004 / Time: 0h:0m:35s (0h:0m:18s left)
Iteration 150 / LogL: -2457.896 / Time: 0h:0m:38s (0h:0m:15s left)
Iteration 160 / LogL: -2458.158 / Time: 0h:0m:40s (0h:0m:12s left)
Iteration 170 / LogL: -2457.897 / Time: 0h:0m:42s (0h:0m:10s left)
Iteration 180 / LogL: -2460.023 / Time: 0h:0m:44s (0h:0m:7s left)
Iteration 190 / LogL: -2457.896 / Time: 0h:0m:46s (0h:0m:5s left)
Iteration 200 / LogL: -2458.377 / Time: 0h:0m:48s (0h:0m:2s left)
Iteration 210 / LogL: -2461.532 / Time: 0h:0m:50s (0h:0m:0s left)
TREE SEARCH COMPLETED AFTER 212 ITERATIONS / Time: 0h:0m:51s

--------------------------------------------------------------------
|                    FINALIZING TREE SEARCH                        |
--------------------------------------------------------------------
Performs final model parameters optimization
Estimate model parameters (epsilon = 0.010)
1. Initial log-likelihood: -2457.894
2. Current log-likelihood: -2457.876
3. Current log-likelihood: -2457.859
4. Current log-likelihood: -2457.844
5. Current log-likelihood: -2457.828
6. Current log-likelihood: -2457.814
7. Current log-likelihood: -2457.800
8. Current log-likelihood: -2457.787
9. Current log-likelihood: -2457.774
10. Current log-likelihood: -2457.761
11. Current log-likelihood: -2457.750
12. Current log-likelihood: -2457.738
13. Current log-likelihood: -2457.727
14. Current log-likelihood: -2457.716
15. Current log-likelihood: -2457.706
16. Current log-likelihood: -2457.696
Optimal log-likelihood: -2457.686
Rate parameters:  A-C: 0.93025  A-G: 3.94405  A-T: 0.43301  C-G: 0.23581  C-T: 5.40821  G-T: 1.00000
Base frequencies:  A: 0.342  C: 0.195  G: 0.237  T: 0.226
Proportion of invariable sites: 0.201
Site proportion and rates:  (0.258,0.578) (0.284,0.668) (0.239,1.878) (0.018,11.549)
Parameters optimization took 16 rounds (1.685 sec)
BEST SCORE FOUND : -2457.686
Empirical proportions for each category: 0.000 0.667 0.318 0.014
Site rates printed to iqtree_subset/13654+868+B.rate

Testing tree branches by SH-like aLRT with 1000 replicates...
1.814 sec.
Total tree length: 0.547

Total number of iterations: 212
CPU time used for tree search: 47.258 sec (0h:0m:47s)
Wall-clock time used for tree search: 48.918 sec (0h:0m:48s)
Total CPU time used: 53.133 sec (0h:0m:53s)
Total wall-clock time used: 54.851 sec (0h:0m:54s)

Analysis results written to: 
  IQ-TREE report:                iqtree_subset/13654+868+B.iqtree
  Maximum-likelihood tree:       iqtree_subset/13654+868+B.treefile
  Likelihood distances:          iqtree_subset/13654+868+B.mldist
  Site-specific rates:           iqtree_subset/13654+868+B.rate
  Screen log file:               iqtree_subset/13654+868+B.log

Date and Time: Tue Feb 11 18:01:14 2025
