IQ-TREE multicore version 2.3.3 COVID-edition for Linux x86 64-bit built Apr 25 2024
Developed by Bui Quang Minh, James Barbetti, Nguyen Lam Tung, Olga Chernomor,
Heiko Schmidt, Dominik Schrempf, Michael Woodhams, Ly Trong Nhan, Thomas Wong

Host:    linusblack.lanl.gov (AVX512, FMA3, 754 GB RAM)
Command: iqtree -s mafft_subset/13889+1+B.fasta -m GTR+I+R -alrt 1000 -T AUTO --prefix iqtree_subset/13889+1+B --rate -redo
Seed:    306143 (Using SPRNG - Scalable Parallel Random Number Generator)
Time:    Tue Feb 11 18:03:39 2025
Kernel:  AVX+FMA - auto-detect threads (1 CPU cores detected)

Reading alignment file mafft_subset/13889+1+B.fasta ... Fasta format detected
Reading fasta file: done in 0.00620237 secs using 93.88% CPU
Alignment most likely contains DNA/RNA sequences
Alignment has 248 sequences with 708 columns, 441 distinct patterns
248 parsimony-informative, 153 singleton sites, 307 constant sites
WARNING: Some sequence names are changed as follows:
13889+7023+7637+AY348349+B+NA+NA -> 13889_7023_7637_AY348349_B_NA_NA
13889+7023+7637+AY348348+B+NA+NA -> 13889_7023_7637_AY348348_B_NA_NA
13889+7023+7637+AY348347+B+NA+NA -> 13889_7023_7637_AY348347_B_NA_NA
13889+7023+7637+AY348346+B+NA+NA -> 13889_7023_7637_AY348346_B_NA_NA
13889+7023+7637+AY348345+B+NA+NA -> 13889_7023_7637_AY348345_B_NA_NA
13889+7023+7637+AY348344+B+NA+NA -> 13889_7023_7637_AY348344_B_NA_NA
13889+7023+7637+AY348343+B+NA+NA -> 13889_7023_7637_AY348343_B_NA_NA
13889+7023+7637+AY348342+B+NA+NA -> 13889_7023_7637_AY348342_B_NA_NA
13889+7023+7637+AY348341+B+NA+NA -> 13889_7023_7637_AY348341_B_NA_NA
13889+7023+7637+AY348340+B+NA+NA -> 13889_7023_7637_AY348340_B_NA_NA
13889+7023+7637+AY348339+B+NA+NA -> 13889_7023_7637_AY348339_B_NA_NA
13889+7023+7637+AY348338+B+NA+NA -> 13889_7023_7637_AY348338_B_NA_NA
13889+7023+7637+AY348337+B+NA+NA -> 13889_7023_7637_AY348337_B_NA_NA
13889+7023+7637+AY348336+B+NA+NA -> 13889_7023_7637_AY348336_B_NA_NA
13889+7023+7637+AY348335+B+NA+NA -> 13889_7023_7637_AY348335_B_NA_NA
13889+7023+7637+AY348334+B+NA+NA -> 13889_7023_7637_AY348334_B_NA_NA
13889+7023+7637+AY348333+B+NA+NA -> 13889_7023_7637_AY348333_B_NA_NA
13889+7023+7637+AF137877+B+NA+NA -> 13889_7023_7637_AF137877_B_NA_NA
13889+7023+7637+AF137876+B+NA+NA -> 13889_7023_7637_AF137876_B_NA_NA
13889+7023+7637+AF137875+B+NA+NA -> 13889_7023_7637_AF137875_B_NA_NA
13889+7023+7637+AF137874+B+NA+NA -> 13889_7023_7637_AF137874_B_NA_NA
13889+7023+7637+AF137873+B+NA+NA -> 13889_7023_7637_AF137873_B_NA_NA
13889+7023+7637+AF137872+B+NA+NA -> 13889_7023_7637_AF137872_B_NA_NA
13889+7023+7637+AF137871+B+NA+NA -> 13889_7023_7637_AF137871_B_NA_NA
13889+7023+7637+AF137870+B+NA+NA -> 13889_7023_7637_AF137870_B_NA_NA
13889+7023+7637+AF137869+B+NA+NA -> 13889_7023_7637_AF137869_B_NA_NA
13889+7023+7637+AF137868+B+NA+NA -> 13889_7023_7637_AF137868_B_NA_NA
13889+7023+7637+AF137867+B+NA+NA -> 13889_7023_7637_AF137867_B_NA_NA
13889+7023+7637+AF137866+B+NA+NA -> 13889_7023_7637_AF137866_B_NA_NA
13889+7023+7637+AF137865+B+NA+NA -> 13889_7023_7637_AF137865_B_NA_NA
13889+7023+7637+AF137864+B+NA+NA -> 13889_7023_7637_AF137864_B_NA_NA
13889+7023+7637+AF137863+B+NA+NA -> 13889_7023_7637_AF137863_B_NA_NA
13889+7023+7637+AF137862+B+NA+NA -> 13889_7023_7637_AF137862_B_NA_NA
13889+7023+7637+AF137861+B+NA+NA -> 13889_7023_7637_AF137861_B_NA_NA
13889+7023+7637+AF137860+B+NA+NA -> 13889_7023_7637_AF137860_B_NA_NA
13889+7023+7637+AF137859+B+NA+NA -> 13889_7023_7637_AF137859_B_NA_NA
13889+7023+7637+AF137858+B+NA+NA -> 13889_7023_7637_AF137858_B_NA_NA
13889+7023+7637+AF137857+B+NA+NA -> 13889_7023_7637_AF137857_B_NA_NA
13889+7023+7637+AF137856+B+NA+NA -> 13889_7023_7637_AF137856_B_NA_NA
13889+7023+7637+AF137855+B+NA+NA -> 13889_7023_7637_AF137855_B_NA_NA
13889+7023+7637+AF137854+B+NA+NA -> 13889_7023_7637_AF137854_B_NA_NA
13889+7023+7637+AF137853+B+NA+NA -> 13889_7023_7637_AF137853_B_NA_NA
13889+7023+7637+AF137852+B+NA+NA -> 13889_7023_7637_AF137852_B_NA_NA
13889+7023+7637+AF137851+B+NA+NA -> 13889_7023_7637_AF137851_B_NA_NA
13889+7023+7637+AF137850+B+NA+NA -> 13889_7023_7637_AF137850_B_NA_NA
13889+7023+7637+AF137849+B+NA+NA -> 13889_7023_7637_AF137849_B_NA_NA
13889+7023+7637+AF137848+B+NA+NA -> 13889_7023_7637_AF137848_B_NA_NA
13889+7023+7637+AF137847+B+NA+NA -> 13889_7023_7637_AF137847_B_NA_NA
13889+7023+7637+AF137846+B+NA+NA -> 13889_7023_7637_AF137846_B_NA_NA
13889+7023+7637+AF137845+B+NA+NA -> 13889_7023_7637_AF137845_B_NA_NA
13889+7023+7637+AF137844+B+NA+NA -> 13889_7023_7637_AF137844_B_NA_NA
13889+7023+7637+AF137843+B+NA+NA -> 13889_7023_7637_AF137843_B_NA_NA
13889+7023+7637+AF137842+B+NA+NA -> 13889_7023_7637_AF137842_B_NA_NA
13889+7023+7637+AF137841+B+NA+NA -> 13889_7023_7637_AF137841_B_NA_NA
13889+7023+7637+AF137840+B+NA+NA -> 13889_7023_7637_AF137840_B_NA_NA
13889+7023+7637+AF137839+B+NA+NA -> 13889_7023_7637_AF137839_B_NA_NA
13889+7023+7637+AF137838+B+NA+NA -> 13889_7023_7637_AF137838_B_NA_NA
13889+7023+7637+AF137837+B+NA+NA -> 13889_7023_7637_AF137837_B_NA_NA
13889+7023+7637+AF137836+B+NA+NA -> 13889_7023_7637_AF137836_B_NA_NA
13889+7023+7637+AF137835+B+NA+NA -> 13889_7023_7637_AF137835_B_NA_NA
13889+7023+7637+AF137834+B+NA+NA -> 13889_7023_7637_AF137834_B_NA_NA
13889+7023+7637+AF137833+B+NA+NA -> 13889_7023_7637_AF137833_B_NA_NA
13889+7023+7637+AF137832+B+NA+NA -> 13889_7023_7637_AF137832_B_NA_NA
13889+7023+7637+AF137831+B+NA+NA -> 13889_7023_7637_AF137831_B_NA_NA
13889+7023+7637+AF137830+B+NA+NA -> 13889_7023_7637_AF137830_B_NA_NA
13889+7023+7637+AF137829+B+NA+NA -> 13889_7023_7637_AF137829_B_NA_NA
13889+7023+7637+AF137828+B+NA+NA -> 13889_7023_7637_AF137828_B_NA_NA
13889+7023+7637+AF137827+B+NA+NA -> 13889_7023_7637_AF137827_B_NA_NA
13889+7023+7637+AF137826+B+NA+NA -> 13889_7023_7637_AF137826_B_NA_NA
13889+7023+7637+AF137825+B+NA+NA -> 13889_7023_7637_AF137825_B_NA_NA
13889+7023+7637+AF137824+B+NA+NA -> 13889_7023_7637_AF137824_B_NA_NA
13889+7023+7637+AF137823+B+NA+NA -> 13889_7023_7637_AF137823_B_NA_NA
13889+7023+7637+AF137822+B+NA+NA -> 13889_7023_7637_AF137822_B_NA_NA
13889+7023+7637+AF137821+B+NA+NA -> 13889_7023_7637_AF137821_B_NA_NA
13889+7023+7637+AF137820+B+NA+NA -> 13889_7023_7637_AF137820_B_NA_NA
13889+7023+7637+AF137819+B+NA+NA -> 13889_7023_7637_AF137819_B_NA_NA
13889+7023+7637+AF137818+B+NA+NA -> 13889_7023_7637_AF137818_B_NA_NA
13889+7023+7637+AF137817+B+NA+NA -> 13889_7023_7637_AF137817_B_NA_NA
13889+7023+7637+AF137816+B+NA+NA -> 13889_7023_7637_AF137816_B_NA_NA
13889+7023+7637+AF137815+B+NA+NA -> 13889_7023_7637_AF137815_B_NA_NA
13889+7023+7637+AF137814+B+NA+NA -> 13889_7023_7637_AF137814_B_NA_NA
13889+7023+7637+AF137813+B+NA+NA -> 13889_7023_7637_AF137813_B_NA_NA
13889+7023+7637+AF137812+B+NA+NA -> 13889_7023_7637_AF137812_B_NA_NA
13889+7023+7637+AF137811+B+NA+NA -> 13889_7023_7637_AF137811_B_NA_NA
13889+7023+7637+AF137810+B+NA+NA -> 13889_7023_7637_AF137810_B_NA_NA
13889+7023+7637+AF137809+B+NA+NA -> 13889_7023_7637_AF137809_B_NA_NA
13889+7023+7637+AF137808+B+NA+NA -> 13889_7023_7637_AF137808_B_NA_NA
13889+7023+7637+AF137807+B+NA+NA -> 13889_7023_7637_AF137807_B_NA_NA
13889+7023+7637+AF137806+B+NA+NA -> 13889_7023_7637_AF137806_B_NA_NA
13889+7023+7637+AF137805+B+NA+NA -> 13889_7023_7637_AF137805_B_NA_NA
13889+7023+7637+AF137804+B+NA+NA -> 13889_7023_7637_AF137804_B_NA_NA
13889+7023+7637+AF137803+B+NA+NA -> 13889_7023_7637_AF137803_B_NA_NA
13889+7023+7637+AF137802+B+NA+NA -> 13889_7023_7637_AF137802_B_NA_NA
13889+7023+7637+AF137801+B+NA+NA -> 13889_7023_7637_AF137801_B_NA_NA
13889+7023+7637+AF137800+B+NA+NA -> 13889_7023_7637_AF137800_B_NA_NA
13889+7023+7637+AF137799+B+NA+NA -> 13889_7023_7637_AF137799_B_NA_NA
13889+7023+7637+AF137798+B+NA+NA -> 13889_7023_7637_AF137798_B_NA_NA
13889+7023+7637+AF137797+B+NA+NA -> 13889_7023_7637_AF137797_B_NA_NA
13889+7023+7637+AF137796+B+NA+NA -> 13889_7023_7637_AF137796_B_NA_NA
13889+7023+7637+AF137795+B+NA+NA -> 13889_7023_7637_AF137795_B_NA_NA
13889+7023+7637+AF137794+B+NA+NA -> 13889_7023_7637_AF137794_B_NA_NA
13889+7023+7637+AF137793+B+NA+NA -> 13889_7023_7637_AF137793_B_NA_NA
13889+7023+7637+AF137792+B+NA+NA -> 13889_7023_7637_AF137792_B_NA_NA
13889+7023+7637+AF137791+B+NA+NA -> 13889_7023_7637_AF137791_B_NA_NA
13889+7023+7637+AF137790+B+NA+NA -> 13889_7023_7637_AF137790_B_NA_NA
13889+7023+7637+AF137789+B+NA+NA -> 13889_7023_7637_AF137789_B_NA_NA
13889+7023+7637+AF137788+B+NA+NA -> 13889_7023_7637_AF137788_B_NA_NA
13889+7023+7637+AF137787+B+NA+NA -> 13889_7023_7637_AF137787_B_NA_NA
13889+7023+7637+AF137786+B+NA+NA -> 13889_7023_7637_AF137786_B_NA_NA
13889+7023+7637+AF137785+B+NA+NA -> 13889_7023_7637_AF137785_B_NA_NA
13889+7023+7637+AF137784+B+NA+NA -> 13889_7023_7637_AF137784_B_NA_NA
13889+7023+7637+AF137783+B+NA+NA -> 13889_7023_7637_AF137783_B_NA_NA
13889+7023+7637+AF137782+B+NA+NA -> 13889_7023_7637_AF137782_B_NA_NA
13889+7023+7637+AF137781+B+NA+NA -> 13889_7023_7637_AF137781_B_NA_NA
13889+7023+7637+AF137780+B+NA+NA -> 13889_7023_7637_AF137780_B_NA_NA
13889+7023+7637+AF137779+B+NA+NA -> 13889_7023_7637_AF137779_B_NA_NA
13889+7023+7637+AF137778+B+NA+NA -> 13889_7023_7637_AF137778_B_NA_NA
13889+7023+7637+AF137777+B+NA+NA -> 13889_7023_7637_AF137777_B_NA_NA
13889+7023+7637+AF137776+B+NA+NA -> 13889_7023_7637_AF137776_B_NA_NA
13889+7023+7637+AF137775+B+NA+NA -> 13889_7023_7637_AF137775_B_NA_NA
13889+7023+7637+AF137774+B+NA+NA -> 13889_7023_7637_AF137774_B_NA_NA
13889+7023+7637+AF137773+B+NA+NA -> 13889_7023_7637_AF137773_B_NA_NA
13889+7023+7637+AF137772+B+NA+NA -> 13889_7023_7637_AF137772_B_NA_NA
13889+7023+7637+AF137771+B+NA+NA -> 13889_7023_7637_AF137771_B_NA_NA
13889+7023+7637+AF137770+B+NA+NA -> 13889_7023_7637_AF137770_B_NA_NA
13889+7023+7637+AF137769+B+NA+NA -> 13889_7023_7637_AF137769_B_NA_NA
13889+7023+7637+AF137768+B+NA+NA -> 13889_7023_7637_AF137768_B_NA_NA
13889+7023+7637+AF137767+B+NA+NA -> 13889_7023_7637_AF137767_B_NA_NA
13889+7023+7637+AF137766+B+NA+NA -> 13889_7023_7637_AF137766_B_NA_NA
13889+7023+7637+AF137897+B+NA+NA -> 13889_7023_7637_AF137897_B_NA_NA
13889+7023+7637+AF137896+B+NA+NA -> 13889_7023_7637_AF137896_B_NA_NA
13889+7023+7637+AF137895+B+NA+NA -> 13889_7023_7637_AF137895_B_NA_NA
13889+7023+7637+AF137894+B+NA+NA -> 13889_7023_7637_AF137894_B_NA_NA
13889+7023+7637+AF137893+B+NA+NA -> 13889_7023_7637_AF137893_B_NA_NA
13889+7023+7637+AF137892+B+NA+NA -> 13889_7023_7637_AF137892_B_NA_NA
13889+7023+7637+AF137891+B+NA+NA -> 13889_7023_7637_AF137891_B_NA_NA
13889+7023+7637+AF137890+B+NA+NA -> 13889_7023_7637_AF137890_B_NA_NA
13889+7023+7637+AF137889+B+NA+NA -> 13889_7023_7637_AF137889_B_NA_NA
13889+7023+7637+AF137888+B+NA+NA -> 13889_7023_7637_AF137888_B_NA_NA
13889+7023+7637+AF137887+B+NA+NA -> 13889_7023_7637_AF137887_B_NA_NA
13889+7023+7637+AF137886+B+NA+NA -> 13889_7023_7637_AF137886_B_NA_NA
13889+7023+7637+AF137885+B+NA+NA -> 13889_7023_7637_AF137885_B_NA_NA
13889+7023+7637+AF137884+B+NA+NA -> 13889_7023_7637_AF137884_B_NA_NA
13889+7023+7637+AF137883+B+NA+NA -> 13889_7023_7637_AF137883_B_NA_NA
13889+7023+7637+AF137882+B+NA+NA -> 13889_7023_7637_AF137882_B_NA_NA
13889+7023+7637+AF137881+B+NA+NA -> 13889_7023_7637_AF137881_B_NA_NA
13889+7023+7637+AF137880+B+NA+NA -> 13889_7023_7637_AF137880_B_NA_NA
13889+7023+7637+AF137879+B+NA+NA -> 13889_7023_7637_AF137879_B_NA_NA
13889+7023+7637+AF137878+B+NA+NA -> 13889_7023_7637_AF137878_B_NA_NA
13889+7023+7637+AF204500+B+NA+NA -> 13889_7023_7637_AF204500_B_NA_NA
13889+7023+7637+AF204499+B+NA+NA -> 13889_7023_7637_AF204499_B_NA_NA
13889+7023+7637+AF204498+B+NA+NA -> 13889_7023_7637_AF204498_B_NA_NA
13889+7023+7637+AF204497+B+NA+NA -> 13889_7023_7637_AF204497_B_NA_NA
13889+7023+7637+AF204496+B+NA+NA -> 13889_7023_7637_AF204496_B_NA_NA
13889+7023+7637+AF204495+B+NA+NA -> 13889_7023_7637_AF204495_B_NA_NA
13889+7023+7637+AF204494+B+NA+NA -> 13889_7023_7637_AF204494_B_NA_NA
13889+7023+7637+AF204493+B+NA+NA -> 13889_7023_7637_AF204493_B_NA_NA
13889+7023+7637+AF204492+B+NA+NA -> 13889_7023_7637_AF204492_B_NA_NA
13889+7023+7637+AF204491+B+NA+NA -> 13889_7023_7637_AF204491_B_NA_NA
13889+7023+7637+AF204490+B+NA+NA -> 13889_7023_7637_AF204490_B_NA_NA
13889+7023+7637+AF204489+B+NA+NA -> 13889_7023_7637_AF204489_B_NA_NA
13889+7023+7637+AF204488+B+NA+NA -> 13889_7023_7637_AF204488_B_NA_NA
13889+7023+7637+AF204487+B+NA+NA -> 13889_7023_7637_AF204487_B_NA_NA
13889+7023+7637+AF204486+B+NA+NA -> 13889_7023_7637_AF204486_B_NA_NA
13889+7023+7637+AF204485+B+NA+NA -> 13889_7023_7637_AF204485_B_NA_NA
13889+7023+7637+AF204484+B+NA+NA -> 13889_7023_7637_AF204484_B_NA_NA
13889+7023+7637+AF204483+B+NA+NA -> 13889_7023_7637_AF204483_B_NA_NA
13889+7023+7637+AF204482+B+NA+NA -> 13889_7023_7637_AF204482_B_NA_NA
13889+7023+7637+AF204481+B+NA+NA -> 13889_7023_7637_AF204481_B_NA_NA
13889+7023+7637+AF204480+B+NA+NA -> 13889_7023_7637_AF204480_B_NA_NA
13889+7023+7637+AF204479+B+NA+NA -> 13889_7023_7637_AF204479_B_NA_NA
13889+7023+7637+AF204478+B+NA+NA -> 13889_7023_7637_AF204478_B_NA_NA
13889+7023+7637+AF204477+B+NA+NA -> 13889_7023_7637_AF204477_B_NA_NA
13889+7023+7637+AF204476+B+NA+NA -> 13889_7023_7637_AF204476_B_NA_NA
13889+7023+7637+AF204475+B+NA+NA -> 13889_7023_7637_AF204475_B_NA_NA
13889+7023+7637+AF204474+B+NA+NA -> 13889_7023_7637_AF204474_B_NA_NA
13889+7023+7637+AF204473+B+NA+NA -> 13889_7023_7637_AF204473_B_NA_NA
13889+7023+7637+AF204472+B+NA+NA -> 13889_7023_7637_AF204472_B_NA_NA
13889+7023+7637+AF204471+B+NA+NA -> 13889_7023_7637_AF204471_B_NA_NA
13889+7023+7637+AF204470+B+NA+NA -> 13889_7023_7637_AF204470_B_NA_NA
13889+7023+7637+AF204469+B+NA+NA -> 13889_7023_7637_AF204469_B_NA_NA
13889+7023+7637+AF204468+B+NA+NA -> 13889_7023_7637_AF204468_B_NA_NA
13889+7023+7637+AF204467+B+NA+NA -> 13889_7023_7637_AF204467_B_NA_NA
13889+7026+7637+AF204466+B+NA+NA -> 13889_7026_7637_AF204466_B_NA_NA
13889+7023+7637+AF204465+B+NA+NA -> 13889_7023_7637_AF204465_B_NA_NA
13889+7023+7637+AF204464+B+NA+NA -> 13889_7023_7637_AF204464_B_NA_NA
13889+7023+7637+AF204463+B+NA+NA -> 13889_7023_7637_AF204463_B_NA_NA
13889+7023+7637+AF204462+B+NA+NA -> 13889_7023_7637_AF204462_B_NA_NA
13889+7023+7637+AF204461+B+NA+NA -> 13889_7023_7637_AF204461_B_NA_NA
13889+7023+7637+AF204460+B+NA+NA -> 13889_7023_7637_AF204460_B_NA_NA
13889+7023+7637+AF204459+B+NA+NA -> 13889_7023_7637_AF204459_B_NA_NA
13889+7023+7637+AF204458+B+NA+NA -> 13889_7023_7637_AF204458_B_NA_NA
13889+7023+7637+AF204457+B+NA+NA -> 13889_7023_7637_AF204457_B_NA_NA
13889+7023+7637+AF204456+B+NA+NA -> 13889_7023_7637_AF204456_B_NA_NA
13889+7023+7637+AF204455+B+NA+NA -> 13889_7023_7637_AF204455_B_NA_NA
13889+7023+7637+AF204454+B+NA+NA -> 13889_7023_7637_AF204454_B_NA_NA
13889+7023+7637+AF204453+B+NA+NA -> 13889_7023_7637_AF204453_B_NA_NA
13889+7023+7637+AF204452+B+NA+NA -> 13889_7023_7637_AF204452_B_NA_NA
13889+7023+7637+AF204451+B+NA+NA -> 13889_7023_7637_AF204451_B_NA_NA
13889+7023+7637+AF204450+B+NA+NA -> 13889_7023_7637_AF204450_B_NA_NA
13889+7023+7637+AF204449+B+NA+NA -> 13889_7023_7637_AF204449_B_NA_NA
13889+7023+7637+AF204448+B+NA+NA -> 13889_7023_7637_AF204448_B_NA_NA
13889+7023+7637+AF204447+B+NA+NA -> 13889_7023_7637_AF204447_B_NA_NA
13889+7023+7637+AF204446+B+NA+NA -> 13889_7023_7637_AF204446_B_NA_NA
13889+7023+7637+AF204445+B+NA+NA -> 13889_7023_7637_AF204445_B_NA_NA
13889+7023+7637+AF204444+B+NA+NA -> 13889_7023_7637_AF204444_B_NA_NA
13889+7023+7637+AF204443+B+NA+NA -> 13889_7023_7637_AF204443_B_NA_NA
13889+7023+7637+AF204442+B+NA+NA -> 13889_7023_7637_AF204442_B_NA_NA
13889+7023+7637+AF204441+B+NA+NA -> 13889_7023_7637_AF204441_B_NA_NA
13889+7023+7637+AF204440+B+NA+NA -> 13889_7023_7637_AF204440_B_NA_NA
13889+7023+7637+AF204439+B+NA+NA -> 13889_7023_7637_AF204439_B_NA_NA
13889+7023+7637+AF204438+B+NA+NA -> 13889_7023_7637_AF204438_B_NA_NA
13889+7023+7637+AF204437+B+NA+NA -> 13889_7023_7637_AF204437_B_NA_NA
13889+7023+7637+AF204436+B+NA+NA -> 13889_7023_7637_AF204436_B_NA_NA
13889+7023+7637+AF204435+B+NA+NA -> 13889_7023_7637_AF204435_B_NA_NA
13889+7023+7637+AF204434+B+NA+NA -> 13889_7023_7637_AF204434_B_NA_NA
13889+7023+7637+AF204433+B+NA+NA -> 13889_7023_7637_AF204433_B_NA_NA
13889+7023+7637+AF204432+B+NA+NA -> 13889_7023_7637_AF204432_B_NA_NA
13889+7023+7637+AF204431+B+NA+NA -> 13889_7023_7637_AF204431_B_NA_NA
13889+7023+7637+AF204430+B+NA+NA -> 13889_7023_7637_AF204430_B_NA_NA
13889+7023+7637+AF204429+B+NA+NA -> 13889_7023_7637_AF204429_B_NA_NA
13889+7023+7637+AF204428+B+NA+NA -> 13889_7023_7637_AF204428_B_NA_NA
13889+7023+7637+AF204427+B+NA+NA -> 13889_7023_7637_AF204427_B_NA_NA
13889+7023+7637+AF204426+B+NA+NA -> 13889_7023_7637_AF204426_B_NA_NA
13889+7023+7637+AF204425+B+NA+NA -> 13889_7023_7637_AF204425_B_NA_NA
13889+7023+7637+AF204424+B+NA+NA -> 13889_7023_7637_AF204424_B_NA_NA
13889+7023+7637+AF204423+B+NA+NA -> 13889_7023_7637_AF204423_B_NA_NA
13889+7023+7637+AF204422+B+NA+NA -> 13889_7023_7637_AF204422_B_NA_NA
13889+7023+7637+AF204421+B+NA+NA -> 13889_7023_7637_AF204421_B_NA_NA
13889+7023+7637+AF204420+B+NA+NA -> 13889_7023_7637_AF204420_B_NA_NA
13889+7023+7637+AF204419+B+NA+NA -> 13889_7023_7637_AF204419_B_NA_NA
13889+7023+7637+AF204418+B+NA+NA -> 13889_7023_7637_AF204418_B_NA_NA
13889+7023+7637+AF204417+B+NA+NA -> 13889_7023_7637_AF204417_B_NA_NA
13889+7023+7637+AF204416+B+NA+NA -> 13889_7023_7637_AF204416_B_NA_NA
13889+7023+7637+AF204415+B+NA+NA -> 13889_7023_7637_AF204415_B_NA_NA
13889+7023+7637+AF204414+B+NA+NA -> 13889_7023_7637_AF204414_B_NA_NA
13889+7023+7637+AF204413+B+NA+NA -> 13889_7023_7637_AF204413_B_NA_NA
13889+7023+7637+AF204412+B+NA+NA -> 13889_7023_7637_AF204412_B_NA_NA
13889+7023+7637+AF204411+B+NA+NA -> 13889_7023_7637_AF204411_B_NA_NA
13889+7023+7637+AF204410+B+NA+NA -> 13889_7023_7637_AF204410_B_NA_NA
13889+7023+7637+AF204409+B+NA+NA -> 13889_7023_7637_AF204409_B_NA_NA
13889+7023+7637+AF204408+B+NA+NA -> 13889_7023_7637_AF204408_B_NA_NA
13889+7023+7637+AF204407+B+NA+NA -> 13889_7023_7637_AF204407_B_NA_NA
13889+7023+7637+AF204406+B+NA+NA -> 13889_7023_7637_AF204406_B_NA_NA
13889+7023+7637+AF204405+B+NA+NA -> 13889_7023_7637_AF204405_B_NA_NA
13889+7023+7637+AF204404+B+NA+NA -> 13889_7023_7637_AF204404_B_NA_NA
13889+7023+7637+AF204403+B+NA+NA -> 13889_7023_7637_AF204403_B_NA_NA
13889+7023+7637+AF204402+B+NA+NA -> 13889_7023_7637_AF204402_B_NA_NA

                                  Gap/Ambiguity  Composition  p-value
Analyzing sequences: done in 0.000445574 secs using 84.83% CPU
   1  13889_7023_7637_AY348349_B_NA_NA   11.02%    passed     98.78%
   2  13889_7023_7637_AY348348_B_NA_NA   11.02%    passed     98.71%
   3  13889_7023_7637_AY348347_B_NA_NA   12.29%    passed     98.66%
   4  13889_7023_7637_AY348346_B_NA_NA   12.29%    passed     93.11%
   5  13889_7023_7637_AY348345_B_NA_NA   12.29%    passed     98.16%
   6  13889_7023_7637_AY348344_B_NA_NA   11.02%    passed     98.71%
   7  13889_7023_7637_AY348343_B_NA_NA   12.29%    passed     97.99%
   8  13889_7023_7637_AY348342_B_NA_NA   12.29%    passed     93.16%
   9  13889_7023_7637_AY348341_B_NA_NA   11.02%    passed     95.62%
  10  13889_7023_7637_AY348340_B_NA_NA   12.29%    passed     93.15%
  11  13889_7023_7637_AY348339_B_NA_NA   11.02%    passed     97.39%
  12  13889_7023_7637_AY348338_B_NA_NA   11.02%    passed     98.22%
  13  13889_7023_7637_AY348337_B_NA_NA   12.29%    passed     96.94%
  14  13889_7023_7637_AY348336_B_NA_NA   11.02%    passed     98.22%
  15  13889_7023_7637_AY348335_B_NA_NA   11.02%    passed     98.43%
  16  13889_7023_7637_AY348334_B_NA_NA   11.02%    passed     99.47%
  17  13889_7023_7637_AY348333_B_NA_NA   11.02%    passed     97.65%
  18  13889_7023_7637_AF137877_B_NA_NA   11.02%    passed     94.49%
  19  13889_7023_7637_AF137876_B_NA_NA   11.02%    passed     86.47%
  20  13889_7023_7637_AF137875_B_NA_NA   11.02%    passed     99.72%
  21  13889_7023_7637_AF137874_B_NA_NA   12.29%    passed     96.73%
  22  13889_7023_7637_AF137873_B_NA_NA   10.17%    passed     88.09%
  23  13889_7023_7637_AF137872_B_NA_NA   15.25%    passed     93.02%
  24  13889_7023_7637_AF137871_B_NA_NA   11.02%    passed     86.66%
  25  13889_7023_7637_AF137870_B_NA_NA   11.02%    passed     98.95%
  26  13889_7023_7637_AF137869_B_NA_NA   11.02%    passed     98.49%
  27  13889_7023_7637_AF137868_B_NA_NA   11.02%    passed     98.79%
  28  13889_7023_7637_AF137867_B_NA_NA   11.02%    passed     98.79%
  29  13889_7023_7637_AF137866_B_NA_NA   12.29%    passed     94.42%
  30  13889_7023_7637_AF137865_B_NA_NA   11.02%    passed     98.48%
  31  13889_7023_7637_AF137864_B_NA_NA   11.02%    passed     96.23%
  32  13889_7023_7637_AF137863_B_NA_NA   11.02%    passed     93.05%
  33  13889_7023_7637_AF137862_B_NA_NA   11.44%    passed     99.78%
  34  13889_7023_7637_AF137861_B_NA_NA   11.02%    passed     98.21%
  35  13889_7023_7637_AF137860_B_NA_NA   12.29%    passed     96.73%
  36  13889_7023_7637_AF137859_B_NA_NA   11.02%    passed     99.76%
  37  13889_7023_7637_AF137858_B_NA_NA   11.02%    passed     96.56%
  38  13889_7023_7637_AF137857_B_NA_NA   15.25%    passed     93.02%
  39  13889_7023_7637_AF137856_B_NA_NA   11.02%    passed     93.76%
  40  13889_7023_7637_AF137855_B_NA_NA   11.02%    passed     98.95%
  41  13889_7023_7637_AF137854_B_NA_NA   13.56%    passed     94.04%
  42  13889_7023_7637_AF137853_B_NA_NA   13.56%    passed     96.09%
  43  13889_7023_7637_AF137852_B_NA_NA   12.29%    passed     99.84%
  44  13889_7023_7637_AF137851_B_NA_NA   10.17%    passed     99.73%
  45  13889_7023_7637_AF137850_B_NA_NA   13.56%    passed     94.21%
  46  13889_7023_7637_AF137849_B_NA_NA    9.75%    passed     91.78%
  47  13889_7023_7637_AF137848_B_NA_NA   13.56%    passed     89.36%
  48  13889_7023_7637_AF137847_B_NA_NA   13.56%    passed     99.18%
  49  13889_7023_7637_AF137846_B_NA_NA   13.56%    passed     96.98%
  50  13889_7023_7637_AF137845_B_NA_NA   11.02%    passed     96.61%
  51  13889_7023_7637_AF137844_B_NA_NA   11.86%    passed     92.35%
  52  13889_7023_7637_AF137843_B_NA_NA   13.56%    passed     96.62%
  53  13889_7023_7637_AF137842_B_NA_NA   13.56%    passed     96.09%
  54  13889_7023_7637_AF137841_B_NA_NA   13.56%    passed     94.21%
  55  13889_7023_7637_AF137840_B_NA_NA   13.56%    passed     89.36%
  56  13889_7023_7637_AF137839_B_NA_NA   13.56%    passed     96.39%
  57  13889_7023_7637_AF137838_B_NA_NA   11.86%    passed     98.62%
  58  13889_7023_7637_AF137837_B_NA_NA   13.56%    passed     98.86%
  59  13889_7023_7637_AF137836_B_NA_NA   13.56%    passed     99.89%
  60  13889_7023_7637_AF137835_B_NA_NA   12.29%    passed     99.82%
  61  13889_7023_7637_AF137834_B_NA_NA   13.56%    passed     99.18%
  62  13889_7023_7637_AF137833_B_NA_NA   12.29%    passed     99.60%
  63  13889_7023_7637_AF137832_B_NA_NA   13.56%    passed     96.17%
  64  13889_7023_7637_AF137831_B_NA_NA   12.29%    passed     99.98%
  65  13889_7023_7637_AF137830_B_NA_NA   15.25%    passed     93.33%
  66  13889_7023_7637_AF137829_B_NA_NA   12.29%    passed     99.08%
  67  13889_7023_7637_AF137828_B_NA_NA   16.10%    passed     85.44%
  68  13889_7023_7637_AF137827_B_NA_NA   13.14%    passed     98.81%
  69  13889_7023_7637_AF137826_B_NA_NA   16.10%    passed     93.62%
  70  13889_7023_7637_AF137825_B_NA_NA   16.10%    passed     92.17%
  71  13889_7023_7637_AF137824_B_NA_NA   13.56%    passed     94.09%
  72  13889_7023_7637_AF137823_B_NA_NA   15.68%    passed     95.71%
  73  13889_7023_7637_AF137822_B_NA_NA   14.41%    passed     99.83%
  74  13889_7023_7637_AF137821_B_NA_NA   15.25%    passed     98.82%
  75  13889_7023_7637_AF137820_B_NA_NA   14.83%    passed     93.31%
  76  13889_7023_7637_AF137819_B_NA_NA   14.41%    passed     98.70%
  77  13889_7023_7637_AF137818_B_NA_NA   13.56%    passed     97.70%
  78  13889_7023_7637_AF137817_B_NA_NA   15.25%    passed     98.74%
  79  13889_7023_7637_AF137816_B_NA_NA   16.10%    passed     96.12%
  80  13889_7023_7637_AF137815_B_NA_NA   16.53%    passed     99.07%
  81  13889_7023_7637_AF137814_B_NA_NA   16.53%    passed     95.55%
  82  13889_7023_7637_AF137813_B_NA_NA   16.10%    passed     98.21%
  83  13889_7023_7637_AF137812_B_NA_NA   16.10%    passed     95.25%
  84  13889_7023_7637_AF137811_B_NA_NA   13.98%    passed     99.46%
  85  13889_7023_7637_AF137810_B_NA_NA   16.53%    passed     99.33%
  86  13889_7023_7637_AF137809_B_NA_NA   13.98%    passed     99.61%
  87  13889_7023_7637_AF137808_B_NA_NA   15.68%    passed     84.24%
  88  13889_7023_7637_AF137807_B_NA_NA   14.41%    passed     97.13%
  89  13889_7023_7637_AF137806_B_NA_NA   13.98%    passed     99.69%
  90  13889_7023_7637_AF137805_B_NA_NA   12.71%    passed     97.34%
  91  13889_7023_7637_AF137804_B_NA_NA   12.71%    passed     99.60%
  92  13889_7023_7637_AF137803_B_NA_NA   13.98%    passed     98.50%
  93  13889_7023_7637_AF137802_B_NA_NA   16.53%    passed     98.84%
  94  13889_7023_7637_AF137801_B_NA_NA   16.53%    passed     99.91%
  95  13889_7023_7637_AF137800_B_NA_NA   13.14%    passed     97.12%
  96  13889_7023_7637_AF137799_B_NA_NA   15.25%    passed     98.98%
  97  13889_7023_7637_AF137798_B_NA_NA   14.41%    passed     99.91%
  98  13889_7023_7637_AF137797_B_NA_NA   13.56%    passed     99.79%
  99  13889_7023_7637_AF137796_B_NA_NA   13.98%    passed     94.40%
 100  13889_7023_7637_AF137795_B_NA_NA   14.41%    passed     99.96%
 101  13889_7023_7637_AF137794_B_NA_NA   14.41%    passed     99.62%
 102  13889_7023_7637_AF137793_B_NA_NA   14.41%    passed     99.05%
 103  13889_7023_7637_AF137792_B_NA_NA   14.41%    passed     99.05%
 104  13889_7023_7637_AF137791_B_NA_NA   14.41%    passed     99.96%
 105  13889_7023_7637_AF137790_B_NA_NA   14.41%    passed     99.30%
 106  13889_7023_7637_AF137789_B_NA_NA   13.98%    passed     97.66%
 107  13889_7023_7637_AF137788_B_NA_NA   17.37%    passed     98.73%
 108  13889_7023_7637_AF137787_B_NA_NA   14.41%    passed     99.79%
 109  13889_7023_7637_AF137786_B_NA_NA   14.41%    passed     99.30%
 110  13889_7023_7637_AF137785_B_NA_NA   14.41%    passed     97.28%
 111  13889_7023_7637_AF137784_B_NA_NA   14.41%    passed     98.23%
 112  13889_7023_7637_AF137783_B_NA_NA   14.41%    passed     99.62%
 113  13889_7023_7637_AF137782_B_NA_NA   16.53%    passed     99.99%
 114  13889_7023_7637_AF137781_B_NA_NA   14.41%    passed     94.66%
 115  13889_7023_7637_AF137780_B_NA_NA   14.41%    passed     99.79%
 116  13889_7023_7637_AF137779_B_NA_NA   14.41%    passed     99.42%
 117  13889_7023_7637_AF137778_B_NA_NA   14.41%    passed     99.79%
 118  13889_7023_7637_AF137777_B_NA_NA   14.41%    passed     97.40%
 119  13889_7023_7637_AF137776_B_NA_NA   14.41%    passed     99.79%
 120  13889_7023_7637_AF137775_B_NA_NA   14.41%    passed     97.40%
 121  13889_7023_7637_AF137774_B_NA_NA   14.41%    passed     99.05%
 122  13889_7023_7637_AF137773_B_NA_NA   14.41%    passed     98.69%
 123  13889_7023_7637_AF137772_B_NA_NA   14.41%    passed     99.33%
 124  13889_7023_7637_AF137771_B_NA_NA   16.10%    passed     99.95%
 125  13889_7023_7637_AF137770_B_NA_NA   14.41%    passed     96.86%
 126  13889_7023_7637_AF137769_B_NA_NA   14.41%    passed     97.40%
 127  13889_7023_7637_AF137768_B_NA_NA   14.41%    passed     99.40%
 128  13889_7023_7637_AF137767_B_NA_NA   14.41%    passed     97.40%
 129  13889_7023_7637_AF137766_B_NA_NA   14.41%    passed     98.62%
 130  13889_7023_7637_AF137897_B_NA_NA   15.25%    passed     85.99%
 131  13889_7023_7637_AF137896_B_NA_NA   13.98%    passed     96.20%
 132  13889_7023_7637_AF137895_B_NA_NA   13.98%    passed     93.75%
 133  13889_7023_7637_AF137894_B_NA_NA   13.98%    passed     92.78%
 134  13889_7023_7637_AF137893_B_NA_NA   12.29%    passed     86.09%
 135  13889_7023_7637_AF137892_B_NA_NA   12.29%    passed     99.32%
 136  13889_7023_7637_AF137891_B_NA_NA   14.83%    passed     98.57%
 137  13889_7023_7637_AF137890_B_NA_NA   14.83%    passed     98.57%
 138  13889_7023_7637_AF137889_B_NA_NA   14.83%    passed     97.78%
 139  13889_7023_7637_AF137888_B_NA_NA   15.68%    passed     95.15%
 140  13889_7023_7637_AF137887_B_NA_NA    9.32%    passed     89.75%
 141  13889_7023_7637_AF137886_B_NA_NA   14.83%    passed     97.78%
 142  13889_7023_7637_AF137885_B_NA_NA   12.29%    passed     95.41%
 143  13889_7023_7637_AF137884_B_NA_NA   13.56%    passed     94.93%
 144  13889_7023_7637_AF137883_B_NA_NA   10.59%    passed     98.57%
 145  13889_7023_7637_AF137882_B_NA_NA   16.10%    passed     94.49%
 146  13889_7023_7637_AF137881_B_NA_NA   12.29%    passed     96.07%
 147  13889_7023_7637_AF137880_B_NA_NA   16.10%    passed     94.49%
 148  13889_7023_7637_AF137879_B_NA_NA   12.29%    passed     95.56%
 149  13889_7023_7637_AF137878_B_NA_NA   13.56%    passed     97.79%
 150  13889_7023_7637_AF204500_B_NA_NA   11.02%    passed     96.56%
 151  13889_7023_7637_AF204499_B_NA_NA   12.71%    passed     90.57%
 152  13889_7023_7637_AF204498_B_NA_NA   10.17%    passed     82.57%
 153  13889_7023_7637_AF204497_B_NA_NA   11.02%    passed     98.21%
 154  13889_7023_7637_AF204496_B_NA_NA   11.02%    passed     94.84%
 155  13889_7023_7637_AF204495_B_NA_NA   11.02%    passed     97.84%
 156  13889_7023_7637_AF204494_B_NA_NA   11.02%    passed     98.52%
 157  13889_7023_7637_AF204493_B_NA_NA   11.02%    passed     97.51%
 158  13889_7023_7637_AF204492_B_NA_NA   11.02%    passed     96.22%
 159  13889_7023_7637_AF204491_B_NA_NA   11.02%    passed     96.22%
 160  13889_7023_7637_AF204490_B_NA_NA   10.17%    passed     90.26%
 161  13889_7023_7637_AF204489_B_NA_NA   12.71%    passed     88.74%
 162  13889_7023_7637_AF204488_B_NA_NA   12.29%    passed     99.81%
 163  13889_7023_7637_AF204487_B_NA_NA   12.29%    passed     89.22%
 164  13889_7023_7637_AF204486_B_NA_NA   10.17%    passed     88.70%
 165  13889_7023_7637_AF204485_B_NA_NA   10.17%    passed     94.72%
 166  13889_7023_7637_AF204484_B_NA_NA   12.29%    passed     99.31%
 167  13889_7023_7637_AF204483_B_NA_NA   12.71%    passed     96.84%
 168  13889_7023_7637_AF204482_B_NA_NA   12.71%    passed     90.41%
 169  13889_7023_7637_AF204481_B_NA_NA   12.29%    passed     99.54%
 170  13889_7023_7637_AF204480_B_NA_NA   10.17%    passed     89.81%
 171  13889_7023_7637_AF204479_B_NA_NA   11.44%    passed     98.78%
 172  13889_7023_7637_AF204478_B_NA_NA   10.59%    passed     92.45%
 173  13889_7023_7637_AF204477_B_NA_NA   11.86%    passed     98.55%
 174  13889_7023_7637_AF204476_B_NA_NA   13.14%    passed     96.14%
 175  13889_7023_7637_AF204475_B_NA_NA   13.56%    passed     99.04%
 176  13889_7023_7637_AF204474_B_NA_NA   13.56%    passed     91.78%
 177  13889_7023_7637_AF204473_B_NA_NA   12.71%    passed     99.17%
 178  13889_7023_7637_AF204472_B_NA_NA    9.75%    passed     88.78%
 179  13889_7023_7637_AF204471_B_NA_NA   13.14%    passed     99.84%
 180  13889_7023_7637_AF204470_B_NA_NA   13.56%    passed     96.09%
 181  13889_7023_7637_AF204469_B_NA_NA   10.17%    passed     87.56%
 182  13889_7023_7637_AF204468_B_NA_NA   11.86%    passed     98.75%
 183  13889_7023_7637_AF204467_B_NA_NA   13.14%    passed     98.86%
 184  13889_7026_7637_AF204466_B_NA_NA   12.71%    passed     99.75%
 185  13889_7023_7637_AF204465_B_NA_NA   12.29%    passed     98.04%
 186  13889_7023_7637_AF204464_B_NA_NA    9.75%    passed     93.58%
 187  13889_7023_7637_AF204463_B_NA_NA   13.14%    passed     93.11%
 188  13889_7023_7637_AF204462_B_NA_NA   10.59%    passed     96.39%
 189  13889_7023_7637_AF204461_B_NA_NA   13.56%    passed     98.74%
 190  13889_7023_7637_AF204460_B_NA_NA   13.14%    passed     69.39%
 191  13889_7023_7637_AF204459_B_NA_NA   13.14%    passed     99.29%
 192  13889_7023_7637_AF204458_B_NA_NA   12.29%    passed     99.46%
 193  13889_7023_7637_AF204457_B_NA_NA    9.32%    passed     97.66%
 194  13889_7023_7637_AF204456_B_NA_NA   14.83%    passed     96.18%
 195  13889_7023_7637_AF204455_B_NA_NA   15.25%    passed     97.93%
 196  13889_7023_7637_AF204454_B_NA_NA   13.56%    passed     99.46%
 197  13889_7023_7637_AF204453_B_NA_NA   14.83%    passed     96.20%
 198  13889_7023_7637_AF204452_B_NA_NA   12.29%    passed     94.54%
 199  13889_7023_7637_AF204451_B_NA_NA   13.14%    passed     98.01%
 200  13889_7023_7637_AF204450_B_NA_NA   14.83%    passed     98.57%
 201  13889_7023_7637_AF204449_B_NA_NA   12.71%    passed     92.30%
 202  13889_7023_7637_AF204448_B_NA_NA   14.83%    passed     82.05%
 203  13889_7023_7637_AF204447_B_NA_NA   15.25%    passed     95.59%
 204  13889_7023_7637_AF204446_B_NA_NA   14.41%    passed     89.51%
 205  13889_7023_7637_AF204445_B_NA_NA   16.53%    passed     92.73%
 206  13889_7023_7637_AF204444_B_NA_NA   12.71%    passed     97.51%
 207  13889_7023_7637_AF204443_B_NA_NA   10.17%    passed     93.31%
 208  13889_7023_7637_AF204442_B_NA_NA   15.68%    passed     97.15%
 209  13889_7023_7637_AF204441_B_NA_NA   10.59%    passed     98.69%
 210  13889_7023_7637_AF204440_B_NA_NA   15.68%    passed     97.39%
 211  13889_7023_7637_AF204439_B_NA_NA   12.71%    passed     98.91%
 212  13889_7023_7637_AF204438_B_NA_NA   11.44%    passed     98.56%
 213  13889_7023_7637_AF204437_B_NA_NA   16.10%    passed     85.63%
 214  13889_7023_7637_AF204436_B_NA_NA   15.68%    passed     98.24%
 215  13889_7023_7637_AF204435_B_NA_NA   13.14%    passed     98.46%
 216  13889_7023_7637_AF204434_B_NA_NA   11.44%    passed     90.23%
 217  13889_7023_7637_AF204433_B_NA_NA   16.53%    passed     98.27%
 218  13889_7023_7637_AF204432_B_NA_NA   13.98%    passed     98.73%
 219  13889_7023_7637_AF204431_B_NA_NA   13.98%    passed     99.27%
 220  13889_7023_7637_AF204430_B_NA_NA   13.98%    passed     99.00%
 221  13889_7023_7637_AF204429_B_NA_NA   12.29%    passed     99.94%
 222  13889_7023_7637_AF204428_B_NA_NA   12.71%    passed     98.16%
 223  13889_7023_7637_AF204427_B_NA_NA   13.98%    passed     99.96%
 224  13889_7023_7637_AF204426_B_NA_NA   13.98%    passed     93.44%
 225  13889_7023_7637_AF204425_B_NA_NA   13.98%    passed     99.27%
 226  13889_7023_7637_AF204424_B_NA_NA   14.41%    passed     99.66%
 227  13889_7023_7637_AF204423_B_NA_NA   13.98%    passed     89.61%
 228  13889_7023_7637_AF204422_B_NA_NA   16.53%    passed     99.83%
 229  13889_7023_7637_AF204421_B_NA_NA   13.98%    passed     96.98%
 230  13889_7023_7637_AF204420_B_NA_NA   13.98%    passed     98.42%
 231  13889_7023_7637_AF204419_B_NA_NA   14.41%    passed     99.53%
 232  13889_7023_7637_AF204418_B_NA_NA   13.14%    passed     98.86%
 233  13889_7023_7637_AF204417_B_NA_NA   13.14%    passed     99.08%
 234  13889_7023_7637_AF204416_B_NA_NA   14.41%    passed     98.21%
 235  13889_7023_7637_AF204415_B_NA_NA   12.71%    passed     99.88%
 236  13889_7023_7637_AF204414_B_NA_NA   14.41%    passed     99.91%
 237  13889_7023_7637_AF204413_B_NA_NA   14.41%    passed     99.79%
 238  13889_7023_7637_AF204412_B_NA_NA   14.41%    passed     98.22%
 239  13889_7023_7637_AF204411_B_NA_NA   14.41%    passed     98.31%
 240  13889_7023_7637_AF204410_B_NA_NA   14.41%    passed     97.40%
 241  13889_7023_7637_AF204409_B_NA_NA   14.41%    passed     98.62%
 242  13889_7023_7637_AF204408_B_NA_NA   14.41%    passed     98.31%
 243  13889_7023_7637_AF204407_B_NA_NA   14.41%    passed     97.64%
 244  13889_7023_7637_AF204406_B_NA_NA   14.41%    passed     99.37%
 245  13889_7023_7637_AF204405_B_NA_NA   14.41%    passed     97.40%
 246  13889_7023_7637_AF204404_B_NA_NA   14.41%    passed     97.13%
 247  13889_7023_7637_AF204403_B_NA_NA   14.41%    passed     97.40%
 248  13889_7023_7637_AF204402_B_NA_NA   14.41%    passed     99.03%
****  TOTAL                              13.26%  0 sequences failed composition chi2 test (p-value<5%; df=3)
NOTE: 13889_7023_7637_AY348344_B_NA_NA is identical to 13889_7023_7637_AY348348_B_NA_NA but kept for subsequent analysis
NOTE: 13889_7023_7637_AF137860_B_NA_NA is identical to 13889_7023_7637_AF137874_B_NA_NA but kept for subsequent analysis
NOTE: 13889_7023_7637_AF137857_B_NA_NA is identical to 13889_7023_7637_AF137872_B_NA_NA but kept for subsequent analysis
NOTE: 13889_7023_7637_AF137855_B_NA_NA is identical to 13889_7023_7637_AF137870_B_NA_NA but kept for subsequent analysis
NOTE: 13889_7023_7637_AF137867_B_NA_NA is identical to 13889_7023_7637_AF137868_B_NA_NA but kept for subsequent analysis
NOTE: 13889_7023_7637_AF137842_B_NA_NA is identical to 13889_7023_7637_AF137853_B_NA_NA but kept for subsequent analysis
NOTE: 13889_7023_7637_AF137840_B_NA_NA is identical to 13889_7023_7637_AF137848_B_NA_NA but kept for subsequent analysis
NOTE: 13889_7023_7637_AF137834_B_NA_NA is identical to 13889_7023_7637_AF137847_B_NA_NA but kept for subsequent analysis
NOTE: 13889_7023_7637_AF137792_B_NA_NA is identical to 13889_7023_7637_AF137793_B_NA_NA but kept for subsequent analysis
NOTE: 13889_7023_7637_AF137767_B_NA_NA is identical to 13889_7023_7637_AF137775_B_NA_NA but kept for subsequent analysis
NOTE: 13889_7023_7637_AF137890_B_NA_NA is identical to 13889_7023_7637_AF137891_B_NA_NA but kept for subsequent analysis
NOTE: 13889_7023_7637_AF137880_B_NA_NA is identical to 13889_7023_7637_AF137882_B_NA_NA but kept for subsequent analysis
NOTE: 13889_7023_7637_AF204405_B_NA_NA is identical to 13889_7023_7637_AF204410_B_NA_NA but kept for subsequent analysis

Create initial parsimony tree by phylogenetic likelihood library (PLL)... 0.055 seconds

NOTE: 14 MB RAM (0 GB) is required!
Measuring multi-threading efficiency up to 1 CPU cores
Increase to 10 rounds for branch lengths
3 trees examined
Threads: 1 / Time: 1.120 sec / Speedup: 1.000 / Efficiency: 100% / LogL: -22386
BEST NUMBER OF THREADS: 1

Estimate model parameters (epsilon = 0.100)
1. Initial log-likelihood: -11382.155
2. Current log-likelihood: -10639.587
3. Current log-likelihood: -10625.867
4. Current log-likelihood: -10624.421
5. Current log-likelihood: -10624.288
Optimal log-likelihood: -10624.263
Rate parameters:  A-C: 1.01907  A-G: 2.47701  A-T: 0.19923  C-G: 0.27270  C-T: 2.47092  G-T: 1.00000
Base frequencies:  A: 0.403  C: 0.154  G: 0.207  T: 0.236
Proportion of invariable sites: 0.204
Site proportion and rates:  (0.337,0.301) (0.250,0.479) (0.133,2.304) (0.076,6.234)
Parameters optimization took 5 rounds (4.487 sec)
Wrote distance file to... 
Computing ML distances based on estimated model parameters...
Calculating distance matrix: done in 0.562995 secs using 99.81% CPU
Computing ML distances took 0.563798 sec (of wall-clock time) 0.562749 sec (of CPU time)
Setting up auxiliary I and S matrices: done in 0.00180541 secs using 43.98% CPU
Computing RapidNJ tree took 0.007027 sec (of wall-clock time) 0.005999 sec (of CPU time)
Log-likelihood of RapidNJ tree: -10711.337
--------------------------------------------------------------------
|             INITIALIZING CANDIDATE TREE SET                      |
--------------------------------------------------------------------
Generating 98 parsimony trees... 6.312 second
Computing log-likelihood of 98 initial trees ... 4.893 seconds
Current best score: -10488.345

Do NNI search on 20 best initial trees
Estimate model parameters (epsilon = 0.100)
BETTER TREE FOUND at iteration 1: -10444.816
Iteration 10 / LogL: -10490.629 / Time: 0h:0m:30s
Iteration 20 / LogL: -10473.169 / Time: 0h:0m:40s
Finish initializing candidate tree set (20)
Current best tree score: -10444.816 / CPU time: 33.793
Number of iterations: 20
--------------------------------------------------------------------
|               OPTIMIZING CANDIDATE TREE SET                      |
--------------------------------------------------------------------
Estimate model parameters (epsilon = 0.100)
BETTER TREE FOUND at iteration 23: -10444.456
Estimate model parameters (epsilon = 0.100)
BETTER TREE FOUND at iteration 24: -10432.884
Estimate model parameters (epsilon = 0.100)
BETTER TREE FOUND at iteration 27: -10426.970
Estimate model parameters (epsilon = 0.100)
BETTER TREE FOUND at iteration 28: -10424.198
Iteration 30 / LogL: -10473.888 / Time: 0h:0m:58s (0h:3m:17s left)
Estimate model parameters (epsilon = 0.100)
BETTER TREE FOUND at iteration 31: -10415.504
Estimate model parameters (epsilon = 0.100)
BETTER TREE FOUND at iteration 38: -10411.340
Iteration 40 / LogL: -10416.324 / Time: 0h:1m:14s (0h:3m:5s left)
Iteration 50 / LogL: -10412.913 / Time: 0h:1m:26s (0h:2m:34s left)
Estimate model parameters (epsilon = 0.100)
BETTER TREE FOUND at iteration 52: -10404.628
Iteration 60 / LogL: -10425.074 / Time: 0h:1m:40s (0h:2m:37s left)
Iteration 70 / LogL: -10428.866 / Time: 0h:1m:54s (0h:2m:16s left)
Estimate model parameters (epsilon = 0.100)
BETTER TREE FOUND at iteration 71: -10397.752
Iteration 80 / LogL: -10406.915 / Time: 0h:2m:9s (0h:2m:28s left)
Iteration 90 / LogL: -10444.555 / Time: 0h:2m:22s (0h:2m:9s left)
Iteration 100 / LogL: -10407.903 / Time: 0h:2m:35s (0h:1m:51s left)
Iteration 110 / LogL: -10414.695 / Time: 0h:2m:47s (0h:1m:33s left)
Iteration 120 / LogL: -10420.190 / Time: 0h:3m:0s (0h:1m:17s left)
Estimate model parameters (epsilon = 0.100)
BETTER TREE FOUND at iteration 130: -10397.102
Iteration 130 / LogL: -10397.102 / Time: 0h:3m:12s (0h:2m:29s left)
Iteration 140 / LogL: -10406.575 / Time: 0h:3m:25s (0h:2m:12s left)
Iteration 150 / LogL: -10417.736 / Time: 0h:3m:38s (0h:1m:57s left)
Iteration 160 / LogL: -10429.369 / Time: 0h:3m:50s (0h:1m:41s left)
Estimate model parameters (epsilon = 0.100)
BETTER TREE FOUND at iteration 170: -10396.599
Iteration 170 / LogL: -10396.599 / Time: 0h:4m:3s (0h:2m:24s left)
Estimate model parameters (epsilon = 0.100)
BETTER TREE FOUND at iteration 172: -10394.691
Iteration 180 / LogL: -10430.781 / Time: 0h:4m:16s (0h:2m:11s left)
Iteration 190 / LogL: -10397.353 / Time: 0h:4m:28s (0h:1m:56s left)
Estimate model parameters (epsilon = 0.100)
BETTER TREE FOUND at iteration 195: -10394.450
Iteration 200 / LogL: -10440.653 / Time: 0h:4m:42s (0h:2m:14s left)
Iteration 210 / LogL: -10407.238 / Time: 0h:4m:55s (0h:2m:0s left)
Iteration 220 / LogL: -10419.891 / Time: 0h:5m:7s (0h:1m:45s left)
Iteration 230 / LogL: -10414.858 / Time: 0h:5m:19s (0h:1m:30s left)
Iteration 240 / LogL: -10412.270 / Time: 0h:5m:31s (0h:1m:16s left)
Iteration 250 / LogL: -10397.089 / Time: 0h:5m:43s (0h:1m:2s left)
Iteration 260 / LogL: -10415.270 / Time: 0h:5m:56s (0h:0m:48s left)
Estimate model parameters (epsilon = 0.100)
BETTER TREE FOUND at iteration 269: -10394.190
Iteration 270 / LogL: -10411.180 / Time: 0h:6m:9s (0h:2m:16s left)
Iteration 280 / LogL: -10394.951 / Time: 0h:6m:23s (0h:2m:2s left)
Estimate model parameters (epsilon = 0.100)
BETTER TREE FOUND at iteration 282: -10393.704
Iteration 290 / LogL: -10404.569 / Time: 0h:6m:36s (0h:2m:6s left)
Iteration 300 / LogL: -10398.202 / Time: 0h:6m:47s (0h:1m:51s left)
Estimate model parameters (epsilon = 0.100)
BETTER TREE FOUND at iteration 309: -10393.619
Iteration 310 / LogL: -10394.186 / Time: 0h:7m:0s (0h:2m:14s left)
Iteration 320 / LogL: -10397.047 / Time: 0h:7m:13s (0h:2m:0s left)
Iteration 330 / LogL: -10398.971 / Time: 0h:7m:24s (0h:1m:46s left)
Iteration 340 / LogL: -10401.290 / Time: 0h:7m:36s (0h:1m:32s left)
Estimate model parameters (epsilon = 0.100)
BETTER TREE FOUND at iteration 342: -10393.064
Iteration 350 / LogL: -10414.000 / Time: 0h:7m:50s (0h:2m:4s left)
Iteration 360 / LogL: -10393.072 / Time: 0h:8m:3s (0h:1m:50s left)
Iteration 370 / LogL: -10406.734 / Time: 0h:8m:17s (0h:1m:37s left)
Iteration 380 / LogL: -10400.269 / Time: 0h:8m:30s (0h:1m:23s left)
Iteration 390 / LogL: -10431.483 / Time: 0h:8m:43s (0h:1m:9s left)
Iteration 400 / LogL: -10407.540 / Time: 0h:8m:56s (0h:0m:56s left)
Iteration 410 / LogL: -10394.537 / Time: 0h:9m:8s (0h:0m:42s left)
Iteration 420 / LogL: -10412.010 / Time: 0h:9m:21s (0h:0m:29s left)
Iteration 430 / LogL: -10400.122 / Time: 0h:9m:33s (0h:0m:16s left)
Iteration 440 / LogL: -10413.349 / Time: 0h:9m:43s (0h:0m:2s left)
TREE SEARCH COMPLETED AFTER 443 ITERATIONS / Time: 0h:9m:46s

--------------------------------------------------------------------
|                    FINALIZING TREE SEARCH                        |
--------------------------------------------------------------------
Performs final model parameters optimization
Estimate model parameters (epsilon = 0.010)
1. Initial log-likelihood: -10393.064
Optimal log-likelihood: -10393.059
Rate parameters:  A-C: 1.01352  A-G: 2.37873  A-T: 0.18179  C-G: 0.25573  C-T: 2.51840  G-T: 1.00000
Base frequencies:  A: 0.403  C: 0.154  G: 0.207  T: 0.236
Proportion of invariable sites: 0.192
Site proportion and rates:  (0.388,0.291) (0.218,0.558) (0.117,2.216) (0.084,6.021)
Parameters optimization took 1 rounds (0.239 sec)
BEST SCORE FOUND : -10393.059
Empirical proportions for each category: 0.681 0.131 0.107 0.081
Site rates printed to iqtree_subset/13889+1+B.rate

Testing tree branches by SH-like aLRT with 1000 replicates...
2.999 sec.
Total tree length: 3.108

Total number of iterations: 443
CPU time used for tree search: 568.880 sec (0h:9m:28s)
Wall-clock time used for tree search: 579.586 sec (0h:9m:39s)
Total CPU time used: 578.749 sec (0h:9m:38s)
Total wall-clock time used: 589.522 sec (0h:9m:49s)

Analysis results written to: 
  IQ-TREE report:                iqtree_subset/13889+1+B.iqtree
  Maximum-likelihood tree:       iqtree_subset/13889+1+B.treefile
  Likelihood distances:          iqtree_subset/13889+1+B.mldist
  Site-specific rates:           iqtree_subset/13889+1+B.rate
  Screen log file:               iqtree_subset/13889+1+B.log

Date and Time: Tue Feb 11 18:13:28 2025
