IQ-TREE multicore version 2.3.3 COVID-edition for Linux x86 64-bit built Apr 25 2024
Developed by Bui Quang Minh, James Barbetti, Nguyen Lam Tung, Olga Chernomor,
Heiko Schmidt, Dominik Schrempf, Michael Woodhams, Ly Trong Nhan, Thomas Wong

Host:    linusblack.lanl.gov (AVX512, FMA3, 754 GB RAM)
Command: iqtree -s mafft_subset/821+1+B.fasta -m GTR+I+R -alrt 1000 -T AUTO --prefix iqtree_subset/821+1+B --rate -redo
Seed:    781164 (Using SPRNG - Scalable Parallel Random Number Generator)
Time:    Tue Feb 11 18:02:55 2025
Kernel:  AVX+FMA - auto-detect threads (1 CPU cores detected)

Reading alignment file mafft_subset/821+1+B.fasta ... Fasta format detected
Reading fasta file: done in 0.00305197 secs using 95.58% CPU
Alignment most likely contains DNA/RNA sequences
Alignment has 236 sequences with 639 columns, 366 distinct patterns
189 parsimony-informative, 156 singleton sites, 294 constant sites
WARNING: Some sequence names are changed as follows:
821+7023+7637+AF138163+B+NA+NA -> 821_7023_7637_AF138163_B_NA_NA
821+7023+7637+AF138162+B+NA+NA -> 821_7023_7637_AF138162_B_NA_NA
821+7023+7637+AF138161+B+NA+NA -> 821_7023_7637_AF138161_B_NA_NA
821+7023+7637+AF138160+B+NA+NA -> 821_7023_7637_AF138160_B_NA_NA
821+7023+7637+AF138159+B+NA+NA -> 821_7023_7637_AF138159_B_NA_NA
821+7023+7637+AF138158+B+NA+NA -> 821_7023_7637_AF138158_B_NA_NA
821+7023+7637+AF138157+B+NA+NA -> 821_7023_7637_AF138157_B_NA_NA
821+7023+7637+AF138156+B+NA+NA -> 821_7023_7637_AF138156_B_NA_NA
821+7023+7637+AF138155+B+NA+NA -> 821_7023_7637_AF138155_B_NA_NA
821+7023+7637+AF138154+B+NA+NA -> 821_7023_7637_AF138154_B_NA_NA
821+7023+7637+AF138153+B+NA+NA -> 821_7023_7637_AF138153_B_NA_NA
821+7023+7637+AF138152+B+NA+NA -> 821_7023_7637_AF138152_B_NA_NA
821+7023+7637+AF138151+B+NA+NA -> 821_7023_7637_AF138151_B_NA_NA
821+7023+7637+AF138150+B+NA+NA -> 821_7023_7637_AF138150_B_NA_NA
821+7023+7637+AF138149+B+NA+NA -> 821_7023_7637_AF138149_B_NA_NA
821+7023+7637+AF138148+B+NA+NA -> 821_7023_7637_AF138148_B_NA_NA
821+7023+7637+AF138147+B+NA+NA -> 821_7023_7637_AF138147_B_NA_NA
821+7023+7637+AF138146+B+NA+NA -> 821_7023_7637_AF138146_B_NA_NA
821+7023+7637+AF138145+B+NA+NA -> 821_7023_7637_AF138145_B_NA_NA
821+7023+7637+AF138144+B+NA+NA -> 821_7023_7637_AF138144_B_NA_NA
821+7023+7637+AF138143+B+NA+NA -> 821_7023_7637_AF138143_B_NA_NA
821+7023+7637+AF138142+B+NA+NA -> 821_7023_7637_AF138142_B_NA_NA
821+7023+7637+AF138141+B+NA+NA -> 821_7023_7637_AF138141_B_NA_NA
821+7023+7637+AF138140+B+NA+NA -> 821_7023_7637_AF138140_B_NA_NA
821+7023+7637+AF138139+B+NA+NA -> 821_7023_7637_AF138139_B_NA_NA
821+7023+7637+AF138138+B+NA+NA -> 821_7023_7637_AF138138_B_NA_NA
821+7023+7637+AF138137+B+NA+NA -> 821_7023_7637_AF138137_B_NA_NA
821+7023+7637+AF138136+B+NA+NA -> 821_7023_7637_AF138136_B_NA_NA
821+7023+7637+AF138135+B+NA+NA -> 821_7023_7637_AF138135_B_NA_NA
821+7023+7637+AF138134+B+NA+NA -> 821_7023_7637_AF138134_B_NA_NA
821+7023+7637+AF138133+B+NA+NA -> 821_7023_7637_AF138133_B_NA_NA
821+7023+7637+AF138132+B+NA+NA -> 821_7023_7637_AF138132_B_NA_NA
821+7023+7637+AF138131+B+NA+NA -> 821_7023_7637_AF138131_B_NA_NA
821+7023+7637+AF138130+B+NA+NA -> 821_7023_7637_AF138130_B_NA_NA
821+7023+7637+AF138129+B+NA+NA -> 821_7023_7637_AF138129_B_NA_NA
821+7023+7637+AF138128+B+NA+NA -> 821_7023_7637_AF138128_B_NA_NA
821+7023+7637+AF138127+B+NA+NA -> 821_7023_7637_AF138127_B_NA_NA
821+7023+7637+AF138126+B+NA+NA -> 821_7023_7637_AF138126_B_NA_NA
821+7023+7637+AF138125+B+NA+NA -> 821_7023_7637_AF138125_B_NA_NA
821+7023+7637+AF138124+B+NA+NA -> 821_7023_7637_AF138124_B_NA_NA
821+7023+7637+AF138123+B+NA+NA -> 821_7023_7637_AF138123_B_NA_NA
821+7023+7637+AF138122+B+NA+NA -> 821_7023_7637_AF138122_B_NA_NA
821+7023+7637+AF138121+B+NA+NA -> 821_7023_7637_AF138121_B_NA_NA
821+7023+7637+AF138120+B+NA+NA -> 821_7023_7637_AF138120_B_NA_NA
821+7023+7637+AF138119+B+NA+NA -> 821_7023_7637_AF138119_B_NA_NA
821+7023+7637+AF138118+B+NA+NA -> 821_7023_7637_AF138118_B_NA_NA
821+7023+7637+AF138117+B+NA+NA -> 821_7023_7637_AF138117_B_NA_NA
821+7023+7637+AF138116+B+NA+NA -> 821_7023_7637_AF138116_B_NA_NA
821+7023+7637+AF138115+B+NA+NA -> 821_7023_7637_AF138115_B_NA_NA
821+7023+7637+AF138114+B+NA+NA -> 821_7023_7637_AF138114_B_NA_NA
821+7023+7637+AF138113+B+NA+NA -> 821_7023_7637_AF138113_B_NA_NA
821+7023+7637+AF138112+B+NA+NA -> 821_7023_7637_AF138112_B_NA_NA
821+7023+7637+AF138111+B+NA+NA -> 821_7023_7637_AF138111_B_NA_NA
821+7023+7637+AF138110+B+NA+NA -> 821_7023_7637_AF138110_B_NA_NA
821+7023+7637+AF138109+B+NA+NA -> 821_7023_7637_AF138109_B_NA_NA
821+7023+7637+AF138108+B+NA+NA -> 821_7023_7637_AF138108_B_NA_NA
821+7023+7637+AF138107+B+NA+NA -> 821_7023_7637_AF138107_B_NA_NA
821+7023+7637+AF138106+B+NA+NA -> 821_7023_7637_AF138106_B_NA_NA
821+7023+7637+AF138105+B+NA+NA -> 821_7023_7637_AF138105_B_NA_NA
821+7023+7637+AF138104+B+NA+NA -> 821_7023_7637_AF138104_B_NA_NA
821+7023+7637+AF138103+B+NA+NA -> 821_7023_7637_AF138103_B_NA_NA
821+7023+7637+AF138102+B+NA+NA -> 821_7023_7637_AF138102_B_NA_NA
821+7023+7637+AF138101+B+NA+NA -> 821_7023_7637_AF138101_B_NA_NA
821+7023+7637+AF138100+B+NA+NA -> 821_7023_7637_AF138100_B_NA_NA
821+7023+7637+AF138099+B+NA+NA -> 821_7023_7637_AF138099_B_NA_NA
821+7023+7637+AF138098+B+NA+NA -> 821_7023_7637_AF138098_B_NA_NA
821+7023+7637+AF138097+B+NA+NA -> 821_7023_7637_AF138097_B_NA_NA
821+7023+7637+AF138096+B+NA+NA -> 821_7023_7637_AF138096_B_NA_NA
821+7023+7637+AF138095+B+NA+NA -> 821_7023_7637_AF138095_B_NA_NA
821+7023+7637+AF138094+B+NA+NA -> 821_7023_7637_AF138094_B_NA_NA
821+7023+7637+AF138093+B+NA+NA -> 821_7023_7637_AF138093_B_NA_NA
821+7023+7637+AF138092+B+NA+NA -> 821_7023_7637_AF138092_B_NA_NA
821+7023+7637+AF138091+B+NA+NA -> 821_7023_7637_AF138091_B_NA_NA
821+7023+7637+AF138090+B+NA+NA -> 821_7023_7637_AF138090_B_NA_NA
821+7023+7637+AF138089+B+NA+NA -> 821_7023_7637_AF138089_B_NA_NA
821+7023+7637+AF138088+B+NA+NA -> 821_7023_7637_AF138088_B_NA_NA
821+7023+7637+AF138087+B+NA+NA -> 821_7023_7637_AF138087_B_NA_NA
821+7023+7637+AF138086+B+NA+NA -> 821_7023_7637_AF138086_B_NA_NA
821+7023+7637+AF138085+B+NA+NA -> 821_7023_7637_AF138085_B_NA_NA
821+7023+7637+AF138084+B+NA+NA -> 821_7023_7637_AF138084_B_NA_NA
821+7023+7637+AF138083+B+NA+NA -> 821_7023_7637_AF138083_B_NA_NA
821+7023+7637+AF138082+B+NA+NA -> 821_7023_7637_AF138082_B_NA_NA
821+7023+7637+AF138081+B+NA+NA -> 821_7023_7637_AF138081_B_NA_NA
821+7023+7637+AF138080+B+NA+NA -> 821_7023_7637_AF138080_B_NA_NA
821+7023+7637+AF138079+B+NA+NA -> 821_7023_7637_AF138079_B_NA_NA
821+7023+7637+AF138078+B+NA+NA -> 821_7023_7637_AF138078_B_NA_NA
821+7023+7637+AF138077+B+NA+NA -> 821_7023_7637_AF138077_B_NA_NA
821+7023+7637+AF138076+B+NA+NA -> 821_7023_7637_AF138076_B_NA_NA
821+7023+7637+AF138075+B+NA+NA -> 821_7023_7637_AF138075_B_NA_NA
821+7023+7637+AF138074+B+NA+NA -> 821_7023_7637_AF138074_B_NA_NA
821+7023+7637+AF138073+B+NA+NA -> 821_7023_7637_AF138073_B_NA_NA
821+7023+7637+AF138072+B+NA+NA -> 821_7023_7637_AF138072_B_NA_NA
821+7023+7637+AF138071+B+NA+NA -> 821_7023_7637_AF138071_B_NA_NA
821+7023+7637+AF138070+B+NA+NA -> 821_7023_7637_AF138070_B_NA_NA
821+7023+7637+AF138069+B+NA+NA -> 821_7023_7637_AF138069_B_NA_NA
821+7023+7637+AF138068+B+NA+NA -> 821_7023_7637_AF138068_B_NA_NA
821+7023+7637+AF138067+B+NA+NA -> 821_7023_7637_AF138067_B_NA_NA
821+7023+7637+AF138066+B+NA+NA -> 821_7023_7637_AF138066_B_NA_NA
821+7023+7637+AF138065+B+NA+NA -> 821_7023_7637_AF138065_B_NA_NA
821+7023+7637+AF138064+B+NA+NA -> 821_7023_7637_AF138064_B_NA_NA
821+7023+7637+AF138063+B+NA+NA -> 821_7023_7637_AF138063_B_NA_NA
821+7023+7637+AF138062+B+NA+NA -> 821_7023_7637_AF138062_B_NA_NA
821+7023+7637+AF138061+B+NA+NA -> 821_7023_7637_AF138061_B_NA_NA
821+7023+7637+AF138060+B+NA+NA -> 821_7023_7637_AF138060_B_NA_NA
821+7023+7637+AF138059+B+NA+NA -> 821_7023_7637_AF138059_B_NA_NA
821+7023+7637+AF138058+B+NA+NA -> 821_7023_7637_AF138058_B_NA_NA
821+7023+7637+AF138057+B+NA+NA -> 821_7023_7637_AF138057_B_NA_NA
821+7023+7637+AF138056+B+NA+NA -> 821_7023_7637_AF138056_B_NA_NA
821+7023+7637+AF138055+B+NA+NA -> 821_7023_7637_AF138055_B_NA_NA
821+7023+7637+AF138054+B+NA+NA -> 821_7023_7637_AF138054_B_NA_NA
821+7023+7637+AF138053+B+NA+NA -> 821_7023_7637_AF138053_B_NA_NA
821+7023+7637+AF138052+B+NA+NA -> 821_7023_7637_AF138052_B_NA_NA
821+7023+7637+AF138051+B+NA+NA -> 821_7023_7637_AF138051_B_NA_NA
821+7023+7637+AF138050+B+NA+NA -> 821_7023_7637_AF138050_B_NA_NA
821+7023+7637+AF138049+B+NA+NA -> 821_7023_7637_AF138049_B_NA_NA
821+7023+7637+AF138048+B+NA+NA -> 821_7023_7637_AF138048_B_NA_NA
821+7023+7637+AF138047+B+NA+NA -> 821_7023_7637_AF138047_B_NA_NA
821+7024+7637+AF138046+B+NA+NA -> 821_7024_7637_AF138046_B_NA_NA
821+7023+7637+AF138045+B+NA+NA -> 821_7023_7637_AF138045_B_NA_NA
821+7023+7637+AF138044+B+NA+NA -> 821_7023_7637_AF138044_B_NA_NA
821+7023+7637+AF138043+B+NA+NA -> 821_7023_7637_AF138043_B_NA_NA
821+7023+7637+AF138042+B+NA+NA -> 821_7023_7637_AF138042_B_NA_NA
821+7023+7637+AF138041+B+NA+NA -> 821_7023_7637_AF138041_B_NA_NA
821+7023+7637+AF138040+B+NA+NA -> 821_7023_7637_AF138040_B_NA_NA
821+7023+7637+AF138039+B+NA+NA -> 821_7023_7637_AF138039_B_NA_NA
821+7023+7637+AF138038+B+NA+NA -> 821_7023_7637_AF138038_B_NA_NA
821+7023+7637+AF138037+B+NA+NA -> 821_7023_7637_AF138037_B_NA_NA
821+7023+7637+AF138036+B+NA+NA -> 821_7023_7637_AF138036_B_NA_NA
821+7023+7637+AF138035+B+NA+NA -> 821_7023_7637_AF138035_B_NA_NA
821+7023+7637+AF138034+B+NA+NA -> 821_7023_7637_AF138034_B_NA_NA
821+7023+7637+AF138033+B+NA+NA -> 821_7023_7637_AF138033_B_NA_NA
821+7023+7637+AF138032+B+NA+NA -> 821_7023_7637_AF138032_B_NA_NA
821+7023+7637+AF138031+B+NA+NA -> 821_7023_7637_AF138031_B_NA_NA
821+7023+7637+AF138030+B+NA+NA -> 821_7023_7637_AF138030_B_NA_NA
821+7023+7637+AF138029+B+NA+NA -> 821_7023_7637_AF138029_B_NA_NA
821+7023+7637+AF138028+B+NA+NA -> 821_7023_7637_AF138028_B_NA_NA
821+7023+7637+AF138027+B+NA+NA -> 821_7023_7637_AF138027_B_NA_NA
821+7023+7637+AF138026+B+NA+NA -> 821_7023_7637_AF138026_B_NA_NA
821+7023+7637+AF138025+B+NA+NA -> 821_7023_7637_AF138025_B_NA_NA
821+7023+7637+AF138024+B+NA+NA -> 821_7023_7637_AF138024_B_NA_NA
821+7023+7637+AF138023+B+NA+NA -> 821_7023_7637_AF138023_B_NA_NA
821+7023+7637+AF138022+B+NA+NA -> 821_7023_7637_AF138022_B_NA_NA
821+7023+7637+AF138021+B+NA+NA -> 821_7023_7637_AF138021_B_NA_NA
821+7023+7637+AF138020+B+NA+NA -> 821_7023_7637_AF138020_B_NA_NA
821+7023+7637+AF138019+B+NA+NA -> 821_7023_7637_AF138019_B_NA_NA
821+7023+7637+AF138018+B+NA+NA -> 821_7023_7637_AF138018_B_NA_NA
821+7023+7637+AF138017+B+NA+NA -> 821_7023_7637_AF138017_B_NA_NA
821+7023+7637+AF138016+B+NA+NA -> 821_7023_7637_AF138016_B_NA_NA
821+7023+7637+AF138015+B+NA+NA -> 821_7023_7637_AF138015_B_NA_NA
821+7023+7637+AF138014+B+NA+NA -> 821_7023_7637_AF138014_B_NA_NA
821+7023+7637+AF138013+B+NA+NA -> 821_7023_7637_AF138013_B_NA_NA
821+7023+7637+AF138012+B+NA+NA -> 821_7023_7637_AF138012_B_NA_NA
821+7023+7637+AF138011+B+NA+NA -> 821_7023_7637_AF138011_B_NA_NA
821+7023+7637+AF138010+B+NA+NA -> 821_7023_7637_AF138010_B_NA_NA
821+7023+7637+AF138009+B+NA+NA -> 821_7023_7637_AF138009_B_NA_NA
821+7023+7637+AF138008+B+NA+NA -> 821_7023_7637_AF138008_B_NA_NA
821+7023+7637+AF138007+B+NA+NA -> 821_7023_7637_AF138007_B_NA_NA
821+7023+7637+AF138006+B+NA+NA -> 821_7023_7637_AF138006_B_NA_NA
821+7023+7637+AF138005+B+NA+NA -> 821_7023_7637_AF138005_B_NA_NA
821+7023+7637+AF138004+B+NA+NA -> 821_7023_7637_AF138004_B_NA_NA
821+7023+7637+AF204576+B+NA+NA -> 821_7023_7637_AF204576_B_NA_NA
821+7023+7637+AF204575+B+NA+NA -> 821_7023_7637_AF204575_B_NA_NA
821+7023+7637+AF204574+B+NA+NA -> 821_7023_7637_AF204574_B_NA_NA
821+7023+7637+AF204573+B+NA+NA -> 821_7023_7637_AF204573_B_NA_NA
821+7023+7637+AF204572+B+NA+NA -> 821_7023_7637_AF204572_B_NA_NA
821+7023+7637+AF204571+B+NA+NA -> 821_7023_7637_AF204571_B_NA_NA
821+7023+7637+AF204570+B+NA+NA -> 821_7023_7637_AF204570_B_NA_NA
821+7023+7637+AF204569+B+NA+NA -> 821_7023_7637_AF204569_B_NA_NA
821+7023+7637+AF204568+B+NA+NA -> 821_7023_7637_AF204568_B_NA_NA
821+7023+7637+AF204567+B+NA+NA -> 821_7023_7637_AF204567_B_NA_NA
821+7023+7637+AF204566+B+NA+NA -> 821_7023_7637_AF204566_B_NA_NA
821+7023+7637+AF204565+B+NA+NA -> 821_7023_7637_AF204565_B_NA_NA
821+7023+7637+AF204564+B+NA+NA -> 821_7023_7637_AF204564_B_NA_NA
821+7023+7637+AF204563+B+NA+NA -> 821_7023_7637_AF204563_B_NA_NA
821+7023+7637+AF204562+B+NA+NA -> 821_7023_7637_AF204562_B_NA_NA
821+7023+7637+AF204561+B+NA+NA -> 821_7023_7637_AF204561_B_NA_NA
821+7023+7637+AF204560+B+NA+NA -> 821_7023_7637_AF204560_B_NA_NA
821+7023+7637+AF204559+B+NA+NA -> 821_7023_7637_AF204559_B_NA_NA
821+7023+7637+AF204558+B+NA+NA -> 821_7023_7637_AF204558_B_NA_NA
821+7023+7637+AF204557+B+NA+NA -> 821_7023_7637_AF204557_B_NA_NA
821+7023+7637+AF204556+B+NA+NA -> 821_7023_7637_AF204556_B_NA_NA
821+7023+7637+AF204555+B+NA+NA -> 821_7023_7637_AF204555_B_NA_NA
821+7023+7637+AF204554+B+NA+NA -> 821_7023_7637_AF204554_B_NA_NA
821+7023+7637+AF204553+B+NA+NA -> 821_7023_7637_AF204553_B_NA_NA
821+7023+7637+AF204552+B+NA+NA -> 821_7023_7637_AF204552_B_NA_NA
821+7023+7637+AF204551+B+NA+NA -> 821_7023_7637_AF204551_B_NA_NA
821+7023+7637+AF204550+B+NA+NA -> 821_7023_7637_AF204550_B_NA_NA
821+7023+7637+AF204549+B+NA+NA -> 821_7023_7637_AF204549_B_NA_NA
821+7023+7637+AF204548+B+NA+NA -> 821_7023_7637_AF204548_B_NA_NA
821+7023+7637+AF204547+B+NA+NA -> 821_7023_7637_AF204547_B_NA_NA
821+7023+7637+AF204546+B+NA+NA -> 821_7023_7637_AF204546_B_NA_NA
821+7023+7637+AF204545+B+NA+NA -> 821_7023_7637_AF204545_B_NA_NA
821+7023+7637+AF204544+B+NA+NA -> 821_7023_7637_AF204544_B_NA_NA
821+7023+7637+AF204543+B+NA+NA -> 821_7023_7637_AF204543_B_NA_NA
821+7023+7637+AF204542+B+NA+NA -> 821_7023_7637_AF204542_B_NA_NA
821+7023+7637+AF204541+B+NA+NA -> 821_7023_7637_AF204541_B_NA_NA
821+7023+7637+AF204540+B+NA+NA -> 821_7023_7637_AF204540_B_NA_NA
821+7023+7637+AF204539+B+NA+NA -> 821_7023_7637_AF204539_B_NA_NA
821+7023+7637+AF204538+B+NA+NA -> 821_7023_7637_AF204538_B_NA_NA
821+7023+7637+AF204537+B+NA+NA -> 821_7023_7637_AF204537_B_NA_NA
821+7023+7637+AF204536+B+NA+NA -> 821_7023_7637_AF204536_B_NA_NA
821+7023+7637+AF204535+B+NA+NA -> 821_7023_7637_AF204535_B_NA_NA
821+7023+7637+AF204534+B+NA+NA -> 821_7023_7637_AF204534_B_NA_NA
821+7023+7637+AF204533+B+NA+NA -> 821_7023_7637_AF204533_B_NA_NA
821+7023+7637+AF204532+B+NA+NA -> 821_7023_7637_AF204532_B_NA_NA
821+7023+7637+AF204531+B+NA+NA -> 821_7023_7637_AF204531_B_NA_NA
821+7023+7637+AF204530+B+NA+NA -> 821_7023_7637_AF204530_B_NA_NA
821+7023+7637+AF204529+B+NA+NA -> 821_7023_7637_AF204529_B_NA_NA
821+7023+7637+AF204528+B+NA+NA -> 821_7023_7637_AF204528_B_NA_NA
821+7023+7637+AF204527+B+NA+NA -> 821_7023_7637_AF204527_B_NA_NA
821+7023+7637+AF204526+B+NA+NA -> 821_7023_7637_AF204526_B_NA_NA
821+7023+7637+AF204525+B+NA+NA -> 821_7023_7637_AF204525_B_NA_NA
821+7023+7637+AF204524+B+NA+NA -> 821_7023_7637_AF204524_B_NA_NA
821+7023+7637+AF204523+B+NA+NA -> 821_7023_7637_AF204523_B_NA_NA
821+7023+7637+AF204522+B+NA+NA -> 821_7023_7637_AF204522_B_NA_NA
821+7023+7637+AF204521+B+NA+NA -> 821_7023_7637_AF204521_B_NA_NA
821+7023+7637+AF204520+B+NA+NA -> 821_7023_7637_AF204520_B_NA_NA
821+7023+7637+AF204519+B+NA+NA -> 821_7023_7637_AF204519_B_NA_NA
821+7023+7637+AF204518+B+NA+NA -> 821_7023_7637_AF204518_B_NA_NA
821+7023+7637+AF204517+B+NA+NA -> 821_7023_7637_AF204517_B_NA_NA
821+7023+7637+AF204516+B+NA+NA -> 821_7023_7637_AF204516_B_NA_NA
821+7023+7637+AF204515+B+NA+NA -> 821_7023_7637_AF204515_B_NA_NA
821+7023+7637+AF204514+B+NA+NA -> 821_7023_7637_AF204514_B_NA_NA
821+7023+7637+AF204513+B+NA+NA -> 821_7023_7637_AF204513_B_NA_NA
821+7023+7637+AF204512+B+NA+NA -> 821_7023_7637_AF204512_B_NA_NA
821+7023+7637+AF204511+B+NA+NA -> 821_7023_7637_AF204511_B_NA_NA
821+7023+7637+AF204510+B+NA+NA -> 821_7023_7637_AF204510_B_NA_NA
821+7023+7637+AF204509+B+NA+NA -> 821_7023_7637_AF204509_B_NA_NA
821+7023+7637+AF204508+B+NA+NA -> 821_7023_7637_AF204508_B_NA_NA
821+7023+7637+AF204507+B+NA+NA -> 821_7023_7637_AF204507_B_NA_NA
821+7023+7637+AF204506+B+NA+NA -> 821_7023_7637_AF204506_B_NA_NA
821+7023+7637+AF204505+B+NA+NA -> 821_7023_7637_AF204505_B_NA_NA
821+7023+7637+AF204504+B+NA+NA -> 821_7023_7637_AF204504_B_NA_NA
821+7023+7637+AF204503+B+NA+NA -> 821_7023_7637_AF204503_B_NA_NA
821+7023+7637+AF204502+B+NA+NA -> 821_7023_7637_AF204502_B_NA_NA
821+7023+7637+AF204501+B+NA+NA -> 821_7023_7637_AF204501_B_NA_NA

                                Gap/Ambiguity  Composition  p-value
Analyzing sequences: done in 0.000224089 secs using 99.96% CPU
   1  821_7023_7637_AF138163_B_NA_NA    6.57%    passed     98.30%
   2  821_7023_7637_AF138162_B_NA_NA    6.57%    passed     99.77%
   3  821_7023_7637_AF138161_B_NA_NA    5.63%    passed     98.62%
   4  821_7023_7637_AF138160_B_NA_NA    6.57%    passed     98.69%
   5  821_7023_7637_AF138159_B_NA_NA    6.57%    passed     96.72%
   6  821_7023_7637_AF138158_B_NA_NA    5.63%    passed     98.92%
   7  821_7023_7637_AF138157_B_NA_NA    5.63%    passed     99.98%
   8  821_7023_7637_AF138156_B_NA_NA    6.57%    passed     99.56%
   9  821_7023_7637_AF138155_B_NA_NA    6.57%    passed     98.35%
  10  821_7023_7637_AF138154_B_NA_NA    6.57%    passed     99.79%
  11  821_7023_7637_AF138153_B_NA_NA    6.10%    passed     99.46%
  12  821_7023_7637_AF138152_B_NA_NA    6.57%    passed     99.47%
  13  821_7023_7637_AF138151_B_NA_NA    6.57%    passed     95.04%
  14  821_7023_7637_AF138150_B_NA_NA    5.63%    passed     98.92%
  15  821_7023_7637_AF138149_B_NA_NA    5.63%    passed     99.02%
  16  821_7023_7637_AF138148_B_NA_NA    6.57%    passed     99.56%
  17  821_7023_7637_AF138147_B_NA_NA    6.57%    passed     94.61%
  18  821_7023_7637_AF138146_B_NA_NA    6.57%    passed     96.02%
  19  821_7023_7637_AF138145_B_NA_NA    5.16%    passed     92.41%
  20  821_7023_7637_AF138144_B_NA_NA    6.57%    passed     99.41%
  21  821_7023_7637_AF138143_B_NA_NA    6.10%    passed     99.15%
  22  821_7023_7637_AF138142_B_NA_NA    5.16%    passed     92.07%
  23  821_7023_7637_AF138141_B_NA_NA    4.69%    passed     99.93%
  24  821_7023_7637_AF138140_B_NA_NA    4.69%    passed     99.96%
  25  821_7023_7637_AF138139_B_NA_NA    4.69%    passed     99.99%
  26  821_7023_7637_AF138138_B_NA_NA    5.63%    passed     97.55%
  27  821_7023_7637_AF138137_B_NA_NA    4.69%    passed     97.19%
  28  821_7023_7637_AF138136_B_NA_NA    6.57%    passed     99.47%
  29  821_7023_7637_AF138135_B_NA_NA    6.57%    passed     99.46%
  30  821_7023_7637_AF138134_B_NA_NA    5.16%    passed     98.92%
  31  821_7023_7637_AF138133_B_NA_NA    5.16%    passed     98.94%
  32  821_7023_7637_AF138132_B_NA_NA    4.69%    passed     98.32%
  33  821_7023_7637_AF138131_B_NA_NA    6.10%    passed     98.30%
  34  821_7023_7637_AF138130_B_NA_NA    5.16%    passed     97.60%
  35  821_7023_7637_AF138129_B_NA_NA    5.16%    passed     99.41%
  36  821_7023_7637_AF138128_B_NA_NA    5.63%    passed     95.46%
  37  821_7023_7637_AF138127_B_NA_NA    4.69%    passed     93.45%
  38  821_7023_7637_AF138126_B_NA_NA    4.69%    passed     95.35%
  39  821_7023_7637_AF138125_B_NA_NA    5.16%    passed     99.24%
  40  821_7023_7637_AF138124_B_NA_NA    5.16%    passed     99.83%
  41  821_7023_7637_AF138123_B_NA_NA    5.16%    passed     99.12%
  42  821_7023_7637_AF138122_B_NA_NA    4.69%    passed     99.15%
  43  821_7023_7637_AF138121_B_NA_NA    5.16%    passed     99.54%
  44  821_7023_7637_AF138120_B_NA_NA    5.16%    passed     98.47%
  45  821_7023_7637_AF138119_B_NA_NA    5.63%    passed     98.92%
  46  821_7023_7637_AF138118_B_NA_NA    5.63%    passed     99.58%
  47  821_7023_7637_AF138117_B_NA_NA    7.98%    passed     94.09%
  48  821_7023_7637_AF138116_B_NA_NA    5.16%    passed     99.94%
  49  821_7023_7637_AF138115_B_NA_NA    5.16%    passed     99.78%
  50  821_7023_7637_AF138114_B_NA_NA    5.16%    passed     99.94%
  51  821_7023_7637_AF138113_B_NA_NA    5.16%    passed     99.81%
  52  821_7023_7637_AF138112_B_NA_NA    5.16%    passed     99.04%
  53  821_7023_7637_AF138111_B_NA_NA    6.10%    passed     98.62%
  54  821_7023_7637_AF138110_B_NA_NA    5.16%    passed     99.93%
  55  821_7023_7637_AF138109_B_NA_NA    5.16%    passed     99.71%
  56  821_7023_7637_AF138108_B_NA_NA    4.69%    passed     99.74%
  57  821_7023_7637_AF138107_B_NA_NA    5.16%    passed     99.00%
  58  821_7023_7637_AF138106_B_NA_NA    5.16%    passed     98.99%
  59  821_7023_7637_AF138105_B_NA_NA    4.69%    passed     99.64%
  60  821_7023_7637_AF138104_B_NA_NA    4.69%    passed     99.44%
  61  821_7023_7637_AF138103_B_NA_NA    5.16%    passed     99.87%
  62  821_7023_7637_AF138102_B_NA_NA    5.16%    passed     99.75%
  63  821_7023_7637_AF138101_B_NA_NA    5.16%    passed     99.75%
  64  821_7023_7637_AF138100_B_NA_NA    5.16%    passed     99.93%
  65  821_7023_7637_AF138099_B_NA_NA    4.69%    passed     98.33%
  66  821_7023_7637_AF138098_B_NA_NA    5.16%    passed     99.93%
  67  821_7023_7637_AF138097_B_NA_NA    5.16%    passed     99.94%
  68  821_7023_7637_AF138096_B_NA_NA    5.16%    passed     99.90%
  69  821_7023_7637_AF138095_B_NA_NA    5.16%    passed     99.47%
  70  821_7023_7637_AF138094_B_NA_NA    6.10%    passed     99.48%
  71  821_7023_7637_AF138093_B_NA_NA    6.10%    passed     99.62%
  72  821_7023_7637_AF138092_B_NA_NA    7.98%    passed     98.15%
  73  821_7023_7637_AF138091_B_NA_NA    5.16%    passed     96.59%
  74  821_7023_7637_AF138090_B_NA_NA    5.16%    passed     99.65%
  75  821_7023_7637_AF138089_B_NA_NA    7.98%    passed     98.29%
  76  821_7023_7637_AF138088_B_NA_NA    5.16%    passed     99.16%
  77  821_7023_7637_AF138087_B_NA_NA    5.16%    passed     99.64%
  78  821_7023_7637_AF138086_B_NA_NA    5.16%    passed     92.25%
  79  821_7023_7637_AF138085_B_NA_NA    6.10%    passed     98.00%
  80  821_7023_7637_AF138084_B_NA_NA    6.10%    passed     99.78%
  81  821_7023_7637_AF138083_B_NA_NA    4.69%    passed     99.23%
  82  821_7023_7637_AF138082_B_NA_NA    6.10%    passed     98.22%
  83  821_7023_7637_AF138081_B_NA_NA    7.04%    passed     98.00%
  84  821_7023_7637_AF138080_B_NA_NA    4.69%    passed     97.55%
  85  821_7023_7637_AF138079_B_NA_NA    6.10%    passed     98.41%
  86  821_7023_7637_AF138078_B_NA_NA    6.10%    passed     99.66%
  87  821_7023_7637_AF138077_B_NA_NA    7.04%    passed     99.11%
  88  821_7023_7637_AF138076_B_NA_NA    5.16%    passed     99.57%
  89  821_7023_7637_AF138075_B_NA_NA    6.10%    passed     99.28%
  90  821_7023_7637_AF138074_B_NA_NA    5.16%    passed     99.75%
  91  821_7023_7637_AF138073_B_NA_NA    5.16%    passed     98.95%
  92  821_7023_7637_AF138072_B_NA_NA    5.16%    passed     99.63%
  93  821_7023_7637_AF138071_B_NA_NA    6.10%    passed     97.73%
  94  821_7023_7637_AF138070_B_NA_NA    5.16%    passed     99.89%
  95  821_7023_7637_AF138069_B_NA_NA    7.98%    passed     97.73%
  96  821_7023_7637_AF138068_B_NA_NA    5.16%    passed     99.56%
  97  821_7023_7637_AF138067_B_NA_NA    5.16%    passed     99.98%
  98  821_7023_7637_AF138066_B_NA_NA    4.69%    passed     99.93%
  99  821_7023_7637_AF138065_B_NA_NA    5.16%    passed     95.64%
 100  821_7023_7637_AF138064_B_NA_NA    5.16%    passed     99.94%
 101  821_7023_7637_AF138063_B_NA_NA    6.10%    passed     99.92%
 102  821_7023_7637_AF138062_B_NA_NA    6.57%    passed     99.98%
 103  821_7023_7637_AF138061_B_NA_NA    6.10%    passed     98.83%
 104  821_7023_7637_AF138060_B_NA_NA    6.10%    passed     99.14%
 105  821_7023_7637_AF138059_B_NA_NA    3.76%    passed     99.25%
 106  821_7023_7637_AF138058_B_NA_NA    6.10%    passed     99.01%
 107  821_7023_7637_AF138057_B_NA_NA    6.10%    passed     99.78%
 108  821_7023_7637_AF138056_B_NA_NA    3.76%    passed     97.59%
 109  821_7023_7637_AF138055_B_NA_NA    5.16%    passed     97.20%
 110  821_7023_7637_AF138054_B_NA_NA    6.10%    passed     99.58%
 111  821_7023_7637_AF138053_B_NA_NA    6.57%    passed     99.24%
 112  821_7023_7637_AF138052_B_NA_NA    6.10%    passed     99.96%
 113  821_7023_7637_AF138051_B_NA_NA    4.69%    passed     99.24%
 114  821_7023_7637_AF138050_B_NA_NA    6.57%    passed     97.34%
 115  821_7023_7637_AF138049_B_NA_NA    6.57%    passed     99.97%
 116  821_7023_7637_AF138048_B_NA_NA    4.69%    passed     99.55%
 117  821_7023_7637_AF138047_B_NA_NA    6.10%    passed     99.51%
 118  821_7024_7637_AF138046_B_NA_NA    6.73%    passed     99.97%
 119  821_7023_7637_AF138045_B_NA_NA    6.57%    passed     98.34%
 120  821_7023_7637_AF138044_B_NA_NA    6.10%    passed     99.07%
 121  821_7023_7637_AF138043_B_NA_NA    6.10%    passed     99.24%
 122  821_7023_7637_AF138042_B_NA_NA    5.16%    passed     99.75%
 123  821_7023_7637_AF138041_B_NA_NA    6.10%    passed     99.98%
 124  821_7023_7637_AF138040_B_NA_NA    5.16%    passed     99.90%
 125  821_7023_7637_AF138039_B_NA_NA    6.57%    passed     99.53%
 126  821_7023_7637_AF138038_B_NA_NA    5.16%    passed     94.47%
 127  821_7023_7637_AF138037_B_NA_NA    5.16%    passed     94.33%
 128  821_7023_7637_AF138036_B_NA_NA    5.16%    passed     94.33%
 129  821_7023_7637_AF138035_B_NA_NA    6.57%    passed     99.63%
 130  821_7023_7637_AF138034_B_NA_NA    4.69%    passed     99.27%
 131  821_7023_7637_AF138033_B_NA_NA    4.69%    passed    100.00%
 132  821_7023_7637_AF138032_B_NA_NA    4.69%    passed     99.90%
 133  821_7023_7637_AF138031_B_NA_NA    4.69%    passed     99.74%
 134  821_7023_7637_AF138030_B_NA_NA    6.10%    passed     99.28%
 135  821_7023_7637_AF138029_B_NA_NA    4.69%    passed     95.00%
 136  821_7023_7637_AF138028_B_NA_NA    4.69%    passed     99.75%
 137  821_7023_7637_AF138027_B_NA_NA    5.16%    passed     99.00%
 138  821_7023_7637_AF138026_B_NA_NA    4.69%    passed     99.51%
 139  821_7023_7637_AF138025_B_NA_NA    6.10%    passed     99.96%
 140  821_7023_7637_AF138024_B_NA_NA    4.69%    passed     98.45%
 141  821_7023_7637_AF138023_B_NA_NA    4.69%    passed     97.77%
 142  821_7023_7637_AF138022_B_NA_NA    4.69%    passed     99.15%
 143  821_7023_7637_AF138021_B_NA_NA    5.16%    passed     99.69%
 144  821_7023_7637_AF138020_B_NA_NA    4.69%    passed     98.24%
 145  821_7023_7637_AF138019_B_NA_NA    6.10%    passed     97.79%
 146  821_7023_7637_AF138018_B_NA_NA    5.16%    passed     99.65%
 147  821_7023_7637_AF138017_B_NA_NA    4.69%    passed     99.83%
 148  821_7023_7637_AF138016_B_NA_NA    5.16%    passed     99.41%
 149  821_7023_7637_AF138015_B_NA_NA    6.10%    passed     99.05%
 150  821_7023_7637_AF138014_B_NA_NA    4.69%    passed     98.89%
 151  821_7023_7637_AF138013_B_NA_NA    5.16%    passed     99.29%
 152  821_7023_7637_AF138012_B_NA_NA    6.10%    passed     96.66%
 153  821_7023_7637_AF138011_B_NA_NA    4.69%    passed     97.80%
 154  821_7023_7637_AF138010_B_NA_NA    5.16%    passed     99.64%
 155  821_7023_7637_AF138009_B_NA_NA    5.16%    passed     99.16%
 156  821_7023_7637_AF138008_B_NA_NA    4.69%    passed     98.51%
 157  821_7023_7637_AF138007_B_NA_NA    4.69%    passed     99.38%
 158  821_7023_7637_AF138006_B_NA_NA    4.69%    passed     98.51%
 159  821_7023_7637_AF138005_B_NA_NA    5.16%    passed     99.29%
 160  821_7023_7637_AF138004_B_NA_NA    5.16%    passed     99.64%
 161  821_7023_7637_AF204576_B_NA_NA    5.63%    passed     99.48%
 162  821_7023_7637_AF204575_B_NA_NA    5.63%    passed     98.94%
 163  821_7023_7637_AF204574_B_NA_NA    6.57%    passed     94.99%
 164  821_7023_7637_AF204573_B_NA_NA    5.63%    passed     98.85%
 165  821_7023_7637_AF204572_B_NA_NA    5.63%    passed     97.34%
 166  821_7023_7637_AF204571_B_NA_NA    5.63%    passed     99.66%
 167  821_7023_7637_AF204570_B_NA_NA    5.63%    passed     97.63%
 168  821_7023_7637_AF204569_B_NA_NA    5.63%    passed     99.68%
 169  821_7023_7637_AF204568_B_NA_NA    6.57%    passed     98.44%
 170  821_7023_7637_AF204567_B_NA_NA    5.16%    passed     98.89%
 171  821_7023_7637_AF204566_B_NA_NA    6.57%    passed     99.20%
 172  821_7023_7637_AF204565_B_NA_NA    5.16%    passed     95.47%
 173  821_7023_7637_AF204564_B_NA_NA    4.69%    passed     99.74%
 174  821_7023_7637_AF204563_B_NA_NA    6.57%    passed     98.44%
 175  821_7023_7637_AF204562_B_NA_NA    5.16%    passed     99.64%
 176  821_7023_7637_AF204561_B_NA_NA    5.16%    passed     99.63%
 177  821_7023_7637_AF204560_B_NA_NA    6.57%    passed     97.67%
 178  821_7023_7637_AF204559_B_NA_NA    5.16%    passed     97.60%
 179  821_7023_7637_AF204558_B_NA_NA    4.69%    passed     99.83%
 180  821_7023_7637_AF204557_B_NA_NA    5.16%    passed     98.94%
 181  821_7023_7637_AF204556_B_NA_NA    5.63%    passed     98.08%
 182  821_7023_7637_AF204555_B_NA_NA    4.69%    passed     99.64%
 183  821_7023_7637_AF204554_B_NA_NA    4.69%    passed     99.45%
 184  821_7023_7637_AF204553_B_NA_NA    5.63%    passed     99.02%
 185  821_7023_7637_AF204552_B_NA_NA    5.16%    passed     99.79%
 186  821_7023_7637_AF204551_B_NA_NA    4.69%    passed     99.65%
 187  821_7023_7637_AF204550_B_NA_NA    5.16%    passed     99.44%
 188  821_7023_7637_AF204549_B_NA_NA    5.16%    passed     99.44%
 189  821_7023_7637_AF204548_B_NA_NA    4.69%    passed     92.96%
 190  821_7023_7637_AF204547_B_NA_NA    4.69%    passed     96.24%
 191  821_7023_7637_AF204546_B_NA_NA    4.69%    passed     99.65%
 192  821_7023_7637_AF204545_B_NA_NA    5.16%    passed     99.50%
 193  821_7023_7637_AF204544_B_NA_NA    5.16%    passed     92.22%
 194  821_7023_7637_AF204543_B_NA_NA    5.16%    passed     97.04%
 195  821_7023_7637_AF204542_B_NA_NA    4.69%    passed     99.24%
 196  821_7023_7637_AF204541_B_NA_NA    5.16%    passed     97.64%
 197  821_7023_7637_AF204540_B_NA_NA    5.16%    passed     99.50%
 198  821_7023_7637_AF204539_B_NA_NA    5.16%    passed     99.68%
 199  821_7023_7637_AF204538_B_NA_NA    5.16%    passed     97.36%
 200  821_7023_7637_AF204537_B_NA_NA    5.16%    passed     98.94%
 201  821_7023_7637_AF204536_B_NA_NA    5.16%    passed     99.26%
 202  821_7023_7637_AF204535_B_NA_NA    5.16%    passed     98.94%
 203  821_7023_7637_AF204534_B_NA_NA    6.10%    passed     99.48%
 204  821_7023_7637_AF204533_B_NA_NA    8.45%    passed     92.53%
 205  821_7023_7637_AF204532_B_NA_NA    5.16%    passed     98.57%
 206  821_7023_7637_AF204531_B_NA_NA    6.10%    passed     99.71%
 207  821_7023_7637_AF204530_B_NA_NA    5.16%    passed     99.50%
 208  821_7023_7637_AF204529_B_NA_NA    4.69%    passed     99.32%
 209  821_7023_7637_AF204528_B_NA_NA    6.57%    passed     99.89%
 210  821_7023_7637_AF204527_B_NA_NA    6.57%    passed     99.89%
 211  821_7023_7637_AF204526_B_NA_NA    6.10%    passed     99.88%
 212  821_7023_7637_AF204525_B_NA_NA    5.16%    passed     99.50%
 213  821_7023_7637_AF204524_B_NA_NA    6.10%    passed     98.02%
 214  821_7023_7637_AF204523_B_NA_NA    6.57%    passed     99.67%
 215  821_7023_7637_AF204522_B_NA_NA    6.10%    passed     99.73%
 216  821_7023_7637_AF204521_B_NA_NA    9.39%    passed     95.37%
 217  821_7023_7637_AF204520_B_NA_NA    7.51%    passed     99.32%
 218  821_7023_7637_AF204519_B_NA_NA    6.57%    passed     99.69%
 219  821_7023_7637_AF204518_B_NA_NA    6.10%    passed     99.95%
 220  821_7023_7637_AF204517_B_NA_NA    6.10%    passed     99.57%
 221  821_7023_7637_AF204516_B_NA_NA    6.10%    passed     99.47%
 222  821_7023_7637_AF204515_B_NA_NA    6.10%    passed     99.51%
 223  821_7023_7637_AF204514_B_NA_NA    4.69%    passed     99.39%
 224  821_7023_7637_AF204513_B_NA_NA    6.10%    passed     98.92%
 225  821_7023_7637_AF204512_B_NA_NA    5.16%    passed     99.16%
 226  821_7023_7637_AF204511_B_NA_NA    5.16%    passed     99.16%
 227  821_7023_7637_AF204510_B_NA_NA    5.16%    passed     99.29%
 228  821_7023_7637_AF204509_B_NA_NA    5.16%    passed     99.27%
 229  821_7023_7637_AF204508_B_NA_NA    5.16%    passed     99.16%
 230  821_7023_7637_AF204507_B_NA_NA    5.16%    passed     99.65%
 231  821_7023_7637_AF204506_B_NA_NA    5.16%    passed     99.16%
 232  821_7023_7637_AF204505_B_NA_NA    5.16%    passed     99.04%
 233  821_7023_7637_AF204504_B_NA_NA    5.16%    passed     98.84%
 234  821_7023_7637_AF204503_B_NA_NA    5.16%    passed     99.77%
 235  821_7023_7637_AF204502_B_NA_NA    5.16%    passed     99.29%
 236  821_7023_7637_AF204501_B_NA_NA    5.16%    passed     99.49%
****  TOTAL                             5.55%  0 sequences failed composition chi2 test (p-value<5%; df=3)
NOTE: 821_7023_7637_AF138036_B_NA_NA is identical to 821_7023_7637_AF138037_B_NA_NA but kept for subsequent analysis
NOTE: 821_7023_7637_AF138005_B_NA_NA is identical to 821_7023_7637_AF138013_B_NA_NA but kept for subsequent analysis
NOTE: 821_7023_7637_AF204512_B_NA_NA is identical to 821_7023_7637_AF138009_B_NA_NA but kept for subsequent analysis
NOTE: 821_7023_7637_AF204525_B_NA_NA is identical to 821_7023_7637_AF204530_B_NA_NA but kept for subsequent analysis
NOTE: 821_7023_7637_AF204527_B_NA_NA is identical to 821_7023_7637_AF204528_B_NA_NA but kept for subsequent analysis
NOTE: 3 identical sequences (see below) will be ignored for subsequent analysis
NOTE: 821_7023_7637_AF204511_B_NA_NA (identical to 821_7023_7637_AF138009_B_NA_NA) is ignored but added at the end
NOTE: 821_7023_7637_AF204508_B_NA_NA (identical to 821_7023_7637_AF138009_B_NA_NA) is ignored but added at the end
NOTE: 821_7023_7637_AF204506_B_NA_NA (identical to 821_7023_7637_AF138009_B_NA_NA) is ignored but added at the end
Alignment was printed to iqtree_subset/821+1+B.uniqueseq.phy

For your convenience alignment with unique sequences printed to iqtree_subset/821+1+B.uniqueseq.phy

Create initial parsimony tree by phylogenetic likelihood library (PLL)... 0.020 seconds

NOTE: 11 MB RAM (0 GB) is required!
Measuring multi-threading efficiency up to 1 CPU cores
Increase to 10 rounds for branch lengths
6 trees examined
Threads: 1 / Time: 1.144 sec / Speedup: 1.000 / Efficiency: 100% / LogL: -14967
BEST NUMBER OF THREADS: 1

Estimate model parameters (epsilon = 0.100)
1. Initial log-likelihood: -8580.845
2. Current log-likelihood: -8019.843
3. Current log-likelihood: -8014.714
4. Current log-likelihood: -8013.938
5. Current log-likelihood: -8013.565
6. Current log-likelihood: -8013.301
7. Current log-likelihood: -8013.038
8. Current log-likelihood: -8012.745
9. Current log-likelihood: -8012.391
10. Current log-likelihood: -8012.014
11. Current log-likelihood: -8011.655
12. Current log-likelihood: -8011.338
13. Current log-likelihood: -8011.081
14. Current log-likelihood: -8010.882
15. Current log-likelihood: -8010.722
16. Current log-likelihood: -8010.579
17. Current log-likelihood: -8010.466
18. Current log-likelihood: -8010.362
19. Current log-likelihood: -8010.261
20. Current log-likelihood: -8010.108
21. Current log-likelihood: -8009.726
Optimal log-likelihood: -8009.640
Rate parameters:  A-C: 1.32865  A-G: 3.66252  A-T: 0.46011  C-G: 0.39050  C-T: 3.80361  G-T: 1.00000
Base frequencies:  A: 0.416  C: 0.152  G: 0.192  T: 0.240
Proportion of invariable sites: 0.218
Site proportion and rates:  (0.404,0.327) (0.266,0.857) (0.064,3.639) (0.047,8.596)
Parameters optimization took 21 rounds (5.604 sec)
Wrote distance file to... 
Computing ML distances based on estimated model parameters...
Calculating distance matrix: done in 0.301567 secs using 99.5% CPU
Computing ML distances took 0.302036 sec (of wall-clock time) 0.300528 sec (of CPU time)
Setting up auxiliary I and S matrices: done in 0.00123751 secs using 99.72% CPU
Computing RapidNJ tree took 0.004664 sec (of wall-clock time) 0.002983 sec (of CPU time)
Log-likelihood of RapidNJ tree: -8100.120
--------------------------------------------------------------------
|             INITIALIZING CANDIDATE TREE SET                      |
--------------------------------------------------------------------
Generating 98 parsimony trees... 2.748 second
Computing log-likelihood of 98 initial trees ... 2.549 seconds
Current best score: -7986.295

Do NNI search on 20 best initial trees
Estimate model parameters (epsilon = 0.100)
BETTER TREE FOUND at iteration 1: -7931.098
Iteration 10 / LogL: -7977.144 / Time: 0h:0m:18s
Iteration 20 / LogL: -7980.821 / Time: 0h:0m:24s
Finish initializing candidate tree set (20)
Current best tree score: -7931.098 / CPU time: 16.994
Number of iterations: 20
--------------------------------------------------------------------
|               OPTIMIZING CANDIDATE TREE SET                      |
--------------------------------------------------------------------
Estimate model parameters (epsilon = 0.100)
BETTER TREE FOUND at iteration 24: -7929.756
Estimate model parameters (epsilon = 0.100)
BETTER TREE FOUND at iteration 30: -7928.059
Iteration 30 / LogL: -7928.059 / Time: 0h:0m:31s (0h:1m:50s left)
Estimate model parameters (epsilon = 0.100)
BETTER TREE FOUND at iteration 35: -7926.632
Estimate model parameters (epsilon = 0.100)
BETTER TREE FOUND at iteration 36: -7925.785
Estimate model parameters (epsilon = 0.100)
BETTER TREE FOUND at iteration 37: -7924.638
Iteration 40 / LogL: -7945.156 / Time: 0h:0m:39s (0h:1m:39s left)
Estimate model parameters (epsilon = 0.100)
BETTER TREE FOUND at iteration 43: -7923.149
Estimate model parameters (epsilon = 0.100)
BETTER TREE FOUND at iteration 50: -7921.563
Iteration 50 / LogL: -7921.563 / Time: 0h:0m:47s (0h:1m:37s left)
Estimate model parameters (epsilon = 0.100)
BETTER TREE FOUND at iteration 58: -7921.105
Iteration 60 / LogL: -7924.668 / Time: 0h:0m:55s (0h:1m:31s left)
Iteration 70 / LogL: -7929.733 / Time: 0h:1m:1s (0h:1m:18s left)
Estimate model parameters (epsilon = 0.100)
BETTER TREE FOUND at iteration 72: -7914.973
Estimate model parameters (epsilon = 0.100)
BETTER TREE FOUND at iteration 76: -7914.860
Estimate model parameters (epsilon = 0.100)
BETTER TREE FOUND at iteration 78: -7914.542
Iteration 80 / LogL: -7916.057 / Time: 0h:1m:9s (0h:1m:26s left)
Estimate model parameters (epsilon = 0.100)
BETTER TREE FOUND at iteration 83: -7913.130
Iteration 90 / LogL: -7925.356 / Time: 0h:1m:16s (0h:1m:19s left)
Iteration 100 / LogL: -7938.499 / Time: 0h:1m:22s (0h:1m:9s left)
Iteration 110 / LogL: -7920.684 / Time: 0h:1m:29s (0h:0m:59s left)
Estimate model parameters (epsilon = 0.100)
BETTER TREE FOUND at iteration 115: -7912.382
Estimate model parameters (epsilon = 0.100)
BETTER TREE FOUND at iteration 120: -7911.649
Iteration 120 / LogL: -7911.649 / Time: 0h:1m:36s (0h:1m:20s left)
Iteration 130 / LogL: -7916.329 / Time: 0h:1m:42s (0h:1m:11s left)
Estimate model parameters (epsilon = 0.100)
BETTER TREE FOUND at iteration 131: -7910.306
Iteration 140 / LogL: -7915.068 / Time: 0h:1m:49s (0h:1m:11s left)
Iteration 150 / LogL: -7913.585 / Time: 0h:1m:56s (0h:1m:3s left)
Estimate model parameters (epsilon = 0.100)
BETTER TREE FOUND at iteration 159: -7909.917
Iteration 160 / LogL: -7914.468 / Time: 0h:2m:2s (0h:1m:16s left)
Iteration 170 / LogL: -7917.393 / Time: 0h:2m:9s (0h:1m:8s left)
Iteration 180 / LogL: -7931.388 / Time: 0h:2m:16s (0h:1m:0s left)
Iteration 190 / LogL: -7938.809 / Time: 0h:2m:22s (0h:0m:52s left)
Iteration 200 / LogL: -7920.846 / Time: 0h:2m:29s (0h:0m:44s left)
Iteration 210 / LogL: -7912.340 / Time: 0h:2m:35s (0h:0m:36s left)
Estimate model parameters (epsilon = 0.100)
BETTER TREE FOUND at iteration 220: -7909.712
Iteration 220 / LogL: -7909.712 / Time: 0h:2m:42s (0h:1m:14s left)
Iteration 230 / LogL: -7912.895 / Time: 0h:2m:49s (0h:1m:6s left)
Iteration 240 / LogL: -7923.500 / Time: 0h:2m:56s (0h:0m:59s left)
BETTER TREE FOUND at iteration 242: -7909.711
Iteration 250 / LogL: -7913.138 / Time: 0h:3m:3s (0h:1m:7s left)
Estimate model parameters (epsilon = 0.100)
BETTER TREE FOUND at iteration 257: -7909.274
Iteration 260 / LogL: -7909.811 / Time: 0h:3m:9s (0h:1m:11s left)
Iteration 270 / LogL: -7917.029 / Time: 0h:3m:16s (0h:1m:3s left)
Iteration 280 / LogL: -7911.004 / Time: 0h:3m:22s (0h:0m:55s left)
Estimate model parameters (epsilon = 0.100)
BETTER TREE FOUND at iteration 286: -7908.749
Iteration 290 / LogL: -7913.889 / Time: 0h:3m:29s (0h:1m:9s left)
Iteration 300 / LogL: -7918.212 / Time: 0h:3m:35s (0h:1m:2s left)
Iteration 310 / LogL: -7930.399 / Time: 0h:3m:42s (0h:0m:54s left)
Iteration 320 / LogL: -7914.623 / Time: 0h:3m:49s (0h:0m:47s left)
BETTER TREE FOUND at iteration 328: -7908.748
Iteration 330 / LogL: -7910.665 / Time: 0h:3m:55s (0h:1m:10s left)
Iteration 340 / LogL: -7912.762 / Time: 0h:4m:2s (0h:1m:2s left)
Estimate model parameters (epsilon = 0.100)
BETTER TREE FOUND at iteration 345: -7908.545
Iteration 350 / LogL: -7919.296 / Time: 0h:4m:8s (0h:1m:7s left)
Iteration 360 / LogL: -7916.974 / Time: 0h:4m:15s (0h:1m:0s left)
Iteration 370 / LogL: -7910.572 / Time: 0h:4m:21s (0h:0m:53s left)
Estimate model parameters (epsilon = 0.100)
BETTER TREE FOUND at iteration 371: -7908.046
Estimate model parameters (epsilon = 0.100)
BETTER TREE FOUND at iteration 380: -7906.205
Iteration 380 / LogL: -7906.205 / Time: 0h:4m:28s (0h:1m:10s left)
Iteration 390 / LogL: -7911.651 / Time: 0h:4m:34s (0h:1m:3s left)
Iteration 400 / LogL: -7933.633 / Time: 0h:4m:40s (0h:0m:56s left)
Iteration 410 / LogL: -7915.267 / Time: 0h:4m:46s (0h:0m:49s left)
Estimate model parameters (epsilon = 0.100)
BETTER TREE FOUND at iteration 419: -7903.955
Iteration 420 / LogL: -7917.839 / Time: 0h:4m:52s (0h:1m:9s left)
Iteration 430 / LogL: -7907.972 / Time: 0h:4m:58s (0h:1m:1s left)
Estimate model parameters (epsilon = 0.100)
BETTER TREE FOUND at iteration 435: -7903.330
Iteration 440 / LogL: -7907.132 / Time: 0h:5m:4s (0h:1m:5s left)
Estimate model parameters (epsilon = 0.100)
BETTER TREE FOUND at iteration 441: -7898.948
Iteration 450 / LogL: -7900.281 / Time: 0h:5m:10s (0h:1m:3s left)
Iteration 460 / LogL: -7901.599 / Time: 0h:5m:16s (0h:0m:55s left)
Iteration 470 / LogL: -7930.831 / Time: 0h:5m:22s (0h:0m:48s left)
Iteration 480 / LogL: -7923.493 / Time: 0h:5m:28s (0h:0m:41s left)
Iteration 490 / LogL: -7903.856 / Time: 0h:5m:34s (0h:0m:34s left)
Iteration 500 / LogL: -7902.360 / Time: 0h:5m:41s (0h:0m:28s left)
Iteration 510 / LogL: -7904.382 / Time: 0h:5m:47s (0h:0m:21s left)
Iteration 520 / LogL: -7900.971 / Time: 0h:5m:53s (0h:0m:14s left)
Iteration 530 / LogL: -7906.805 / Time: 0h:5m:59s (0h:0m:7s left)
Iteration 540 / LogL: -7908.164 / Time: 0h:6m:6s (0h:0m:0s left)
TREE SEARCH COMPLETED AFTER 542 ITERATIONS / Time: 0h:6m:7s

--------------------------------------------------------------------
|                    FINALIZING TREE SEARCH                        |
--------------------------------------------------------------------
Performs final model parameters optimization
Estimate model parameters (epsilon = 0.010)
1. Initial log-likelihood: -7898.948
Optimal log-likelihood: -7898.942
Rate parameters:  A-C: 1.47564  A-G: 4.25176  A-T: 0.46087  C-G: 0.42031  C-T: 4.16052  G-T: 1.00000
Base frequencies:  A: 0.416  C: 0.152  G: 0.192  T: 0.240
Proportion of invariable sites: 0.167
Site proportion and rates:  (0.517,0.297) (0.216,1.058) (0.057,3.885) (0.043,9.242)
Parameters optimization took 1 rounds (0.195 sec)
BEST SCORE FOUND : -7898.942
Empirical proportions for each category: 0.736 0.178 0.045 0.041
Site rates printed to iqtree_subset/821+1+B.rate

Testing tree branches by SH-like aLRT with 1000 replicates...
2.638 sec.
Total tree length: 2.278

Total number of iterations: 542
CPU time used for tree search: 352.446 sec (0h:5m:52s)
Wall-clock time used for tree search: 360.101 sec (0h:6m:0s)
Total CPU time used: 362.615 sec (0h:6m:2s)
Total wall-clock time used: 370.341 sec (0h:6m:10s)

Analysis results written to: 
  IQ-TREE report:                iqtree_subset/821+1+B.iqtree
  Maximum-likelihood tree:       iqtree_subset/821+1+B.treefile
  Likelihood distances:          iqtree_subset/821+1+B.mldist
  Site-specific rates:           iqtree_subset/821+1+B.rate
  Screen log file:               iqtree_subset/821+1+B.log

Date and Time: Tue Feb 11 18:09:06 2025
