IQ-TREE multicore version 2.3.3 COVID-edition for Linux x86 64-bit built Apr 25 2024
Developed by Bui Quang Minh, James Barbetti, Nguyen Lam Tung, Olga Chernomor,
Heiko Schmidt, Dominik Schrempf, Michael Woodhams, Ly Trong Nhan, Thomas Wong

Host:    linusblack.lanl.gov (AVX512, FMA3, 754 GB RAM)
Command: iqtree -s mafft_subset/824+1+B.fasta -m GTR+I+R -alrt 1000 -T AUTO --prefix iqtree_subset/824+1+B --rate -redo
Seed:    707077 (Using SPRNG - Scalable Parallel Random Number Generator)
Time:    Tue Feb 11 18:01:54 2025
Kernel:  AVX+FMA - auto-detect threads (1 CPU cores detected)

Reading alignment file mafft_subset/824+1+B.fasta ... Fasta format detected
Reading fasta file: done in 0.00260181 secs using 94.9% CPU
Alignment most likely contains DNA/RNA sequences
Alignment has 207 sequences with 612 columns, 354 distinct patterns
205 parsimony-informative, 133 singleton sites, 274 constant sites
WARNING: Some sequence names are changed as follows:
824+7023+7637+AY348477+B+NA+NA -> 824_7023_7637_AY348477_B_NA_NA
824+7023+7637+AY348476+B+NA+NA -> 824_7023_7637_AY348476_B_NA_NA
824+7023+7637+AY348475+B+NA+NA -> 824_7023_7637_AY348475_B_NA_NA
824+7023+7637+AY348474+B+NA+NA -> 824_7023_7637_AY348474_B_NA_NA
824+7023+7637+AY348473+B+NA+NA -> 824_7023_7637_AY348473_B_NA_NA
824+7023+7637+AY348472+B+NA+NA -> 824_7023_7637_AY348472_B_NA_NA
824+7023+7637+AY348471+B+NA+NA -> 824_7023_7637_AY348471_B_NA_NA
824+7023+7637+AY348470+B+NA+NA -> 824_7023_7637_AY348470_B_NA_NA
824+7023+7637+AY348469+B+NA+NA -> 824_7023_7637_AY348469_B_NA_NA
824+7023+7637+AY348468+B+NA+NA -> 824_7023_7637_AY348468_B_NA_NA
824+7023+7637+AY348467+B+NA+NA -> 824_7023_7637_AY348467_B_NA_NA
824+7023+7637+AY348466+B+NA+NA -> 824_7023_7637_AY348466_B_NA_NA
824+7023+7637+AY348465+B+NA+NA -> 824_7023_7637_AY348465_B_NA_NA
824+7023+7637+AY348464+B+NA+NA -> 824_7023_7637_AY348464_B_NA_NA
824+7023+7637+AY348463+B+NA+NA -> 824_7023_7637_AY348463_B_NA_NA
824+7023+7637+AY348462+B+NA+NA -> 824_7023_7637_AY348462_B_NA_NA
824+7023+7637+AY348461+B+NA+NA -> 824_7023_7637_AY348461_B_NA_NA
824+7023+7637+AY348460+B+NA+NA -> 824_7023_7637_AY348460_B_NA_NA
824+7023+7637+AY348459+B+NA+NA -> 824_7023_7637_AY348459_B_NA_NA
824+7023+7637+AY348458+B+NA+NA -> 824_7023_7637_AY348458_B_NA_NA
824+7023+7637+AY348457+B+NA+NA -> 824_7023_7637_AY348457_B_NA_NA
824+7023+7637+AY348456+B+NA+NA -> 824_7023_7637_AY348456_B_NA_NA
824+7023+7637+AY348455+B+NA+NA -> 824_7023_7637_AY348455_B_NA_NA
824+7023+7637+AY348454+B+NA+NA -> 824_7023_7637_AY348454_B_NA_NA
824+7023+7637+AY348453+B+NA+NA -> 824_7023_7637_AY348453_B_NA_NA
824+7023+7637+AY348452+B+NA+NA -> 824_7023_7637_AY348452_B_NA_NA
824+7023+7637+AY348451+B+NA+NA -> 824_7023_7637_AY348451_B_NA_NA
824+7023+7637+AY348450+B+NA+NA -> 824_7023_7637_AY348450_B_NA_NA
824+7023+7637+AY348449+B+NA+NA -> 824_7023_7637_AY348449_B_NA_NA
824+7023+7637+AY348448+B+NA+NA -> 824_7023_7637_AY348448_B_NA_NA
824+7023+7637+AY348447+B+NA+NA -> 824_7023_7637_AY348447_B_NA_NA
824+7023+7637+AY348446+B+NA+NA -> 824_7023_7637_AY348446_B_NA_NA
824+7023+7637+AY348445+B+NA+NA -> 824_7023_7637_AY348445_B_NA_NA
824+7023+7637+AY348444+B+NA+NA -> 824_7023_7637_AY348444_B_NA_NA
824+7023+7637+AY348443+B+NA+NA -> 824_7023_7637_AY348443_B_NA_NA
824+7023+7637+AY348442+B+NA+NA -> 824_7023_7637_AY348442_B_NA_NA
824+7023+7637+AY348441+B+NA+NA -> 824_7023_7637_AY348441_B_NA_NA
824+7023+7637+AY348440+B+NA+NA -> 824_7023_7637_AY348440_B_NA_NA
824+7023+7637+AY348439+B+NA+NA -> 824_7023_7637_AY348439_B_NA_NA
824+7023+7637+AY348438+B+NA+NA -> 824_7023_7637_AY348438_B_NA_NA
824+7023+7637+AY348437+B+NA+NA -> 824_7023_7637_AY348437_B_NA_NA
824+7023+7637+AY348436+B+NA+NA -> 824_7023_7637_AY348436_B_NA_NA
824+7023+7637+AY348435+B+NA+NA -> 824_7023_7637_AY348435_B_NA_NA
824+7023+7637+AY348434+B+NA+NA -> 824_7023_7637_AY348434_B_NA_NA
824+7023+7637+AY348433+B+NA+NA -> 824_7023_7637_AY348433_B_NA_NA
824+7023+7637+AY348432+B+NA+NA -> 824_7023_7637_AY348432_B_NA_NA
824+7023+7637+AY348431+B+NA+NA -> 824_7023_7637_AY348431_B_NA_NA
824+7023+7637+AY348430+B+NA+NA -> 824_7023_7637_AY348430_B_NA_NA
824+7023+7637+AY348429+B+NA+NA -> 824_7023_7637_AY348429_B_NA_NA
824+7023+7637+AY348428+B+NA+NA -> 824_7023_7637_AY348428_B_NA_NA
824+7023+7637+AY348427+B+NA+NA -> 824_7023_7637_AY348427_B_NA_NA
824+7023+7637+AY348426+B+NA+NA -> 824_7023_7637_AY348426_B_NA_NA
824+7023+7637+AY348425+B+NA+NA -> 824_7023_7637_AY348425_B_NA_NA
824+7023+7637+AY348424+B+NA+NA -> 824_7023_7637_AY348424_B_NA_NA
824+7023+7637+AY348423+B+NA+NA -> 824_7023_7637_AY348423_B_NA_NA
824+7023+7637+AY348422+B+NA+NA -> 824_7023_7637_AY348422_B_NA_NA
824+7023+7637+AY348421+B+NA+NA -> 824_7023_7637_AY348421_B_NA_NA
824+7023+7637+AY348420+B+NA+NA -> 824_7023_7637_AY348420_B_NA_NA
824+7023+7637+AY348419+B+NA+NA -> 824_7023_7637_AY348419_B_NA_NA
824+7023+7637+AY348418+B+NA+NA -> 824_7023_7637_AY348418_B_NA_NA
824+7023+7637+AY348417+B+NA+NA -> 824_7023_7637_AY348417_B_NA_NA
824+7023+7637+AY348416+B+NA+NA -> 824_7023_7637_AY348416_B_NA_NA
824+7023+7637+AY348415+B+NA+NA -> 824_7023_7637_AY348415_B_NA_NA
824+7023+7637+AY348414+B+NA+NA -> 824_7023_7637_AY348414_B_NA_NA
824+7023+7637+AY348413+B+NA+NA -> 824_7023_7637_AY348413_B_NA_NA
824+7023+7637+AY348412+B+NA+NA -> 824_7023_7637_AY348412_B_NA_NA
824+7023+7637+AY348411+B+NA+NA -> 824_7023_7637_AY348411_B_NA_NA
824+7023+7637+AY348410+B+NA+NA -> 824_7023_7637_AY348410_B_NA_NA
824+7023+7637+AY348409+B+NA+NA -> 824_7023_7637_AY348409_B_NA_NA
824+7023+7637+AF138411+B+NA+NA -> 824_7023_7637_AF138411_B_NA_NA
824+7023+7637+AF138410+B+NA+NA -> 824_7023_7637_AF138410_B_NA_NA
824+7023+7637+AF138409+B+NA+NA -> 824_7023_7637_AF138409_B_NA_NA
824+7023+7637+AF138408+B+NA+NA -> 824_7023_7637_AF138408_B_NA_NA
824+7023+7637+AF138407+B+NA+NA -> 824_7023_7637_AF138407_B_NA_NA
824+7023+7637+AF138406+B+NA+NA -> 824_7023_7637_AF138406_B_NA_NA
824+7023+7637+AF138405+B+NA+NA -> 824_7023_7637_AF138405_B_NA_NA
824+7023+7637+AF138404+B+NA+NA -> 824_7023_7637_AF138404_B_NA_NA
824+7023+7637+AF138403+B+NA+NA -> 824_7023_7637_AF138403_B_NA_NA
824+7023+7637+AF138402+B+NA+NA -> 824_7023_7637_AF138402_B_NA_NA
824+7023+7637+AF138401+B+NA+NA -> 824_7023_7637_AF138401_B_NA_NA
824+7023+7637+AF138400+B+NA+NA -> 824_7023_7637_AF138400_B_NA_NA
824+7023+7637+AF138399+B+NA+NA -> 824_7023_7637_AF138399_B_NA_NA
824+7023+7637+AF138398+B+NA+NA -> 824_7023_7637_AF138398_B_NA_NA
824+7023+7637+AF138397+B+NA+NA -> 824_7023_7637_AF138397_B_NA_NA
824+7023+7637+AF138396+B+NA+NA -> 824_7023_7637_AF138396_B_NA_NA
824+7023+7637+AF138395+B+NA+NA -> 824_7023_7637_AF138395_B_NA_NA
824+7023+7637+AF138394+B+NA+NA -> 824_7023_7637_AF138394_B_NA_NA
824+7023+7637+AF138393+B+NA+NA -> 824_7023_7637_AF138393_B_NA_NA
824+7023+7637+AF138392+B+NA+NA -> 824_7023_7637_AF138392_B_NA_NA
824+7023+7637+AF138391+B+NA+NA -> 824_7023_7637_AF138391_B_NA_NA
824+7023+7637+AF138390+B+NA+NA -> 824_7023_7637_AF138390_B_NA_NA
824+7023+7637+AF138389+B+NA+NA -> 824_7023_7637_AF138389_B_NA_NA
824+7023+7637+AF138388+B+NA+NA -> 824_7023_7637_AF138388_B_NA_NA
824+7023+7637+AF138387+B+NA+NA -> 824_7023_7637_AF138387_B_NA_NA
824+7023+7637+AF138386+B+NA+NA -> 824_7023_7637_AF138386_B_NA_NA
824+7023+7637+AF138385+B+NA+NA -> 824_7023_7637_AF138385_B_NA_NA
824+7023+7637+AF138384+B+NA+NA -> 824_7023_7637_AF138384_B_NA_NA
824+7023+7637+AF138383+B+NA+NA -> 824_7023_7637_AF138383_B_NA_NA
824+7023+7637+AF138382+B+NA+NA -> 824_7023_7637_AF138382_B_NA_NA
824+7023+7637+AF138381+B+NA+NA -> 824_7023_7637_AF138381_B_NA_NA
824+7023+7637+AF138380+B+NA+NA -> 824_7023_7637_AF138380_B_NA_NA
824+7023+7637+AF138379+B+NA+NA -> 824_7023_7637_AF138379_B_NA_NA
824+7023+7637+AF138378+B+NA+NA -> 824_7023_7637_AF138378_B_NA_NA
824+7023+7637+AF138377+B+NA+NA -> 824_7023_7637_AF138377_B_NA_NA
824+7023+7637+AF138376+B+NA+NA -> 824_7023_7637_AF138376_B_NA_NA
824+7023+7637+AF138375+B+NA+NA -> 824_7023_7637_AF138375_B_NA_NA
824+7023+7637+AF138374+B+NA+NA -> 824_7023_7637_AF138374_B_NA_NA
824+7023+7637+AF138373+B+NA+NA -> 824_7023_7637_AF138373_B_NA_NA
824+7023+7637+AF138372+B+NA+NA -> 824_7023_7637_AF138372_B_NA_NA
824+7023+7637+AF138371+B+NA+NA -> 824_7023_7637_AF138371_B_NA_NA
824+7023+7637+AF138370+B+NA+NA -> 824_7023_7637_AF138370_B_NA_NA
824+7023+7637+AF138369+B+NA+NA -> 824_7023_7637_AF138369_B_NA_NA
824+7023+7637+AF138368+B+NA+NA -> 824_7023_7637_AF138368_B_NA_NA
824+7023+7637+AF138367+B+NA+NA -> 824_7023_7637_AF138367_B_NA_NA
824+7023+7637+AF138366+B+NA+NA -> 824_7023_7637_AF138366_B_NA_NA
824+7023+7637+AF138365+B+NA+NA -> 824_7023_7637_AF138365_B_NA_NA
824+7023+7637+AF138364+B+NA+NA -> 824_7023_7637_AF138364_B_NA_NA
824+7023+7637+AF138363+B+NA+NA -> 824_7023_7637_AF138363_B_NA_NA
824+7023+7637+AF138362+B+NA+NA -> 824_7023_7637_AF138362_B_NA_NA
824+7023+7637+AF138361+B+NA+NA -> 824_7023_7637_AF138361_B_NA_NA
824+7023+7637+AF138360+B+NA+NA -> 824_7023_7637_AF138360_B_NA_NA
824+7023+7637+AF138359+B+NA+NA -> 824_7023_7637_AF138359_B_NA_NA
824+7023+7637+AF138358+B+NA+NA -> 824_7023_7637_AF138358_B_NA_NA
824+7023+7637+AF138357+B+NA+NA -> 824_7023_7637_AF138357_B_NA_NA
824+7023+7637+AF138356+B+NA+NA -> 824_7023_7637_AF138356_B_NA_NA
824+7023+7637+AF138355+B+NA+NA -> 824_7023_7637_AF138355_B_NA_NA
824+7023+7637+AF138354+B+NA+NA -> 824_7023_7637_AF138354_B_NA_NA
824+7023+7637+AF138353+B+NA+NA -> 824_7023_7637_AF138353_B_NA_NA
824+7023+7637+AF138352+B+NA+NA -> 824_7023_7637_AF138352_B_NA_NA
824+7023+7637+AF138351+B+NA+NA -> 824_7023_7637_AF138351_B_NA_NA
824+7023+7637+AF138350+B+NA+NA -> 824_7023_7637_AF138350_B_NA_NA
824+7023+7637+AF138349+B+NA+NA -> 824_7023_7637_AF138349_B_NA_NA
824+7023+7637+AF138348+B+NA+NA -> 824_7023_7637_AF138348_B_NA_NA
824+7023+7637+AF138347+B+NA+NA -> 824_7023_7637_AF138347_B_NA_NA
824+7023+7637+AF138346+B+NA+NA -> 824_7023_7637_AF138346_B_NA_NA
824+7023+7637+AF138345+B+NA+NA -> 824_7023_7637_AF138345_B_NA_NA
824+7023+7637+AF138344+B+NA+NA -> 824_7023_7637_AF138344_B_NA_NA
824+7023+7637+AF138343+B+NA+NA -> 824_7023_7637_AF138343_B_NA_NA
824+7023+7637+AF138342+B+NA+NA -> 824_7023_7637_AF138342_B_NA_NA
824+7023+7637+AF138341+B+NA+NA -> 824_7023_7637_AF138341_B_NA_NA
824+7023+7637+AF138340+B+NA+NA -> 824_7023_7637_AF138340_B_NA_NA
824+7023+7637+AF138339+B+NA+NA -> 824_7023_7637_AF138339_B_NA_NA
824+7023+7637+AF138338+B+NA+NA -> 824_7023_7637_AF138338_B_NA_NA
824+7023+7637+AF138337+B+NA+NA -> 824_7023_7637_AF138337_B_NA_NA
824+7023+7637+AF138336+B+NA+NA -> 824_7023_7637_AF138336_B_NA_NA
824+7023+7637+AF138335+B+NA+NA -> 824_7023_7637_AF138335_B_NA_NA
824+7023+7637+AF138334+B+NA+NA -> 824_7023_7637_AF138334_B_NA_NA
824+7023+7637+AF138333+B+NA+NA -> 824_7023_7637_AF138333_B_NA_NA
824+7023+7637+AF138332+B+NA+NA -> 824_7023_7637_AF138332_B_NA_NA
824+7023+7637+AF138331+B+NA+NA -> 824_7023_7637_AF138331_B_NA_NA
824+7023+7637+AF138330+B+NA+NA -> 824_7023_7637_AF138330_B_NA_NA
824+7023+7637+AF138329+B+NA+NA -> 824_7023_7637_AF138329_B_NA_NA
824+7023+7637+AF138328+B+NA+NA -> 824_7023_7637_AF138328_B_NA_NA
824+7023+7637+AF138327+B+NA+NA -> 824_7023_7637_AF138327_B_NA_NA
824+7023+7637+AF138326+B+NA+NA -> 824_7023_7637_AF138326_B_NA_NA
824+7023+7637+AF138325+B+NA+NA -> 824_7023_7637_AF138325_B_NA_NA
824+7023+7637+AF138324+B+NA+NA -> 824_7023_7637_AF138324_B_NA_NA
824+7023+7637+AF138323+B+NA+NA -> 824_7023_7637_AF138323_B_NA_NA
824+7023+7637+AF138322+B+NA+NA -> 824_7023_7637_AF138322_B_NA_NA
824+7023+7637+AF138321+B+NA+NA -> 824_7023_7637_AF138321_B_NA_NA
824+7023+7637+AF138320+B+NA+NA -> 824_7023_7637_AF138320_B_NA_NA
824+7023+7637+AF138319+B+NA+NA -> 824_7023_7637_AF138319_B_NA_NA
824+7023+7637+AF138318+B+NA+NA -> 824_7023_7637_AF138318_B_NA_NA
824+7023+7637+AF138317+B+NA+NA -> 824_7023_7637_AF138317_B_NA_NA
824+7023+7637+AF138316+B+NA+NA -> 824_7023_7637_AF138316_B_NA_NA
824+7023+7637+AF138315+B+NA+NA -> 824_7023_7637_AF138315_B_NA_NA
824+7023+7637+AF138314+B+NA+NA -> 824_7023_7637_AF138314_B_NA_NA
824+7023+7637+AF138313+B+NA+NA -> 824_7023_7637_AF138313_B_NA_NA
824+7023+7637+AF138312+B+NA+NA -> 824_7023_7637_AF138312_B_NA_NA
824+7023+7637+AF138311+B+NA+NA -> 824_7023_7637_AF138311_B_NA_NA
824+7023+7637+AF138310+B+NA+NA -> 824_7023_7637_AF138310_B_NA_NA
824+7023+7637+AF138309+B+NA+NA -> 824_7023_7637_AF138309_B_NA_NA
824+7023+7637+AF138308+B+NA+NA -> 824_7023_7637_AF138308_B_NA_NA
824+7023+7637+AF138307+B+NA+NA -> 824_7023_7637_AF138307_B_NA_NA
824+7023+7637+AF138306+B+NA+NA -> 824_7023_7637_AF138306_B_NA_NA
824+7023+7637+AF138305+B+NA+NA -> 824_7023_7637_AF138305_B_NA_NA
824+7023+7637+AF204639+B+NA+NA -> 824_7023_7637_AF204639_B_NA_NA
824+7023+7637+AF204638+B+NA+NA -> 824_7023_7637_AF204638_B_NA_NA
824+7023+7637+AF204637+B+NA+NA -> 824_7023_7637_AF204637_B_NA_NA
824+7023+7637+AF204636+B+NA+NA -> 824_7023_7637_AF204636_B_NA_NA
824+7023+7637+AF204635+B+NA+NA -> 824_7023_7637_AF204635_B_NA_NA
824+7023+7637+AF204634+B+NA+NA -> 824_7023_7637_AF204634_B_NA_NA
824+7023+7637+AF204633+B+NA+NA -> 824_7023_7637_AF204633_B_NA_NA
824+7023+7637+AF204632+B+NA+NA -> 824_7023_7637_AF204632_B_NA_NA
824+7023+7637+AF204631+B+NA+NA -> 824_7023_7637_AF204631_B_NA_NA
824+7023+7637+AF204630+B+NA+NA -> 824_7023_7637_AF204630_B_NA_NA
824+7023+7637+AF204629+B+NA+NA -> 824_7023_7637_AF204629_B_NA_NA
824+7023+7637+AF204628+B+NA+NA -> 824_7023_7637_AF204628_B_NA_NA
824+7023+7637+AF204627+B+NA+NA -> 824_7023_7637_AF204627_B_NA_NA
824+7023+7637+AF204626+B+NA+NA -> 824_7023_7637_AF204626_B_NA_NA
824+7023+7637+AF204625+B+NA+NA -> 824_7023_7637_AF204625_B_NA_NA
824+7023+7637+AF204624+B+NA+NA -> 824_7023_7637_AF204624_B_NA_NA
824+7023+7637+AF204623+B+NA+NA -> 824_7023_7637_AF204623_B_NA_NA
824+7023+7637+AF204622+B+NA+NA -> 824_7023_7637_AF204622_B_NA_NA
824+7023+7637+AF204621+B+NA+NA -> 824_7023_7637_AF204621_B_NA_NA
824+7023+7637+AF204620+B+NA+NA -> 824_7023_7637_AF204620_B_NA_NA
824+7023+7637+AF204619+B+NA+NA -> 824_7023_7637_AF204619_B_NA_NA
824+7023+7637+AF204618+B+NA+NA -> 824_7023_7637_AF204618_B_NA_NA
824+7023+7637+AF204617+B+NA+NA -> 824_7023_7637_AF204617_B_NA_NA
824+7023+7637+AF204616+B+NA+NA -> 824_7023_7637_AF204616_B_NA_NA
824+7023+7637+AF204615+B+NA+NA -> 824_7023_7637_AF204615_B_NA_NA
824+7023+7637+AF204614+B+NA+NA -> 824_7023_7637_AF204614_B_NA_NA
824+7023+7637+AF204613+B+NA+NA -> 824_7023_7637_AF204613_B_NA_NA
824+7023+7637+AF204612+B+NA+NA -> 824_7023_7637_AF204612_B_NA_NA
824+7023+7637+AF204611+B+NA+NA -> 824_7023_7637_AF204611_B_NA_NA
824+7023+7637+AF204610+B+NA+NA -> 824_7023_7637_AF204610_B_NA_NA
824+7023+7637+AF204609+B+NA+NA -> 824_7023_7637_AF204609_B_NA_NA

                                Gap/Ambiguity  Composition  p-value
Analyzing sequences: done in 0.000186113 secs using 99.4% CPU
   1  824_7023_7637_AY348477_B_NA_NA    4.41%    passed     90.80%
   2  824_7023_7637_AY348476_B_NA_NA    4.41%    passed     95.75%
   3  824_7023_7637_AY348475_B_NA_NA    4.41%    passed     92.49%
   4  824_7023_7637_AY348474_B_NA_NA    2.45%    passed     99.08%
   5  824_7023_7637_AY348473_B_NA_NA    4.41%    passed     95.75%
   6  824_7023_7637_AY348472_B_NA_NA    4.41%    passed     95.91%
   7  824_7023_7637_AY348471_B_NA_NA    4.41%    passed     95.75%
   8  824_7023_7637_AY348470_B_NA_NA    4.41%    passed     84.93%
   9  824_7023_7637_AY348469_B_NA_NA    4.41%    passed     92.49%
  10  824_7023_7637_AY348468_B_NA_NA    4.41%    passed     95.47%
  11  824_7023_7637_AY348467_B_NA_NA    4.41%    passed     96.86%
  12  824_7023_7637_AY348466_B_NA_NA    4.41%    passed     94.69%
  13  824_7023_7637_AY348465_B_NA_NA    4.41%    passed     94.69%
  14  824_7023_7637_AY348464_B_NA_NA    2.45%    passed     99.58%
  15  824_7023_7637_AY348463_B_NA_NA    2.45%    passed     90.56%
  16  824_7023_7637_AY348462_B_NA_NA    4.41%    passed     96.97%
  17  824_7023_7637_AY348461_B_NA_NA    4.41%    passed     95.54%
  18  824_7023_7637_AY348460_B_NA_NA    4.41%    passed     97.92%
  19  824_7023_7637_AY348459_B_NA_NA    4.41%    passed     97.92%
  20  824_7023_7637_AY348458_B_NA_NA    2.45%    passed     98.06%
  21  824_7023_7637_AY348457_B_NA_NA    4.41%    passed     95.48%
  22  824_7023_7637_AY348456_B_NA_NA    0.49%    passed     99.20%
  23  824_7023_7637_AY348455_B_NA_NA    3.43%    passed     99.95%
  24  824_7023_7637_AY348454_B_NA_NA    2.45%    passed     99.56%
  25  824_7023_7637_AY348453_B_NA_NA    0.49%    passed     99.96%
  26  824_7023_7637_AY348452_B_NA_NA    4.41%    passed     98.15%
  27  824_7023_7637_AY348451_B_NA_NA    4.41%    passed     95.48%
  28  824_7023_7637_AY348450_B_NA_NA    2.45%    passed     89.66%
  29  824_7023_7637_AY348449_B_NA_NA    4.41%    passed     95.75%
  30  824_7023_7637_AY348448_B_NA_NA    4.41%    passed     95.75%
  31  824_7023_7637_AY348447_B_NA_NA    2.45%    passed     97.29%
  32  824_7023_7637_AY348446_B_NA_NA    4.41%    passed     97.60%
  33  824_7023_7637_AY348445_B_NA_NA    2.45%    passed     99.08%
  34  824_7023_7637_AY348444_B_NA_NA    4.41%    passed     95.75%
  35  824_7023_7637_AY348443_B_NA_NA    4.41%    passed     97.92%
  36  824_7023_7637_AY348442_B_NA_NA    2.45%    passed     93.55%
  37  824_7023_7637_AY348441_B_NA_NA    4.41%    passed     99.82%
  38  824_7023_7637_AY348440_B_NA_NA    1.96%    passed     95.07%
  39  824_7023_7637_AY348439_B_NA_NA    2.45%    passed     95.62%
  40  824_7023_7637_AY348438_B_NA_NA    4.41%    passed     73.39%
  41  824_7023_7637_AY348437_B_NA_NA    1.96%    passed     85.99%
  42  824_7023_7637_AY348436_B_NA_NA    0.00%    passed     96.60%
  43  824_7023_7637_AY348435_B_NA_NA    1.96%    passed     99.73%
  44  824_7023_7637_AY348434_B_NA_NA    2.94%    passed     95.53%
  45  824_7023_7637_AY348433_B_NA_NA    1.96%    passed     98.56%
  46  824_7023_7637_AY348432_B_NA_NA    1.47%    passed     95.97%
  47  824_7023_7637_AY348431_B_NA_NA    1.96%    passed     98.56%
  48  824_7023_7637_AY348430_B_NA_NA    2.94%    passed     96.75%
  49  824_7023_7637_AY348429_B_NA_NA    2.94%    passed     96.75%
  50  824_7023_7637_AY348428_B_NA_NA    2.45%    passed     96.46%
  51  824_7023_7637_AY348427_B_NA_NA    2.45%    passed     97.45%
  52  824_7023_7637_AY348426_B_NA_NA    2.94%    passed     98.99%
  53  824_7023_7637_AY348425_B_NA_NA    1.96%    passed     89.58%
  54  824_7023_7637_AY348424_B_NA_NA    1.96%    passed     98.97%
  55  824_7023_7637_AY348423_B_NA_NA    1.96%    passed     98.59%
  56  824_7023_7637_AY348422_B_NA_NA    1.96%    passed     97.19%
  57  824_7023_7637_AY348421_B_NA_NA    4.41%    passed     97.55%
  58  824_7023_7637_AY348420_B_NA_NA    2.45%    passed     96.25%
  59  824_7023_7637_AY348419_B_NA_NA    2.45%    passed     99.11%
  60  824_7023_7637_AY348418_B_NA_NA    2.45%    passed     98.69%
  61  824_7023_7637_AY348417_B_NA_NA    2.45%    passed     98.36%
  62  824_7023_7637_AY348416_B_NA_NA    1.47%    passed     99.60%
  63  824_7023_7637_AY348415_B_NA_NA    2.45%    passed     97.51%
  64  824_7023_7637_AY348414_B_NA_NA    1.96%    passed     89.43%
  65  824_7023_7637_AY348413_B_NA_NA    4.41%    passed     94.99%
  66  824_7023_7637_AY348412_B_NA_NA    1.47%    passed     99.57%
  67  824_7023_7637_AY348411_B_NA_NA    1.96%    passed     92.24%
  68  824_7023_7637_AY348410_B_NA_NA    2.45%    passed     98.63%
  69  824_7023_7637_AY348409_B_NA_NA    1.96%    passed     92.24%
  70  824_7023_7637_AF138411_B_NA_NA    1.96%    passed     99.39%
  71  824_7023_7637_AF138410_B_NA_NA    1.47%    passed     98.93%
  72  824_7023_7637_AF138409_B_NA_NA    1.47%    passed     97.79%
  73  824_7023_7637_AF138408_B_NA_NA    0.49%    passed     95.48%
  74  824_7023_7637_AF138407_B_NA_NA    1.96%    passed     99.86%
  75  824_7023_7637_AF138406_B_NA_NA    1.47%    passed     95.96%
  76  824_7023_7637_AF138405_B_NA_NA    1.47%    passed     97.36%
  77  824_7023_7637_AF138404_B_NA_NA    0.49%    passed     99.34%
  78  824_7023_7637_AF138403_B_NA_NA    1.47%    passed     99.03%
  79  824_7023_7637_AF138402_B_NA_NA    1.96%    passed     99.63%
  80  824_7023_7637_AF138401_B_NA_NA    0.49%    passed     98.02%
  81  824_7023_7637_AF138400_B_NA_NA    0.49%    passed     99.64%
  82  824_7023_7637_AF138399_B_NA_NA    1.47%    passed     95.05%
  83  824_7023_7637_AF138398_B_NA_NA    1.96%    passed     99.89%
  84  824_7023_7637_AF138397_B_NA_NA    0.49%    passed     99.19%
  85  824_7023_7637_AF138396_B_NA_NA    0.49%    passed     99.19%
  86  824_7023_7637_AF138395_B_NA_NA    1.96%    passed     99.38%
  87  824_7023_7637_AF138394_B_NA_NA    0.49%    passed     99.03%
  88  824_7023_7637_AF138393_B_NA_NA    1.96%    passed     99.08%
  89  824_7023_7637_AF138392_B_NA_NA    0.49%    passed     91.63%
  90  824_7023_7637_AF138391_B_NA_NA    0.49%    passed     98.53%
  91  824_7023_7637_AF138390_B_NA_NA    1.47%    passed     97.10%
  92  824_7023_7637_AF138389_B_NA_NA    1.96%    passed     93.48%
  93  824_7023_7637_AF138388_B_NA_NA    1.47%    passed     96.81%
  94  824_7023_7637_AF138387_B_NA_NA    0.49%    passed     95.55%
  95  824_7023_7637_AF138386_B_NA_NA    1.47%    passed     99.31%
  96  824_7023_7637_AF138385_B_NA_NA    0.49%    passed     99.16%
  97  824_7023_7637_AF138384_B_NA_NA    1.47%    passed     98.90%
  98  824_7023_7637_AF138383_B_NA_NA    1.47%    passed     99.46%
  99  824_7023_7637_AF138382_B_NA_NA    1.47%    passed     97.50%
 100  824_7023_7637_AF138381_B_NA_NA    0.49%    passed     97.98%
 101  824_7023_7637_AF138380_B_NA_NA    0.49%    passed     98.43%
 102  824_7023_7637_AF138379_B_NA_NA    3.43%    passed     99.95%
 103  824_7023_7637_AF138378_B_NA_NA    0.49%    passed     99.18%
 104  824_7023_7637_AF138377_B_NA_NA    0.49%    passed     98.72%
 105  824_7023_7637_AF138376_B_NA_NA    0.49%    passed     98.58%
 106  824_7023_7637_AF138375_B_NA_NA    0.49%    passed     96.93%
 107  824_7023_7637_AF138374_B_NA_NA    0.49%    passed     97.78%
 108  824_7023_7637_AF138373_B_NA_NA    0.49%    passed     96.73%
 109  824_7023_7637_AF138372_B_NA_NA    2.45%    passed     97.96%
 110  824_7023_7637_AF138371_B_NA_NA    0.49%    passed     97.39%
 111  824_7023_7637_AF138370_B_NA_NA    0.49%    passed     96.49%
 112  824_7023_7637_AF138369_B_NA_NA    0.49%    passed     95.67%
 113  824_7023_7637_AF138368_B_NA_NA    3.43%    passed     98.77%
 114  824_7023_7637_AF138367_B_NA_NA    2.94%    passed     96.67%
 115  824_7023_7637_AF138366_B_NA_NA    2.94%    passed     95.56%
 116  824_7023_7637_AF138365_B_NA_NA    0.49%    passed     98.18%
 117  824_7023_7637_AF138364_B_NA_NA    0.49%    passed     97.33%
 118  824_7023_7637_AF138363_B_NA_NA    0.49%    passed     97.78%
 119  824_7023_7637_AF138362_B_NA_NA    0.49%    passed     98.60%
 120  824_7023_7637_AF138361_B_NA_NA    0.49%    passed     98.32%
 121  824_7023_7637_AF138360_B_NA_NA    0.49%    passed     95.32%
 122  824_7023_7637_AF138359_B_NA_NA    0.49%    passed     94.99%
 123  824_7023_7637_AF138358_B_NA_NA    3.43%    passed     97.47%
 124  824_7023_7637_AF138357_B_NA_NA    0.49%    passed     98.74%
 125  824_7023_7637_AF138356_B_NA_NA    0.49%    passed     84.37%
 126  824_7023_7637_AF138355_B_NA_NA    1.96%    passed     91.43%
 127  824_7023_7637_AF138354_B_NA_NA    0.49%    passed     90.10%
 128  824_7023_7637_AF138353_B_NA_NA    3.43%    passed     99.40%
 129  824_7023_7637_AF138352_B_NA_NA    0.49%    passed     99.56%
 130  824_7023_7637_AF138351_B_NA_NA    1.96%    passed     98.89%
 131  824_7023_7637_AF138350_B_NA_NA    3.43%    passed     97.47%
 132  824_7023_7637_AF138349_B_NA_NA    3.43%    passed     99.63%
 133  824_7023_7637_AF138348_B_NA_NA    1.47%    passed     98.56%
 134  824_7023_7637_AF138347_B_NA_NA    0.49%    passed     93.62%
 135  824_7023_7637_AF138346_B_NA_NA    3.43%    passed     97.48%
 136  824_7023_7637_AF138345_B_NA_NA    0.49%    passed     99.67%
 137  824_7023_7637_AF138344_B_NA_NA    0.49%    passed     99.87%
 138  824_7023_7637_AF138343_B_NA_NA    0.49%    passed     98.17%
 139  824_7023_7637_AF138342_B_NA_NA    0.49%    passed     97.79%
 140  824_7023_7637_AF138341_B_NA_NA    0.49%    passed     95.79%
 141  824_7023_7637_AF138340_B_NA_NA    1.96%    passed     95.98%
 142  824_7023_7637_AF138339_B_NA_NA    0.49%    passed     98.64%
 143  824_7023_7637_AF138338_B_NA_NA    0.49%    passed     91.12%
 144  824_7023_7637_AF138337_B_NA_NA    2.45%    passed     97.91%
 145  824_7023_7637_AF138336_B_NA_NA    2.94%    passed     98.59%
 146  824_7023_7637_AF138335_B_NA_NA    0.98%    passed     95.85%
 147  824_7023_7637_AF138334_B_NA_NA    1.96%    passed     99.35%
 148  824_7023_7637_AF138333_B_NA_NA    2.45%    passed     81.88%
 149  824_7023_7637_AF138332_B_NA_NA    1.96%    passed     98.04%
 150  824_7023_7637_AF138331_B_NA_NA    2.45%    passed     97.55%
 151  824_7023_7637_AF138330_B_NA_NA    0.98%    passed     92.56%
 152  824_7023_7637_AF138329_B_NA_NA    2.45%    passed     95.81%
 153  824_7023_7637_AF138328_B_NA_NA    2.45%    passed     94.33%
 154  824_7023_7637_AF138327_B_NA_NA    0.49%    passed     99.58%
 155  824_7023_7637_AF138326_B_NA_NA    1.96%    passed     99.63%
 156  824_7023_7637_AF138325_B_NA_NA    1.96%    passed     92.91%
 157  824_7023_7637_AF138324_B_NA_NA    0.49%    passed     99.99%
 158  824_7023_7637_AF138323_B_NA_NA    0.98%    passed     97.55%
 159  824_7023_7637_AF138322_B_NA_NA    1.96%    passed     99.40%
 160  824_7023_7637_AF138321_B_NA_NA    2.45%    passed     96.87%
 161  824_7023_7637_AF138320_B_NA_NA    0.98%    passed     99.02%
 162  824_7023_7637_AF138319_B_NA_NA    2.45%    passed     93.42%
 163  824_7023_7637_AF138318_B_NA_NA    2.45%    passed     97.68%
 164  824_7023_7637_AF138317_B_NA_NA    2.94%    passed     99.33%
 165  824_7023_7637_AF138316_B_NA_NA    2.94%    passed     98.70%
 166  824_7023_7637_AF138315_B_NA_NA    2.94%    passed     99.00%
 167  824_7023_7637_AF138314_B_NA_NA    0.49%    passed     98.92%
 168  824_7023_7637_AF138313_B_NA_NA    0.49%    passed     99.83%
 169  824_7023_7637_AF138312_B_NA_NA    0.49%    passed     98.77%
 170  824_7023_7637_AF138311_B_NA_NA    0.49%    passed     99.45%
 171  824_7023_7637_AF138310_B_NA_NA    0.49%    passed     97.21%
 172  824_7023_7637_AF138309_B_NA_NA    0.49%    passed     99.83%
 173  824_7023_7637_AF138308_B_NA_NA    0.49%    passed     99.94%
 174  824_7023_7637_AF138307_B_NA_NA    0.49%    passed     98.12%
 175  824_7023_7637_AF138306_B_NA_NA    0.49%    passed     98.77%
 176  824_7023_7637_AF138305_B_NA_NA    0.49%    passed     97.37%
 177  824_7023_7637_AF204639_B_NA_NA    2.45%    passed     71.35%
 178  824_7023_7637_AF204638_B_NA_NA    4.41%    passed     98.98%
 179  824_7023_7637_AF204637_B_NA_NA    2.45%    passed     93.18%
 180  824_7023_7637_AF204636_B_NA_NA    2.45%    passed     88.45%
 181  824_7023_7637_AF204635_B_NA_NA    4.41%    passed     98.41%
 182  824_7023_7637_AF204634_B_NA_NA    1.47%    passed     99.07%
 183  824_7023_7637_AF204633_B_NA_NA    2.45%    passed     99.51%
 184  824_7023_7637_AF204632_B_NA_NA    2.45%    passed     99.37%
 185  824_7023_7637_AF204631_B_NA_NA    0.49%    passed     94.40%
 186  824_7023_7637_AF204630_B_NA_NA    2.45%    passed     99.51%
 187  824_7023_7637_AF204629_B_NA_NA    1.47%    passed     97.39%
 188  824_7023_7637_AF204628_B_NA_NA    0.49%    passed     99.34%
 189  824_7023_7637_AF204627_B_NA_NA    0.49%    passed     99.40%
 190  824_7023_7637_AF204626_B_NA_NA    0.49%    passed     94.45%
 191  824_7023_7637_AF204625_B_NA_NA    1.96%    passed     97.50%
 192  824_7023_7637_AF204624_B_NA_NA    0.49%    passed     96.39%
 193  824_7023_7637_AF204623_B_NA_NA    1.47%    passed     99.51%
 194  824_7023_7637_AF204622_B_NA_NA    0.49%    passed     96.99%
 195  824_7023_7637_AF204621_B_NA_NA    3.43%    passed     92.65%
 196  824_7023_7637_AF204620_B_NA_NA    1.96%    passed     98.36%
 197  824_7023_7637_AF204619_B_NA_NA    3.43%    passed     99.21%
 198  824_7023_7637_AF204618_B_NA_NA    0.49%    passed     98.15%
 199  824_7023_7637_AF204617_B_NA_NA    0.49%    passed     99.42%
 200  824_7023_7637_AF204616_B_NA_NA    0.49%    passed     99.60%
 201  824_7023_7637_AF204615_B_NA_NA    0.49%    passed     99.45%
 202  824_7023_7637_AF204614_B_NA_NA    0.49%    passed     99.13%
 203  824_7023_7637_AF204613_B_NA_NA    0.49%    passed     99.60%
 204  824_7023_7637_AF204612_B_NA_NA    0.49%    passed     98.39%
 205  824_7023_7637_AF204611_B_NA_NA    0.49%    passed     99.83%
 206  824_7023_7637_AF204610_B_NA_NA    0.49%    passed     99.94%
 207  824_7023_7637_AF204609_B_NA_NA    0.49%    passed     99.90%
****  TOTAL                             1.93%  0 sequences failed composition chi2 test (p-value<5%; df=3)
NOTE: 824_7023_7637_AY348469_B_NA_NA is identical to 824_7023_7637_AY348475_B_NA_NA but kept for subsequent analysis
NOTE: 824_7023_7637_AY348471_B_NA_NA is identical to 824_7023_7637_AY348473_B_NA_NA but kept for subsequent analysis
NOTE: 824_7023_7637_AY348431_B_NA_NA is identical to 824_7023_7637_AY348433_B_NA_NA but kept for subsequent analysis
NOTE: 824_7023_7637_AY348429_B_NA_NA is identical to 824_7023_7637_AY348430_B_NA_NA but kept for subsequent analysis
NOTE: 824_7023_7637_AY348409_B_NA_NA is identical to 824_7023_7637_AY348411_B_NA_NA but kept for subsequent analysis
NOTE: 824_7023_7637_AF204630_B_NA_NA is identical to 824_7023_7637_AF204633_B_NA_NA but kept for subsequent analysis
NOTE: 2 identical sequences (see below) will be ignored for subsequent analysis
NOTE: 824_7023_7637_AY348449_B_NA_NA (identical to 824_7023_7637_AY348473_B_NA_NA) is ignored but added at the end
NOTE: 824_7023_7637_AY348444_B_NA_NA (identical to 824_7023_7637_AY348473_B_NA_NA) is ignored but added at the end
Alignment was printed to iqtree_subset/824+1+B.uniqueseq.phy

For your convenience alignment with unique sequences printed to iqtree_subset/824+1+B.uniqueseq.phy

Create initial parsimony tree by phylogenetic likelihood library (PLL)... 0.024 seconds

NOTE: 9 MB RAM (0 GB) is required!
Measuring multi-threading efficiency up to 1 CPU cores
Increase to 10 rounds for branch lengths
7 trees examined
Threads: 1 / Time: 1.167 sec / Speedup: 1.000 / Efficiency: 100% / LogL: -19124
BEST NUMBER OF THREADS: 1

Estimate model parameters (epsilon = 0.100)
1. Initial log-likelihood: -8979.577
2. Current log-likelihood: -8672.509
3. Current log-likelihood: -8447.476
4. Current log-likelihood: -8445.776
5. Current log-likelihood: -8445.503
6. Current log-likelihood: -8445.276
7. Current log-likelihood: -8445.038
8. Current log-likelihood: -8444.664
9. Current log-likelihood: -8443.900
10. Current log-likelihood: -8441.237
11. Current log-likelihood: -8432.507
12. Current log-likelihood: -8425.840
13. Current log-likelihood: -8424.890
14. Current log-likelihood: -8424.646
15. Current log-likelihood: -8424.491
16. Current log-likelihood: -8424.333
17. Current log-likelihood: -8424.172
18. Current log-likelihood: -8424.005
19. Current log-likelihood: -8423.836
20. Current log-likelihood: -8423.668
21. Current log-likelihood: -8423.504
22. Current log-likelihood: -8423.348
23. Current log-likelihood: -8423.204
24. Current log-likelihood: -8423.075
25. Current log-likelihood: -8422.962
Optimal log-likelihood: -8422.862
Rate parameters:  A-C: 1.48027  A-G: 5.06349  A-T: 0.45692  C-G: 0.57665  C-T: 4.23358  G-T: 1.00000
Base frequencies:  A: 0.408  C: 0.161  G: 0.201  T: 0.230
Proportion of invariable sites: 0.238
Site proportion and rates:  (0.449,0.374) (0.167,1.066) (0.133,3.857) (0.013,10.846)
Parameters optimization took 25 rounds (5.762 sec)
Wrote distance file to... 
Computing ML distances based on estimated model parameters...
Calculating distance matrix: done in 0.225248 secs using 99.87% CPU
Computing ML distances took 0.225642 sec (of wall-clock time) 0.225346 sec (of CPU time)
Setting up auxiliary I and S matrices: done in 0.000994564 secs using 99.64% CPU
Computing RapidNJ tree took 0.003569 sec (of wall-clock time) 0.002911 sec (of CPU time)
Log-likelihood of RapidNJ tree: -8583.982
--------------------------------------------------------------------
|             INITIALIZING CANDIDATE TREE SET                      |
--------------------------------------------------------------------
Generating 98 parsimony trees... 2.308 second
Computing log-likelihood of 98 initial trees ... 2.091 seconds
Current best score: -8371.355

Do NNI search on 20 best initial trees
Estimate model parameters (epsilon = 0.100)
BETTER TREE FOUND at iteration 1: -8333.970
Iteration 10 / LogL: -8361.340 / Time: 0h:0m:18s
Iteration 20 / LogL: -8381.512 / Time: 0h:0m:24s
Finish initializing candidate tree set (20)
Current best tree score: -8333.970 / CPU time: 16.596
Number of iterations: 20
--------------------------------------------------------------------
|               OPTIMIZING CANDIDATE TREE SET                      |
--------------------------------------------------------------------
Estimate model parameters (epsilon = 0.100)
BETTER TREE FOUND at iteration 24: -8333.666
Iteration 30 / LogL: -8340.649 / Time: 0h:0m:32s (0h:1m:45s left)
Estimate model parameters (epsilon = 0.100)
BETTER TREE FOUND at iteration 32: -8333.382
Estimate model parameters (epsilon = 0.100)
BETTER TREE FOUND at iteration 33: -8328.201
Estimate model parameters (epsilon = 0.100)
BETTER TREE FOUND at iteration 36: -8327.816
Iteration 40 / LogL: -8350.632 / Time: 0h:0m:42s (0h:1m:44s left)
Estimate model parameters (epsilon = 0.100)
BETTER TREE FOUND at iteration 43: -8319.232
Iteration 50 / LogL: -8331.537 / Time: 0h:0m:52s (0h:1m:38s left)
Iteration 60 / LogL: -8319.365 / Time: 0h:0m:59s (0h:1m:23s left)
Estimate model parameters (epsilon = 0.100)
BETTER TREE FOUND at iteration 67: -8317.848
Iteration 70 / LogL: -8329.319 / Time: 0h:1m:8s (0h:1m:35s left)
Estimate model parameters (epsilon = 0.100)
BETTER TREE FOUND at iteration 72: -8316.991
Iteration 80 / LogL: -8323.712 / Time: 0h:1m:16s (0h:1m:29s left)
Iteration 90 / LogL: -8331.175 / Time: 0h:1m:24s (0h:1m:18s left)
Iteration 100 / LogL: -8336.382 / Time: 0h:1m:33s (0h:1m:7s left)
Iteration 110 / LogL: -8327.348 / Time: 0h:1m:40s (0h:0m:57s left)
Estimate model parameters (epsilon = 0.100)
BETTER TREE FOUND at iteration 115: -8316.690
Iteration 120 / LogL: -8322.355 / Time: 0h:1m:49s (0h:1m:27s left)
Estimate model parameters (epsilon = 0.100)
BETTER TREE FOUND at iteration 128: -8315.265
Iteration 130 / LogL: -8317.042 / Time: 0h:1m:58s (0h:1m:30s left)
Iteration 140 / LogL: -8327.150 / Time: 0h:2m:7s (0h:1m:20s left)
Iteration 150 / LogL: -8329.564 / Time: 0h:2m:15s (0h:1m:10s left)
Iteration 160 / LogL: -8335.387 / Time: 0h:2m:23s (0h:1m:1s left)
Iteration 170 / LogL: -8336.698 / Time: 0h:2m:31s (0h:0m:52s left)
Estimate model parameters (epsilon = 0.100)
BETTER TREE FOUND at iteration 173: -8314.937
Iteration 180 / LogL: -8318.926 / Time: 0h:2m:40s (0h:1m:23s left)
Iteration 190 / LogL: -8335.925 / Time: 0h:2m:48s (0h:1m:14s left)
Iteration 200 / LogL: -8315.618 / Time: 0h:2m:56s (0h:1m:4s left)
Iteration 210 / LogL: -8338.400 / Time: 0h:3m:4s (0h:0m:55s left)
Iteration 220 / LogL: -8343.564 / Time: 0h:3m:12s (0h:0m:46s left)
Iteration 230 / LogL: -8317.184 / Time: 0h:3m:21s (0h:0m:37s left)
Iteration 240 / LogL: -8334.496 / Time: 0h:3m:29s (0h:0m:28s left)
Iteration 250 / LogL: -8361.252 / Time: 0h:3m:37s (0h:0m:20s left)
Iteration 260 / LogL: -8347.202 / Time: 0h:3m:45s (0h:0m:11s left)
Iteration 270 / LogL: -8315.833 / Time: 0h:3m:53s (0h:0m:2s left)
TREE SEARCH COMPLETED AFTER 274 ITERATIONS / Time: 0h:3m:56s

--------------------------------------------------------------------
|                    FINALIZING TREE SEARCH                        |
--------------------------------------------------------------------
Performs final model parameters optimization
Estimate model parameters (epsilon = 0.010)
1. Initial log-likelihood: -8314.937
Optimal log-likelihood: -8314.935
Rate parameters:  A-C: 1.37138  A-G: 5.06901  A-T: 0.42178  C-G: 0.53420  C-T: 4.21972  G-T: 1.00000
Base frequencies:  A: 0.408  C: 0.161  G: 0.201  T: 0.230
Proportion of invariable sites: 0.202
Site proportion and rates:  (0.549,0.371) (0.109,1.387) (0.130,3.992) (0.010,12.186)
Parameters optimization took 1 rounds (0.275 sec)
BEST SCORE FOUND : -8314.935
Empirical proportions for each category: 0.794 0.070 0.126 0.010
Site rates printed to iqtree_subset/824+1+B.rate

Testing tree branches by SH-like aLRT with 1000 replicates...
3.307 sec.
Total tree length: 2.325

Total number of iterations: 274
CPU time used for tree search: 224.064 sec (0h:3m:44s)
Wall-clock time used for tree search: 229.060 sec (0h:3m:49s)
Total CPU time used: 235.010 sec (0h:3m:55s)
Total wall-clock time used: 240.083 sec (0h:4m:0s)

Analysis results written to: 
  IQ-TREE report:                iqtree_subset/824+1+B.iqtree
  Maximum-likelihood tree:       iqtree_subset/824+1+B.treefile
  Likelihood distances:          iqtree_subset/824+1+B.mldist
  Site-specific rates:           iqtree_subset/824+1+B.rate
  Screen log file:               iqtree_subset/824+1+B.log

Date and Time: Tue Feb 11 18:05:54 2025
